30,55.795990,37.596219,"127018, Россия, г. Москва, ул. Стрелецкая, д.3","\u041c\u043e\u0441\u043a\u0432\u0430, \u0420\u043e\u0441\u0441\u0438\u044f"
102,55.754324,37.656182,"105064, Россия, г. Москва, ул. Земляной Вал, д. 42/20","\u041c\u043e\u0441\u043a\u0432\u0430, \u0420\u043e\u0441\u0441\u0438\u044f"
126,55.702414,37.596992,"119334, Россия, г. Москва, 5-й Донской проезд, д. 21 А","\u041c\u043e\u0441\u043a\u0432\u0430, \u0420\u043e\u0441\u0441\u0438\u044f"
246,55.796825,37.612165,"127521, Россия, г. Москва, ул. Октябрьская, д. 89","\u041c\u043e\u0441\u043a\u0432\u0430, \u0420\u043e\u0441\u0441\u0438\u044f"
534,55.746041,37.676673,"109544, Россия, г. Москва, ул. Школьная, д. 49","\u041c\u043e\u0441\u043a\u0432\u0430, \u0420\u043e\u0441\u0441\u0438\u044f"
882,55.704123,37.615147,"117191, Россия, г. Москва, переулок Духовской, д. 17, стр. 1","\u041c\u043e\u0441\u043a\u0432\u0430, \u0420\u043e\u0441\u0441\u0438\u044f"
894,55.702450,37.676331,"115432, Россия, г. Москва, ул. Трофимова, д. 24, корп. 1","\u041c\u043e\u0441\u043a\u0432\u0430, \u0420\u043e\u0441\u0441\u0438\u044f"
1134,55.869253,37.521435,"127486, Россия, г. Москва, ул. Ивана Сусанина, д. 1","\u041c\u043e\u0441\u043a\u0432\u0430, \u0420\u043e\u0441\u0441\u0438\u044f"
1170,55.577337,37.678802,"115598, Россия, г. Москва, Загорьевский проезд, д.11, кв.137","\u041c\u043e\u0441\u043a\u0432\u0430, \u0420\u043e\u0441\u0441\u0438\u044f"
1278,55.654523,37.491296,"119571, Россия, г. Москва, Ленинский проспект, д. 150, этаж 1, пом. IV, ком. 1-5","\u041c\u043e\u0441\u043a\u0432\u0430, \u0420\u043e\u0441\u0441\u0438\u044f"
1302,55.758311,37.820502,"111558, Россия, г. Москва, Свободный пр-т, д. 21/2","\u041c\u043e\u0441\u043a\u0432\u0430, \u0420\u043e\u0441\u0441\u0438\u044f"
1326,55.833890,37.501294,"125130, Россия, г. Москва, ул. Нарвская, д. 15А","\u041c\u043e\u0441\u043a\u0432\u0430, \u0420\u043e\u0441\u0441\u0438\u044f"
1398,55.788490,37.584595,"127137, Россия, г. Москва, улица Правды, дом 24, строение 5","\u041c\u043e\u0441\u043a\u0432\u0430, \u0420\u043e\u0441\u0441\u0438\u044f"
1410,55.776219,37.615749,"127473, Россия, г. Москва, ул. Делегатская, д. 20, стр. 1","\u041c\u043e\u0441\u043a\u0432\u0430, \u0420\u043e\u0441\u0441\u0438\u044f"
1542,55.551960,37.557116,"117624, Россия, г. Москва, ул. Изюмская, д. 22, корп. 3","\u041c\u043e\u0441\u043a\u0432\u0430, \u0420\u043e\u0441\u0441\u0438\u044f"
1746,55.756437,37.793534,"111397, Россия, г. Москва, ул. Новогиреевская, д. 24, корп. 4","\u041c\u043e\u0441\u043a\u0432\u0430, \u0420\u043e\u0441\u0441\u0438\u044f"
1758,55.668767,37.765785,"109559, Россия, г. Москва, ул. Цимлянская, д.30","\u041c\u043e\u0441\u043a\u0432\u0430, \u0420\u043e\u0441\u0441\u0438\u044f"
2058,55.872137,37.536571,"127486, Российская Федерация, г. Москва, Бескудниковский бульвар, д. 59 А","\u041c\u043e\u0441\u043a\u0432\u0430, \u0420\u043e\u0441\u0441\u0438\u044f"
2154,55.712492,37.631892,"115093, Россия, г. Москва, ул. Дубининская, д. 98","\u041c\u043e\u0441\u043a\u0432\u0430, \u0420\u043e\u0441\u0441\u0438\u044f"
2226,55.881162,37.533292,"127411, Россия, г. Москва, ул. Софьи Ковалевской, д. 6","\u041c\u043e\u0441\u043a\u0432\u0430, \u0420\u043e\u0441\u0441\u0438\u044f"
2274,55.771585,37.465721,"123423, Россия, г. Москва, ул. Саляма Адиля, д. 2","\u041c\u043e\u0441\u043a\u0432\u0430, \u0420\u043e\u0441\u0441\u0438\u044f"
2334,55.721305,37.814627,"111395, Россия, г. Москва, ул. Снайперская, д. 9 А","\u041c\u043e\u0441\u043a\u0432\u0430, \u0420\u043e\u0441\u0441\u0438\u044f"
2442,55.870021,37.501833,"125475, Россия, г. Москва, ул. Зеленоградская, д. 17, пом.III","\u041c\u043e\u0441\u043a\u0432\u0430, \u0420\u043e\u0441\u0441\u0438\u044f"
2574,55.733493,37.609973,"119049, Россия, г. Москва, Якиманский пер., д. 6, комн. 7","\u041c\u043e\u0441\u043a\u0432\u0430, \u0420\u043e\u0441\u0441\u0438\u044f"
2826,55.775236,37.597073,"125047, Россия, г. Москва, ул. Фадеева, д. 7, строение 1, офис 2","\u041c\u043e\u0441\u043a\u0432\u0430, \u0420\u043e\u0441\u0441\u0438\u044f"
2970,55.768248,37.644746,"101000, Россия, г. Москва, ул. Мясницкая, д.21/8, стр.8-9, кв.46","\u041c\u043e\u0441\u043a\u0432\u0430, \u0420\u043e\u0441\u0441\u0438\u044f"
3030,55.679179,37.517895,"119331, Россия, г. Москва, ул. Кравченко, д.14","\u041c\u043e\u0441\u043a\u0432\u0430, \u0420\u043e\u0441\u0441\u0438\u044f"
3342,55.801910,37.555768,"125083, Россия, г. Москва, ул. 8-го Марта, д. 6-г","\u041c\u043e\u0441\u043a\u0432\u0430, \u0420\u043e\u0441\u0441\u0438\u044f"
3390,55.668894,37.577714,"117418, Россия, г. Москва, ул. Цюрупы, д. 3","\u041c\u043e\u0441\u043a\u0432\u0430, \u0420\u043e\u0441\u0441\u0438\u044f"
3462,55.623620,37.619674,"117587, Россия, г. Москва, ул. Варшавское  шоссе, д. 125Ж, стр.3,а/я 127","\u041c\u043e\u0441\u043a\u0432\u0430, \u0420\u043e\u0441\u0441\u0438\u044f"
3618,55.737492,37.612668,"119134, Россия, г. Москва, ул. Большая Якиманка, д. 24","\u041c\u043e\u0441\u043a\u0432\u0430, \u0420\u043e\u0441\u0441\u0438\u044f"
3786,55.781919,37.704017,"107023, Россия, г. Москва, ул. Большая Семеновская, д. 16. этаж 1, комн. 126","\u041c\u043e\u0441\u043a\u0432\u0430, \u0420\u043e\u0441\u0441\u0438\u044f"
3810,55.763685,37.625549,"107031, Россия, г. Москва, Варсонофьевский переулок, д. 5","\u041c\u043e\u0441\u043a\u0432\u0430, \u0420\u043e\u0441\u0441\u0438\u044f"
3858,55.646787,37.479870,"117513, Россия, г. Москва, проспект Ленинский, д. 123","\u041c\u043e\u0441\u043a\u0432\u0430, \u0420\u043e\u0441\u0441\u0438\u044f"
3894,55.665685,37.613332,"117638, Россия, г. Москва, Криворожский пр., д. 1, стр. 1","\u041c\u043e\u0441\u043a\u0432\u0430, \u0420\u043e\u0441\u0441\u0438\u044f"
4038,55.781413,37.692204,"105082, Россия, г. Москва, Переведеновский переулок, д. 21, стр. 2","\u041c\u043e\u0441\u043a\u0432\u0430, \u0420\u043e\u0441\u0441\u0438\u044f"
4290,55.663898,37.749005,"109341, Россия, г. Москва, ул. Верхние поля, д. 22, корп. 1, кв. 89","\u041c\u043e\u0441\u043a\u0432\u0430, \u0420\u043e\u0441\u0441\u0438\u044f"
4818,55.653228,37.525001,"117485, Россия, г. Москва, ул. Бутлерова, д. 4, пом. VI","\u041c\u043e\u0441\u043a\u0432\u0430, \u0420\u043e\u0441\u0441\u0438\u044f"
4830,55.765448,37.622872,"107031, Россия, г. Москва, Нижний Кисельный пер., д. 5/23, стр. 1","\u041c\u043e\u0441\u043a\u0432\u0430, \u0420\u043e\u0441\u0441\u0438\u044f"
4914,55.645944,37.718031,"109651, Россия, г. Москва, Новочеркасский бульвар, д. 20, корп. 5","\u041c\u043e\u0441\u043a\u0432\u0430, \u0420\u043e\u0441\u0441\u0438\u044f"
5262,55.647092,37.410448,"119620, Россия, г. Москва, Солнцевский проспект, д. 19","\u041c\u043e\u0441\u043a\u0432\u0430, \u0420\u043e\u0441\u0441\u0438\u044f"
5358,55.619605,37.619549,"117545, Россия, г. Москва, Днепропетровский проезд, д. 4А","\u041c\u043e\u0441\u043a\u0432\u0430, \u0420\u043e\u0441\u0441\u0438\u044f"
5418,55.655209,37.475935,"119571, Россия, г. Москва, пр-т Вернадского, д. 92, корп. 1","\u041c\u043e\u0441\u043a\u0432\u0430, \u0420\u043e\u0441\u0441\u0438\u044f"
5550,55.781575,37.549803,"125284, Россия, г. Москва, 2-й Боткинский проезд, д. 5","\u041c\u043e\u0441\u043a\u0432\u0430, \u0420\u043e\u0441\u0441\u0438\u044f"
5778,55.864202,37.651340,"129344, Россия, г. Москва, ул. Искры, д. 31, корпус 1, офис 7 Б","\u041c\u043e\u0441\u043a\u0432\u0430, \u0420\u043e\u0441\u0441\u0438\u044f"
5874,55.708800,37.507493,"119192, Россия, г. Москва, Ломоносовский проспект, д. 43","\u041c\u043e\u0441\u043a\u0432\u0430, \u0420\u043e\u0441\u0441\u0438\u044f"
6330,55.789148,37.668507,"107113, Россия, г. Москва, ул. Шумкина, д. 11А","\u041c\u043e\u0441\u043a\u0432\u0430, \u0420\u043e\u0441\u0441\u0438\u044f"
6414,55.755196,37.410699,"121609, Россия, г. Москва, Осенний бульвар, д. 8, корп. 2, кв. 287","\u041c\u043e\u0441\u043a\u0432\u0430, \u0420\u043e\u0441\u0441\u0438\u044f"
6714,55.609299,37.716495,"115582, г. Москва, Каширское шоссе, д.108, корп.1","\u041c\u043e\u0441\u043a\u0432\u0430, \u0420\u043e\u0441\u0441\u0438\u044f"
6870,55.737821,37.639904,"115035, Россия, г. Москва, Набережная Садовническая, дом 71","\u041c\u043e\u0441\u043a\u0432\u0430, \u0420\u043e\u0441\u0441\u0438\u044f"
6930,55.645304,37.399399,"119620, Россия, г. Москва, ул. Авиаторов, д.16","\u041c\u043e\u0441\u043a\u0432\u0430, \u0420\u043e\u0441\u0441\u0438\u044f"
7218,55.878930,37.543345,"127427, Россия, г. Москва, Дмитровское шоссе, д. 107, стр. 1","\u041c\u043e\u0441\u043a\u0432\u0430, \u0420\u043e\u0441\u0441\u0438\u044f"
7422,55.630446,37.515290,"127273, Россия, г. Москва, ул. Профсоюзная, д. 128, корп. 2","\u041c\u043e\u0441\u043a\u0432\u0430, \u0420\u043e\u0441\u0441\u0438\u044f"
7434,55.804764,37.390469,"123592, Россия, г. Москва, ул. Кулакова, д.20","\u041c\u043e\u0441\u043a\u0432\u0430, \u0420\u043e\u0441\u0441\u0438\u044f"
7446,55.752820,37.652948,"105064, Россия, г. Москва, переулок Обуха, д. 3-1/12, строение 6","\u041c\u043e\u0441\u043a\u0432\u0430, \u0420\u043e\u0441\u0441\u0438\u044f"
7494,55.840629,37.529852,"125008, Россия, г. Москва, проезд Черепановых , д. 36","\u041c\u043e\u0441\u043a\u0432\u0430, \u0420\u043e\u0441\u0441\u0438\u044f"
7818,55.811032,37.624444,"129085, Poccия, г. Москва, Звездный бульвар, д. 21, стр. 1, офис 18","\u041c\u043e\u0441\u043a\u0432\u0430, \u0420\u043e\u0441\u0441\u0438\u044f"
7902,55.822008,37.493075,"125171, Россия, г. Москва, Ленинградское шоссе, д.21, кв.84","\u041c\u043e\u0441\u043a\u0432\u0430, \u0420\u043e\u0441\u0441\u0438\u044f"
7950,55.890139,37.592446,"127549, Россия, г. Москва, ул. Пришвина, д. 3, помещение 1, комн. 44","\u041c\u043e\u0441\u043a\u0432\u0430, \u0420\u043e\u0441\u0441\u0438\u044f"
7962,55.760672,37.705221,"111116, Россия, г. Москва, ул. Энергетическая, д. 3","\u041c\u043e\u0441\u043a\u0432\u0430, \u0420\u043e\u0441\u0441\u0438\u044f"
7974,55.691897,37.849571,"109156, Россия, г. Москва, ул. Привольная, д. 42","\u041c\u043e\u0441\u043a\u0432\u0430, \u0420\u043e\u0441\u0441\u0438\u044f"
8106,55.702997,37.591360,"119334, Россия, г. Москва, Канатчиковский проезд, д. 7, стр. 3","\u041c\u043e\u0441\u043a\u0432\u0430, \u0420\u043e\u0441\u0441\u0438\u044f"
8226,55.709865,37.689698,"115088, Россия, г. Москва, ул. Угрешская, д. 2, стр. 72","\u041c\u043e\u0441\u043a\u0432\u0430, \u0420\u043e\u0441\u0441\u0438\u044f"
8286,55.746785,37.630248,"115035, Россия, г. Москва, ул. Садовническая, д. 20/13, стр. 2","\u041c\u043e\u0441\u043a\u0432\u0430, \u0420\u043e\u0441\u0441\u0438\u044f"
8574,55.773793,37.694845,"105082, Россия, г. Москва, Рубцовская наб., д. 2, корп. 3, пом. 5","\u041c\u043e\u0441\u043a\u0432\u0430, \u0420\u043e\u0441\u0441\u0438\u044f"
8598,55.838764,37.385008,"125464, Россия, г. Москва, Пятницкое шоссе, д.9, ком. VI-VII","\u041c\u043e\u0441\u043a\u0432\u0430, \u0420\u043e\u0441\u0441\u0438\u044f"
8634,55.677646,37.675298,"115470, Россия, г. Москва, ул. Новинки, д.25","\u041c\u043e\u0441\u043a\u0432\u0430, \u0420\u043e\u0441\u0441\u0438\u044f"
8658,55.467821,37.295419,"142190, Россия, г. Москва, г. Троицк, ул. Центральная, д. 28, помещение 2","\u0422\u0440\u043e\u0438\u0446\u043a, \u041c\u043e\u0441\u043a\u0432\u0430, \u0420\u043e\u0441\u0441\u0438\u044f"
8862,55.654762,37.639195,"115478, Россия, г. Москва, ул. Москворечье, д. 1","\u041c\u043e\u0441\u043a\u0432\u0430, \u0420\u043e\u0441\u0441\u0438\u044f"
8874,55.723298,37.655490,"115114, Россия, г. Москва, Дербеневская наб., д. 7, стр. 2, пом. I, ком. 35","\u041c\u043e\u0441\u043a\u0432\u0430, \u0420\u043e\u0441\u0441\u0438\u044f"
8910,55.667731,37.774014,"109539, Россия, г. Москва, ул. Верхние Поля, д. 45, корп. 1","\u041c\u043e\u0441\u043a\u0432\u0430, \u0420\u043e\u0441\u0441\u0438\u044f"
9390,55.741399,37.596076,"119034, Россия, г. Москва, Сеченовский пер., д. 6, стр. 3","\u041c\u043e\u0441\u043a\u0432\u0430, \u0420\u043e\u0441\u0441\u0438\u044f"
9558,55.536257,37.533463,"117042, Россия, г. Москва, ул. Южнобутовская, д.45","\u041c\u043e\u0441\u043a\u0432\u0430, \u0420\u043e\u0441\u0441\u0438\u044f"
9666,55.773530,37.599256,"125047, Россия, г. Москва, 1-й Тверской-Ямской переулок, д. 18","\u041c\u043e\u0441\u043a\u0432\u0430, \u0420\u043e\u0441\u0441\u0438\u044f"
9762,55.841827,37.574570,"127238, г. Москва, Линейный проезд, д. 8, помещение 1, этаж 1, комната 3","\u041c\u043e\u0441\u043a\u0432\u0430, \u0420\u043e\u0441\u0441\u0438\u044f"
10254,55.747753,37.421928,"121609, Россия, г. Москва, Рублевское шоссе, д. 28, корп. 3","\u041c\u043e\u0441\u043a\u0432\u0430, \u0420\u043e\u0441\u0441\u0438\u044f"
10314,55.817299,37.692959,"107564, Россия, г. Москва, ул. Краснобогатырская, д. 9","\u041c\u043e\u0441\u043a\u0432\u0430, \u0420\u043e\u0441\u0441\u0438\u044f"
10626,55.470209,37.296092,"142190, Россия, г. Москва, г. Троицк, Сиреневый бульвар, д. 11А","\u0422\u0440\u043e\u0438\u0446\u043a, \u041c\u043e\u0441\u043a\u0432\u0430, \u0420\u043e\u0441\u0441\u0438\u044f"
10674,55.831908,37.503540,"123130, Россия, Москва, ул. Нарвская, д. 1А, корпус 1","\u041c\u043e\u0441\u043a\u0432\u0430, \u0420\u043e\u0441\u0441\u0438\u044f"
10758,55.758924,37.782889,"111401, Россия, г. Москва, ул. 2-я Владимирская, д. 15, корп. 4, пом. 2","\u041c\u043e\u0441\u043a\u0432\u0430, \u0420\u043e\u0441\u0441\u0438\u044f"
10770,55.696184,37.541467,"119296, Россия, г. Москва, пр-т Вернадского, д. 5, корп. 1 (этаж 1, помещение II, комнаты 5, 5 а)","\u041c\u043e\u0441\u043a\u0432\u0430, \u0420\u043e\u0441\u0441\u0438\u044f"
10878,55.748908,37.710773,"111024, Россия, г. Москва, ул.  Кабельная 2-я, д. 2, стр. 25","\u041c\u043e\u0441\u043a\u0432\u0430, \u0420\u043e\u0441\u0441\u0438\u044f"
11106,55.807698,37.478037,"123182, Россия, г. Москва, ул. Щукинская, д. 5","\u041c\u043e\u0441\u043a\u0432\u0430, \u0420\u043e\u0441\u0441\u0438\u044f"
11298,55.835761,37.573914,"127247, Россия, г. Москва, Дмитровское шоссе, дом 107, строение 1, 1-й этаж, помещение III, комната № 26а","\u041c\u043e\u0441\u043a\u0432\u0430, \u0420\u043e\u0441\u0441\u0438\u044f"
11502,55.795641,37.699292,"107076, Россия, г. Москва, Колодезный переулок, д. 14, оф. 636","\u041c\u043e\u0441\u043a\u0432\u0430, \u0420\u043e\u0441\u0441\u0438\u044f"
11706,55.814391,37.772424,"107497, Россия, г. Москва, ул. Монтажная, д. 9, стр. 1, пом. IV комн. 48","\u041c\u043e\u0441\u043a\u0432\u0430, \u0420\u043e\u0441\u0441\u0438\u044f"
11910,55.763356,37.551259,"123022, Россия, г. Москва, ул. Сергея Макеева, д. 13","\u041c\u043e\u0441\u043a\u0432\u0430, \u0420\u043e\u0441\u0441\u0438\u044f"
11982,55.870390,37.656029,"129327, Россия, г. Москва, ул. Менжинского, д. 29","\u041c\u043e\u0441\u043a\u0432\u0430, \u0420\u043e\u0441\u0441\u0438\u044f"
12210,55.789684,37.814178,"105203, Россия, г. Москва, ул. 14-я Парковая, д. 1 А, стр. 1","\u041c\u043e\u0441\u043a\u0432\u0430, \u0420\u043e\u0441\u0441\u0438\u044f"
12630,55.770512,37.624400,"127051, Россия, г. Москва, Малый Сухаревский пер., д. 9, стр. 1","\u041c\u043e\u0441\u043a\u0432\u0430, \u0420\u043e\u0441\u0441\u0438\u044f"
13302,55.770036,37.653792,"107078, г. Москва, ул. Новая Басманная, д. 5","\u041c\u043e\u0441\u043a\u0432\u0430, \u0420\u043e\u0441\u0441\u0438\u044f"
13410,55.724271,37.446910,"121374, Россия, г. Москва, Можайское шоссе, д. 2","\u041c\u043e\u0441\u043a\u0432\u0430, \u0420\u043e\u0441\u0441\u0438\u044f"
13602,55.730674,37.431271,"121351, Россия, г. Москва, ул. Коцюбинского, д. 10","\u041c\u043e\u0441\u043a\u0432\u0430, \u0420\u043e\u0441\u0441\u0438\u044f"
14178,55.643485,37.618596,"117639, Россия, г. Москва, Варшавское шоссе, д.106","\u041c\u043e\u0441\u043a\u0432\u0430, \u0420\u043e\u0441\u0441\u0438\u044f"
14574,55.686995,37.848260,"109153, Россия, г. Москва, ул. Авиаконструктора Миля, д. 2, корп. 1","\u041c\u043e\u0441\u043a\u0432\u0430, \u0420\u043e\u0441\u0441\u0438\u044f"
14706,55.705387,37.479950,"119501, Россия, г. Москва, ул. Веерная, д. 1, корп. 5, кв. 73","\u041c\u043e\u0441\u043a\u0432\u0430, \u0420\u043e\u0441\u0441\u0438\u044f"
14994,55.725919,37.465919,"121352, Россия, г. Москва, Славянский бульвар, д. 11, корп. 1, помещение 52","\u041c\u043e\u0441\u043a\u0432\u0430, \u0420\u043e\u0441\u0441\u0438\u044f"
15018,55.795641,37.699292,"107076, Россия, г. Москва, Колодезный пер., д 14, пом. XIII, комн. 41","\u041c\u043e\u0441\u043a\u0432\u0430, \u0420\u043e\u0441\u0441\u0438\u044f"
15090,55.581597,37.470500,"142770, Россия, г. Москва, поселение Сосенское, пос. Газопровод, д. 101, корп. 1","\u043f\u043e\u0441\u0435\u043b\u0435\u043d\u0438\u0435 \u0421\u043e\u0441\u0435\u043d\u0441\u043a\u043e\u0435, \u041c\u043e\u0441\u043a\u0432\u0430, \u0420\u043e\u0441\u0441\u0438\u044f"
15126,55.727075,37.672432,"109044, Россия, г. Москва, ул. 2-я Дубровская, д. 13","\u041c\u043e\u0441\u043a\u0432\u0430, \u0420\u043e\u0441\u0441\u0438\u044f"
15234,55.633013,37.515838,"117321, Россия, г. Москва, ул. Островитянова, д. 30, корп. 2, кв. 65","\u041c\u043e\u0441\u043a\u0432\u0430, \u0420\u043e\u0441\u0441\u0438\u044f"
15306,55.824324,37.582044,"127332, Россия, г. Москва, ул. Милашенкова , д.11а","\u041c\u043e\u0441\u043a\u0432\u0430, \u0420\u043e\u0441\u0441\u0438\u044f"
16158,55.837085,37.629727,"129223, Россия, г. Москва, проспект Мира, д. 119, стр. 452","\u041c\u043e\u0441\u043a\u0432\u0430, \u0420\u043e\u0441\u0441\u0438\u044f"
16326,55.715966,37.894550,"111625, г. Москва, ул. Рудневка, д.16","\u041c\u043e\u0441\u043a\u0432\u0430, \u0420\u043e\u0441\u0441\u0438\u044f"
16530,55.735074,37.640021,"115054, Россия, г. Москва, Озерковская набережная, д. 50, стр. 1","\u041c\u043e\u0441\u043a\u0432\u0430, \u0420\u043e\u0441\u0441\u0438\u044f"
16782,56.009889,37.164157,"124460, Россия, г. Москва, г. Зеленоград, проспект Генерала Алексеева, д. 42, стр. 1","\u0417\u0435\u043b\u0435\u043d\u043e\u0433\u0440\u0430\u0434, \u041c\u043e\u0441\u043a\u0432\u0430, \u0420\u043e\u0441\u0441\u0438\u044f"
17046,55.547438,37.532619,"117042, Россия, г. Москва, ул. Адмирала Лазарева, д. 22","\u041c\u043e\u0441\u043a\u0432\u0430, \u0420\u043e\u0441\u0441\u0438\u044f"
17430,55.754937,37.784982,"111401, Российская Федерация, г. Москва, ул. 2-ая Владимирская, д. 31 А","\u041c\u043e\u0441\u043a\u0432\u0430, \u0420\u043e\u0441\u0441\u0438\u044f"
17706,55.827065,37.655616,"129301, Россия, г. Москва, ул. Касаткина, д. 3 А, строение 3","\u041c\u043e\u0441\u043a\u0432\u0430, \u0420\u043e\u0441\u0441\u0438\u044f"
17766,55.830124,37.669818,"129128, Россия, г. Москва, ул. Малахитовая, д. 27 Б","\u041c\u043e\u0441\u043a\u0432\u0430, \u0420\u043e\u0441\u0441\u0438\u044f"
17862,55.757561,37.639590,"101000, Россия, г. Москва, ул. Покровка, д. 2/1, стр. 1","\u041c\u043e\u0441\u043a\u0432\u0430, \u0420\u043e\u0441\u0441\u0438\u044f"
17970,55.773793,37.603577,"127006, Российская Федерация, г. Москва, ул. Долгоруковская, д. 7","\u041c\u043e\u0441\u043a\u0432\u0430, \u0420\u043e\u0441\u0441\u0438\u044f"
17982,55.852900,37.567446,"127474, Россия, г. Москва, Дмитровское шоссе, дом 60","\u041c\u043e\u0441\u043a\u0432\u0430, \u0420\u043e\u0441\u0441\u0438\u044f"
17994,55.719683,37.444269,"121357, Россия, г. Москва, ул. Вересаева, д. 8","\u041c\u043e\u0441\u043a\u0432\u0430, \u0420\u043e\u0441\u0441\u0438\u044f"
18186,55.669935,37.475809,"119602, Россия, г. Москва, ул. Академика Анохина, д. 2, корп. 1","\u041c\u043e\u0441\u043a\u0432\u0430, \u0420\u043e\u0441\u0441\u0438\u044f"
18222,55.852379,37.430301,"125373, г. Москва, Бульвар Яна Райниса, д.43, корп.1,  офис. пом. II, к. №4, 2 эт.","\u041c\u043e\u0441\u043a\u0432\u0430, \u0420\u043e\u0441\u0441\u0438\u044f"
18606,55.762328,37.595779,"103104, Россия, г. Москва, ул. Малая Бронная, д. 20, стр. 1","\u041c\u043e\u0441\u043a\u0432\u0430, \u0420\u043e\u0441\u0441\u0438\u044f"
18618,55.793070,37.783392,"105043, г. Москва, ул. Первомайская, д.35/18, стр. 1","\u041c\u043e\u0441\u043a\u0432\u0430, \u0420\u043e\u0441\u0441\u0438\u044f"
18762,55.857134,37.619091,"127273, Россия, г. Москва, ул. Олонецкая, д. 23","\u041c\u043e\u0441\u043a\u0432\u0430, \u0420\u043e\u0441\u0441\u0438\u044f"
18822,55.843358,37.451707,"125362, Россия, г. Москва, ул. Свободы, д.35, стр.7","\u041c\u043e\u0441\u043a\u0432\u0430, \u0420\u043e\u0441\u0441\u0438\u044f"
18834,55.790130,37.380354,"123458, Россия, г. Москва, ул. Маршала Прошлякова, д. 30","\u041c\u043e\u0441\u043a\u0432\u0430, \u0420\u043e\u0441\u0441\u0438\u044f"
19038,55.740233,37.509469,"121087, Россия, г. Москва, Промышленный проезд, д. 7","\u041c\u043e\u0441\u043a\u0432\u0430, \u0420\u043e\u0441\u0441\u0438\u044f"
19074,55.747307,37.769370,"111141, Россия, г. Москва, ул. Перовская, д. 23","\u041c\u043e\u0441\u043a\u0432\u0430, \u0420\u043e\u0441\u0441\u0438\u044f"
19434,55.818473,37.583823,"127322, Россия, г. Москва, ул. Фонвизина, д. 4 б, кв. 53","\u041c\u043e\u0441\u043a\u0432\u0430, \u0420\u043e\u0441\u0441\u0438\u044f"
19566,55.654193,37.699759,"109235, Россия, г. Москва, Курьяновский б-р, д. 5","\u041c\u043e\u0441\u043a\u0432\u0430, \u0420\u043e\u0441\u0441\u0438\u044f"
19650,55.647645,37.517832,"117485, Россия, г. Москва, ул. Миклухо-Маклая, д. 29, корп. 2","\u041c\u043e\u0441\u043a\u0432\u0430, \u0420\u043e\u0441\u0441\u0438\u044f"
19662,55.866182,37.581191,"127410, Россия, г. Москва, Алтуфьевское шосее, д. 37, стр. 22, комната 7","\u041c\u043e\u0441\u043a\u0432\u0430, \u0420\u043e\u0441\u0441\u0438\u044f"
19722,55.821386,37.497746,"125171, Россия, г. Москва, Ленинградское шоссе, д. 16 А, стр. 1","\u041c\u043e\u0441\u043a\u0432\u0430, \u0420\u043e\u0441\u0441\u0438\u044f"
19758,55.798080,37.495563,"123060, Россия, г. Москва, ул. Маршала Рыбалко, д. 2, корп. 6","\u041c\u043e\u0441\u043a\u0432\u0430, \u0420\u043e\u0441\u0441\u0438\u044f"
19782,55.715418,37.646013,"115114, Россия, г. Москва, Павелецкая наб., д. 2, стр. 1, помещение № 203","\u041c\u043e\u0441\u043a\u0432\u0430, \u0420\u043e\u0441\u0441\u0438\u044f"
19794,55.818291,37.465398,"125367, Россия, г. Москва, Иваньковское ш., д. 3","\u041c\u043e\u0441\u043a\u0432\u0430, \u0420\u043e\u0441\u0441\u0438\u044f"
19818,55.761543,37.568318,"123022, Россия, г. Москва, ул. Красная Пресня, д. 23, корп. Б. стр. 1. кв. 315","\u041c\u043e\u0441\u043a\u0432\u0430, \u0420\u043e\u0441\u0441\u0438\u044f"
19866,55.827403,37.596273,"127276, Россия, г. Москва, ул. Большая Марфинская, д. 4, корп. 5","\u041c\u043e\u0441\u043a\u0432\u0430, \u0420\u043e\u0441\u0441\u0438\u044f"
20106,55.750378,37.752679,"111524, Россия, г. Москва, ул. Электродная, д. 10, стр. 21","\u041c\u043e\u0441\u043a\u0432\u0430, \u0420\u043e\u0441\u0441\u0438\u044f"
20334,55.735074,37.640021,"115054, Россия, г. Москва, Озерковская наб., д. 50, стр. 1","\u041c\u043e\u0441\u043a\u0432\u0430, \u0420\u043e\u0441\u0441\u0438\u044f"
20346,55.733498,37.625091,"119017, Россия, г. Москва, ул. Б. Ордынка, д. 53, стр. 1","\u041c\u043e\u0441\u043a\u0432\u0430, \u0420\u043e\u0441\u0441\u0438\u044f"
20634,55.730406,37.622585,"119180, Россия, г. Москва, ул. Б. Полянка, 58","\u041c\u043e\u0441\u043a\u0432\u0430, \u0420\u043e\u0441\u0441\u0438\u044f"
20766,55.673372,37.577472,"117218, Россия, г. Москва, Нахимовский проспект, д.28, корп.1","\u041c\u043e\u0441\u043a\u0432\u0430, \u0420\u043e\u0441\u0441\u0438\u044f"
20910,55.759694,37.574893,"123242, г. Москва, ул. Дружинниковская, д. 15","\u041c\u043e\u0441\u043a\u0432\u0430, \u0420\u043e\u0441\u0441\u0438\u044f"
21042,55.734648,37.589186,"119021, г. Москва, ул. Тимура Фрунзе, д. 18","\u041c\u043e\u0441\u043a\u0432\u0430, \u0420\u043e\u0441\u0441\u0438\u044f"
21210,55.681732,37.566153,"117292, Россия, г. Москва, ул. Профсоюзная, д.20/9","\u041c\u043e\u0441\u043a\u0432\u0430, \u0420\u043e\u0441\u0441\u0438\u044f"
21426,55.789608,37.672720,"107113, Россия, г. Москва, ул. Маленковская, д. 14, корп. 3,  пом. 4","\u041c\u043e\u0441\u043a\u0432\u0430, \u0420\u043e\u0441\u0441\u0438\u044f"
21738,55.754983,37.661464,"105120, Россия, г. Москва, ул. Верхняя Сыромятническая, д. 7, стр. 10","\u041c\u043e\u0441\u043a\u0432\u0430, \u0420\u043e\u0441\u0441\u0438\u044f"
21918,55.874577,37.646848,"127642, Россия, г. Москва, проезд Шокальского, д. 8","\u041c\u043e\u0441\u043a\u0432\u0430, \u0420\u043e\u0441\u0441\u0438\u044f"
22026,55.879824,37.596489,"127549, Россия, г. Москва, ул. Бибиревская, владение 4","\u041c\u043e\u0441\u043a\u0432\u0430, \u0420\u043e\u0441\u0441\u0438\u044f"
22218,55.847882,37.438224,"127490, Россия, г. Москва, ул. Сходненская, д. 33, корп. 1, пом. 1, комн. 2","\u041c\u043e\u0441\u043a\u0432\u0430, \u0420\u043e\u0441\u0441\u0438\u044f"
22626,55.776527,37.548375,"125284, Россия, г. Москва, 1-ый Хорошевский проезд, д.6","\u041c\u043e\u0441\u043a\u0432\u0430, \u0420\u043e\u0441\u0441\u0438\u044f"
22686,55.789218,37.583320,"127137, Россия, г. Москва, ул. Правды, д.24, стр. 4","\u041c\u043e\u0441\u043a\u0432\u0430, \u0420\u043e\u0441\u0441\u0438\u044f"
22854,55.888881,37.613099,"127560, Россия, г. Москва, ул. Плещеева, д. 11В, пом. II, ком. 1","\u041c\u043e\u0441\u043a\u0432\u0430, \u0420\u043e\u0441\u0441\u0438\u044f"
23106,55.794310,37.405947,"123458, Россия, г. Москва, ул. Твардовского, д. 14, корп. 3, помещение V","\u041c\u043e\u0441\u043a\u0432\u0430, \u0420\u043e\u0441\u0441\u0438\u044f"
23142,55.684097,37.926593,"111674, Россия, г. Москва, ул. 1-я Вольская, д. 15, корп. 1","\u043f\u043e\u0441\u0435\u043b\u043e\u043a \u041d\u0435\u043a\u0440\u0430\u0441\u043e\u0432\u043a\u0430, \u041c\u043e\u0441\u043a\u0432\u0430, \u0420\u043e\u0441\u0441\u0438\u044f"
23682,55.770147,37.623187,"127051, Россия, г. Москва, Малый Сухаревский пер., д. 4, стр. 1","\u041c\u043e\u0441\u043a\u0432\u0430, \u0420\u043e\u0441\u0441\u0438\u044f"
23826,55.985075,37.121334,"124460, Россия, г. Москва, г. Зеленоград, кор. 1106, н.п.5, комн. 2","\u043f\u043e\u0441\u0435\u043b\u043e\u043a \u0433\u043e\u0440\u043e\u0434\u0441\u043a\u043e\u0433\u043e \u0442\u0438\u043f\u0430 \u0410\u043d\u0434\u0440\u0435\u0435\u0432\u043a\u0430, \u0421\u043e\u043b\u043d\u0435\u0447\u043d\u043e\u0433\u043e\u0440\u0441\u043a\u0438\u0439 \u0440\u0430\u0439\u043e\u043d, \u041c\u043e\u0441\u043a\u043e\u0432\u0441\u043a\u0430\u044f \u043e\u0431\u043b\u0430\u0441\u0442\u044c, \u0420\u043e\u0441\u0441\u0438\u044f"
24222,55.803879,37.770933,"105122, Россия, г. Москва, Сиреневый бульвар, д. 3, корп. 6, кв. 27","\u041c\u043e\u0441\u043a\u0432\u0430, \u0420\u043e\u0441\u0441\u0438\u044f"
24378,55.840674,37.460313,", г. Москва, проезд Досфлота, д. 4, корп. 1","\u041c\u043e\u0441\u043a\u0432\u0430, \u0420\u043e\u0441\u0441\u0438\u044f"
24390,55.746978,37.678397,"105120, Россия, г. Москва, ул. Сергия Радонежского, д. 23-25, стр. 1","\u041c\u043e\u0441\u043a\u0432\u0430, \u0420\u043e\u0441\u0441\u0438\u044f"
24486,55.722193,37.630284,"113093, Россия, г. Москва, пер. Щипковский 1-й, д. 3","\u041c\u043e\u0441\u043a\u0432\u0430, \u0420\u043e\u0441\u0441\u0438\u044f"
24522,55.689486,37.561877,"117292, Россия, г. Москва, ул. Дмитрия Ульянова, д. 6, корп. 1","\u041c\u043e\u0441\u043a\u0432\u0430, \u0420\u043e\u0441\u0441\u0438\u044f"
24534,55.689649,37.467365,"119361, Россия, г. Москва, ул. Б.Очаковская, д. 1, пом. XIX","\u041c\u043e\u0441\u043a\u0432\u0430, \u0420\u043e\u0441\u0441\u0438\u044f"
25014,55.899245,37.588934,"127349, г. Москва, Алтуфьевское шоссе, д.88","\u041c\u043e\u0441\u043a\u0432\u0430, \u0420\u043e\u0441\u0441\u0438\u044f"
25026,55.818007,37.521722,"127299, Россия, г. Москва, ул. Клары Цеткин, д. 2/3, стр. 1","\u041c\u043e\u0441\u043a\u0432\u0430, \u0420\u043e\u0441\u0441\u0438\u044f"
25050,55.763108,37.634865,"101000, Россия, г. Москва, ул. Мясницкая, д.15","\u041c\u043e\u0441\u043a\u0432\u0430, \u0420\u043e\u0441\u0441\u0438\u044f"
25194,55.879617,37.707323,"129336, Россия, г. Москва, Анадырский проезд, д. 61","\u041c\u043e\u0441\u043a\u0432\u0430, \u0420\u043e\u0441\u0441\u0438\u044f"
25206,55.677245,37.519943,"119331, г. Москва, ул. Кравченко, д. 8","\u041c\u043e\u0441\u043a\u0432\u0430, \u0420\u043e\u0441\u0441\u0438\u044f"
25506,55.861484,37.608023,"127273, Россия, г. Москва, ул. Декабристов, д.24","\u041c\u043e\u0441\u043a\u0432\u0430, \u0420\u043e\u0441\u0441\u0438\u044f"
25578,55.748741,37.585089,"119002, Россия, г. Москва, Карманицкий пер., д. 5","\u041c\u043e\u0441\u043a\u0432\u0430, \u0420\u043e\u0441\u0441\u0438\u044f"
25974,55.866172,37.606802,"127566, Россия, г. Москва, Северный бульвар, д. 7Г, стр. 1","\u041c\u043e\u0441\u043a\u0432\u0430, \u0420\u043e\u0441\u0441\u0438\u044f"
26094,55.758250,37.710548,"125362, Россия, г. Москва, ул. Энергетическая, д. 16, корп. 1, пом. III","\u041c\u043e\u0441\u043a\u0432\u0430, \u0420\u043e\u0441\u0441\u0438\u044f"
26310,55.779752,37.832243,"105568, Россия, г. Москва, ул. Челябинская, д. 23, корп. 1, кв. 95","\u041c\u043e\u0441\u043a\u0432\u0430, \u0420\u043e\u0441\u0441\u0438\u044f"
26334,55.832095,37.650541,"129226, Россия, г. Москва, Проспект Мира, д.131, офис 3","\u041c\u043e\u0441\u043a\u0432\u0430, \u0420\u043e\u0441\u0441\u0438\u044f"
26418,55.747485,37.581298,"121099, Россия, г. Москва, Смоленская площадь, д. 3","\u041c\u043e\u0441\u043a\u0432\u0430, \u0420\u043e\u0441\u0441\u0438\u044f"
26838,55.773793,37.694845,"105082, Россия, г. Москва, Рубцовская набережная, д. 2, корп. 3","\u041c\u043e\u0441\u043a\u0432\u0430, \u0420\u043e\u0441\u0441\u0438\u044f"
26946,55.867586,37.562569,"127474, Россия, г. Москва, ул. Дубнинская, д. 39","\u041c\u043e\u0441\u043a\u0432\u0430, \u0420\u043e\u0441\u0441\u0438\u044f"
27414,55.844111,37.576852,"127106, г. Москва, пр. Гостиничный, дом 6, корпус 2,  помещение 310","\u041c\u043e\u0441\u043a\u0432\u0430, \u0420\u043e\u0441\u0441\u0438\u044f"
27450,55.900193,37.585808,"127572, Россия, г. Москва, Алтуфьевское шоссе, д. 93","\u041c\u043e\u0441\u043a\u0432\u0430, \u0420\u043e\u0441\u0441\u0438\u044f"
27522,55.692800,37.421551,"121471, Россия, г. Москва, ул. Рябиновая, д. 28, стр. 1","\u041c\u043e\u0441\u043a\u0432\u0430, \u0420\u043e\u0441\u0441\u0438\u044f"
27894,55.770203,37.645869,"107139, Российская Федерация, г. Москва, ул. Садовая-Спасская, д. 11/1","\u041c\u043e\u0441\u043a\u0432\u0430, \u0420\u043e\u0441\u0441\u0438\u044f"
27990,55.683351,37.580023,"117036, Россия, г. Москва, ул. Новочеремушкинская, д. 16","\u041c\u043e\u0441\u043a\u0432\u0430, \u0420\u043e\u0441\u0441\u0438\u044f"
28098,55.804000,37.555885,"125315, Российская Федерация, г. Москва, ул. 8-го Марта, д. 10, стр. 5","\u041c\u043e\u0441\u043a\u0432\u0430, \u0420\u043e\u0441\u0441\u0438\u044f"
28326,55.753833,37.662111,"105120, Россия, г. Москва, 2-й Сыромятнический переулок , дом 1","\u041c\u043e\u0441\u043a\u0432\u0430, \u0420\u043e\u0441\u0441\u0438\u044f"
28518,55.683503,37.918912,"111674, Россия, г. Москва, ул. 1-я Вольская, д. 7, корп. 1","\u043f\u043e\u0441\u0435\u043b\u043e\u043a \u041d\u0435\u043a\u0440\u0430\u0441\u043e\u0432\u043a\u0430, \u041c\u043e\u0441\u043a\u0432\u0430, \u0420\u043e\u0441\u0441\u0438\u044f"
28662,55.779545,37.589060,"125047, Россия, г. Москва, ул. Лесная, д. 15","\u041c\u043e\u0441\u043a\u0432\u0430, \u0420\u043e\u0441\u0441\u0438\u044f"
28806,55.651582,37.527615,"117485, Россия, г. Москва, ул. Бутлерова, д. 12","\u041c\u043e\u0441\u043a\u0432\u0430, \u0420\u043e\u0441\u0441\u0438\u044f"
29118,55.685208,37.851889,"109431, Российская Федерация, г. Москва, ул. Авиконструктора Миля, д. 6, корп. 1","\u041c\u043e\u0441\u043a\u0432\u0430, \u0420\u043e\u0441\u0441\u0438\u044f"
29310,55.859968,37.566683,"127474, Россия, г. Москва, ул. Дубнинская, д. 13","\u041c\u043e\u0441\u043a\u0432\u0430, \u0420\u043e\u0441\u0441\u0438\u044f"
29562,55.763072,37.833132,"111555, Россия, г. Москва, ул. Молостовых, д. 3А, стр. 1","\u041c\u043e\u0441\u043a\u0432\u0430, \u0420\u043e\u0441\u0441\u0438\u044f"
29574,55.880894,37.700559,"129336, Россия, г. Москва, ул. Таежная, д. 1","\u041c\u043e\u0441\u043a\u0432\u0430, \u0420\u043e\u0441\u0441\u0438\u044f"
29622,55.801157,37.505705,"125252, Россия, г. Москва, ул. Алабяна, д. 13, корп. 2, этаж 1, пом. VI, комн. с 1 по 4","\u041c\u043e\u0441\u043a\u0432\u0430, \u0420\u043e\u0441\u0441\u0438\u044f"
29634,55.763012,37.719855,"111020, Россия, г. Москва, Юрьевский пер., д. 19, стр. 3","\u041c\u043e\u0441\u043a\u0432\u0430, \u0420\u043e\u0441\u0441\u0438\u044f"
29742,55.845618,37.364715,"125430, Россия, г. Москва, ул. Митинская, д. 34","\u041c\u043e\u0441\u043a\u0432\u0430, \u0420\u043e\u0441\u0441\u0438\u044f"
29850,55.984350,37.176203,"124575, Россия, г. Москва, Зеленоград, корп. 1006 Б, помещение II","\u041c\u043e\u0441\u043a\u0432\u0430, \u0420\u043e\u0441\u0441\u0438\u044f"
30270,55.747323,37.662030,"109004, Россия, г. Москва, ул. Николоямская д. 43, корп. 4, пом. I - комн. 6","\u041c\u043e\u0441\u043a\u0432\u0430, \u0420\u043e\u0441\u0441\u0438\u044f"
30690,55.739052,37.430867,"121467, Россия, г. Москва, Рублевское шоссе, д. 83, корп. 1","\u041c\u043e\u0441\u043a\u0432\u0430, \u0420\u043e\u0441\u0441\u0438\u044f"
30834,55.826878,37.591916,"127427, Россия, г. Москва, ул. Марфинская Б., д. 1, корп. 2, оф. 9","\u041c\u043e\u0441\u043a\u0432\u0430, \u0420\u043e\u0441\u0441\u0438\u044f"
30858,55.715931,37.804179,"109542, Россия, г. Москва, Рязанский проспект, д. 91, корп. 1, пом. 11","\u041c\u043e\u0441\u043a\u0432\u0430, \u0420\u043e\u0441\u0441\u0438\u044f"
30978,55.762779,37.620941,"103016, Московская область, г. Москва, ул. Неглинная, 12","\u041c\u043e\u0441\u043a\u0432\u0430, \u0420\u043e\u0441\u0441\u0438\u044f"
31074,55.677209,37.575711,"117218, Россия, г. Москва, ул. Кржижановского, д. 24/35, корп. 6","\u041c\u043e\u0441\u043a\u0432\u0430, \u0420\u043e\u0441\u0441\u0438\u044f"
31086,55.677367,37.743058,"109387, Россия, г. Москва, ул. Краснодарская, д. 11","\u041c\u043e\u0441\u043a\u0432\u0430, \u0420\u043e\u0441\u0441\u0438\u044f"
31098,55.678981,37.640363,"115487, Россия, г. Москва, ул. Нагатинская, д. 16, стр. 9","\u041c\u043e\u0441\u043a\u0432\u0430, \u0420\u043e\u0441\u0441\u0438\u044f"
31170,55.687964,37.725774,"109548, Россия, г. Москва, ул. Шоссейная, д. 13","\u041c\u043e\u0441\u043a\u0432\u0430, \u0420\u043e\u0441\u0441\u0438\u044f"
31518,55.806520,37.706003,"107076, Россия, г. Москва, ул. Краснобогатырская, д. 44, стр. 1","\u041c\u043e\u0441\u043a\u0432\u0430, \u0420\u043e\u0441\u0441\u0438\u044f"
31662,55.831585,37.531199,"125008, г. Москва, ул. Большая Академическая, д. 35, стр. 1","\u041c\u043e\u0441\u043a\u0432\u0430, \u0420\u043e\u0441\u0441\u0438\u044f"
31734,55.760986,37.613889,"125009, Россия, г. Москва, ул. Б. Дмитровка, д. 7/5, стр. 5","\u041c\u043e\u0441\u043a\u0432\u0430, \u0420\u043e\u0441\u0441\u0438\u044f"
31866,55.844733,37.572899,"127238, Россия, г. Москва, Локомотивный проезд, д. 21, стр. 5","\u041c\u043e\u0441\u043a\u0432\u0430, \u0420\u043e\u0441\u0441\u0438\u044f"
31902,55.665157,37.767169,"109451, Россия, г. Москва, ул. Перерва, д. 62, корп. 3","\u041c\u043e\u0441\u043a\u0432\u0430, \u0420\u043e\u0441\u0441\u0438\u044f"
32142,55.662765,37.752068,"109144, Россия, г. Москва, ул. Братиславская, д. 8, помещение № VII","\u041c\u043e\u0441\u043a\u0432\u0430, \u0420\u043e\u0441\u0441\u0438\u044f"
32454,55.746041,37.676673,"109544, Россия, г. Москва, ул. Школьная, 49","\u041c\u043e\u0441\u043a\u0432\u0430, \u0420\u043e\u0441\u0441\u0438\u044f"
32706,55.774011,37.462146,"123154, Россия, г. Москва, Карамышевская наб., д. 56, кв. 136","\u041c\u043e\u0441\u043a\u0432\u0430, \u0420\u043e\u0441\u0441\u0438\u044f"
32826,55.813116,37.822748,"352500, Россия, г. Москва, ул. Новосибирская, д. 4, кв. 45","\u041c\u043e\u0441\u043a\u0432\u0430, \u0420\u043e\u0441\u0441\u0438\u044f"
33186,55.677331,37.571552,"117218, Россия, г. Москва, ул. Новочеремушинская, д. 34, корп. 1","\u041c\u043e\u0441\u043a\u0432\u0430, \u0420\u043e\u0441\u0441\u0438\u044f"
33222,55.784369,37.590380,"127055, Россия, г. Москва, Порядковый пер., д. 21, офис 401","\u041c\u043e\u0441\u043a\u0432\u0430, \u0420\u043e\u0441\u0441\u0438\u044f"
33678,55.675301,37.541431,"117335, Россия, г. Москва, ул. Вавилова, д. 97","\u041c\u043e\u0441\u043a\u0432\u0430, \u0420\u043e\u0441\u0441\u0438\u044f"
33846,55.661110,37.562254,"117461, Россия, г. Москва, ул. Каховка, д. 30, пом. 1, комн. 13","\u041c\u043e\u0441\u043a\u0432\u0430, \u0420\u043e\u0441\u0441\u0438\u044f"
33966,55.744890,37.705437,"111024, Россия, г. Москва, ул. Душинская, д. 18, корп. 1","\u041c\u043e\u0441\u043a\u0432\u0430, \u0420\u043e\u0441\u0441\u0438\u044f"
34050,55.788981,37.613216,"127018, г. Москва, ул. Октябрьская, д.33","\u041c\u043e\u0441\u043a\u0432\u0430, \u0420\u043e\u0441\u0441\u0438\u044f"
34446,55.739721,37.659874,"109147, Россия, г. Москва, пер. Маяковского, д. 2, пом. 1","\u041c\u043e\u0441\u043a\u0432\u0430, \u0420\u043e\u0441\u0441\u0438\u044f"
34554,55.708587,37.586670,"117334, Россия, г. Москва, Ленинский проспект, 37 А","\u041c\u043e\u0441\u043a\u0432\u0430, \u0420\u043e\u0441\u0441\u0438\u044f"
34578,55.661034,37.776071,"109387, Россия, г. Москва, ул. Белореченская, д.36, корп. 3","\u041c\u043e\u0441\u043a\u0432\u0430, \u0420\u043e\u0441\u0441\u0438\u044f"
34674,55.645365,37.348689,"119634, Россия, г. Москва, ул. Чоботовская, д. 17, пом. I","\u041c\u043e\u0441\u043a\u0432\u0430, \u0420\u043e\u0441\u0441\u0438\u044f"
34746,55.739265,37.640848,"115035, Россия, г. Москва, ул. Садовническая, дом № 72, строение 1, офис 18 А","\u041c\u043e\u0441\u043a\u0432\u0430, \u0420\u043e\u0441\u0441\u0438\u044f"
34854,55.786910,37.734102,"105058, Россия, г. Москва, ул. Мироновская, д. 18, пом. III","\u041c\u043e\u0441\u043a\u0432\u0430, \u0420\u043e\u0441\u0441\u0438\u044f"
34926,55.669935,37.475809,"119602, Россия, г. Москва, ул. Академика Анохина, д. 2, корп. 1, этаж 1, помещение 1","\u041c\u043e\u0441\u043a\u0432\u0430, \u0420\u043e\u0441\u0441\u0438\u044f"
34938,55.679458,37.683419,"115407, г. Москва, ул. Затонная, д. 4, кв. 95","\u041c\u043e\u0441\u043a\u0432\u0430, \u0420\u043e\u0441\u0441\u0438\u044f"
35094,55.569026,37.588647,"117628, Россия, г. Москва, ул.Старокачаловская, д.6, кв.72","\u041c\u043e\u0441\u043a\u0432\u0430, \u0420\u043e\u0441\u0441\u0438\u044f"
35442,55.720717,37.617950,"127051, Россия, г. Москва, ул. Андреева Павла, д. 28, корп. 7, пом. I,VI","\u041c\u043e\u0441\u043a\u0432\u0430, \u0420\u043e\u0441\u0441\u0438\u044f"
35466,55.813976,37.713216,"107258, Россия, г. Москва, ул. Игральная, д. 6, корп. 2","\u041c\u043e\u0441\u043a\u0432\u0430, \u0420\u043e\u0441\u0441\u0438\u044f"
36006,55.653878,37.528927,"117485, Россия, г. Москва, ул. Бутлерова, д. 5 А, строение 2, пом. X","\u041c\u043e\u0441\u043a\u0432\u0430, \u0420\u043e\u0441\u0441\u0438\u044f"
36450,55.729600,37.663881,"109044, Россия, г. Москва, ул. Крутицкий Вал, д. 14, офис 320","\u041c\u043e\u0441\u043a\u0432\u0430, \u0420\u043e\u0441\u0441\u0438\u044f"
37218,55.822933,37.822011,"107065, Россия, г. Москва, ул. Уссурийская, д. 14, кор. 2","\u041c\u043e\u0441\u043a\u0432\u0430, \u0420\u043e\u0441\u0441\u0438\u044f"
37422,55.668122,37.629430,"115230, г. Москва, Каширское шоссе, д.9, корп.1","\u041c\u043e\u0441\u043a\u0432\u0430, \u0420\u043e\u0441\u0441\u0438\u044f"
37650,55.668442,37.559856,"117418, Россия, г. Москва, ул. Гарибальди, д. 36","\u041c\u043e\u0441\u043a\u0432\u0430, \u0420\u043e\u0441\u0441\u0438\u044f"
37758,55.655640,37.584272,"141700, Россия, , г. Москва, ул. Керченская, д. 1 а, корп. 1","\u041c\u043e\u0441\u043a\u0432\u0430, \u0420\u043e\u0441\u0441\u0438\u044f"
38118,55.801263,37.535430,"125319, Россия, г. Москва, ул. 1-я Аэропортовская, д. 5, стр. 1","\u041c\u043e\u0441\u043a\u0432\u0430, \u0420\u043e\u0441\u0441\u0438\u044f"
38670,55.731176,37.609173,"119049, Россия, г. Москва, ул. Крымский Вал, д. 8","\u041c\u043e\u0441\u043a\u0432\u0430, \u0420\u043e\u0441\u0441\u0438\u044f"
38886,55.778426,37.721642,"105118, Россия, г. Москва, проспект Буденного, д. 1/1","\u041c\u043e\u0441\u043a\u0432\u0430, \u0420\u043e\u0441\u0441\u0438\u044f"
38898,55.752612,37.651133,"105064, Россия, г. Москва, ул. Воронцово поле, д. 10, строение 7, помещение 1","\u041c\u043e\u0441\u043a\u0432\u0430, \u0420\u043e\u0441\u0441\u0438\u044f"
38934,55.841498,37.649076,"129226, г. Москва, ул.Докукина, д.16, стр.2","\u041c\u043e\u0441\u043a\u0432\u0430, \u0420\u043e\u0441\u0441\u0438\u044f"
39066,55.753828,37.699041,"111250, Россия, г. Москва, проезд Завода Серп и Молот, д. 6, корп. 1","\u041c\u043e\u0441\u043a\u0432\u0430, \u0420\u043e\u0441\u0441\u0438\u044f"
39090,55.815913,37.530148,"127299, Россия, г. Москва, ул. Космонавта Волкова, д. 24, стр. 5","\u041c\u043e\u0441\u043a\u0432\u0430, \u0420\u043e\u0441\u0441\u0438\u044f"
39486,55.736133,37.524992,"143430, Россия, г. Москва, ул. 1812 года, д. 2","\u041c\u043e\u0441\u043a\u0432\u0430, \u0420\u043e\u0441\u0441\u0438\u044f"
39522,55.856189,37.476303,"125565, Россия, г. Москва, ул.Фестивальная, д.13, корп.2","\u041c\u043e\u0441\u043a\u0432\u0430, \u0420\u043e\u0441\u0441\u0438\u044f"
39714,55.770517,37.575486,"123557, Россия, г. Москва, Средний Тишинский переулок, дом 28","\u041c\u043e\u0441\u043a\u0432\u0430, \u0420\u043e\u0441\u0441\u0438\u044f"
40086,55.724596,37.645761,"115114, Россия, г. Москва, ул. Летниковская, д. 11/10, стр. 2","\u041c\u043e\u0441\u043a\u0432\u0430, \u0420\u043e\u0441\u0441\u0438\u044f"
40350,55.746476,37.536284,"123317, Российская Федерация, г. Москва, Пресненская набережная, д.10","\u041c\u043e\u0441\u043a\u0432\u0430, \u0420\u043e\u0441\u0441\u0438\u044f"
40710,55.737507,37.518371,"121170, Россия, г. Москва, Площадь Победы, д. 2, корп. 2, помещение XV","\u0417\u0430\u043f\u0430\u0434\u043d\u044b\u0439 \u0430\u0434\u043c\u0438\u043d\u0438\u0441\u0442\u0440\u0430\u0442\u0438\u0432\u043d\u044b\u0439 \u043e\u043a\u0440\u0443\u0433, \u041c\u043e\u0441\u043a\u0432\u0430, \u0420\u043e\u0441\u0441\u0438\u044f"
41730,55.698559,37.850173,"109145, Россия, г. Москва, Жулебинский бульвар, д. 10/6","\u041c\u043e\u0441\u043a\u0432\u0430, \u0420\u043e\u0441\u0441\u0438\u044f"
41754,55.644064,37.473519,"117513, Россия, г. Москва, Ленинский проспект, д. 131, квартал 3741","\u041c\u043e\u0441\u043a\u0432\u0430, \u0420\u043e\u0441\u0441\u0438\u044f"
41886,55.750753,37.718920,"111024, Россия, г. Москва, ул. Авиамоторная. д. 50, стр. 2, пом. XIV, коин. 45","\u041c\u043e\u0441\u043a\u0432\u0430, \u0420\u043e\u0441\u0441\u0438\u044f"
42138,55.743664,37.651466,"109240, Российская Федерация, г. Москва, ул. Верхняя Радищевская, 13","\u041c\u043e\u0441\u043a\u0432\u0430, \u0420\u043e\u0441\u0441\u0438\u044f"
42198,55.777722,37.551537,"125284, Россия, г. Москва, ул. Поликарпова, д. 12/13","\u041c\u043e\u0441\u043a\u0432\u0430, \u0420\u043e\u0441\u0441\u0438\u044f"
42222,55.706984,37.809758,"109444, Российская Федерация, г. Москва, ул. Ферганская, д. 14/13, стр. 1, этаж 1, пом. 1, ком. 12-13","\u041c\u043e\u0441\u043a\u0432\u0430, \u0420\u043e\u0441\u0441\u0438\u044f"
42402,55.645116,37.525154,"117485, Россия, г. Москва, ул. Профсоюзная, д. 100","\u041c\u043e\u0441\u043a\u0432\u0430, \u0420\u043e\u0441\u0441\u0438\u044f"
42774,55.762753,37.794999,"111123, Россия, г. Москва, ул. Новогиреевская, д. 3А","\u041c\u043e\u0441\u043a\u0432\u0430, \u0420\u043e\u0441\u0441\u0438\u044f"
42918,55.779585,37.576178,"125315, Россия, г. Москва, Ленинградский проспект, д. 66, помещение VII, комн., 7","\u041c\u043e\u0441\u043a\u0432\u0430, \u0420\u043e\u0441\u0441\u0438\u044f"
43830,55.796648,37.690677,"107076, Россия, г. Москва, ул. Короленко, д.3, корп.4, стр. 6","\u041c\u043e\u0441\u043a\u0432\u0430, \u0420\u043e\u0441\u0441\u0438\u044f"
43926,55.695134,37.605526,"117152, Россия, г. Москва, ул. Загородное шоссе, дом 6, корпус 2, кв. 113","\u041c\u043e\u0441\u043a\u0432\u0430, \u0420\u043e\u0441\u0441\u0438\u044f"
44022,55.600323,37.509280,"117574, Россия, г. Москва, проезд Одоевского, дом 3, корпус 7","\u041c\u043e\u0441\u043a\u0432\u0430, \u0420\u043e\u0441\u0441\u0438\u044f"
44034,55.778203,37.490389,"123308, Россия, г. Москва, Новохорошевский проезд, д. 25, этаж 1, помещение 1","\u041c\u043e\u0441\u043a\u0432\u0430, \u0420\u043e\u0441\u0441\u0438\u044f"
44238,55.734866,37.566189,"119435, Россия, г. Москва, Саввинская набережная, д. 15","\u041c\u043e\u0441\u043a\u0432\u0430, \u0420\u043e\u0441\u0441\u0438\u044f"
44502,55.779423,37.611536,"127473, Россия, г. Москва, 3-й Самотечный пер., д.21","\u041c\u043e\u0441\u043a\u0432\u0430, \u0420\u043e\u0441\u0441\u0438\u044f"
44994,55.740330,37.782162,"111141, Россия, г. Москва, ул. Кусковская, д.23, корп.1, кв.4","\u041c\u043e\u0441\u043a\u0432\u0430, \u0420\u043e\u0441\u0441\u0438\u044f"
45030,55.758863,37.654799,"105064, Россия, г. Москва, пер. Яковоапостольский, д. 9, стр. 3","\u041c\u043e\u0441\u043a\u0432\u0430, \u0420\u043e\u0441\u0441\u0438\u044f"
45102,55.842085,37.547135,"125183, Россия, г. Москва, ул. Лихоборские Бугры, д. 5, кв. 38","\u041c\u043e\u0441\u043a\u0432\u0430, \u0420\u043e\u0441\u0441\u0438\u044f"
45546,55.671422,37.593102,"117186, Россия, г. Москва, ул. Нагорная, д.38, корп.1","\u041c\u043e\u0441\u043a\u0432\u0430, \u0420\u043e\u0441\u0441\u0438\u044f"
46122,55.813106,37.470527,"125367, Россия, г. Москва, Полесский проезд, д. 2, корпус 1, помещение 3","\u041c\u043e\u0441\u043a\u0432\u0430, \u0420\u043e\u0441\u0441\u0438\u044f"
46170,55.780805,37.738027,"105187, Россия, г. Москва, Измайловское шоссе, д.55, стр.1","\u041c\u043e\u0441\u043a\u0432\u0430, \u0420\u043e\u0441\u0441\u0438\u044f"
46386,55.787644,37.624912,"129110, Россия, г. Москва, ул. Щепкина, д. 61/2, корп. 8","\u041c\u043e\u0441\u043a\u0432\u0430, \u0420\u043e\u0441\u0441\u0438\u044f"
46518,55.872476,37.522881,"125412, Россия, г. Москва, ул. Талдомская, д. 4","\u041c\u043e\u0441\u043a\u0432\u0430, \u0420\u043e\u0441\u0441\u0438\u044f"
46806,55.758362,37.785611,"111401, Россия, г. Москва, ул. Металлургов, д. 17","\u041c\u043e\u0441\u043a\u0432\u0430, \u0420\u043e\u0441\u0441\u0438\u044f"
46830,55.757182,37.632556,"101000, г. Москва, ул. Маросейка., д.2/9, стр.6","\u041c\u043e\u0441\u043a\u0432\u0430, \u0420\u043e\u0441\u0441\u0438\u044f"
46842,55.892223,37.597423,"127349, Россия, г. Москва, ул. Мурановская, д. 7","\u041c\u043e\u0441\u043a\u0432\u0430, \u0420\u043e\u0441\u0441\u0438\u044f"
47046,55.708633,37.628891,"115191, Россия, г. Москва, пер. Староданиловский Б., д. 2, стр. 9","\u041c\u043e\u0441\u043a\u0432\u0430, \u0420\u043e\u0441\u0441\u0438\u044f"
47106,55.751087,37.754395,"111524, Россия, г. Москва, ул. Электродная, д.10","\u041c\u043e\u0441\u043a\u0432\u0430, \u0420\u043e\u0441\u0441\u0438\u044f"
47298,55.817840,37.488188,"125171, Россия, г. Москва, 5-й Войковский проезд, д. 12","\u041c\u043e\u0441\u043a\u0432\u0430, \u0420\u043e\u0441\u0441\u0438\u044f"
47418,55.825917,37.595860,"127427, Россия, г. Москва, ул. Кашёнкин Луг, д.8, корп. 3","\u041c\u043e\u0441\u043a\u0432\u0430, \u0420\u043e\u0441\u0441\u0438\u044f"
47874,55.862131,37.436580,"125481, г. Москва, ул. Планерная, д.12, корп.1","\u041c\u043e\u0441\u043a\u0432\u0430, \u0420\u043e\u0441\u0441\u0438\u044f"
47898,55.795641,37.699292,"107076, Россия, г. Москва, Колодезный переулок, д. 14, пом. XII, ком. 41","\u041c\u043e\u0441\u043a\u0432\u0430, \u0420\u043e\u0441\u0441\u0438\u044f"
47910,55.942317,37.537047,"127204, г. Москва, Дмитровское шоссе, д.167, стр.1, комн.27","\u041c\u043e\u0441\u043a\u0432\u0430, \u0420\u043e\u0441\u0441\u0438\u044f"
48174,55.658586,37.776520,"109469, Россия, г. Москва, ул. Марьинский парк, д. 9, корп. 2","\u041c\u043e\u0441\u043a\u0432\u0430, \u0420\u043e\u0441\u0441\u0438\u044f"
49326,55.837899,37.548869,"127550, Россия, г. Москва, ул. Пряшникова, д. 19 А, стр. 13, офис 307","\u041c\u043e\u0441\u043a\u0432\u0430, \u0420\u043e\u0441\u0441\u0438\u044f"
49446,55.705437,37.599642,"119334, Россия, г. Москва, 5-й Донской проезд, д. 15, стр. 24","\u041c\u043e\u0441\u043a\u0432\u0430, \u0420\u043e\u0441\u0441\u0438\u044f"
49590,55.736980,37.525738,"121170, Россия, г. Москва, Кутузовский пр-т, д. 45, помещение XI, комната 1","\u041c\u043e\u0441\u043a\u0432\u0430, \u0420\u043e\u0441\u0441\u0438\u044f"
50022,55.727496,37.618596,"117049, Россия, г. Москва, 4-й Добрынинский пер., д. 4","\u041c\u043e\u0441\u043a\u0432\u0430, \u0420\u043e\u0441\u0441\u0438\u044f"
50118,55.649637,37.385115,"119619, Россия, г. Москва, ул. Производственная, д. 5, кв. 36","\u041c\u043e\u0441\u043a\u0432\u0430, \u0420\u043e\u0441\u0441\u0438\u044f"
50250,55.484561,37.306764,"142190, Россия, г. Москва, г. Троицк","\u041c\u043e\u0441\u043a\u0432\u0430, \u0420\u043e\u0441\u0441\u0438\u044f"
50274,55.780942,37.591593,"127055, Россия, г. Москва, ул. Лесная, д. 45","\u041c\u043e\u0441\u043a\u0432\u0430, \u0420\u043e\u0441\u0441\u0438\u044f"
50406,55.687898,37.584047,"117036, Россия, г. Москва, ул. Новочеремушинская, д. 8","\u041c\u043e\u0441\u043a\u0432\u0430, \u0420\u043e\u0441\u0441\u0438\u044f"
50694,55.833102,37.649067,"129226, Россия, г. Москва, ул. Сельскохозяйственная, д. 7/1, стр. 2","\u041c\u043e\u0441\u043a\u0432\u0430, \u0420\u043e\u0441\u0441\u0438\u044f"
50706,55.820561,37.635350,"129515, Россия, , г. Москва, ул. Академика Королева,  д. 13, стр. 1, помещение IV/1","\u041c\u043e\u0441\u043a\u0432\u0430, \u0420\u043e\u0441\u0441\u0438\u044f"
50778,55.688086,37.603056,"117152, г. Москва, Севастопольский проспект, д. 10, корп. 4","\u041c\u043e\u0441\u043a\u0432\u0430, \u0420\u043e\u0441\u0441\u0438\u044f"
51006,55.711148,37.615120,"115191, Россия, г. Москва, Серпуховской Вал, д. 9","\u041c\u043e\u0441\u043a\u0432\u0430, \u0420\u043e\u0441\u0441\u0438\u044f"
51042,55.675265,37.521516,"119313, Россия, г. Москва, ул. Кравченко, д. 4, корп. 1, помещение VIII","\u041c\u043e\u0441\u043a\u0432\u0430, \u0420\u043e\u0441\u0441\u0438\u044f"
51162,55.805169,37.391718,"123592, Россия, г. Москва, ул. Кулакова, д.20, стр.1","\u041c\u043e\u0441\u043a\u0432\u0430, \u0420\u043e\u0441\u0441\u0438\u044f"
51342,55.815524,37.724526,"107150, Россия, г. Москва, ул.Бойцовая, д. 22, стр. 3","\u041c\u043e\u0441\u043a\u0432\u0430, \u0420\u043e\u0441\u0441\u0438\u044f"
51834,55.808149,37.777643,"123022, Россия, г. Москва, шоссе Щелковское, д. 26, корп. 1","\u041c\u043e\u0441\u043a\u0432\u0430, \u0420\u043e\u0441\u0441\u0438\u044f"
52158,55.726507,37.757844,"109428, Россия, г. Москва, Рязанский пр-т, д. 10, стр. 2, пом. VI-10","\u041c\u043e\u0441\u043a\u0432\u0430, \u0420\u043e\u0441\u0441\u0438\u044f"
52170,55.717046,37.578954,"119270, Россия, г. Москва, наб. Фрунзенская, д. 52","\u041c\u043e\u0441\u043a\u0432\u0430, \u0420\u043e\u0441\u0441\u0438\u044f"
52230,55.864631,37.585269,"127562, Россия, г. Москва, Алтуфьевское шоссе, д. 28","\u041c\u043e\u0441\u043a\u0432\u0430, \u0420\u043e\u0441\u0441\u0438\u044f"
52242,55.885226,37.597720,"127549, Россия, г. Москва, ул. Костромская, д. 14","\u041c\u043e\u0441\u043a\u0432\u0430, \u0420\u043e\u0441\u0441\u0438\u044f"
52554,55.671443,37.445895,"119361, Россия, г. Москва, ул. Озерная, д. 42","\u041c\u043e\u0441\u043a\u0432\u0430, \u0420\u043e\u0441\u0441\u0438\u044f"
52626,55.688974,37.536877,"119311, Россия, г. Москва, ул. Строителей, д.6, корп.6","\u041c\u043e\u0441\u043a\u0432\u0430, \u0420\u043e\u0441\u0441\u0438\u044f"
52674,55.687005,37.542455,"119261, Россия, г. Москва, пр-т Ленинский, д. 70/11","\u041c\u043e\u0441\u043a\u0432\u0430, \u0420\u043e\u0441\u0441\u0438\u044f"
52830,55.869319,37.560547,"127474, Россия, г. Москва, ул. Дубнинская, д. 45, корп. 1, кв. 229","\u041c\u043e\u0441\u043a\u0432\u0430, \u0420\u043e\u0441\u0441\u0438\u044f"
52842,55.747439,37.411957,"121552, Россия, г. Москва, Рублевское шоссе, д. 121","\u041c\u043e\u0441\u043a\u0432\u0430, \u0420\u043e\u0441\u0441\u0438\u044f"
52938,55.818078,37.595869,"127322, Россия, г. Москва, Проезд Огородный, д. 20а, стр.1","\u041c\u043e\u0441\u043a\u0432\u0430, \u0420\u043e\u0441\u0441\u0438\u044f"
52974,55.763397,37.652598,"105062, Россия, г. Москва, ул. Покровка, д. 45, стр. 5","\u041c\u043e\u0441\u043a\u0432\u0430, \u0420\u043e\u0441\u0441\u0438\u044f"
53634,55.849549,37.405732,"125373, Российская Федерация, г. Москва, Бульвар Яна Райниса, д. 47","\u041c\u043e\u0441\u043a\u0432\u0430, \u0420\u043e\u0441\u0441\u0438\u044f"
54018,55.776568,37.605984,"127030, Россия, г. Москва, ул. Краснопролетарская, д.9","\u041c\u043e\u0441\u043a\u0432\u0430, \u0420\u043e\u0441\u0441\u0438\u044f"
54306,55.764136,37.790615,"111123, Российская Федерация, г. Москва, ул. Новогиреевская, д.4, стр.1","\u041c\u043e\u0441\u043a\u0432\u0430, \u0420\u043e\u0441\u0441\u0438\u044f"
54330,55.722852,37.626520,"115093, Россия, г. Москва, ул. Б. Серпуховская, д. 44, офис 19","\u041c\u043e\u0441\u043a\u0432\u0430, \u0420\u043e\u0441\u0441\u0438\u044f"
54726,55.769757,37.629080,"107045, Россия, г. Москва, Последний пер., д. 22","\u041c\u043e\u0441\u043a\u0432\u0430, \u0420\u043e\u0441\u0441\u0438\u044f"
54846,55.790130,37.380354,"123458, Россия, г. Москва, 123458, г. Москва, проезд 607-й, д.30","\u041c\u043e\u0441\u043a\u0432\u0430, \u0420\u043e\u0441\u0441\u0438\u044f"
55422,55.707010,37.462478,"119517, Россия, г. Москва, ул. Матвеевская, д. 42, корп. 4","\u041c\u043e\u0441\u043a\u0432\u0430, \u0420\u043e\u0441\u0441\u0438\u044f"
55638,55.789795,37.687722,"107014, Россия, г. Москва, ул. Стромынка, д.4, стр.1","\u041c\u043e\u0441\u043a\u0432\u0430, \u0420\u043e\u0441\u0441\u0438\u044f"
55878,55.894318,37.588826,"127349, Россия, г. Москва, Алтуфьевское шоссе, д. 82","\u041c\u043e\u0441\u043a\u0432\u0430, \u0420\u043e\u0441\u0441\u0438\u044f"
56034,55.777013,37.732512,"105118, Россия, г. Москва, ул. Вольная, д. 25","\u041c\u043e\u0441\u043a\u0432\u0430, \u0420\u043e\u0441\u0441\u0438\u044f"
56058,55.730735,37.668606,"109044, Россия, г. Москва, ул. Дубровская 1-я, д. 1, корп. 2","\u041c\u043e\u0441\u043a\u0432\u0430, \u0420\u043e\u0441\u0441\u0438\u044f"
56070,55.792908,37.671579,"107113, Россия, г. Москва, ул. Сокольнический Вал, д. 1 Б","\u041c\u043e\u0441\u043a\u0432\u0430, \u0420\u043e\u0441\u0441\u0438\u044f"
56610,55.877304,37.679673,"129345, г. Москва, ул. Осташковская, д. 7, корп.1","\u041c\u043e\u0441\u043a\u0432\u0430, \u0420\u043e\u0441\u0441\u0438\u044f"
56898,55.752100,37.585206,"119019, Россия, г. Москва, ул. Новый Арбат, д. 21","\u041c\u043e\u0441\u043a\u0432\u0430, \u0420\u043e\u0441\u0441\u0438\u044f"
56946,55.738723,37.474462,"121433, Россия, г. Москва, ул. Малая Филевская, д. 10, корп. 1, цоколь, пом. VIII","\u041c\u043e\u0441\u043a\u0432\u0430, \u0420\u043e\u0441\u0441\u0438\u044f"
57546,55.660947,37.484703,"119571, Россия, г. Москва, 26 Бакинских комиссаров,д. 11","\u041c\u043e\u0441\u043a\u0432\u0430, \u0420\u043e\u0441\u0441\u0438\u044f"
58326,55.778932,37.613593,"103473, г. Москва, 3-й Самотечный пер., д. 13","\u041c\u043e\u0441\u043a\u0432\u0430, \u0420\u043e\u0441\u0441\u0438\u044f"
58530,55.771039,37.602373,"127006, Россия, г. Москва, ул. Садовая-Триумфальная, д.16, стр.3, пом. 1,комн.3","\u041c\u043e\u0441\u043a\u0432\u0430, \u0420\u043e\u0441\u0441\u0438\u044f"
58554,55.636819,37.517626,"117437, Россия, г. Москва, ул. Островитянова, д.27, корп.3, кв.152","\u041c\u043e\u0441\u043a\u0432\u0430, \u0420\u043e\u0441\u0441\u0438\u044f"
58602,55.758078,37.685018,"111033, Россия, г. Москва, ул. Волочаевская, д. 2, корп. 1","\u041c\u043e\u0441\u043a\u0432\u0430, \u0420\u043e\u0441\u0441\u0438\u044f"
58614,55.758078,37.685018,"111033, Россия, г. Москва, ул.Волочаевская, д. 2, корп. 1","\u041c\u043e\u0441\u043a\u0432\u0430, \u0420\u043e\u0441\u0441\u0438\u044f"
59082,55.723298,37.655490,"115114, Россия, г. Москва, Дербеневская наб., д. 7, стр. 2","\u041c\u043e\u0441\u043a\u0432\u0430, \u0420\u043e\u0441\u0441\u0438\u044f"
59094,55.807542,37.721166,"107370, Россия, г. Москва, ул. 4-я Гражданская, д. 43, корп. 3, кв. 4","\u041c\u043e\u0441\u043a\u0432\u0430, \u0420\u043e\u0441\u0441\u0438\u044f"
59178,55.681803,37.576582,"117218, Российская Федерация, г. Москва, ул. Кедрова, д.24","\u041c\u043e\u0441\u043a\u0432\u0430, \u0420\u043e\u0441\u0441\u0438\u044f"
59346,55.593441,37.599355,"117405, Россия, г. Москва, Варшавское шоссе, д.152","\u041c\u043e\u0441\u043a\u0432\u0430, \u0420\u043e\u0441\u0441\u0438\u044f"
59358,55.734780,37.825541,"111402, Россия, г. Москва, ул. Вешняковская, д.12 Б, стр.1","\u041c\u043e\u0441\u043a\u0432\u0430, \u0420\u043e\u0441\u0441\u0438\u044f"
59970,55.804091,37.547872,"125319, г. Москва, 4-я ул. 8 Марта, д.3, стр.3, пом.2","\u041c\u043e\u0441\u043a\u0432\u0430, \u0420\u043e\u0441\u0441\u0438\u044f"
60222,55.859256,37.494422,"125581, Россия, г. Москва, ул. Фестивальная, д.12","\u041c\u043e\u0441\u043a\u0432\u0430, \u0420\u043e\u0441\u0441\u0438\u044f"
60294,55.812600,37.736554,"107370, Россия, г. Москва, Открытое шоссе, д. 12, стр. 3","\u041c\u043e\u0441\u043a\u0432\u0430, \u0420\u043e\u0441\u0441\u0438\u044f"
60414,55.652816,37.762848,"109341, Россия, г. Москва, Марьинский бульвар, д. 11, этаж 1, пом. № 4, комн. 1-9","\u041c\u043e\u0441\u043a\u0432\u0430, \u0420\u043e\u0441\u0441\u0438\u044f"
60426,55.725965,37.523582,"119285, Россия, г. Москва, 2-й Мосфильмовский пер., д 12","\u041c\u043e\u0441\u043a\u0432\u0430, \u0420\u043e\u0441\u0441\u0438\u044f"
60474,55.564302,37.586158,"117216, г. Москва, ул. Коктебельская, д. 11","\u041c\u043e\u0441\u043a\u0432\u0430, \u0420\u043e\u0441\u0441\u0438\u044f"
60582,55.670067,37.501824,"119415, Россия, г. Москва, ул. Лобачевского, д. 42, стр. 4","\u041c\u043e\u0441\u043a\u0432\u0430, \u0420\u043e\u0441\u0441\u0438\u044f"
60906,55.643779,37.741675,"109390, Россия, г. Москва, ул. Люблинская, д. 39/2, кв. 138","\u041c\u043e\u0441\u043a\u0432\u0430, \u0420\u043e\u0441\u0441\u0438\u044f"
61098,55.860186,37.657017,"129344, Россия, г. Москва, ул. Енисейская, д. 7, стр. 4","\u041c\u043e\u0441\u043a\u0432\u0430, \u0420\u043e\u0441\u0441\u0438\u044f"
61206,55.759968,37.637488,"101000, Россия, г. Москва, Архангельский пер., дом 1, стр.1","\u041c\u043e\u0441\u043a\u0432\u0430, \u0420\u043e\u0441\u0441\u0438\u044f"
61674,55.539742,37.513116,"117042, Россия, г. Москва, ул. Адмирала Лазарева, д. 53","\u041c\u043e\u0441\u043a\u0432\u0430, \u0420\u043e\u0441\u0441\u0438\u044f"
62046,55.772370,37.606334,"127006, Российская Федерация, г. Москва, ул. Садовая-Каретная, д. 4-6, стр. 1","\u041c\u043e\u0441\u043a\u0432\u0430, \u0420\u043e\u0441\u0441\u0438\u044f"
62058,55.660912,37.744046,"109382, Россия, г. Москва, ул. Верхние Поля, д. 4","\u041c\u043e\u0441\u043a\u0432\u0430, \u0420\u043e\u0441\u0441\u0438\u044f"
62106,55.992936,37.247251,"124482, Российская Федерация, г. Москва, г. Зеленоград, Никольский проезд, д. 5","\u0417\u0435\u043b\u0435\u043d\u043e\u0433\u0440\u0430\u0434, \u041c\u043e\u0441\u043a\u0432\u0430, \u0420\u043e\u0441\u0441\u0438\u044f"
62202,55.768664,37.656218,"107078, г. Москва, ул. Новая Басманная, д. 10, стр. 1","\u041c\u043e\u0441\u043a\u0432\u0430, \u0420\u043e\u0441\u0441\u0438\u044f"
62238,55.730456,37.642977,"115114, Россия, , г. Москва, ул. Кожевническая ул, д. 3, стр. 1","\u041c\u043e\u0441\u043a\u0432\u0430, \u0420\u043e\u0441\u0441\u0438\u044f"
62634,55.670021,37.538251,"117393, Россия, г. Москва, ул. Академика Пилюгина, д. 12 А","\u041c\u043e\u0441\u043a\u0432\u0430, \u0420\u043e\u0441\u0441\u0438\u044f"
62706,55.777758,37.457987,"23154, Россия, г. Москва, пр-т Маршала Жукова, д. 59","\u041c\u043e\u0441\u043a\u0432\u0430, \u0420\u043e\u0441\u0441\u0438\u044f"
62790,55.711280,37.880491,"111625, Россия, г. Москва, ул. Дмитриевского, д. 1, пом. V","\u041c\u043e\u0441\u043a\u0432\u0430, \u0420\u043e\u0441\u0441\u0438\u044f"
62802,55.774137,37.827706,"105568, Россия, г. Москва, шоссе Энтузиастов, д.55","\u041c\u043e\u0441\u043a\u0432\u0430, \u0420\u043e\u0441\u0441\u0438\u044f"
62838,55.649124,37.343263,"119634, Россия, г. Москва, ул. Лукинская, д. 10","\u041c\u043e\u0441\u043a\u0432\u0430, \u0420\u043e\u0441\u0441\u0438\u044f"
62958,55.832095,37.650541,"129226, Россия, г. Москва, Проспект Мира, д. 131, оф. 3","\u041c\u043e\u0441\u043a\u0432\u0430, \u0420\u043e\u0441\u0441\u0438\u044f"
63006,55.765351,37.639626,"101000, Россия, г. Москва, ул. Мясницкая, д. 32, стр. 2","\u041c\u043e\u0441\u043a\u0432\u0430, \u0420\u043e\u0441\u0441\u0438\u044f"
63018,55.879824,37.543794,"127247, г. Москва, Дмитровское шоссе, д.107, офис 104","\u041c\u043e\u0441\u043a\u0432\u0430, \u0420\u043e\u0441\u0441\u0438\u044f"
64050,55.780355,37.556280,"125284, Россия, г. Москва, 2-ой Боткинский проезд, д. 3","\u041c\u043e\u0441\u043a\u0432\u0430, \u0420\u043e\u0441\u0441\u0438\u044f"
64266,55.811857,37.592069,"127254, Россия, г. Москва, ул. Руставели, д.10, кор. 2, оф. 14","\u041c\u043e\u0441\u043a\u0432\u0430, \u0420\u043e\u0441\u0441\u0438\u044f"
64278,55.732747,37.709299,"109052, г. Москва, ул.Нижегородская, д. 70, корп.2","\u041c\u043e\u0441\u043a\u0432\u0430, \u0420\u043e\u0441\u0441\u0438\u044f"
64314,55.690638,37.559622,"119333, Россия, г. Москва, ул. Вавилова, д. 48","\u041c\u043e\u0441\u043a\u0432\u0430, \u0420\u043e\u0441\u0441\u0438\u044f"
64350,55.762328,37.595779,"103104, г. Москва, ул. М. Бронная, д. 20, стр. 1","\u041c\u043e\u0441\u043a\u0432\u0430, \u0420\u043e\u0441\u0441\u0438\u044f"
65154,55.670585,37.566243,"117418, Россия, г. Москва, ул. Новочеремушинская, д. 50, кв. 661","\u041c\u043e\u0441\u043a\u0432\u0430, \u0420\u043e\u0441\u0441\u0438\u044f"
65310,55.731622,37.640973,"113114, г. Москва, Павелецкая площадь, д. 1, кв.73-75","\u0440\u0430\u0439\u043e\u043d \u0417\u0430\u043c\u043e\u0441\u043a\u0432\u043e\u0440\u0435\u0447\u044c\u0435, \u0426\u0435\u043d\u0442\u0440\u0430\u043b\u044c\u043d\u044b\u0439 \u0430\u0434\u043c\u0438\u043d\u0438\u0441\u0442\u0440\u0430\u0442\u0438\u0432\u043d\u044b\u0439 \u043e\u043a\u0440\u0443\u0433, \u041c\u043e\u0441\u043a\u0432\u0430, \u0420\u043e\u0441\u0441\u0438\u044f"
65538,55.721077,37.621570,"115093, Россия, г. Москва, ул. Люсиновская, д. 48-50, стр. 10","\u041c\u043e\u0441\u043a\u0432\u0430, \u0420\u043e\u0441\u0441\u0438\u044f"
65922,55.318506,37.153862,"142160, Россия, г. Москва, п. Вороновское, с. Вороново","\u043f\u043e\u0441\u0435\u043b\u0435\u043d\u0438\u0435 \u0412\u043e\u0440\u043e\u043d\u043e\u0432\u0441\u043a\u043e\u0435, \u041c\u043e\u0441\u043a\u0432\u0430, \u0420\u043e\u0441\u0441\u0438\u044f"
66306,55.718882,37.603801,"115419, Россия, г. Москва, ул. Донская, д. 24","\u041c\u043e\u0441\u043a\u0432\u0430, \u0420\u043e\u0441\u0441\u0438\u044f"
67050,55.799117,37.506406,"125252, Россия, г. Москва, ул. Алабяна, д. 13, корп. 2","\u041c\u043e\u0441\u043a\u0432\u0430, \u0420\u043e\u0441\u0441\u0438\u044f"
67758,55.790357,37.790345,"105043, Российская Федерация, г. Москва, ул. 6-я Парковая, д. 9, помещение XIII","\u041c\u043e\u0441\u043a\u0432\u0430, \u0420\u043e\u0441\u0441\u0438\u044f"
67854,55.791066,37.773053,"105037, Россия, г. Москва, ул. Первомайская, д.5","\u041c\u043e\u0441\u043a\u0432\u0430, \u0420\u043e\u0441\u0441\u0438\u044f"
68346,55.758721,37.608212,"125009, Россия, г. Москва, Газетный переулок, дом 9, стр. 7","\u041c\u043e\u0441\u043a\u0432\u0430, \u0420\u043e\u0441\u0441\u0438\u044f"
68538,55.779221,37.476160,"123154, Россия, г. Москва, ул.Народного Ополчения, д.23, корп.3","\u041c\u043e\u0441\u043a\u0432\u0430, \u0420\u043e\u0441\u0441\u0438\u044f"
68934,55.788221,37.486688,"123298, Россия, г. Москва, ул. Берзарина, д. 16","\u041c\u043e\u0441\u043a\u0432\u0430, \u0420\u043e\u0441\u0441\u0438\u044f"
69258,55.779266,37.693130,"105082, Россия, г. Москва, ул. Фридриха Энгельса, д. 75, стр. 21","\u041c\u043e\u0441\u043a\u0432\u0430, \u0420\u043e\u0441\u0441\u0438\u044f"
69942,55.787280,37.519800,"125252, Россия, г. Москва, проезд Березовой рощи, д.6","\u041c\u043e\u0441\u043a\u0432\u0430, \u0420\u043e\u0441\u0441\u0438\u044f"
70158,55.970877,37.159773,"124365, Россия, г. Москва, г. Зеленоград, корпус 1650","\u041c\u043e\u0441\u043a\u0432\u0430, \u0420\u043e\u0441\u0441\u0438\u044f"
70326,55.788297,37.454843,"123103, Россия, г. Москва, ул. Живописная, д. 24, пом. I","\u041c\u043e\u0441\u043a\u0432\u0430, \u0420\u043e\u0441\u0441\u0438\u044f"
70470,55.808068,37.497225,"125080, Россия, г. Москва, Волоколамское шоссе, д. 13 А, стр. 1","\u041c\u043e\u0441\u043a\u0432\u0430, \u0420\u043e\u0441\u0441\u0438\u044f"
70938,55.792984,37.601358,"127018, Россия, г. Москва, ул. Сущевский Вал, д. д. 23, кв. 32","\u041c\u043e\u0441\u043a\u0432\u0430, \u0420\u043e\u0441\u0441\u0438\u044f"
70950,55.653162,37.481073,"119571, Россия, г. Москва, проспект Вернадского, д. 127","\u041c\u043e\u0441\u043a\u0432\u0430, \u0420\u043e\u0441\u0441\u0438\u044f"
70998,55.776760,37.707323,"105094, Россия, г. Москва, ул. Гольяновская, д. 3 А, корп. 3, пом. VI","\u041c\u043e\u0441\u043a\u0432\u0430, \u0420\u043e\u0441\u0441\u0438\u044f"
71334,55.601305,37.354159,"142784, Россия, г. Москва, поселение Московскиймикрорайон 1, д. 54","\u041c\u043e\u0441\u043a\u043e\u0432\u0441\u043a\u0438\u0439, \u041c\u043e\u0441\u043a\u0432\u0430, \u0420\u043e\u0441\u0441\u0438\u044f"
71850,55.755773,37.617815,"117513, г. Москва, ","\u0420\u043e\u0441\u0441\u0438\u044f"
72306,55.876173,37.648942,"127221, Россия, г. Москва, ул. Молодцова, д. 1Б","\u041c\u043e\u0441\u043a\u0432\u0430, \u0420\u043e\u0441\u0441\u0438\u044f"
72330,55.691577,37.493281,"119607, г. Москва, ул. Раменки, д. 17, корпус 2","\u041c\u043e\u0441\u043a\u0432\u0430, \u0420\u043e\u0441\u0441\u0438\u044f"
72474,55.729686,37.462236,"121108, Российская Федерация, г. Москва, Рублевское шоссе, д.1","\u041c\u043e\u0441\u043a\u0432\u0430, \u0420\u043e\u0441\u0441\u0438\u044f"
72606,55.798601,37.539320,"125167, Россия, г. Москва, Ленинградский проспект, д. 54 А","\u041c\u043e\u0441\u043a\u0432\u0430, \u0420\u043e\u0441\u0441\u0438\u044f"
72798,55.731262,37.666036,"109044, Россия, г. Москва, 3-й Крутицкий пер., д. 11","\u041c\u043e\u0441\u043a\u0432\u0430, \u0420\u043e\u0441\u0441\u0438\u044f"
72834,55.819449,37.647028,"129366, Россия, г. Москва, ул. Ярославская, д. 13, комн. 229","\u041c\u043e\u0441\u043a\u0432\u0430, \u0420\u043e\u0441\u0441\u0438\u044f"
72846,55.803155,37.785009,"105425, Россия, г. Москва, Сиреневый бульвар, д.15, помещение VII, комната 2","\u041c\u043e\u0441\u043a\u0432\u0430, \u0420\u043e\u0441\u0441\u0438\u044f"
72942,55.892920,37.680077,"127224, г. Москва, ул. Северодвинская, дом 21","\u041c\u043e\u0441\u043a\u0432\u0430, \u0420\u043e\u0441\u0441\u0438\u044f"
73158,55.666005,37.554349,"117420, Россия, г. Москва, ул. Профсоюзная, д. 45, корп. 2","\u041c\u043e\u0441\u043a\u0432\u0430, \u0420\u043e\u0441\u0441\u0438\u044f"
73218,55.660297,37.760270,"111397, Россия, г. Москва, ул. Братиславская, д.13, корп.1","\u041c\u043e\u0441\u043a\u0432\u0430, \u0420\u043e\u0441\u0441\u0438\u044f"
73758,55.793450,37.392383,"123458, Россия, г. Москва, ул. Твардовского, д. 8","\u041c\u043e\u0441\u043a\u0432\u0430, \u0420\u043e\u0441\u0441\u0438\u044f"
74034,55.602840,37.544584,"117162, Россия, г. Москва, Новоясеневский проспект, д.38, корп. 1В","\u041c\u043e\u0441\u043a\u0432\u0430, \u0420\u043e\u0441\u0441\u0438\u044f"
74166,55.877834,37.555050,"127591, Россия, г. Москва, ул. 800-летия Москвы, д. 22","\u041c\u043e\u0441\u043a\u0432\u0430, \u0420\u043e\u0441\u0441\u0438\u044f"
74598,55.740162,37.858438,"111673, Россия, г. Москва, ул. Новокосинская, д. 19","\u041c\u043e\u0441\u043a\u0432\u0430, \u0420\u043e\u0441\u0441\u0438\u044f"
74682,55.769864,37.667411,"105066, Россия, г. Москва, ул. Новая Басманная, д. 35, стр. 1","\u041c\u043e\u0441\u043a\u0432\u0430, \u0420\u043e\u0441\u0441\u0438\u044f"
74694,55.827879,37.590380,"127427, Россия, г. Москва, ул. Большая Марфинская, д. 1, корп. 4","\u041c\u043e\u0441\u043a\u0432\u0430, \u0420\u043e\u0441\u0441\u0438\u044f"
74706,55.791395,37.628640,"129272, Россия, г. Москва, ул. Верземнека, д. 7","\u041c\u043e\u0441\u043a\u0432\u0430, \u0420\u043e\u0441\u0441\u0438\u044f"
74958,55.802067,37.713485,"143405, Россия, г. Москва, ул. Знаменская, д. 3, пом. № 66","\u041c\u043e\u0441\u043a\u0432\u0430, \u0420\u043e\u0441\u0441\u0438\u044f"
75306,55.729382,37.674633,"109316, Россия, г. Москва, Волгоградский проспект, д. 14, комната правления","\u041c\u043e\u0441\u043a\u0432\u0430, \u0420\u043e\u0441\u0441\u0438\u044f"
75498,55.743917,37.620501,"119017, Россия, г. Москва, Кадашевская наб., д. 14, корп. 3","\u041c\u043e\u0441\u043a\u0432\u0430, \u0420\u043e\u0441\u0441\u0438\u044f"
75774,55.810278,37.616845,"129075, Россия, г. Москва, ул. Шереметьевская, д. 85, стр. 2, офис 202","\u041c\u043e\u0441\u043a\u0432\u0430, \u0420\u043e\u0441\u0441\u0438\u044f"
76326,55.767251,37.584478,"123056, Россия, г. Москва, ул. Зоологическая, д. 30, стр. 2, пом. III","\u041c\u043e\u0441\u043a\u0432\u0430, \u0420\u043e\u0441\u0441\u0438\u044f"
76434,55.870304,37.490353,"125475, Россия, г. Москва, ул. Петрозаводская, д.28, корп.3","\u041c\u043e\u0441\u043a\u0432\u0430, \u0420\u043e\u0441\u0441\u0438\u044f"
76638,55.991893,37.214382,"124365, Россия, г. Москва, г. Зеленоград, корпус 2013, помещение XIII. комнаты 1-5","\u041c\u043e\u0441\u043a\u0432\u0430, \u0420\u043e\u0441\u0441\u0438\u044f"
77022,55.649855,37.504564,"117198, Россия, г. Москва, ул. Миклухо-Маклая, д. 10","\u041c\u043e\u0441\u043a\u0432\u0430, \u0420\u043e\u0441\u0441\u0438\u044f"
77166,55.836317,37.511643,"125438, Россия, г. Москва, ул. Михалковская, д. 63Б, стр. 2","\u041c\u043e\u0441\u043a\u0432\u0430, \u0420\u043e\u0441\u0441\u0438\u044f"
77466,55.627905,37.512191,"117321, Россия, г. Москва, ул. Профсоюзная, д. 138. кв. 97","\u041c\u043e\u0441\u043a\u0432\u0430, \u0420\u043e\u0441\u0441\u0438\u044f"
77646,55.783245,37.668875,"107140, Россия, г. Москва, переулок Красносельский 1-й, д. 3","\u041c\u043e\u0441\u043a\u0432\u0430, \u0420\u043e\u0441\u0441\u0438\u044f"
77670,55.729316,37.659317,"109044, г. Москва, 4-й Крутицкий пер., д. 10","\u041c\u043e\u0441\u043a\u0432\u0430, \u0420\u043e\u0441\u0441\u0438\u044f"
78054,55.654741,37.483202,"109571, Россия, г. Москва, проспект Вернадского, д. 125, корп. 1","\u041c\u043e\u0441\u043a\u0432\u0430, \u0420\u043e\u0441\u0441\u0438\u044f"
78450,55.742711,37.523097,"121170, Россия, г. Москва, ул. Кульнева, д. 3, стр. 1","\u041c\u043e\u0441\u043a\u0432\u0430, \u0420\u043e\u0441\u0441\u0438\u044f"
78846,55.801399,37.535592,"125319, г. Москва, 1-я Аэропортовская, д.5","\u041c\u043e\u0441\u043a\u0432\u0430, \u0420\u043e\u0441\u0441\u0438\u044f"
78858,55.735064,37.612461,"119049, Россия, г. Москва, улица Якиманка Б., дом 32","\u041c\u043e\u0441\u043a\u0432\u0430, \u0420\u043e\u0441\u0441\u0438\u044f"
78894,55.739174,37.675056,"109147, Россия, г. Москва, ул. Нижегородская, д. 1 А","\u041c\u043e\u0441\u043a\u0432\u0430, \u0420\u043e\u0441\u0441\u0438\u044f"
79026,55.991652,37.254096,"124536, Россия, г. Москва, г. Зеленоград, корп. 524, кв. 6","\u041c\u043e\u0441\u043a\u0432\u0430, \u0420\u043e\u0441\u0441\u0438\u044f"
79614,55.710788,37.752050,"109117, Россия, г. Москва, ул. Окская, д. 8, корп. 2-4","\u041c\u043e\u0441\u043a\u0432\u0430, \u0420\u043e\u0441\u0441\u0438\u044f"
79686,55.763883,37.642815,"101000, Россия, г. Москва, переулок Гусятников, д. 13/3","\u041c\u043e\u0441\u043a\u0432\u0430, \u0420\u043e\u0441\u0441\u0438\u044f"
80154,55.677646,37.675298,"115470, г. Москва, ул. Новинки, д.25","\u041c\u043e\u0441\u043a\u0432\u0430, \u0420\u043e\u0441\u0441\u0438\u044f"
80262,55.721620,37.649481,"115114, Россия, г. Москва, ул. Дербеневская, д. 11А, стр. 10","\u041c\u043e\u0441\u043a\u0432\u0430, \u0420\u043e\u0441\u0441\u0438\u044f"
80586,55.683204,37.750523,"109386, Россия, г. Москва, ул. Краснодонская, д. 11, помещение III А","\u041c\u043e\u0441\u043a\u0432\u0430, \u0420\u043e\u0441\u0441\u0438\u044f"
80838,55.779798,37.546318,"125284, Россия, г. Москва, ул. Поликарпова, 23 Б","\u041c\u043e\u0441\u043a\u0432\u0430, \u0420\u043e\u0441\u0441\u0438\u044f"
80946,55.818645,37.829171,"107589, Россия, г. Москва, ул. Хабаровская, д. 12/23. стр. 2, пом. 8 А","\u041c\u043e\u0441\u043a\u0432\u0430, \u0420\u043e\u0441\u0441\u0438\u044f"
81234,55.768557,37.591135,"125047, Россия, г. Москва, ул. Гашека, д. 8-10, стр. 8","\u041c\u043e\u0441\u043a\u0432\u0430, \u0420\u043e\u0441\u0441\u0438\u044f"
81378,55.755282,37.600765,"119019, Россия, г. Москва, Никитский бульвар, д.12, стр.3","\u041c\u043e\u0441\u043a\u0432\u0430, \u0420\u043e\u0441\u0441\u0438\u044f"
81402,55.750504,37.653182,"109028, Россия, г. Москва, Серебряническая наб., дом 29","\u041c\u043e\u0441\u043a\u0432\u0430, \u0420\u043e\u0441\u0441\u0438\u044f"
81690,55.717325,37.788648,"109377, Россия, г. Москва, проспект Рязанский, д.38","\u041c\u043e\u0441\u043a\u0432\u0430, \u0420\u043e\u0441\u0441\u0438\u044f"
82110,55.754026,37.652544,"127051, Россия, г. Москва, ул. Воронцово поле, д. 5-7, стр. 8","\u041c\u043e\u0441\u043a\u0432\u0430, \u0420\u043e\u0441\u0441\u0438\u044f"
82530,55.646299,37.755212,"109652, Россия, г. Москва, Луговой проезд, д.11, стр.1","\u041c\u043e\u0441\u043a\u0432\u0430, \u0420\u043e\u0441\u0441\u0438\u044f"
82554,55.781788,37.513422,"123308, Россия, г. Москва, ул. Куусинена, д.9, корп.3, пом.2","\u041c\u043e\u0441\u043a\u0432\u0430, \u0420\u043e\u0441\u0441\u0438\u044f"
82746,55.700349,37.619800,"117105, Россия, г. Москва, Варшавское шоссе, д.1, стр. 1-2, 3 этаж, комната 50","\u041c\u043e\u0441\u043a\u0432\u0430, \u0420\u043e\u0441\u0441\u0438\u044f"
83022,55.733011,37.577490,"119021, Россия, г. Москва, ул. Россолимо, д. 17, стр. 2","\u041c\u043e\u0441\u043a\u0432\u0430, \u0420\u043e\u0441\u0441\u0438\u044f"
83382,55.776892,37.630095,"129090, г. Москва, ул. Гиляровского, д.19","\u041c\u043e\u0441\u043a\u0432\u0430, \u0420\u043e\u0441\u0441\u0438\u044f"
84414,55.849777,37.357052,"123430, Россия, г. Москва, ул. Митинская, д.46","\u041c\u043e\u0441\u043a\u0432\u0430, \u0420\u043e\u0441\u0441\u0438\u044f"
84858,55.781788,37.513422,"123308, Россия, г. Москва, ул. Куусинена, д. 9, корп. 3, пом. 2, комн. 1-9","\u041c\u043e\u0441\u043a\u0432\u0430, \u0420\u043e\u0441\u0441\u0438\u044f"
85602,55.784936,37.739267,"105179, Россия, г. Москва, ул. Фортунатовская, д. 31/35","\u041c\u043e\u0441\u043a\u0432\u0430, \u0420\u043e\u0441\u0441\u0438\u044f"
85986,55.646238,37.736419,"109144, Россия, г. Москва, Новочеркасский бульвар, д. 42, кв. 130","\u041c\u043e\u0441\u043a\u0432\u0430, \u0420\u043e\u0441\u0441\u0438\u044f"
86478,55.724236,37.626897,"117997, Россия, г. Москва, ул. Большая Серпуховская, дом 27","\u041c\u043e\u0441\u043a\u0432\u0430, \u0420\u043e\u0441\u0441\u0438\u044f"
86766,55.725600,37.604223,"119049, Россия, г. Москва, Лелинский проспект, д. 8","\u041c\u043e\u0441\u043a\u0432\u0430, \u0420\u043e\u0441\u0441\u0438\u044f"
86886,45.839487,24.985598,"113035, Румыния, г. Москва, ул. Большая Ордынка, д. 19, стр. 2",null
87810,55.628744,37.523833,"117647, Россия, г. Москва, ул. Ак. Капицы, д. 34/121, кв. 305","\u041c\u043e\u0441\u043a\u0432\u0430, \u0420\u043e\u0441\u0441\u0438\u044f"
87822,55.732839,37.622306,"119017, Россия, г. Москва, Погорельский пер., д. 6","\u041c\u043e\u0441\u043a\u0432\u0430, \u0420\u043e\u0441\u0441\u0438\u044f"
87930,55.739990,37.744873,"109202, Россия, г.Москва, ул. 2-я Фрезерная, д. 14, стр. 3","\u041c\u043e\u0441\u043a\u0432\u0430, \u0420\u043e\u0441\u0441\u0438\u044f"
88314,55.775965,37.542222,"123007, Россия, г. Москва, Хорошевское ш., д. 32А","\u041c\u043e\u0441\u043a\u0432\u0430, \u0420\u043e\u0441\u0441\u0438\u044f"
88386,55.755773,37.617815,"115054, Россия, г. Москва, ","\u0420\u043e\u0441\u0441\u0438\u044f"
89286,55.809666,37.618578,"129085, Россия, г. Москва, проезд Мурманский, д. 22","\u041c\u043e\u0441\u043a\u0432\u0430, \u0420\u043e\u0441\u0441\u0438\u044f"
89862,55.632916,37.738575,"115211, Россия, г. Москва, ул. Борисовские пруды, д. 10, корп. 4, этаж I, пом. VIII, ком. 1, 2, 2а, 3-8, 8а","\u041c\u043e\u0441\u043a\u0432\u0430, \u0420\u043e\u0441\u0441\u0438\u044f"
89874,55.908873,37.388762,"125466, Россия, г. Москва, Новокуркинское шоссе, д.51, помещение Lа","\u041c\u043e\u0441\u043a\u0432\u0430, \u0420\u043e\u0441\u0441\u0438\u044f"
90126,55.681301,37.558023,"117292, Россия, г. Москва, Нахимовский проспект, д. 52/27, комната Б","\u041c\u043e\u0441\u043a\u0432\u0430, \u0420\u043e\u0441\u0441\u0438\u044f"
90186,55.810233,37.453836,"123182, Россия, г. Москва, ул. Авиационная, д. 68, корп. 3","\u041c\u043e\u0441\u043a\u0432\u0430, \u0420\u043e\u0441\u0441\u0438\u044f"
90486,55.740527,37.737210,"109202, Россия, г. Москва, ш. Фрезер, д. 5/1, пом. I, ком. 47","\u041c\u043e\u0441\u043a\u0432\u0430, \u0420\u043e\u0441\u0441\u0438\u044f"
90534,55.567596,37.490910,"107045, Россия, Москва район, г. Москва, Даев пер., д.20","\u041c\u043e\u0441\u043a\u0432\u0430, \u0420\u043e\u0441\u0441\u0438\u044f"
90654,55.751989,37.641423,"109028, Россия, г. Москва, пер.Певческий, д. 4, стр. 4","\u041c\u043e\u0441\u043a\u0432\u0430, \u0420\u043e\u0441\u0441\u0438\u044f"
90726,55.865884,37.589033,"127562, Россия, г. Москва, Алтуфьевское шоссе, д. 30, кв. 208","\u041c\u043e\u0441\u043a\u0432\u0430, \u0420\u043e\u0441\u0441\u0438\u044f"
90798,55.706061,37.510915,"119192, Россия, г. Москва, Мичуринский проспект, д. 8, стр. 2","\u041c\u043e\u0441\u043a\u0432\u0430, \u0420\u043e\u0441\u0441\u0438\u044f"
91242,55.795641,37.699292,"107076, Россия, г. Москва, Колодезный переулок, д. 14, офис 636","\u041c\u043e\u0441\u043a\u0432\u0430, \u0420\u043e\u0441\u0441\u0438\u044f"
91722,55.745772,37.506657,"121087, Россия, г. Москва, ул. Тучковская, д. 4","\u041c\u043e\u0441\u043a\u0432\u0430, \u0420\u043e\u0441\u0441\u0438\u044f"
92130,55.720023,37.596884,"119261, Россия, г. Москва, Ленинский проспект, д.72/2, подъезд 12А","\u041c\u043e\u0441\u043a\u0432\u0430, \u0420\u043e\u0441\u0441\u0438\u044f"
92190,55.729726,37.629116,"115054, Россия, г. Москва, ул. Валовая, д. 29, строение 2","\u041c\u043e\u0441\u043a\u0432\u0430, \u0420\u043e\u0441\u0441\u0438\u044f"
92286,55.869748,37.513035,"125635, Россия, г. Москва, ул. Талдомская, д. 1, пом. II, этаж 1, ком. 8","\u041c\u043e\u0441\u043a\u0432\u0430, \u0420\u043e\u0441\u0441\u0438\u044f"
92442,55.854249,37.357402,"125430, г. Москва, Пятницкое шоссе, д.37","\u041c\u043e\u0441\u043a\u0432\u0430, \u0420\u043e\u0441\u0441\u0438\u044f"
92742,55.865066,37.494701,"125502, Россия, г. Москва, ул. Петрозаводская, д. 9, корп. 2, офис 8","\u041c\u043e\u0441\u043a\u0432\u0430, \u0420\u043e\u0441\u0441\u0438\u044f"
93594,55.837929,37.415119,"125373, Россия, г. Москва, Походный проезд, д.7","\u041c\u043e\u0441\u043a\u0432\u0430, \u0420\u043e\u0441\u0441\u0438\u044f"
93618,55.737375,37.628406,"119017, Россия, г. Москва, ул. Пятницкая, д.45","\u041c\u043e\u0441\u043a\u0432\u0430, \u0420\u043e\u0441\u0441\u0438\u044f"
94218,55.703215,37.788782,"109378, Россия, г. Москва, Волгоградский проспект, д. 167, кв. 66","\u041c\u043e\u0441\u043a\u0432\u0430, \u0420\u043e\u0441\u0441\u0438\u044f"
95418,55.659891,37.517482,"119421, Россия, г. Москва, ул. Обручева, д. 15, корп. 2, кв. 108","\u041c\u043e\u0441\u043a\u0432\u0430, \u0420\u043e\u0441\u0441\u0438\u044f"
96210,55.767600,37.635143,"107045, г. Москва, Луков пер., д. 10, пом. VIII, комн. 2","\u041c\u043e\u0441\u043a\u0432\u0430, \u0420\u043e\u0441\u0441\u0438\u044f"
96366,55.654645,37.552561,"117246, Россия, г. Москва, Научный проезд, д. 20, стр. 3","\u041c\u043e\u0441\u043a\u0432\u0430, \u0420\u043e\u0441\u0441\u0438\u044f"
96522,55.669869,37.632646,"115230, Россия, г. Москва, проезд Хлебозаводский, д.7, стр.9","\u041c\u043e\u0441\u043a\u0432\u0430, \u0420\u043e\u0441\u0441\u0438\u044f"
96570,55.525807,37.452839,"142791, Россия, г. Москва, поселок Воскресенское","\u043f\u043e\u0441\u0435\u043b\u0435\u043d\u0438\u0435 \u0412\u043e\u0441\u043a\u0440\u0435\u0441\u0435\u043d\u0441\u043a\u043e\u0435, \u041c\u043e\u0441\u043a\u0432\u0430, \u0420\u043e\u0441\u0441\u0438\u044f"
97266,55.794993,37.815301,"105203, Россия, г. Москва, ул. Средняя Первомайская, д. 46","\u041c\u043e\u0441\u043a\u0432\u0430, \u0420\u043e\u0441\u0441\u0438\u044f"
97386,55.814897,37.637407,"129085, Россия, г. Москва, Проспект Мира, д. 105, стр. 1","\u041c\u043e\u0441\u043a\u0432\u0430, \u0420\u043e\u0441\u0441\u0438\u044f"
97410,55.770512,37.624400,"127051, Россия, г. Москва, Малый Сухаревский пер, д. 9, стр. 1, офис 36","\u041c\u043e\u0441\u043a\u0432\u0430, \u0420\u043e\u0441\u0441\u0438\u044f"
97470,55.722695,37.688970,"109316, Россия, г. Москва, Волгоградский проспект, д. 32, корп. 8","\u041c\u043e\u0441\u043a\u0432\u0430, \u0420\u043e\u0441\u0441\u0438\u044f"
97482,55.767818,37.833159,"111531, Россия, г. Москва, ул. Саянская, д. 11А","\u041c\u043e\u0441\u043a\u0432\u0430, \u0420\u043e\u0441\u0441\u0438\u044f"
97950,55.838122,37.451815,"125362, Россия, г. Москва, ул. Свободы, д. 35, стр.43","\u041c\u043e\u0441\u043a\u0432\u0430, \u0420\u043e\u0441\u0441\u0438\u044f"
98142,55.766724,37.624184,"107031, г. Москва, Рождественский бульвар, д. 22/23, стр. 1, этаж 3, помещение I, комнаты 1-17","\u041c\u043e\u0441\u043a\u0432\u0430, \u0420\u043e\u0441\u0441\u0438\u044f"
98514,55.728175,37.644459,"115114, Россия, г. Москва, ул. Летниковская, д. 2, стр. 2, Бизнес-центр "Вивальди Плаза"","\u041c\u043e\u0441\u043a\u0432\u0430, \u0420\u043e\u0441\u0441\u0438\u044f"
99306,55.798323,37.527498,"125167, Россия, г. Москва, ул. Викторенко, д.4, корп.1","\u041c\u043e\u0441\u043a\u0432\u0430, \u0420\u043e\u0441\u0441\u0438\u044f"
99546,55.602840,37.544584,"117463, Россия, г. Москва, Новоясеневский проспект, д. 38, корп. 1В","\u041c\u043e\u0441\u043a\u0432\u0430, \u0420\u043e\u0441\u0441\u0438\u044f"
99558,55.776775,37.553909,"125284, Россия, г. Москва, ул.Поликарпова,д. 14, корп. 1, 2, 3","\u041c\u043e\u0441\u043a\u0432\u0430, \u0420\u043e\u0441\u0441\u0438\u044f"
100266,55.768881,37.651601,"107144, Московская область, г. Москва, ул. Новая Басманная, д.2.","\u041c\u043e\u0441\u043a\u0432\u0430, \u0420\u043e\u0441\u0441\u0438\u044f"
101226,55.655590,37.514751,"119421, Россия, г. Москва, ул. Обручева, д.28, корп.4","\u041c\u043e\u0441\u043a\u0432\u0430, \u0420\u043e\u0441\u0441\u0438\u044f"
101382,55.745524,37.625091,"119017, Россия, г. Москва, ул.  Большая Ордынка, д.34-38, помещение1Н","\u041c\u043e\u0441\u043a\u0432\u0430, \u0420\u043e\u0441\u0441\u0438\u044f"
101394,55.715961,37.751026,"109125, Россия, г. Москва, ул. Васильцовский Стан, д. 9","\u041c\u043e\u0441\u043a\u0432\u0430, \u0420\u043e\u0441\u0441\u0438\u044f"
101562,55.607199,37.732575,"115583, Россия, г. Москва, ул. Елецкая, д. 14","\u041c\u043e\u0441\u043a\u0432\u0430, \u0420\u043e\u0441\u0441\u0438\u044f"
102090,55.762895,37.485340,"12160, Россия, г. Москва, Филевский бульвар, д. 39","\u041c\u043e\u0441\u043a\u0432\u0430, \u0420\u043e\u0441\u0441\u0438\u044f"
102138,55.681087,37.656586,"115533, Россия, г. Москва, Нагатинская набережная, д. 24","\u041c\u043e\u0441\u043a\u0432\u0430, \u0420\u043e\u0441\u0441\u0438\u044f"
102342,55.814841,37.591189,"127254, г. Москва, ул. Гончарова, д. 6 А","\u041c\u043e\u0441\u043a\u0432\u0430, \u0420\u043e\u0441\u0441\u0438\u044f"
102726,55.784749,37.621426,"129010, Россия, г. Москва, Олимпийский проспект, д. 7, корп. 2","\u041c\u043e\u0441\u043a\u0432\u0430, \u0420\u043e\u0441\u0441\u0438\u044f"
102750,55.652009,37.544638,"117342, Россия, г. Москва, ул. Обручева, д. 42","\u041c\u043e\u0441\u043a\u0432\u0430, \u0420\u043e\u0441\u0441\u0438\u044f"
102774,55.705214,37.600370,"119334, Россия, г. Москва, проезд Донской 5-й, д. 15, стр. 7","\u041c\u043e\u0441\u043a\u0432\u0430, \u0420\u043e\u0441\u0441\u0438\u044f"
103962,55.626375,37.714626,"115563, Россия, г. Москва, Борисовский проезд, д.3, корп.3","\u041c\u043e\u0441\u043a\u0432\u0430, \u0420\u043e\u0441\u0441\u0438\u044f"
104082,55.873541,37.679439,"129345, Россия, г. Москва, ул. Летчика Бабушкина, д.42","\u041c\u043e\u0441\u043a\u0432\u0430, \u0420\u043e\u0441\u0441\u0438\u044f"
104094,55.780355,37.631909,"129110, Россия, г. Москва, Проспект Мира, д. 33, корп. 1","\u041c\u043e\u0441\u043a\u0432\u0430, \u0420\u043e\u0441\u0441\u0438\u044f"
104610,55.766800,37.599265,"123001, Россия, г. Москва, пер. Мамоновский, д. 7","\u041c\u043e\u0441\u043a\u0432\u0430, \u0420\u043e\u0441\u0441\u0438\u044f"
104838,55.708815,37.505885,"119192, Российская Федерация, г. Москва, Ломоносовский проспект, д.45","\u041c\u043e\u0441\u043a\u0432\u0430, \u0420\u043e\u0441\u0441\u0438\u044f"
105342,55.833056,37.513404,"125239, Россия, г. Москва, Фармацевтический проезд, д. 1, стр. 2","\u041c\u043e\u0441\u043a\u0432\u0430, \u0420\u043e\u0441\u0441\u0438\u044f"
105354,55.700304,37.808644,"109472, Россия, г. Москва, ул. Ташкентская, д. 24, корп. 1, стр. 1","\u041c\u043e\u0441\u043a\u0432\u0430, \u0420\u043e\u0441\u0441\u0438\u044f"
105750,55.783210,37.528127,"125252, Россия, г. Москва, ул. Гризодубовой, д. 4, корп. 1","\u041c\u043e\u0441\u043a\u0432\u0430, \u0420\u043e\u0441\u0441\u0438\u044f"
106182,55.762763,37.595276,"125190, Москва, ул. Малая Бронная, д.22, стр.1","\u041c\u043e\u0441\u043a\u0432\u0430, \u0420\u043e\u0441\u0441\u0438\u044f"
106998,55.643769,37.496075,"117198, Россия, г. Москва, ул. Островитянова, д.9","\u041c\u043e\u0441\u043a\u0432\u0430, \u0420\u043e\u0441\u0441\u0438\u044f"
107154,55.717776,37.785135,"109390, Россия, г. Москва, Проспект Рязанский, д. 32, корп. 3","\u041c\u043e\u0441\u043a\u0432\u0430, \u0420\u043e\u0441\u0441\u0438\u044f"
107670,55.661019,37.592941,"117149, Россия, г. Москва, ул. Болотниковская, д. 36, корп. 2","\u041c\u043e\u0441\u043a\u0432\u0430, \u0420\u043e\u0441\u0441\u0438\u044f"
108222,55.809803,37.475225,"123182, Россия, г. Москва, ул. Авиационная, д. 19","\u041c\u043e\u0441\u043a\u0432\u0430, \u0420\u043e\u0441\u0441\u0438\u044f"
108834,55.793293,37.707548,"127473, Россия, г. Москва, ул.Электрозаводская, д.33, стр.4","\u041c\u043e\u0441\u043a\u0432\u0430, \u0420\u043e\u0441\u0441\u0438\u044f"
109350,55.801475,37.802113,"105264, Россия, г. Москва, Сиреневый бульвар, дом 30А","\u041c\u043e\u0441\u043a\u0432\u0430, \u0420\u043e\u0441\u0441\u0438\u044f"
109362,55.793212,37.489257,"123060, Россия, г. Москва, ул. Маршала Соколовского, д. 3","\u041c\u043e\u0441\u043a\u0432\u0430, \u0420\u043e\u0441\u0441\u0438\u044f"
109410,55.703819,37.686258,"115432, Россия, г. Москва, ул. Трофимова, д.36, корп.1","\u041c\u043e\u0441\u043a\u0432\u0430, \u0420\u043e\u0441\u0441\u0438\u044f"
110310,55.648839,37.754008,"109652, Россия, г. Москва, Луговой проезд, д. 5, корп. 1","\u041c\u043e\u0441\u043a\u0432\u0430, \u0420\u043e\u0441\u0441\u0438\u044f"
110658,55.760509,37.690731,"111250, Россия, г. Москва, ул. Красноказарменная, д.3, стр. 1","\u041c\u043e\u0441\u043a\u0432\u0430, \u0420\u043e\u0441\u0441\u0438\u044f"
111606,55.574452,37.473887,"142770, Россия, г. Москва, поселение Сосенское, поселок Коммунарка, д. 7а, помещение 1","\u043f\u043e\u0441\u0435\u043b\u0435\u043d\u0438\u0435 \u0421\u043e\u0441\u0435\u043d\u0441\u043a\u043e\u0435, \u041c\u043e\u0441\u043a\u0432\u0430, \u0420\u043e\u0441\u0441\u0438\u044f"
112326,55.647960,37.750801,"109652, Российская Федерация, г. Москва, Марьинский бульвар, д. 6","\u041c\u043e\u0441\u043a\u0432\u0430, \u0420\u043e\u0441\u0441\u0438\u044f"
112470,55.807223,37.785135,"105425, Россия, г. Москва, 3-я Парковая ул., дом 50А","\u041c\u043e\u0441\u043a\u0432\u0430, \u0420\u043e\u0441\u0441\u0438\u044f"
112746,55.874521,37.564689,"127540, Россия, г. Москва, Керамический проезд, д. 49Б","\u041c\u043e\u0441\u043a\u0432\u0430, \u0420\u043e\u0441\u0441\u0438\u044f"
112794,55.645461,37.353557,"119634, Россия, г. Москва, ул. Чоботовская, д. 4","\u041c\u043e\u0441\u043a\u0432\u0430, \u0420\u043e\u0441\u0441\u0438\u044f"
113286,55.709404,37.638261,"115114, Россия, г. Москва, Даниловская набережная, д. 8, стр. 15","\u041c\u043e\u0441\u043a\u0432\u0430, \u0420\u043e\u0441\u0441\u0438\u044f"
113946,55.702353,37.625478,"450017, г. Москва, Новоданиловская наб., 2 корп.1","\u041c\u043e\u0441\u043a\u0432\u0430, \u0420\u043e\u0441\u0441\u0438\u044f"
114642,55.742119,37.622666,"115035, Россия, г. Москва, Кадашевский 3-й пер., д. 6/13, стр. 1","\u041c\u043e\u0441\u043a\u0432\u0430, \u0420\u043e\u0441\u0441\u0438\u044f"
115182,55.691435,37.729359,"109548, Россия, г. Москва, ул. Полбина, д. 4, кв. 168","\u041c\u043e\u0441\u043a\u0432\u0430, \u0420\u043e\u0441\u0441\u0438\u044f"
115230,55.789477,37.728227,"105318, Россия, г. Москва, ул. Ибрагимова, д. 35, стр. 2, пом. I, ком. 14","\u041c\u043e\u0441\u043a\u0432\u0430, \u0420\u043e\u0441\u0441\u0438\u044f"
115266,55.576091,37.650442,"117403, Россия, г. Москва, Востряковский проезд, д. 19-б","\u041c\u043e\u0441\u043a\u0432\u0430, \u0420\u043e\u0441\u0441\u0438\u044f"
115326,55.774664,37.521848,"123007, Россия, г. Москва, ул. 4-я Магистральная, д.5, стр.2","\u041c\u043e\u0441\u043a\u0432\u0430, \u0420\u043e\u0441\u0441\u0438\u044f"
115506,55.649667,37.745987,"109652, Россия, г. Москва, ул. Люблинская, д. 165, корп. 2, пом 1","\u041c\u043e\u0441\u043a\u0432\u0430, \u0420\u043e\u0441\u0441\u0438\u044f"
116130,55.757106,37.635188,"101000, Россия, г. Москва, ул. Маросейка, д.6-8, стр.4","\u041c\u043e\u0441\u043a\u0432\u0430, \u0420\u043e\u0441\u0441\u0438\u044f"
116622,55.744693,37.598519,"119034, Россия, г. Москва, Гагаринский пер., д. 7/8, стр. 1","\u041c\u043e\u0441\u043a\u0432\u0430, \u0420\u043e\u0441\u0441\u0438\u044f"
116826,55.846674,37.436095,"125363, Россия, г. Москва, ул. Нелидовская, д.20, к.1","\u041c\u043e\u0441\u043a\u0432\u0430, \u0420\u043e\u0441\u0441\u0438\u044f"
117330,55.764577,37.651789,"105062, Россия, г. Москва, Фурманный пер., д.18","\u041c\u043e\u0441\u043a\u0432\u0430, \u0420\u043e\u0441\u0441\u0438\u044f"
117390,55.664055,37.753245,"109341, Россия, г. Москва, ул. Братиславская, д.6","\u041c\u043e\u0441\u043a\u0432\u0430, \u0420\u043e\u0441\u0441\u0438\u044f"
117822,55.607661,37.217876,"127220, Россия, г. Москва, ул.","\u041c\u043e\u0441\u043a\u0432\u0430, \u0420\u043e\u0441\u0441\u0438\u044f"
117966,55.749182,37.583796,"121099, Россия, г. Москва, Смоленская площадь, д.6, стр.3","\u041c\u043e\u0441\u043a\u0432\u0430, \u0420\u043e\u0441\u0441\u0438\u044f"
