1859,51.586050,45.836340,"410507, Poccия, Саратовская область, г. Саратов, пос. Дачный ул. Мелиораторов б/н","\u0421\u0430\u0440\u0430\u0442\u043e\u0432, \u0420\u043e\u0441\u0441\u0438\u044f"
2627,51.534677,45.984014,"410054, Россия, Саратовская область, г. Саратов, ул. Б. Садовая, д. 139/150","\u0421\u0430\u0440\u0430\u0442\u043e\u0432, \u0420\u043e\u0441\u0441\u0438\u044f"
5507,51.536610,46.051513,"410003, Российская Федерация, Саратовская область, г. Саратов, ул. Вознесенская, дом 31","\u0421\u0430\u0440\u0430\u0442\u043e\u0432, \u0420\u043e\u0441\u0441\u0438\u044f"
6263,51.538599,46.008403,"410012, Российская Федерация, Саратовская область, г. Саратов, ул. Большая Казачья, дом 112","\u0421\u0430\u0440\u0430\u0442\u043e\u0432, \u0420\u043e\u0441\u0441\u0438\u044f"
6659,51.499957,45.967961,"410015, Российская Федерация, Саратовская область, г. Саратов, ул. Фабричная, 1 А","\u0421\u0430\u0440\u0430\u0442\u043e\u0432, \u0420\u043e\u0441\u0441\u0438\u044f"
8663,51.499957,45.967961,"410015, Российская Федерация, Саратовская область, г. Саратов, ул. Фабричная, д. 1 А","\u0421\u0430\u0440\u0430\u0442\u043e\u0432, \u0420\u043e\u0441\u0441\u0438\u044f"
8939,51.538016,45.986116,"410071, Россия, Саратовская область, г. Саратов, ул. Большая Садовая, 151/8","\u0421\u0430\u0440\u0430\u0442\u043e\u0432, \u0420\u043e\u0441\u0441\u0438\u044f"
10067,51.488775,45.927707,"410039, Россия, Саратовская область, г. Саратов, ул. Крымская, д. 3 А","\u0421\u0430\u0440\u0430\u0442\u043e\u0432, \u0420\u043e\u0441\u0441\u0438\u044f"
11327,51.583689,45.958268,"410052, Россия, Саратовская область, г. Саратов, ул. Международная, д. 22 А, кв. 25","\u0421\u0430\u0440\u0430\u0442\u043e\u0432, \u0420\u043e\u0441\u0441\u0438\u044f"
13907,51.488618,45.920826,"410039, Российская Федерация, Саратовская область, г. Саратов, ул. Крымская, д. 15","\u0421\u0430\u0440\u0430\u0442\u043e\u0432, \u0420\u043e\u0441\u0441\u0438\u044f"
16955,51.586840,45.932379,"410033, Российская Федерация, Саратовская область, г. Саратов, ул. Гвардейская, д. 15","\u0421\u0430\u0440\u0430\u0442\u043e\u0432, \u0420\u043e\u0441\u0441\u0438\u044f"
19775,51.569024,45.987580,"410040, Российская Федерация, Саратовская область, г. Саратов, Деловой тупик, д.5","\u0421\u0430\u0440\u0430\u0442\u043e\u0432, \u0420\u043e\u0441\u0441\u0438\u044f"
20699,51.585586,45.968698,"410069, Россия, Саратовская область, Саратов, проспект Строителей, 2, комната 6","\u0421\u0430\u0440\u0430\u0442\u043e\u0432, \u0420\u043e\u0441\u0441\u0438\u044f"
22487,51.603753,45.995575,"410035, Россия, Саратовская область, г. Саратов, ул. Днепропетровская, д. 5","\u0421\u0430\u0440\u0430\u0442\u043e\u0432, \u0420\u043e\u0441\u0441\u0438\u044f"
23987,51.531528,46.035820,"410012, Российская Федерация, Саратовская область, г. Саратов, ул. им. Разина С.Т., д. 54, кв. 274","\u0420\u043e\u0441\u0441\u0438\u044f"
26315,51.531528,46.035820,"410056, Российская Федерация, Саратовская область, г. Саратов, ул. им. Рахова В.Г., дом 44/54","\u0420\u043e\u0441\u0441\u0438\u044f"
29807,51.530380,46.020117,"410056, Саратовская область, г. Саратов, ул. Чапаева, 56е","\u0421\u0430\u0440\u0430\u0442\u043e\u0432, \u0420\u043e\u0441\u0441\u0438\u044f"
31895,51.527769,46.046950,"410002, Россия, Саратовская область, Саратовский район, г. Саратов, ул. Григорьева, д. 17/19, пом. № 3","\u0421\u0430\u0440\u0430\u0442\u043e\u0432, \u0420\u043e\u0441\u0441\u0438\u044f"
33011,51.531528,46.035820,"410031, Саратовская область, г. Саратов, ул. им. Некрасова Н.А., д. 54","\u0420\u043e\u0441\u0441\u0438\u044f"
34163,51.613631,45.978750,"410064, Российская Федерация, Саратовская область, г. Саратов, ул. Тархова, 7 "А"","\u0421\u0430\u0440\u0430\u0442\u043e\u0432, \u0420\u043e\u0441\u0441\u0438\u044f"
36071,51.528458,46.044461,"410002, Саратовская область, Саратов, ул. Волжская, д. 2/10","\u0421\u0430\u0440\u0430\u0442\u043e\u0432, \u0420\u043e\u0441\u0441\u0438\u044f"
37511,51.548530,46.005861,"410009, Саратовская область, г. Саратов, ул.Большая Садовая, дом 239","\u0421\u0430\u0440\u0430\u0442\u043e\u0432, \u0420\u043e\u0441\u0441\u0438\u044f"
39563,51.560906,46.023863,"410019, Саратовская область, г. Саратов, ул. 2 Магнитный проезд, д.52"а"","\u0421\u0430\u0440\u0430\u0442\u043e\u0432, \u0420\u043e\u0441\u0441\u0438\u044f"
40187,51.548899,46.046528,"410003, Россия, Саратовская область, г. Саратов, ул. Мясницкая, д. 140, кв. 7","\u0421\u0430\u0440\u0430\u0442\u043e\u0432, \u0420\u043e\u0441\u0441\u0438\u044f"
41327,51.531528,46.035820,"410041, Российская Федерация, Саратовская область, г. Саратов, ул. им. Ломоносова М.В., д. 8","\u0420\u043e\u0441\u0441\u0438\u044f"
45971,51.542587,46.026657,"410005, , г. Саратов, ул. Чапаева, д. 119/206","\u0421\u0430\u0440\u0430\u0442\u043e\u0432, \u0420\u043e\u0441\u0441\u0438\u044f"
53495,51.488618,45.920826,"410039, Саратовская область, г. Саратов, ул. Крымская, д. 15","\u0421\u0430\u0440\u0430\u0442\u043e\u0432, \u0420\u043e\u0441\u0441\u0438\u044f"
76691,51.538727,46.042791,"410003, Россия, Саратовская область, г. Саратов, улица Соборная, дом 67/69","\u0421\u0430\u0440\u0430\u0442\u043e\u0432, \u0420\u043e\u0441\u0441\u0438\u044f"
77063,51.513484,45.989556,"410076, Российская Федерация, Саратовская область, г. Саратов, Дегтярная площадь, д. №1-А","\u0421\u0430\u0440\u0430\u0442\u043e\u0432, \u0420\u043e\u0441\u0441\u0438\u044f"
77447,51.515765,46.006642,"410004, Россия, Саратовская область, г. Саратов, ул. Чернышевского, д. 88","\u0421\u0430\u0440\u0430\u0442\u043e\u0432, \u0420\u043e\u0441\u0441\u0438\u044f"
83759,51.503943,45.956759,"410015, Российская Федерация, Саратовская область, г. Саратов, проспект Энтузиастов, дом 4","\u0421\u0430\u0440\u0430\u0442\u043e\u0432, \u0420\u043e\u0441\u0441\u0438\u044f"
84947,51.530979,45.961241,"410053, Россия, Саратовская область, г. Саратов, Литейный проезд, д. 7 "А"","\u0421\u0430\u0440\u0430\u0442\u043e\u0432, \u0420\u043e\u0441\u0441\u0438\u044f"
86579,51.531528,46.035820,"410060, Саратовская область, г. Саратов, ул. им. Штейнберга С.И., д.50","\u0420\u043e\u0441\u0441\u0438\u044f"
87467,51.505384,45.979190,"410076, Россия, Саратовская область, г. Саратов, ул. Заводская, д. 1а","\u0421\u0430\u0440\u0430\u0442\u043e\u0432, \u0420\u043e\u0441\u0441\u0438\u044f"
118019,51.534487,46.028130,"410012, Российская Федерация, Саратовская область, г. Саратов, ул. Киселева, дом 18б, 19","\u0421\u0430\u0440\u0430\u0442\u043e\u0432, \u0420\u043e\u0441\u0441\u0438\u044f"
126371,51.591876,45.968760,"410044, Россия, Саратовская область, г. Саратов, проспект Строителей, дом 22","\u0421\u0430\u0440\u0430\u0442\u043e\u0432, \u0420\u043e\u0441\u0441\u0438\u044f"
128687,51.605090,46.004855,"410007, Российская Федерация, Саратовская область, г. Саратов, улица Чехова, дом 6 А","\u0421\u0430\u0440\u0430\u0442\u043e\u0432, \u0420\u043e\u0441\u0441\u0438\u044f"
138683,51.531540,46.026360,"410012, Россия, Саратовская область, г. Саратов, пр-т Кирова, д. 31/35","\u0421\u0430\u0440\u0430\u0442\u043e\u0432, \u0420\u043e\u0441\u0441\u0438\u044f"
144575,51.531528,46.035820,"410007, Российская Федерация, Саратовская область, г. Саратов, 2-й проезд им. Блинова Ф.А., дом 4","\u0420\u043e\u0441\u0441\u0438\u044f"
146159,51.486538,45.931876,"410039, , Саратов, проспект Энтузиастов, д. 55","\u0421\u0430\u0440\u0430\u0442\u043e\u0432, \u0420\u043e\u0441\u0441\u0438\u044f"
146915,51.504089,45.923000,"410036, Россия, Саратовская область, г. Саратов, 5-й  Динамовский проезд, д. 11","\u0421\u0430\u0440\u0430\u0442\u043e\u0432, \u0420\u043e\u0441\u0441\u0438\u044f"
148499,51.546435,46.024168,"410005, Россия, г. Саратов, ул. Соколовая, д. 290","\u0421\u0430\u0440\u0430\u0442\u043e\u0432, \u0420\u043e\u0441\u0441\u0438\u044f"
154019,51.534330,46.006741,"410078, Российская Федерация, Саратовская область, г. Саратов, ул.Железнодорожная, д.58 "Б"","\u0421\u0430\u0440\u0430\u0442\u043e\u0432, \u0420\u043e\u0441\u0441\u0438\u044f"
155387,51.549566,46.037194,"410019, Российская Федерация, Саратовская область, г. Саратов, ул. Полярная, 27","\u0421\u0430\u0440\u0430\u0442\u043e\u0432, \u0420\u043e\u0441\u0441\u0438\u044f"
156071,51.576066,45.965392,"410052, Российская Федерация, Саратовская область, г. Саратов, ул. Лунная, д. 44","\u0421\u0430\u0440\u0430\u0442\u043e\u0432, \u0420\u043e\u0441\u0441\u0438\u044f"
168563,51.523936,45.991856,"410054, Российская Федерация, Саратовская область, г. Саратов, ул. Астраханская 1В","\u0421\u0430\u0440\u0430\u0442\u043e\u0432, \u0420\u043e\u0441\u0441\u0438\u044f"
175151,51.526665,46.043078,"410002, г. Саратов, ул. Мичурина, д. 150/154","\u0421\u0430\u0440\u0430\u0442\u043e\u0432, \u0420\u043e\u0441\u0441\u0438\u044f"
177791,51.523409,45.961044,"410053, Россия, Саратовская область, г. Саратов, ул. 1-я Силикатная, д. 21","\u0421\u0430\u0440\u0430\u0442\u043e\u0432, \u0420\u043e\u0441\u0441\u0438\u044f"
181127,51.536627,45.978615,"410071, Россия, Саратовская область, г. Саратов, ул. Шелковичная, д. 149, к. 234","\u0421\u0430\u0440\u0430\u0442\u043e\u0432, \u0420\u043e\u0441\u0441\u0438\u044f"
182483,51.571258,45.978813,"410065, Россия, Саратовская область, г. Саратов, ул. Саперная  дом 5 а","\u0421\u0430\u0440\u0430\u0442\u043e\u0432, \u0420\u043e\u0441\u0441\u0438\u044f"
187043,51.530313,46.056553,"410031, Россия, Саратовская область, г. Саратов, ул. Валовая, д. 30/32","\u0421\u0430\u0440\u0430\u0442\u043e\u0432, \u0420\u043e\u0441\u0441\u0438\u044f"
187871,51.611651,45.911690,"410086, Российская Федерация, Саратовская область, Саратов, п. Елшанка","\u0421\u0430\u0440\u0430\u0442\u043e\u0432, \u0420\u043e\u0441\u0441\u0438\u044f"
190427,51.523056,46.003983,"410017, Россия, Саратовская область, г. Саратов, ул. Новоузенская, д. 51/63","\u0421\u0430\u0440\u0430\u0442\u043e\u0432, \u0420\u043e\u0441\u0441\u0438\u044f"
197591,51.529041,46.030888,"410012, Российская Федерация, Саратовская область, г. Саратов, ул. Сакко и Ванцетти, д. 12","\u0421\u0430\u0440\u0430\u0442\u043e\u0432, \u0420\u043e\u0441\u0441\u0438\u044f"
197699,51.531047,45.981714,"410005, Россия, Саратовская область, г. Саратов, ул. 2-я Садовая, д. 99","\u0421\u0430\u0440\u0430\u0442\u043e\u0432, \u0420\u043e\u0441\u0441\u0438\u044f"
201431,51.549717,46.022183,"410005, Российская Федерация, Саратовская область, г. Саратов, ул. 1-я Садовая, д. 104","\u0421\u0430\u0440\u0430\u0442\u043e\u0432, \u0420\u043e\u0441\u0441\u0438\u044f"
206723,51.529433,45.983565,"410054, Россия, Саратовская область, г. Саратов, ул. Большая Садовая, дом 96","\u0421\u0430\u0440\u0430\u0442\u043e\u0432, \u0420\u043e\u0441\u0441\u0438\u044f"
213299,51.529943,46.022794,"410600, Саратовская область, Саратов, ул. Вольская, д.63/69","\u0421\u0430\u0440\u0430\u0442\u043e\u0432, \u0420\u043e\u0441\u0441\u0438\u044f"
220139,51.614967,45.956471,"410080, Россия, Саратовская область, г. Саратов, 1-ый Сокурский проезд, 9","\u0421\u0430\u0440\u0430\u0442\u043e\u0432, \u0420\u043e\u0441\u0441\u0438\u044f"
225515,51.530604,46.008816,"410056, Россия, Саратовская область, г. Саратов, ул. Мичурина, дом 34, кв. 3 "б"","\u0421\u0430\u0440\u0430\u0442\u043e\u0432, \u0420\u043e\u0441\u0441\u0438\u044f"
235427,51.530313,46.056553,"410002, Россия, , г. Саратов, ул. Валовая, д. 30/32, помещение 6","\u0421\u0430\u0440\u0430\u0442\u043e\u0432, \u0420\u043e\u0441\u0441\u0438\u044f"
241175,51.535226,45.990563,"413090, Poccия, Саратовская область, г. Саратов, ул. Вокзальная, д. 14 А","\u0421\u0430\u0440\u0430\u0442\u043e\u0432, \u0420\u043e\u0441\u0441\u0438\u044f"
242831,51.521986,46.028310,"410028, г.Саратов, ул. Чернышевского, д. 143","\u0421\u0430\u0440\u0430\u0442\u043e\u0432, \u0420\u043e\u0441\u0441\u0438\u044f"
248627,51.526715,46.052546,"410031, Россия, г. Саратов, ул. Лермонтова, д. 24/26, к. 13","\u0421\u0430\u0440\u0430\u0442\u043e\u0432, \u0420\u043e\u0441\u0441\u0438\u044f"
248855,51.538599,46.008403,"410012, Россия, Саратовская область, г. Саратов, ул. Большая Казачья, д. 112","\u0421\u0430\u0440\u0430\u0442\u043e\u0432, \u0420\u043e\u0441\u0441\u0438\u044f"
278963,51.531528,46.035820,"410031, Саратовская область, г. Саратов, ул. им. Некрасова Н.А. дом 49 А литер А","\u0420\u043e\u0441\u0441\u0438\u044f"
280211,51.541472,45.969677,"410071, Саратовская область, г. Саратов, ул. Шелковичная, 186","\u0421\u0430\u0440\u0430\u0442\u043e\u0432, \u0420\u043e\u0441\u0441\u0438\u044f"
306683,51.524474,46.041551,"410031, Саратовская область, г. Саратов, ул. Некрасова, д. 43а, оф. н 5","\u0421\u0430\u0440\u0430\u0442\u043e\u0432, \u0420\u043e\u0441\u0441\u0438\u044f"
317111,51.531786,46.030798,"410600, , г. Саратов, ул. М. Горького, д. 34","\u0421\u0430\u0440\u0430\u0442\u043e\u0432, \u0420\u043e\u0441\u0441\u0438\u044f"
317807,51.516208,45.962885,"410001, Саратовская область, Саратов, ул. Огородная, д. 33а","\u0421\u0430\u0440\u0430\u0442\u043e\u0432, \u0420\u043e\u0441\u0441\u0438\u044f"
319619,51.565777,46.022605,"410010, г.Саратов, ул.Танкистов, д.76","\u0421\u0430\u0440\u0430\u0442\u043e\u0432, \u0420\u043e\u0441\u0441\u0438\u044f"
319991,51.489381,45.922641,"ул. Крымская, д. 11, г. Саратов, 410039","\u0421\u0430\u0440\u0430\u0442\u043e\u0432, \u0420\u043e\u0441\u0441\u0438\u044f"
321539,51.526805,45.999204,"410600, Саратовская область, Саратов, ул. Астраханская 62/66","\u0421\u0430\u0440\u0430\u0442\u043e\u0432, \u0420\u043e\u0441\u0441\u0438\u044f"
323675,51.471656,45.921868,"410022, г.Саратов, ул. Южно-Зеленая, д.2/12","\u0421\u0430\u0440\u0430\u0442\u043e\u0432, \u0420\u043e\u0441\u0441\u0438\u044f"
325355,51.537742,45.999079,"410078, Саратовская область, г. Саратов, ул. Аткарская, 66","\u0421\u0430\u0440\u0430\u0442\u043e\u0432, \u0420\u043e\u0441\u0441\u0438\u044f"
329207,51.499385,45.914978,"410015, , г. Саратов, ул. Миллеровская, д. 71-А","\u0421\u0430\u0440\u0430\u0442\u043e\u0432, \u0420\u043e\u0441\u0441\u0438\u044f"
348167,51.521274,46.003184,"410040, Саратовская область, Саратов, ул. 2-я Садовая 28/34","\u0421\u0430\u0440\u0430\u0442\u043e\u0432, \u0420\u043e\u0441\u0441\u0438\u044f"
348419,51.531528,46.035820,"410017, Саратовская область, г. Саратов, ул. им. Чернышевского Н.Г., д. 92 Б","\u0420\u043e\u0441\u0441\u0438\u044f"
351899,51.532156,46.020279,"410012, Саратовская область, Саратов, ул. Чапаева, 59","\u0421\u0430\u0440\u0430\u0442\u043e\u0432, \u0420\u043e\u0441\u0441\u0438\u044f"
351923,51.568895,45.972156,"410065, Саратовская область, Саратов, ул. Лунная, д.27А","\u0421\u0430\u0440\u0430\u0442\u043e\u0432, \u0420\u043e\u0441\u0441\u0438\u044f"
354071,51.540923,45.944470,"410053, г. Саратов, Смирновское ущелье, 1","\u0421\u0430\u0440\u0430\u0442\u043e\u0432, \u0420\u043e\u0441\u0441\u0438\u044f"
354527,51.553985,46.049744,"410038, г. Саратов, ул. Загорная, д. 2, кв.124","\u0421\u0430\u0440\u0430\u0442\u043e\u0432, \u0420\u043e\u0441\u0441\u0438\u044f"
362999,51.526553,46.031858,"410028  г. Саратов, ул. Советская, д. 3/5, корп. 1, оф. 303","\u0421\u0430\u0440\u0430\u0442\u043e\u0432, \u0420\u043e\u0441\u0441\u0438\u044f"
363731,51.536319,46.036583,"410012  г. Саратов, ул. Гоголя, д. 11","\u0421\u0430\u0440\u0430\u0442\u043e\u0432, \u0420\u043e\u0441\u0441\u0438\u044f"
364103,51.527533,45.981588,"410054  г. Саратов, ул. Большая Садовая, 113","\u0421\u0430\u0440\u0430\u0442\u043e\u0432, \u0420\u043e\u0441\u0441\u0438\u044f"
370607,51.526407,46.032505,"ул. Советская, д. 1, г. Саратов, 410028","\u0421\u0430\u0440\u0430\u0442\u043e\u0432, \u0420\u043e\u0441\u0441\u0438\u044f"
370979,51.529433,45.983565,"410054  г. Саратов, ул. Б. Садовая, д. 96","\u0421\u0430\u0440\u0430\u0442\u043e\u0432, \u0420\u043e\u0441\u0441\u0438\u044f"
371003,51.494669,46.135074,"410002  г. Саратов, ул. Революционная, д. 45","\u042d\u043d\u0433\u0435\u043b\u044c\u0441, \u0421\u0430\u0440\u0430\u0442\u043e\u0432\u0441\u043a\u0430\u044f \u043e\u0431\u043b\u0430\u0441\u0442\u044c, \u0420\u043e\u0441\u0441\u0438\u044f"
375875,51.531259,46.027618,"410600, г. Саратов, проспект Кирова, д. 25","\u0421\u0430\u0440\u0430\u0442\u043e\u0432, \u0420\u043e\u0441\u0441\u0438\u044f"
377147,51.531540,46.026360,"410012  г. Саратов, пр. Кирова, д. 31/35","\u0421\u0430\u0440\u0430\u0442\u043e\u0432, \u0420\u043e\u0441\u0441\u0438\u044f"
378479,51.528615,46.040599,"410031  г. Саратов, ул. Некрасова, д. 36/19","\u0421\u0430\u0440\u0430\u0442\u043e\u0432, \u0420\u043e\u0441\u0441\u0438\u044f"
383447,51.503943,45.956759,"410015, г. Саратов, проспект Энтузиастов, д. 4","\u0421\u0430\u0440\u0430\u0442\u043e\u0432, \u0420\u043e\u0441\u0441\u0438\u044f"
386423,51.554987,46.049249,"410038  г. Саратов, ул. Загорная, д. 3 Б","\u0421\u0430\u0440\u0430\u0442\u043e\u0432, \u0420\u043e\u0441\u0441\u0438\u044f"
387419,51.501896,45.954280,"410015, г. Саратов, ул. Орджоникидзе, д. 11","\u0421\u0430\u0440\u0430\u0442\u043e\u0432, \u0420\u043e\u0441\u0441\u0438\u044f"
387815,51.602802,46.002807,"410007  г. Саратов, ул. Чехова, д. 2","\u0421\u0430\u0440\u0430\u0442\u043e\u0432, \u0420\u043e\u0441\u0441\u0438\u044f"
405479,51.574655,45.981516,"410065, Россия, Саратовская область, 410065, г. Саратов, 2-й Красноармейский тупик,  д.3","\u0421\u0430\u0440\u0430\u0442\u043e\u0432, \u0420\u043e\u0441\u0441\u0438\u044f"
412523,51.579726,45.961547,"410052, г. Саратов, ул. Мира, д. 9 «В»","\u0421\u0430\u0440\u0430\u0442\u043e\u0432, \u0420\u043e\u0441\u0441\u0438\u044f"
413027,51.565032,45.990814,"410040, г. Саратов, пр. 50 лет Октября, 108","\u0421\u0430\u0440\u0430\u0442\u043e\u0432, \u0420\u043e\u0441\u0441\u0438\u044f"
414575,51.537170,45.985514,"410071, г. Саратов, ул. Шелковичная, д. 116","\u0421\u0430\u0440\u0430\u0442\u043e\u0432, \u0420\u043e\u0441\u0441\u0438\u044f"
416351,51.538016,45.986116,"410071, г.Саратов, ул.Б.Садовая, д.151/8","\u0421\u0430\u0440\u0430\u0442\u043e\u0432, \u0420\u043e\u0441\u0441\u0438\u044f"
416843,51.498594,45.934975,"410049, г.Саратов, ул.Кавказская, д.11","\u0421\u0430\u0440\u0430\u0442\u043e\u0432, \u0420\u043e\u0441\u0441\u0438\u044f"
418595,51.572970,45.973297,"410065, г. Саратов, ул. Тверская, д.40","\u041b\u0435\u043d\u0438\u043d\u0441\u043a\u0438\u0439 \u0440\u0430\u0439\u043e\u043d, \u0421\u0430\u0440\u0430\u0442\u043e\u0432, \u0420\u043e\u0441\u0441\u0438\u044f"
422675,51.599462,45.959463,"410041, г. Саратов, ул. Ломоносова, д. 4А","\u0421\u0430\u0440\u0430\u0442\u043e\u0432, \u0420\u043e\u0441\u0441\u0438\u044f"
422915,51.608485,45.992763,"410035, г. Саратов, ул. Бардина, д.8","\u0421\u0430\u0440\u0430\u0442\u043e\u0432, \u0420\u043e\u0441\u0441\u0438\u044f"
