2,51.596189,45.901872,"410086, Российская Федерация, Саратовская область, г. Саратов, ул. Буровая, 36","\u0421\u0430\u0440\u0430\u0442\u043e\u0432, \u0420\u043e\u0441\u0441\u0438\u044f"
38,51.577756,45.965769,"410052, Российская Федерация, Саратовская область, г. Саратов, ул. Одесская, дом 3 Б","\u0421\u0430\u0440\u0430\u0442\u043e\u0432, \u0420\u043e\u0441\u0441\u0438\u044f"
50,51.541198,46.006292,"410012, Россия, Саратовская область, г. Саратов, ул. Университетсткая, д. 59","\u0421\u0430\u0440\u0430\u0442\u043e\u0432, \u0420\u043e\u0441\u0441\u0438\u044f"
1046,51.559092,45.984930,"410009, Россия, Саратовская область, г. Саратов, ул. Алексеевская, д. 22/26, кв. 46","\u0421\u0430\u0440\u0430\u0442\u043e\u0432, \u0420\u043e\u0441\u0441\u0438\u044f"
1178,51.531528,46.035820,"410005, Россия, Саратовская область, г. Саратов, ул. им. Разина С.Т., д. 77","\u0420\u043e\u0441\u0441\u0438\u044f"
1838,51.532733,46.045288,"410031, Саратовская область, г. Саратов, ул. Комсомольская, д. 52","\u0421\u0430\u0440\u0430\u0442\u043e\u0432, \u0420\u043e\u0441\u0441\u0438\u044f"
3002,51.557244,45.999851,"410009, Россия, Саратовская область, г. Саратов, проспект имени 50 лет Октября, д. 12/16","\u0421\u0430\u0440\u0430\u0442\u043e\u0432, \u0420\u043e\u0441\u0441\u0438\u044f"
7610,51.545993,46.031849,"410005, Россия, г. Саратов, 1 Соколовский тупик, д.21","\u0421\u0430\u0440\u0430\u0442\u043e\u0432, \u0420\u043e\u0441\u0441\u0438\u044f"
8078,51.583773,45.964610,"410052, Россия, Саратовская область, г. Саратов, пр. им. 50 лет Октября, 107 А","\u0421\u0430\u0440\u0430\u0442\u043e\u0432, \u0420\u043e\u0441\u0441\u0438\u044f"
8090,51.468660,45.920117,"410022, Россия, Саратовская область, г. Саратов, ул. Брянская, д. 13, пом. 1","\u0421\u0430\u0440\u0430\u0442\u043e\u0432, \u0420\u043e\u0441\u0441\u0438\u044f"
10034,51.531528,46.035820,"410035, Российская Федерация, Саратовская область, г. Саратов, ул. им. Тархова С.Ф., д. 38","\u0420\u043e\u0441\u0441\u0438\u044f"
11210,51.530929,46.062814,"410031, Саратовская область, г. Саратов, ул. Соколовая, дом 18/40","\u0421\u0430\u0440\u0430\u0442\u043e\u0432, \u0420\u043e\u0441\u0441\u0438\u044f"
12122,51.541853,45.996078,"410012, Российская Федерация, Саратовская область, г. Саратов, ул. Московская, д. 171","\u0421\u0430\u0440\u0430\u0442\u043e\u0432, \u0420\u043e\u0441\u0441\u0438\u044f"
12278,51.531528,46.035820,"410028, Российская Федерация, Саратовская область, г. Саратов, ул. им. Чернышевского Н.Г., д. 141","\u0420\u043e\u0441\u0441\u0438\u044f"
12614,51.539355,46.042728,"410003, Российская Федерация, Саратовская область, г. Саратов, улица Большая Горная, д. 147/153","\u0421\u0430\u0440\u0430\u0442\u043e\u0432, \u0420\u043e\u0441\u0441\u0438\u044f"
12770,51.527998,46.040599,"410002, Саратовская область, г. Саратов, улица Некрасова, дом 28/32","\u0421\u0430\u0440\u0430\u0442\u043e\u0432, \u0420\u043e\u0441\u0441\u0438\u044f"
13094,51.464744,45.932289,"410022, Российская Федерация, Саратовская область, г. Саратов, 1-й Акмолинский проезд, д. 1","\u0421\u0430\u0440\u0430\u0442\u043e\u0432, \u0420\u043e\u0441\u0441\u0438\u044f"
13922,51.614967,45.956471,"410080, Россия, Саратовская область, г. Саратов, 1-й Сокурский проезд, д. 9Д","\u0421\u0430\u0440\u0430\u0442\u043e\u0432, \u0420\u043e\u0441\u0441\u0438\u044f"
14138,51.562160,45.987266,"410009, Российская Федерация, Саратовская область, г. Саратов, ул. Наумовская, д. 39-а","\u0421\u0430\u0440\u0430\u0442\u043e\u0432, \u0420\u043e\u0441\u0441\u0438\u044f"
14150,51.541472,45.969677,"410071, Российская Федерация, Саратовская область, г. Саратов, ул. Шелковичная, 186","\u0421\u0430\u0440\u0430\u0442\u043e\u0432, \u0420\u043e\u0441\u0441\u0438\u044f"
14342,51.474551,45.912804,"410022, Российская Федерация, Саратовская область, г. Саратов, ул. Заречная, д. 2","\u0421\u0430\u0440\u0430\u0442\u043e\u0432, \u0420\u043e\u0441\u0441\u0438\u044f"
17522,51.489117,45.931534,"410039, Российская Федерация, Саратовская область, г. Саратов, ул. проспект Энтузиастов, дом № 43","\u0421\u0430\u0440\u0430\u0442\u043e\u0432, \u0420\u043e\u0441\u0441\u0438\u044f"
18134,51.518758,45.984436,"410008, Российская Федерация, Саратовская область, г. Саратов, ул. Ново-Астраханская, д. 1","\u0421\u0430\u0440\u0430\u0442\u043e\u0432, \u0420\u043e\u0441\u0441\u0438\u044f"
18170,51.548149,46.020135,"410005, Россия, Саратовская область, г. Саратов, ул. Соколовая, 316","\u0421\u0430\u0440\u0430\u0442\u043e\u0432, \u0420\u043e\u0441\u0441\u0438\u044f"
19742,51.521851,46.003417,"410017, Россия, Саратовская область, г. Саратов, Весенний проезд, дом 13/19, кв. 75","\u0421\u0430\u0440\u0430\u0442\u043e\u0432, \u0420\u043e\u0441\u0441\u0438\u044f"
19958,51.521689,46.025812,"410028, Саратовская область, Саратов, ул. им. Чернышевского Н.Г., д. 141","\u0421\u0430\u0440\u0430\u0442\u043e\u0432, \u0420\u043e\u0441\u0441\u0438\u044f"
22298,51.557238,45.997291,"410009, Россия, Саратовская область, г. Саратов, проспект 50 лет Октября, д. 7","\u0421\u0430\u0440\u0430\u0442\u043e\u0432, \u0420\u043e\u0441\u0441\u0438\u044f"
23486,51.599110,45.969758,"410080, Российская Федерация, Саратовская область, г. Саратов, Проспект Строителей, д. 36-а","\u0421\u0430\u0440\u0430\u0442\u043e\u0432, \u0420\u043e\u0441\u0441\u0438\u044f"
25106,51.519335,46.016164,"410056, Российская Федерация, Саратовская область, г. Саратов, Шелковичная, 4 А","\u0421\u0430\u0440\u0430\u0442\u043e\u0432, \u0420\u043e\u0441\u0441\u0438\u044f"
25526,51.526289,46.029433,"410028, Российская Федерация, Саратовская область, г. Саратов, ул. Провиантская, 23","\u0421\u0430\u0440\u0430\u0442\u043e\u0432, \u0420\u043e\u0441\u0441\u0438\u044f"
28346,51.604939,45.928794,"410062, Российская Федерация, Саратовская область, г. Саратов, ул. Автокомбинатовская, 15","\u0421\u0430\u0440\u0430\u0442\u043e\u0432, \u0420\u043e\u0441\u0441\u0438\u044f"
31862,51.609347,45.903624,"410062, Россия, Саратовская область, г. Саратов, Московское шоссе, д. 79","\u0421\u0430\u0440\u0430\u0442\u043e\u0432, \u0420\u043e\u0441\u0441\u0438\u044f"
33410,51.545192,45.967575,"410071, Саратовская область, г. Саратов, улица Шелковичная, дом 224","\u0421\u0430\u0440\u0430\u0442\u043e\u0432, \u0420\u043e\u0441\u0441\u0438\u044f"
35618,51.529175,46.051971,"410002, Россия, Саратовская область, г. Саратов, ул. Московская 19","\u0421\u0430\u0440\u0430\u0442\u043e\u0432, \u0420\u043e\u0441\u0441\u0438\u044f"
37910,51.531528,46.035820,"410507, Саратовская область, г. Саратов, п. Жасминный ул. Строителей 12","\u0420\u043e\u0441\u0441\u0438\u044f"
44534,51.537428,46.006849,"410012, Российская Федерация, Саратовская область, г. Саратов, ул. Железнодорожная, д. 29","\u0421\u0430\u0440\u0430\u0442\u043e\u0432, \u0420\u043e\u0441\u0441\u0438\u044f"
46490,51.531528,46.035820,"410033, Саратовская область, г. Саратов, ул. им. Космодемьянской З.А., д. 28","\u0420\u043e\u0441\u0441\u0438\u044f"
48230,51.546973,46.003956,"410005, Российская Федерация, Саратовская область, Саратов, ул. Аткарская, д.51","\u0421\u0430\u0440\u0430\u0442\u043e\u0432, \u0420\u043e\u0441\u0441\u0438\u044f"
49610,51.535041,46.030547,"410012, Российская Федерация, Саратовская область, г. Саратов, ул. Московская, дом 88","\u0421\u0430\u0440\u0430\u0442\u043e\u0432, \u0420\u043e\u0441\u0441\u0438\u044f"
50198,51.472195,45.914915,"410022, Российская Федерация, Саратовская область, г. Саратов, ул. Азина 28 «А»","\u0421\u0430\u0440\u0430\u0442\u043e\u0432, \u0420\u043e\u0441\u0441\u0438\u044f"
51554,51.576139,46.026262,"410010, Российская Федерация, Саратовская область, г. Саратов, ул.Танкистов, 93","\u0421\u0430\u0440\u0430\u0442\u043e\u0432, \u0420\u043e\u0441\u0441\u0438\u044f"
53558,51.587287,45.852770,"410507, Российская Федерация, Саратовская область, г. Саратов, п. Жасминный, ул. Строителей, дом 12А","\u0421\u0430\u0440\u0430\u0442\u043e\u0432, \u0420\u043e\u0441\u0441\u0438\u044f"
55586,51.585704,45.981328,"410069, Российская Федерация, Саратовская область, г. Саратов, ул. Ипподромная, дом 17","\u0421\u0430\u0440\u0430\u0442\u043e\u0432, \u0420\u043e\u0441\u0441\u0438\u044f"
61070,51.522787,46.027690,"410028, Россия, Саратовская область, г. Саратов, ул. Провиантская, дом 7","\u0421\u0430\u0440\u0430\u0442\u043e\u0432, \u0420\u043e\u0441\u0441\u0438\u044f"
64802,51.554388,46.048719,"410038, Саратовская область, г. Саратов, ул. Загорная, 3","\u0421\u0430\u0440\u0430\u0442\u043e\u0432, \u0420\u043e\u0441\u0441\u0438\u044f"
65906,51.534156,45.975156,"410054, Россия, Саратовская область, г. Саратов, ул. Клиническая, д. 2/6, к. 1А","\u0421\u0430\u0440\u0430\u0442\u043e\u0432, \u0420\u043e\u0441\u0441\u0438\u044f"
69890,51.533215,46.023522,"410012, Россия, Саратовская область, г. Саратов, проспект Кирова, д. 50 А","\u0421\u0430\u0440\u0430\u0442\u043e\u0432, \u0420\u043e\u0441\u0441\u0438\u044f"
70370,51.516998,46.010990,"410017, Российская Федерация, Саратовская область, г. Саратов, ул. им. Н.Г. Чернышевского, д. 90","\u0421\u0430\u0440\u0430\u0442\u043e\u0432, \u0420\u043e\u0441\u0441\u0438\u044f"
71966,51.528973,46.041973,"410002, Россия, Саратовская область, г. Саратов, ул. Волжская д. 16, кв. 55","\u0421\u0430\u0440\u0430\u0442\u043e\u0432, \u0420\u043e\u0441\u0441\u0438\u044f"
72146,51.535310,46.055457,"410031, Саратовская область, г. Саратов, улица Большая Горная, дом 69","\u0421\u0430\u0440\u0430\u0442\u043e\u0432, \u0420\u043e\u0441\u0441\u0438\u044f"
72350,51.527998,45.962625,"410053, Российская Федерация, Саратовская область, г. Саратов, улица Клочкова, 79","\u0421\u0430\u0440\u0430\u0442\u043e\u0432, \u0420\u043e\u0441\u0441\u0438\u044f"
74234,51.610616,46.004909,"410035, Российская Федерация, Саратовская область, г. Саратов, улица Тархова, д. 31 А","\u0421\u0430\u0440\u0430\u0442\u043e\u0432, \u0420\u043e\u0441\u0441\u0438\u044f"
76190,51.506964,45.930259,"410036, Российская Федерация, Саратовская область, г. Саратов, улица Огородная, дом 171","\u0421\u0430\u0440\u0430\u0442\u043e\u0432, \u0420\u043e\u0441\u0441\u0438\u044f"
79646,51.575226,46.014521,"410031, Российская Федерация, Саратовская область, г. Саратов, ул. Техническая, д. 16 "В"","\u0421\u0430\u0440\u0430\u0442\u043e\u0432, \u0420\u043e\u0441\u0441\u0438\u044f"
80990,51.570121,45.984607,"410040, Российская Федерация, Саратовская область, г. Саратов, проспект 50лет Октября, д. 110-а","\u0421\u0430\u0440\u0430\u0442\u043e\u0432, \u0420\u043e\u0441\u0441\u0438\u044f"
83822,51.529999,46.047013,"410001, Россия, Саратовская область, г. Саратов, ул. Первомайская, д. №36","\u0421\u0430\u0440\u0430\u0442\u043e\u0432, \u0420\u043e\u0441\u0441\u0438\u044f"
86342,51.478500,45.903776,"410048, Российская Федерация, Саратовская область, г. Саратов, ул. Тульская. д. 21 "А"","\u0421\u0430\u0440\u0430\u0442\u043e\u0432, \u0420\u043e\u0441\u0441\u0438\u044f"
89630,51.591322,45.942557,"410033, Российская Федерация, г. Саратов, ул. Панфилова, д.1","\u0421\u0430\u0440\u0430\u0442\u043e\u0432, \u0420\u043e\u0441\u0441\u0438\u044f"
90266,51.494305,45.920144,"410039, Российская Федерация, Саратовская область, г. Саратов, Ново-Астраханское шоссе, д. 80","\u0421\u0430\u0440\u0430\u0442\u043e\u0432, \u0420\u043e\u0441\u0441\u0438\u044f"
123086,51.526665,46.022875,"410056, Российская Федерация, Саратовская область, г. Саратов, ул. Мичурина, 80","\u0421\u0430\u0440\u0430\u0442\u043e\u0432, \u0420\u043e\u0441\u0441\u0438\u044f"
123890,51.601387,45.971231,"410080, Россия, Саратовская область, г. Саратов, ул. им. Академика О.К. Антонова, 6 "А"","\u0421\u0430\u0440\u0430\u0442\u043e\u0432, \u0420\u043e\u0441\u0441\u0438\u044f"
125450,51.527057,46.039386,"410012, Российская Федерация, Саратовская область, г. Саратов, ул. Некрасова Н.А., д. 17","\u0421\u0430\u0440\u0430\u0442\u043e\u0432, \u0420\u043e\u0441\u0441\u0438\u044f"
131930,51.594248,45.956211,"410044, Россия, Саратовская область, г. Саратов, ул. Студенная, д. 19, кв. 64","\u0421\u0430\u0440\u0430\u0442\u043e\u0432, \u0420\u043e\u0441\u0441\u0438\u044f"
142778,51.577364,45.973495,"410065, Саратовская область, г. Саратов, 3-я Дачная остановка","\u0421\u0430\u0440\u0430\u0442\u043e\u0432, \u0420\u043e\u0441\u0441\u0438\u044f"
144830,51.583918,45.956265,"410052, Российская Федерация, Саратовская область, г. Саратов, ул. Международная, дом 26, кв. 19","\u0421\u0430\u0440\u0430\u0442\u043e\u0432, \u0420\u043e\u0441\u0441\u0438\u044f"
160970,51.522171,46.010613,"410017, Российская Федерация, Саратовская область, г. Саратов, ул. Шелковичная, д. 25/36","\u0421\u0430\u0440\u0430\u0442\u043e\u0432, \u0420\u043e\u0441\u0441\u0438\u044f"
161990,51.538089,45.989314,"410071, Россия, Саратовская область, г. Саратов, ул. Рабочая, д. 205","\u0421\u0430\u0440\u0430\u0442\u043e\u0432, \u0420\u043e\u0441\u0441\u0438\u044f"
170018,51.566706,46.015338,"410010, Российская Федерация, Саратовская область, г. Саратов, улица Артиллерийская, 7","\u0421\u0430\u0440\u0430\u0442\u043e\u0432, \u0420\u043e\u0441\u0441\u0438\u044f"
174518,51.608933,46.000210,"410035, Россия, Саратовская область, г. Саратов, ул. Тархова, д. 32","\u0421\u0430\u0440\u0430\u0442\u043e\u0432, \u0420\u043e\u0441\u0441\u0438\u044f"
190430,51.612121,45.994120,"410035, Россия, Саратовская область, г. Саратов, ул. Уфимцева, д. 4, кв. 256","\u0421\u0430\u0440\u0430\u0442\u043e\u0432, \u0420\u043e\u0441\u0441\u0438\u044f"
197714,51.528850,45.961709,"410053, Россия, Саратовская область, г. Саратов, ул. Клочкова, д. 81","\u0421\u0430\u0440\u0430\u0442\u043e\u0432, \u0420\u043e\u0441\u0441\u0438\u044f"
197726,51.613994,45.983610,"410090, Россия, , г. Саратов, ул. Лебедева-Кумача, д. 88","\u0421\u0430\u0440\u0430\u0442\u043e\u0432, \u0420\u043e\u0441\u0441\u0438\u044f"
203126,51.564075,45.987454,"410010, Россия, Саратовская область, г. Саратов, ул. Техническая, д. 10 "а"","\u0421\u0430\u0440\u0430\u0442\u043e\u0432, \u0420\u043e\u0441\u0441\u0438\u044f"
210110,51.603244,45.990571,"410064, Российская Федерация, Саратовская область, г. город Саратов, улица Перспективная, дом 4а","\u0421\u0430\u0440\u0430\u0442\u043e\u0432, \u0420\u043e\u0441\u0441\u0438\u044f"
211922,51.531528,46.035820,"410600, Россия, Саратовская область, г. Саратов, ул. им. Мичурина И.В., д. 113","\u0420\u043e\u0441\u0441\u0438\u044f"
218090,51.531103,46.046599,"410028, Россия, Саратовская область, г. Саратов, ул. Октябрьская, д. 44, офис 8","\u0421\u0430\u0440\u0430\u0442\u043e\u0432, \u0420\u043e\u0441\u0441\u0438\u044f"
220706,51.614112,46.005007,"410035, Россия, Саратовская область, г. Саратов, ул. Батавина, д. 11, кв. 488","\u0421\u0430\u0440\u0430\u0442\u043e\u0432, \u0420\u043e\u0441\u0441\u0438\u044f"
221402,51.525656,46.043653,"410002, Российская Федерация, Саратовская область, г. Саратов, ул.Чернышевского, д.148","\u0421\u0430\u0440\u0430\u0442\u043e\u0432, \u0420\u043e\u0441\u0441\u0438\u044f"
225326,51.574348,45.884184,"410051, Саратовская область, г. Саратов, Поливановка, ул. 9-Дачная","\u0421\u0430\u0440\u0430\u0442\u043e\u0432, \u0420\u043e\u0441\u0441\u0438\u044f"
234170,51.532733,46.045288,"410031, Российская Федерация, Саратовская область, г. Саратов, ул. Комсомольская, дом 52, офис 202","\u0421\u0430\u0440\u0430\u0442\u043e\u0432, \u0420\u043e\u0441\u0441\u0438\u044f"
238178,51.466416,45.919245,"410022, , Саратов, ул. Хомяковой, д. 29","\u0421\u0430\u0440\u0430\u0442\u043e\u0432, \u0420\u043e\u0441\u0441\u0438\u044f"
238982,51.572349,45.976989,"410065, Российская Федерация, Саратовская область, г. Саратов, ул. Саперная дом 6 "а"","\u0421\u0430\u0440\u0430\u0442\u043e\u0432, \u0420\u043e\u0441\u0441\u0438\u044f"
255458,51.527814,46.028283,"410028, Саратовская область, г. Саратов, ул. Советская, дом 12/14","\u0421\u0430\u0440\u0430\u0442\u043e\u0432, \u0420\u043e\u0441\u0441\u0438\u044f"
256382,51.537142,45.973477,"410017, Саратовская область, г. Саратов, ул. Новоузенская, дом № 15/33, кв. 196","\u0421\u0430\u0440\u0430\u0442\u043e\u0432, \u0420\u043e\u0441\u0441\u0438\u044f"
256718,51.467269,45.915535,"410022, Саратовская область, г. Саратов, ул. Хомяковой, дом 20 «А», офис 2","\u0421\u0430\u0440\u0430\u0442\u043e\u0432, \u0420\u043e\u0441\u0441\u0438\u044f"
261086,51.525992,46.043195,"410002,  г. Саратов, ул. Чернышевского, д.  189, кв.18","\u0421\u0430\u0440\u0430\u0442\u043e\u0432, \u0420\u043e\u0441\u0441\u0438\u044f"
262550,51.531528,46.035820,"410062, Саратовская область, г. Саратов, ОДСР-5","\u0420\u043e\u0441\u0441\u0438\u044f"
264866,51.524513,46.016686,"410056, Саратовская область, г. Саратов, ул. Чапаева, д. № 14/26","\u0421\u0430\u0440\u0430\u0442\u043e\u0432, \u0420\u043e\u0441\u0441\u0438\u044f"
264878,51.521224,46.016012,"410017, Саратовская область, г. Саратов, Ильинская площадь, 1","\u0421\u0430\u0440\u0430\u0442\u043e\u0432, \u0420\u043e\u0441\u0441\u0438\u044f"
265682,51.529881,46.000525,"410017, Саратовская область, г. Саратов, ул. Астраханская, 43","\u0421\u0430\u0440\u0430\u0442\u043e\u0432, \u0420\u043e\u0441\u0441\u0438\u044f"
272786,51.541719,45.994380,"410012, Саратовская область, г. Саратов, ул. Слонова, 72а","\u0421\u0430\u0440\u0430\u0442\u043e\u0432, \u0420\u043e\u0441\u0441\u0438\u044f"
279134,51.535652,46.058089,"410030, Саратовская область, г. Саратов, ул. Рогожина, д. 22","\u0421\u0430\u0440\u0430\u0442\u043e\u0432, \u0420\u043e\u0441\u0441\u0438\u044f"
282974,51.525690,46.021806,"410028, Саратовская область, г. Саратов, ул. Рабочая, д. 24","\u0421\u0430\u0440\u0430\u0442\u043e\u0432, \u0420\u043e\u0441\u0441\u0438\u044f"
289730,51.548530,46.005861,"410005, Саратовская область, г. Саратов, ул. Большая Садовая, д. № 239","\u0421\u0430\u0440\u0430\u0442\u043e\u0432, \u0420\u043e\u0441\u0441\u0438\u044f"
290294,51.541047,45.972363,"410071, Саратовская область, г. Саратов, ул. Шелковичная, д. 182 "А"","\u0421\u0430\u0440\u0430\u0442\u043e\u0432, \u0420\u043e\u0441\u0441\u0438\u044f"
300182,51.530060,46.063173,"410010, , г. Саратов, ул. Соколовая, д. 10/16","\u0421\u0430\u0440\u0430\u0442\u043e\u0432, \u0420\u043e\u0441\u0441\u0438\u044f"
301910,51.581904,45.957684,"410033, Саратовская область, г. Саратов, ул. Международная 26 б","\u0421\u0430\u0440\u0430\u0442\u043e\u0432, \u0420\u043e\u0441\u0441\u0438\u044f"
317090,51.588334,45.929702,"410033, г. Саратов, ул. Гвардейская, д. 22","\u0421\u0430\u0440\u0430\u0442\u043e\u0432, \u0420\u043e\u0441\u0441\u0438\u044f"
319106,51.585704,45.931858,"410033, г. Саратов, ул. Гвардейская, д. 15 «А»","\u0421\u0430\u0440\u0430\u0442\u043e\u0432, \u0420\u043e\u0441\u0441\u0438\u044f"
319586,51.526715,46.052546,"410002, Саратовская область, Саратов, ул. Лермонтова, д.24/26","\u0421\u0430\u0440\u0430\u0442\u043e\u0432, \u0420\u043e\u0441\u0441\u0438\u044f"
320426,51.533220,46.057658,"410030, Саратовская область, г. Саратов, ул.Б.Горная, д.43","\u0421\u0430\u0440\u0430\u0442\u043e\u0432, \u0420\u043e\u0441\u0441\u0438\u044f"
321446,51.571683,45.904657,"410051, Саратовская область, г. Саратов, 9-ая Дачная","\u041b\u0435\u043d\u0438\u043d\u0441\u043a\u0438\u0439 \u0440\u0430\u0439\u043e\u043d, \u0421\u0430\u0440\u0430\u0442\u043e\u0432, \u0420\u043e\u0441\u0441\u0438\u044f"
321962,51.550423,46.047291,"410003  г. Саратов, ул. Мясницкая, д. 143","\u0421\u0430\u0440\u0430\u0442\u043e\u0432, \u0420\u043e\u0441\u0441\u0438\u044f"
324662,51.516998,46.010990,"410017, Саратовская область, г. Саратов, ул. Чернышевсклго, 90","\u0421\u0430\u0440\u0430\u0442\u043e\u0432, \u0420\u043e\u0441\u0441\u0438\u044f"
324722,51.533590,45.974968,"410054, Саратовская область, г. Саратов, ул. 2 Садовая, 112-а, кв. 44","\u0421\u0430\u0440\u0430\u0442\u043e\u0432, \u0420\u043e\u0441\u0441\u0438\u044f"
325034,51.530469,46.066201,"410030, Саратовская область, Саратов, ул. Лермонтова, 77, офис 1","\u0421\u0430\u0440\u0430\u0442\u043e\u0432, \u0420\u043e\u0441\u0441\u0438\u044f"
350570,51.545147,46.033035,"410012, Саратовская область, г. Саратов, ул. Вольская, д. 138/5","\u0421\u0430\u0440\u0430\u0442\u043e\u0432, \u0420\u043e\u0441\u0441\u0438\u044f"
350978,51.524435,45.995782,"410004, Саратовская область, Саратов, ул. 2-Я Садовая, д.55","\u0421\u0430\u0440\u0430\u0442\u043e\u0432, \u0420\u043e\u0441\u0441\u0438\u044f"
354602,51.537680,46.011296,"410012, г. Саратов, ул. Б. Казачья, д.110","\u0421\u0430\u0440\u0430\u0442\u043e\u0432, \u0420\u043e\u0441\u0441\u0438\u044f"
365486,51.547303,46.026253,"410005, г. Саратов, ул. Хвалынская, д. 51","\u0421\u0430\u0440\u0430\u0442\u043e\u0432, \u0420\u043e\u0441\u0441\u0438\u044f"
369362,51.538055,45.970350,"410054  г. Саратов, ул. Новоузенская, д. 214","\u0421\u0430\u0440\u0430\u0442\u043e\u0432, \u0420\u043e\u0441\u0441\u0438\u044f"
377138,51.542402,46.016515,"410005, г. Саратов, ул. Пугачевская, д. 147/151","\u0421\u0430\u0440\u0430\u0442\u043e\u0432, \u0420\u043e\u0441\u0441\u0438\u044f"
377162,51.530105,46.009149,"410056  г. Саратов, ул. Мичурина, д. 2/12","\u0421\u0430\u0440\u0430\u0442\u043e\u0432, \u0420\u043e\u0441\u0441\u0438\u044f"
378482,51.552344,46.019264,"410074  г. Саратов, ул. Танкистов, д. 28","\u0421\u0430\u0440\u0430\u0442\u043e\u0432, \u0420\u043e\u0441\u0441\u0438\u044f"
414386,51.563549,46.023612,"410019, г. Саратов, ул. Высокая, д. 4","\u0421\u0430\u0440\u0430\u0442\u043e\u0432, \u0420\u043e\u0441\u0441\u0438\u044f"
414590,51.464401,45.926782,"410022, г. Саратов, ул. Брянская, д. 7-а","\u0421\u0430\u0440\u0430\u0442\u043e\u0432, \u0420\u043e\u0441\u0441\u0438\u044f"
416354,51.535770,46.001396,"410078, г. Саратов, ул. Слонова, д.32/40","\u0421\u0430\u0440\u0430\u0442\u043e\u0432, \u0420\u043e\u0441\u0441\u0438\u044f"
419630,51.538845,46.036808,"410003, г. Саратов, 1-ый Глебучев проезд, д. 2А","\u0421\u0430\u0440\u0430\u0442\u043e\u0432, \u0420\u043e\u0441\u0441\u0438\u044f"
