225,55.764232,37.658221,"105064, Россия, г. Москва, ул. Старая Басманная, д. 8, стр. 1","\u041c\u043e\u0441\u043a\u0432\u0430, \u0420\u043e\u0441\u0441\u0438\u044f"
309,55.567596,37.490910,"125412, Россия, Москва район, г. Москва, ул. Ижорская, д. 13, стр. 2","\u041c\u043e\u0441\u043a\u0432\u0430, \u0420\u043e\u0441\u0441\u0438\u044f"
525,55.860822,37.481235,"125195, Россия, г. Москва, ул. Смольная, д. 35, стр. 1","\u041c\u043e\u0441\u043a\u0432\u0430, \u0420\u043e\u0441\u0441\u0438\u044f"
669,55.757875,37.790345,"111399, Россия, г. Москва, улица Металлургов, дом 26, корпус 2","\u041c\u043e\u0441\u043a\u0432\u0430, \u0420\u043e\u0441\u0441\u0438\u044f"
849,55.797048,37.502139,"125252, Россия, г. Москва, ул. Зорге, д. 35, пом. 1","\u041c\u043e\u0441\u043a\u0432\u0430, \u0420\u043e\u0441\u0441\u0438\u044f"
861,55.762738,37.751269,"111123, Россия, г. Москва, Электродный пр., д. 6, стр. 2, офис № 46","\u041c\u043e\u0441\u043a\u0432\u0430, \u0420\u043e\u0441\u0441\u0438\u044f"
873,55.984592,37.214570,"124498, Россия, г. Москва, г. Зеленоград, проезд 4806, дом 6, помещение 3, комната 6","\u0417\u0435\u043b\u0435\u043d\u043e\u0433\u0440\u0430\u0434, \u041c\u043e\u0441\u043a\u0432\u0430, \u0420\u043e\u0441\u0441\u0438\u044f"
897,55.736113,37.713674,"109052, Россия, г. Москва, ул. Смирновская, д. 25, стр. 16","\u041c\u043e\u0441\u043a\u0432\u0430, \u0420\u043e\u0441\u0441\u0438\u044f"
921,55.762581,37.682458,"105005, Россия, г. Москва, ул. Радио, д. 22","\u041c\u043e\u0441\u043a\u0432\u0430, \u0420\u043e\u0441\u0441\u0438\u044f"
1329,55.679088,37.765282,"109559, Россия, г. Москва, ул. Совхозная, д. 16, стр.1","\u041c\u043e\u0441\u043a\u0432\u0430, \u0420\u043e\u0441\u0441\u0438\u044f"
1521,55.792878,37.713315,"107061, Россия, г. Москва, ул. Девятая рота, д. 16, строение 4, комната 2","\u041c\u043e\u0441\u043a\u0432\u0430, \u0420\u043e\u0441\u0441\u0438\u044f"
1545,55.788596,37.599157,"127055, Россия, г. Москва, 1-й Тихвинский тупик, д. 5-7, пом. I","\u041c\u043e\u0441\u043a\u0432\u0430, \u0420\u043e\u0441\u0441\u0438\u044f"
1749,55.680326,37.523438,"119331, Россия, г. Москва, ул. Марии Ульяновой, д. 13","\u041c\u043e\u0441\u043a\u0432\u0430, \u0420\u043e\u0441\u0441\u0438\u044f"
1761,55.888170,37.533553,"127644, Россия, г. Москва, ул. Лобненская, д. 13 А","\u041c\u043e\u0441\u043a\u0432\u0430, \u0420\u043e\u0441\u0441\u0438\u044f"
1881,55.719683,37.444269,"117105, Российская Федерация, г. Москва, ул.Вересаева, д.8","\u041c\u043e\u0441\u043a\u0432\u0430, \u0420\u043e\u0441\u0441\u0438\u044f"
2229,55.677412,37.858303,"109431, Россия, г. Москва, ул. Авиаконструктора Миля, д. 26","\u041c\u043e\u0441\u043a\u0432\u0430, \u0420\u043e\u0441\u0441\u0438\u044f"
2385,55.621867,37.503567,"117321, Россия, г. Москва, ул. Профсоюзная, д.154, корп.1","\u041c\u043e\u0441\u043a\u0432\u0430, \u0420\u043e\u0441\u0441\u0438\u044f"
2433,55.795641,37.699292,"107076, Россия, г. Москва, Колодезный переулок, д. 14","\u041c\u043e\u0441\u043a\u0432\u0430, \u0420\u043e\u0441\u0441\u0438\u044f"
2565,55.725478,37.654044,"115114, Россия, г. Москва, ул. Дербенёвская, д. 1, стр. 5","\u041c\u043e\u0441\u043a\u0432\u0430, \u0420\u043e\u0441\u0441\u0438\u044f"
2613,55.770446,37.740758,"105275, Россия, г. Москва, ул 8-я Соколиной горы, д. 15","\u041c\u043e\u0441\u043a\u0432\u0430, \u0420\u043e\u0441\u0441\u0438\u044f"
2997,55.842337,37.381199,"125464, Россия, г. Москва, Пятницкое шоссе, д. 15, корп. 1","\u041c\u043e\u0441\u043a\u0432\u0430, \u0420\u043e\u0441\u0441\u0438\u044f"
3273,55.745625,37.679862,"109544, Россия, г. Москва, пл. Рогожская Застава, д. 2/1. стр. 1","\u041c\u043e\u0441\u043a\u0432\u0430, \u0420\u043e\u0441\u0441\u0438\u044f"
3345,55.834800,37.534676,"125008, г. Москва, ул. Большая Академическая, д.45, корп.1","\u041c\u043e\u0441\u043a\u0432\u0430, \u0420\u043e\u0441\u0441\u0438\u044f"
3621,55.738688,37.531029,"121170, Россия, г. Москва, Кутузовский проспект, д. 41, офис 7","\u041c\u043e\u0441\u043a\u0432\u0430, \u0420\u043e\u0441\u0441\u0438\u044f"
3837,55.846704,37.647774,"129226, Россия, г. Москва, Серебрякова проезд, д.4, стр.1","\u041c\u043e\u0441\u043a\u0432\u0430, \u0420\u043e\u0441\u0441\u0438\u044f"
3849,55.775135,37.591081,"125047, Россия, г. Москва, ул. 3-я Тверская-Ямская, д. 52, помещение 4","\u041c\u043e\u0441\u043a\u0432\u0430, \u0420\u043e\u0441\u0441\u0438\u044f"
3897,55.815539,37.824329,"107497, Россия, г. Москва, ул. Байкальская, д. 48","\u041c\u043e\u0441\u043a\u0432\u0430, \u0420\u043e\u0441\u0441\u0438\u044f"
