4344,51.538856,46.010200,"410026, Российская Федерация, Саратовская область, г. Саратов, ул. Астраханская, д. 83","\u0421\u0430\u0440\u0430\u0442\u043e\u0432, \u0420\u043e\u0441\u0441\u0438\u044f"
4368,51.531030,46.002923,"410078, Российская Федерация, Саратовская область, г. Саратов, ул. Астраханская, 45","\u0421\u0430\u0440\u0430\u0442\u043e\u0432, \u0420\u043e\u0441\u0441\u0438\u044f"
4884,51.531528,46.035820,"410005, Российская Федерация, Саратовская область, г. Саратов, улица им. Разина С.Т., дом 54 литер "а", помещение № 306","\u0420\u043e\u0441\u0441\u0438\u044f"
5412,51.528934,46.025561,"410056, Россия, Саратовская область, г. Саратов, ул. Пушкина, д. 11/15, оф. 6","\u0421\u0430\u0440\u0430\u0442\u043e\u0432, \u0420\u043e\u0441\u0441\u0438\u044f"
6312,51.529455,45.987113,"410054, Российская Федерация, Саратовская область, г. Саратов, ул. 2-я Садовая, д. 65/71","\u0421\u0430\u0440\u0430\u0442\u043e\u0432, \u0420\u043e\u0441\u0441\u0438\u044f"
6360,51.524754,46.020414,"410028, Россия, Саратовская область, г. Саратов, ул. Бахметьевская, д.18","\u0421\u0430\u0440\u0430\u0442\u043e\u0432, \u0420\u043e\u0441\u0441\u0438\u044f"
9996,51.507643,45.932567,"410036, Российская Федерация, Саратовская область, г. Саратов, улица Огородная, 153","\u0421\u0430\u0440\u0430\u0442\u043e\u0432, \u0420\u043e\u0441\u0441\u0438\u044f"
11988,51.532806,46.050660,"410031, Россия, Саратовская область, г. Саратов, ул. Валовая, д. 61/67","\u0421\u0430\u0440\u0430\u0442\u043e\u0432, \u0420\u043e\u0441\u0441\u0438\u044f"
12024,51.531657,46.067629,"410031, Российская Федерация, Саратовская область, г. Саратов, улица им. Хвесина Т.Е., 42","\u0421\u0430\u0440\u0430\u0442\u043e\u0432, \u0420\u043e\u0441\u0441\u0438\u044f"
12036,51.598148,45.965482,"410041, Россия, Саратовская область, г. Саратов, ул. Ломоносова, дом 15 А","\u0421\u0430\u0440\u0430\u0442\u043e\u0432, \u0420\u043e\u0441\u0441\u0438\u044f"
12768,51.515451,46.001908,"410004, Российская Федерация, Саратовская область, г. Саратов, 1 пр-д Чернышевского, дом 2, кв. №8","\u0421\u0430\u0440\u0430\u0442\u043e\u0432, \u0420\u043e\u0441\u0441\u0438\u044f"
13140,51.474551,45.912804,"410022, Российская Федерация, Саратовская область, г. Саратов, ул. Заречная, дом 2","\u0421\u0430\u0440\u0430\u0442\u043e\u0432, \u0420\u043e\u0441\u0441\u0438\u044f"
13908,51.531528,46.035820,"410017, Российская Федерация, Саратовская область, г. Саратов, ул. им. Хользунова А.И., д. № 19","\u0420\u043e\u0441\u0441\u0438\u044f"
14064,51.531528,46.035820,"410056, Российская Федерация, Саратовская область, г. Саратов, ул. им. Чапаева В.И., д. 14/26","\u0420\u043e\u0441\u0441\u0438\u044f"
19992,51.481103,45.890490,"410048, Россия, Саратовская область, г. Саратов, ул. Химическая, д. 7, кв. 136","\u043f\u043e\u0441\u0435\u043b\u043e\u043a \u041a\u043e\u043c\u0441\u043e\u043c\u043e\u043b\u044c\u0441\u043a\u0438\u0439, \u0421\u0430\u0440\u0430\u0442\u043e\u0432, \u0420\u043e\u0441\u0441\u0438\u044f"
20124,51.593252,45.956346,"410044, Российская Федерация, Саратовская область, г. Саратов, ул. 3-й Студеный проезд, б/н","\u0421\u0430\u0440\u0430\u0442\u043e\u0432, \u0420\u043e\u0441\u0441\u0438\u044f"
20904,51.526043,46.020360,"410056, Российская Федерация, Саратовская область, г. Саратов, ул. Вольская, д. № 45","\u0421\u0430\u0440\u0430\u0442\u043e\u0432, \u0420\u043e\u0441\u0441\u0438\u044f"
23472,51.521274,46.003184,"410017, Российская Федерация, Саратовская область, г. Саратов, ул. 2-ая Садовая,  д.28/34","\u0421\u0430\u0440\u0430\u0442\u043e\u0432, \u0420\u043e\u0441\u0441\u0438\u044f"
24012,51.563940,46.021096,"410019, Россия, Саратовская область, г. Саратов, ул. Танкистов, д. 70","\u0421\u0430\u0440\u0430\u0442\u043e\u0432, \u0420\u043e\u0441\u0441\u0438\u044f"
26268,51.586968,45.853965,"410507, Российская Федерация, Саратовская область, г. Саратов, поселок Жасминный, улица Строителей, дом 12","\u0421\u0430\u0440\u0430\u0442\u043e\u0432, \u0420\u043e\u0441\u0441\u0438\u044f"
32532,51.570507,45.977312,"410065, Россия, Саратовская область, г. Саратов, Вишневый проезд, д. 19","\u0421\u0430\u0440\u0430\u0442\u043e\u0432, \u0420\u043e\u0441\u0441\u0438\u044f"
33012,51.531528,46.035820,"410012, Российская Федерация, Саратовская область, г. город Саратов, ул. им. Емлютина Д.В., д. 44 Д","\u0420\u043e\u0441\u0441\u0438\u044f"
33408,51.461680,45.932747,"410022, Россия, Саратовская область, г. Саратов, улица  Брянская, дом 1","\u0421\u0430\u0440\u0430\u0442\u043e\u0432, \u0420\u043e\u0441\u0441\u0438\u044f"
35640,51.540380,46.010550,"410023, Россия, Саратовская область, г. Саратов, ул. Московская, 158","\u0421\u0430\u0440\u0430\u0442\u043e\u0432, \u0420\u043e\u0441\u0441\u0438\u044f"
36072,51.531153,46.048962,"410031, Саратовская область, г. Саратов, ул. Московская, д.30","\u0421\u0430\u0440\u0430\u0442\u043e\u0432, \u0420\u043e\u0441\u0441\u0438\u044f"
38688,51.510305,45.945871,"410036, Россия, Саратовская область, г. Саратов, ул. Огородная, квартал 7","\u0421\u0430\u0440\u0430\u0442\u043e\u0432, \u0420\u043e\u0441\u0441\u0438\u044f"
45948,51.608933,46.000210,"410035, Россия, Саратовская область, г. Саратов, ул. Тархова, д.32","\u0421\u0430\u0440\u0430\u0442\u043e\u0432, \u0420\u043e\u0441\u0441\u0438\u044f"
48648,51.531528,46.035820,"410600, Россия, Саратовская область, г. Саратов, ул. Яблочкова П.Н., д. 15","\u0420\u043e\u0441\u0441\u0438\u044f"
48828,51.450197,45.905366,"410059, Российская Федерация, Саратовская область, г. Саратов, пл. Советско-Чехословацкой дружбы","\u0421\u0430\u0440\u0430\u0442\u043e\u0432, \u0420\u043e\u0441\u0441\u0438\u044f"
49116,51.533585,46.004154,"410078, Саратовская область, г. Саратов, ул. Железнодорожная, д. 50","\u0421\u0430\u0440\u0430\u0442\u043e\u0432, \u0420\u043e\u0441\u0441\u0438\u044f"
51192,51.565144,46.015976,"410010, Российская Федерация, Саратовская область, г. Саратов, ул. Навашина, д. 7","\u0421\u0430\u0440\u0430\u0442\u043e\u0432, \u0420\u043e\u0441\u0441\u0438\u044f"
54384,51.571621,46.068851,"410038, Россия, Саратовская область, г. Саратов, улица Усть-Курдюмская, дом 7 А","\u043f\u043e\u0441\u0435\u043b\u043e\u043a \u042e\u0431\u0438\u043b\u0435\u0439\u043d\u044b\u0439, \u0421\u0430\u0440\u0430\u0442\u043e\u0432, \u0420\u043e\u0441\u0441\u0438\u044f"
55632,51.487968,45.922560,"410039, Россия, Саратовская область, г. Саратов, Крымский тупик, 8","\u0421\u0430\u0440\u0430\u0442\u043e\u0432, \u0420\u043e\u0441\u0441\u0438\u044f"
56700,51.527606,46.047129,"410002, Россия, Саратовская область, г. Саратов, ул. Григорьева, д. 41/43, кв. 15","\u0421\u0430\u0440\u0430\u0442\u043e\u0432, \u0420\u043e\u0441\u0441\u0438\u044f"
56724,51.529545,46.051369,"41002, Саратовская область, г. Саратов, улица Московская, д. 23","\u0421\u0430\u0440\u0430\u0442\u043e\u0432, \u0420\u043e\u0441\u0441\u0438\u044f"
57228,51.499003,45.935496,"410049, Российская Федерация, Саратовская область, г. Саратов, ул. Кавказская, д. 26, кв. 25","\u0421\u0430\u0440\u0430\u0442\u043e\u0432, \u0420\u043e\u0441\u0441\u0438\u044f"
58188,51.581473,45.970916,"410052, Российская Федерация, Саратовская область, г. Саратов, пр. 50 лет Октября, 118а","\u0421\u0430\u0440\u0430\u0442\u043e\u0432, \u0420\u043e\u0441\u0441\u0438\u044f"
58800,51.509605,45.986349,"410076, Российская Федерация, Саратовская область, г. Саратов, ул. Чернышевского, 12 а","\u0421\u0430\u0440\u0430\u0442\u043e\u0432, \u0420\u043e\u0441\u0441\u0438\u044f"
63168,51.527231,46.003687,"410017, Российская Федерация, Саратовская область, г. Саратов, ул. Шелковичная, д. 64/66","\u0421\u0430\u0440\u0430\u0442\u043e\u0432, \u0420\u043e\u0441\u0441\u0438\u044f"
71952,51.533400,46.045171,"410031, Россия, Саратовская область, г. Саратов, ул. Челюскинцев, д. 68","\u0421\u0430\u0440\u0430\u0442\u043e\u0432, \u0420\u043e\u0441\u0441\u0438\u044f"
76188,51.531691,46.041479,"410031, Российская Федерация, Саратовская область, г. Саратов, ул. Некрасова, д. 43 "А", кв. 70","\u0421\u0430\u0440\u0430\u0442\u043e\u0432, \u0420\u043e\u0441\u0441\u0438\u044f"
79908,51.564982,45.995458,"410009, , Саратов, ул. Мельничная, дом 69","\u0421\u0430\u0440\u0430\u0442\u043e\u0432, \u0420\u043e\u0441\u0441\u0438\u044f"
79944,51.473676,45.914664,"413709, Российская Федерация, Саратовская область, г. Саратов, поселок Заречный, улица Заречная, д. 1","\u0421\u0430\u0440\u0430\u0442\u043e\u0432, \u0420\u043e\u0441\u0441\u0438\u044f"
80040,51.529315,46.020521,"410056, Россия, Саратовская область, г. Саратов, ул.Советская, д.90/96, кв.142","\u0421\u0430\u0440\u0430\u0442\u043e\u0432, \u0420\u043e\u0441\u0441\u0438\u044f"
82656,51.527914,46.050040,"410031, Российская Федерация, Саратовская область, г. Саратов, ул. Чернышевского, д. 170/176","\u0421\u0430\u0440\u0430\u0442\u043e\u0432, \u0420\u043e\u0441\u0441\u0438\u044f"
84468,51.538005,45.953911,"410053, Россия, Саратовская область, г. Саратов, ул. Клиническая, д. 93 а","\u0421\u0430\u0440\u0430\u0442\u043e\u0432, \u0420\u043e\u0441\u0441\u0438\u044f"
86364,51.571286,46.001306,"410010, Российская Федерация, Саратовская область, г. Саратов, ул. Тулайкова, д. 8","\u0421\u0430\u0440\u0430\u0442\u043e\u0432, \u0420\u043e\u0441\u0441\u0438\u044f"
93348,51.575876,46.012212,"410010, Россия, Саратовская область, г. Саратов, ул. Техническая, д. 5","\u0421\u0430\u0440\u0430\u0442\u043e\u0432, \u0420\u043e\u0441\u0441\u0438\u044f"
98580,51.561914,45.994425,"410009, Россия, Саратовская область, г. Саратов, пр. 50 лет Октября, 70, кв. 173","\u0421\u0430\u0440\u0430\u0442\u043e\u0432, \u0420\u043e\u0441\u0441\u0438\u044f"
99456,51.531528,46.035820,"410012, Российская Федерация, Саратовская область, г. Саратов, ул. им. Кутякова И.С., д. 96","\u0420\u043e\u0441\u0441\u0438\u044f"
101184,51.532733,46.045288,"410031, Саратовская область, Саратов, ул.Комсомольская, д.52","\u0421\u0430\u0440\u0430\u0442\u043e\u0432, \u0420\u043e\u0441\u0441\u0438\u044f"
103188,51.524726,46.022740,"410056, Россия, Саратовская область, г. Саратов, ул. Рабочая, д. 29, кв. 201","\u0421\u0430\u0440\u0430\u0442\u043e\u0432, \u0420\u043e\u0441\u0441\u0438\u044f"
110280,51.547337,46.006570,"410005, Россия, Саратовская область, г. Саратов, ул. им. Степана Разина, дом 89","\u0421\u0430\u0440\u0430\u0442\u043e\u0432, \u0420\u043e\u0441\u0441\u0438\u044f"
115176,51.585547,45.953983,"410033, Россия, Саратовская область, г. Саратов, ул. Международная, д. 27","\u0421\u0430\u0440\u0430\u0442\u043e\u0432, \u0420\u043e\u0441\u0441\u0438\u044f"
117840,51.531528,46.035820,"410078, Российская Федерация, Саратовская область, г. Саратов, ул. Им. Разина С.Т., д. 54, Литер А","\u0420\u043e\u0441\u0441\u0438\u044f"
118980,51.561410,45.991865,"410009, Российская Федерация, Саратовская область, г. Саратов, ул. Алексеевская, дом 3, литер б","\u0421\u0430\u0440\u0430\u0442\u043e\u0432, \u0420\u043e\u0441\u0441\u0438\u044f"
121692,51.530856,45.985038,"410054, Российская Федерация, Саратовская область, г. Саратов, ул. 2-ая Садовая, 104 Д","\u0421\u0430\u0440\u0430\u0442\u043e\u0432, \u0420\u043e\u0441\u0441\u0438\u044f"
136152,51.529164,46.002672,"410056, Россия, Саратовская область, г. Саратов, ул. Астраханская, д. 88","\u0421\u0430\u0440\u0430\u0442\u043e\u0432, \u0420\u043e\u0441\u0441\u0438\u044f"
136344,51.538033,46.020027,"410012, Российская Федерация, Саратовская область, г. Саратов, улица Челюскинцев, д. 173","\u0421\u0430\u0440\u0430\u0442\u043e\u0432, \u0420\u043e\u0441\u0441\u0438\u044f"
136368,51.539831,45.992880,"410071, Российская Федерация, Саратовская область, г. Саратов, ул. Емлютина, д. 39/45","\u0421\u0430\u0440\u0430\u0442\u043e\u0432, \u0420\u043e\u0441\u0441\u0438\u044f"
138840,51.574348,45.884184,"410051, Российская Федерация, Саратовская область, г. Саратов, Поливановка, ул. 9-Дачная","\u0421\u0430\u0440\u0430\u0442\u043e\u0432, \u0420\u043e\u0441\u0441\u0438\u044f"
152232,51.516275,46.003337,"410004, Россия, Саратовская область, г. Саратов, 1 Вакуровский проезд, д. 6/9","\u0421\u0430\u0440\u0430\u0442\u043e\u0432, \u0420\u043e\u0441\u0441\u0438\u044f"
153048,51.527769,46.046950,"410002, Россия, Саратовская область, Волжский район, г. Саратов, улица Григорьева Е.Ф. дом 17/19, цокольный этаж","\u0421\u0430\u0440\u0430\u0442\u043e\u0432, \u0420\u043e\u0441\u0441\u0438\u044f"
156540,51.573172,45.975165,"410065, Россия, Саратовская область, г. Саратов, ул. Тверская, 38Б","\u041b\u0435\u043d\u0438\u043d\u0441\u043a\u0438\u0439 \u0440\u0430\u0439\u043e\u043d, \u0421\u0430\u0440\u0430\u0442\u043e\u0432, \u0420\u043e\u0441\u0441\u0438\u044f"
162744,51.492426,45.935442,"410049, Российская Федерация, Саратовская область, г. Саратов, 2 Кавказский тупик, д. 7 А","\u0421\u0430\u0440\u0430\u0442\u043e\u0432, \u0420\u043e\u0441\u0441\u0438\u044f"
163692,51.536655,46.029109,"410012, Россия, Саратовская область, г. Саратов, ул. им. Челюскинцев, д. 128","\u0421\u0430\u0440\u0430\u0442\u043e\u0432, \u0420\u043e\u0441\u0441\u0438\u044f"
167880,51.549566,46.037194,"410019, Россия, Саратовская область, г. Саратов, ул. Полярная, 27","\u0421\u0430\u0440\u0430\u0442\u043e\u0432, \u0420\u043e\u0441\u0441\u0438\u044f"
194580,51.552025,46.016416,"410078, Российская Федерация, Саратовская область, г. Саратов, ул. Большая Садовая, д. 281","\u0421\u0430\u0440\u0430\u0442\u043e\u0432, \u0420\u043e\u0441\u0441\u0438\u044f"
210108,51.511236,45.962248,"410001, Российская Федерация, Саратовская область, г. Саратов, Ново-Астраханское шоссе, д.45","\u0421\u0430\u0440\u0430\u0442\u043e\u0432, \u0420\u043e\u0441\u0441\u0438\u044f"
211740,51.596066,45.929378,"410062, Россия, Саратовская область, г. Саратов, ул. Моторная, дом №18, кв. №51","\u0421\u0430\u0440\u0430\u0442\u043e\u0432, \u0420\u043e\u0441\u0441\u0438\u044f"
213480,51.538599,46.008403,"410012, Российская Федерация, Саратовская область, г. Саратов, ул. Большая Казачья, д. 112","\u0421\u0430\u0440\u0430\u0442\u043e\u0432, \u0420\u043e\u0441\u0441\u0438\u044f"
220848,51.532021,46.032828,"410600, Российская Федерация, , г. Саратов, пл. Театральная, д. 9","\u0421\u0430\u0440\u0430\u0442\u043e\u0432, \u0420\u043e\u0441\u0441\u0438\u044f"
222312,51.556079,46.040239,"410038, Россия, Саратовская область, г. Саратов, ул. Аэропорт, д. 20","\u0421\u0430\u0440\u0430\u0442\u043e\u0432, \u0420\u043e\u0441\u0441\u0438\u044f"
224244,51.529203,46.030106,"410600, Российская Федерация, Саратовская область, г. Саратов, ул. Сакко и Ванцетти, дом 14","\u0421\u0430\u0440\u0430\u0442\u043e\u0432, \u0420\u043e\u0441\u0441\u0438\u044f"
225324,51.585877,45.938613,"410033, Россия, Саратовская область, г. Саратов, ул Гвардейская, дом 13 «б»","\u0421\u0430\u0440\u0430\u0442\u043e\u0432, \u0420\u043e\u0441\u0441\u0438\u044f"
226440,51.607713,46.005546,"410035, Россия, Саратовская область, г. Саратов,  ул. Мамонтовой, д. 5, кв. 1","\u0421\u0430\u0440\u0430\u0442\u043e\u0432, \u0420\u043e\u0441\u0441\u0438\u044f"
227136,51.603082,45.993635,"410035, Россия, Саратовская область, г. Саратов, ул. Академика Бардина, д. 1","\u0421\u0430\u0440\u0430\u0442\u043e\u0432, \u0420\u043e\u0441\u0441\u0438\u044f"
243900,51.473676,45.914664,"410022, Российская Федерация, Саратовская область, г. Саратов, ул. Заречная  д. 1-а","\u0421\u0430\u0440\u0430\u0442\u043e\u0432, \u0420\u043e\u0441\u0441\u0438\u044f"
259152,51.519335,46.016164,"410056, Саратовская область, г. Саратов, ул. Шелковичная, дом 4 А","\u0421\u0430\u0440\u0430\u0442\u043e\u0432, \u0420\u043e\u0441\u0441\u0438\u044f"
277704,51.536078,46.027070,"410005, Саратовская область, г. Саратов, улица Вольская, дом 60","\u0421\u0430\u0440\u0430\u0442\u043e\u0432, \u0420\u043e\u0441\u0441\u0438\u044f"
280896,51.537428,46.006849,"410078, Саратовская область, г. Саратов, ул. Железнодорожная, д. 29","\u0421\u0430\u0440\u0430\u0442\u043e\u0432, \u0420\u043e\u0441\u0441\u0438\u044f"
282696,51.606477,46.007136,"410007, Саратовская область, г. Саратов, ул. Мамонтовой, д. 4","\u0421\u0430\u0440\u0430\u0442\u043e\u0432, \u0420\u043e\u0441\u0441\u0438\u044f"
301896,51.607395,45.970476,"410064, Саратовская область, г. Саратов, пр. Строителей, 60, к. 212","\u0421\u0430\u0440\u0430\u0442\u043e\u0432, \u0420\u043e\u0441\u0441\u0438\u044f"
304908,51.506342,45.915221,"410060, Саратовская область, г. Саратов, ул. Южная, д. 38 "Д"","\u0421\u0430\u0440\u0430\u0442\u043e\u0432, \u0420\u043e\u0441\u0441\u0438\u044f"
305016,51.513484,45.989556,"410076, Российская Федерация, Саратовская область, г. Саратов, Дегтярная площадь, д. №1","\u0421\u0430\u0440\u0430\u0442\u043e\u0432, \u0420\u043e\u0441\u0441\u0438\u044f"
306816,51.557983,45.996024,"410009  г. Саратов, проспект 50 лет Октября, д. 9а","\u0421\u0430\u0440\u0430\u0442\u043e\u0432, \u0420\u043e\u0441\u0441\u0438\u044f"
317616,51.520573,46.016784,"410017, Саратовская область, Саратов, Ильинская площадь, д. 17","\u0421\u0430\u0440\u0430\u0442\u043e\u0432, \u0420\u043e\u0441\u0441\u0438\u044f"
319044,51.545802,46.011835,"410005, г. Саратов, ул. Железнодорожная, д. 61/69","\u0421\u0430\u0440\u0430\u0442\u043e\u0432, \u0420\u043e\u0441\u0441\u0438\u044f"
321060,51.504733,45.953273,"410015, г. Саратов, проспект. Энтузиастов, д. 3 «А»","\u0421\u0430\u0440\u0430\u0442\u043e\u0432, \u0420\u043e\u0441\u0441\u0438\u044f"
327852,51.639344,45.932855,"410080, Саратовская область, г. Саратов, Сокурский тракт, д. 57","\u0421\u0430\u0440\u0430\u0442\u043e\u0432, \u0420\u043e\u0441\u0441\u0438\u044f"
333336,51.486538,45.931876,"410039, , Саратов, проспект Энтузиастов, дом 55","\u0421\u0430\u0440\u0430\u0442\u043e\u0432, \u0420\u043e\u0441\u0441\u0438\u044f"
354768,51.471656,45.921868,"410022, г. Саратов, Ул. Южно-Зеленая, д. 2/12","\u0421\u0430\u0440\u0430\u0442\u043e\u0432, \u0420\u043e\u0441\u0441\u0438\u044f"
355200,51.531657,46.067629,"410030, Саратовская область, г. Саратов, ул. Хвесина, д. 42","\u0421\u0430\u0440\u0430\u0442\u043e\u0432, \u0420\u043e\u0441\u0441\u0438\u044f"
363072,51.526967,46.051630,"410002  г. Саратов, ул. Лермонтова, д. 25/1","\u0421\u0430\u0440\u0430\u0442\u043e\u0432, \u0420\u043e\u0441\u0441\u0438\u044f"
371892,51.529113,46.013622,"410600  г. Саратов, ул. Мичурина, д. 19/27","\u0421\u0430\u0440\u0430\u0442\u043e\u0432, \u0420\u043e\u0441\u0441\u0438\u044f"
375876,51.575265,45.974833,"410044  г. Саратов, проспект 50 лет Октября, д. 89 В, офис 210","\u0421\u0430\u0440\u0430\u0442\u043e\u0432, \u0420\u043e\u0441\u0441\u0438\u044f"
377808,51.529847,46.025687,"410600  г. Саратов, ул. Сакко и Ванцетти, д. 41","\u0421\u0430\u0440\u0430\u0442\u043e\u0432, \u0420\u043e\u0441\u0441\u0438\u044f"
381288,51.531528,46.035820,"410059, г. Саратов, Учреждение УШ-382/1","\u0420\u043e\u0441\u0441\u0438\u044f"
394908,51.500769,45.919632,"410036, г. Саратов, ул. Огородная, д.209, кв. 3","\u0421\u0430\u0440\u0430\u0442\u043e\u0432, \u0420\u043e\u0441\u0441\u0438\u044f"
416700,51.507138,45.928705,"410036, г. Саратов, ул. Огородная, д. 173 «а»","\u0421\u0430\u0440\u0430\u0442\u043e\u0432, \u0420\u043e\u0441\u0441\u0438\u044f"
418092,51.576715,46.071267,"410600, г. Саратов, ул. Федоровская,  д.5 кв. 52","\u043f\u043e\u0441\u0435\u043b\u043e\u043a \u042e\u0431\u0438\u043b\u0435\u0439\u043d\u044b\u0439, \u0421\u0430\u0440\u0430\u0442\u043e\u0432, \u0420\u043e\u0441\u0441\u0438\u044f"
418596,51.604061,45.973090,"410080, г. Саратов, ул. Антонова, д. 5А","\u0421\u0430\u0440\u0430\u0442\u043e\u0432, \u0420\u043e\u0441\u0441\u0438\u044f"
422676,51.589576,45.915356,"410033, г. Саратов, ул. Крылова, д. 1 «б»","\u0421\u0430\u0440\u0430\u0442\u043e\u0432, \u0420\u043e\u0441\u0441\u0438\u044f"
