34,51.527847,46.026127,"410012, Российская Федерация, Саратовская область, г. Саратов, ул.Советская, д. 23","\u0421\u0430\u0440\u0430\u0442\u043e\u0432, \u0420\u043e\u0441\u0441\u0438\u044f"
46,51.540212,46.005223,"410012, Российская Федерация, Саратовская область, г. Саратов, ул. Московская, д. 157","\u0421\u0430\u0440\u0430\u0442\u043e\u0432, \u0420\u043e\u0441\u0441\u0438\u044f"
862,51.590785,45.930807,"410033, Российская Федерация, Саратовская область, г. Саратов, 1-й проезд Панфилова, б/н","\u0421\u0430\u0440\u0430\u0442\u043e\u0432, \u0420\u043e\u0441\u0441\u0438\u044f"
3550,51.569522,45.977968,"410065, Российская Федерация, Саратовская область, г. Саратов, Вишневый проезд, д. 15а","\u0421\u0430\u0440\u0430\u0442\u043e\u0432, \u0420\u043e\u0441\u0441\u0438\u044f"
4882,51.546665,46.008691,"410005, Россия, Саратовская область, г. Саратов, ул. Посадского, 308 а","\u0421\u0430\u0440\u0430\u0442\u043e\u0432, \u0420\u043e\u0441\u0441\u0438\u044f"
4894,51.565777,46.022605,"410010, Российская Федерация, Саратовская область, г. Саратов, улица Танкистов, д. 76","\u0421\u0430\u0440\u0430\u0442\u043e\u0432, \u0420\u043e\u0441\u0441\u0438\u044f"
5218,51.594248,45.956211,"410044, Россия, Саратовская область, г. Саратов, ул. Студеная, д. 19, кв. 64","\u0421\u0430\u0440\u0430\u0442\u043e\u0432, \u0420\u043e\u0441\u0441\u0438\u044f"
6478,51.492695,45.950812,"410049, Россия, Саратовская область, г. Саратов, ул. Пензенская, дом 7/2, офис 1","\u0421\u0430\u0440\u0430\u0442\u043e\u0432, \u0420\u043e\u0441\u0441\u0438\u044f"
7558,51.613368,45.999204,"410035, Россия, Саратовская область, г. Саратов, ул. Уфимцева, д. 8","\u0421\u0430\u0440\u0430\u0442\u043e\u0432, \u0420\u043e\u0441\u0441\u0438\u044f"
10030,51.527931,45.971446,"410008, Россия, Саратовская область, г. Саратов, 2-й Детский проезд, д.9/11","\u0421\u0430\u0440\u0430\u0442\u043e\u0432, \u0420\u043e\u0441\u0441\u0438\u044f"
10666,51.528615,46.040599,"410002, Россия, Саратовская область, г. Саратов, улица Некрасова, д.36/19","\u0421\u0430\u0440\u0430\u0442\u043e\u0432, \u0420\u043e\u0441\u0441\u0438\u044f"
11146,51.607395,45.975668,"410064, Российская Федерация, Саратовская область, г. Саратов, ул. им. Чемодурова, дом 14","\u0421\u0430\u0440\u0430\u0442\u043e\u0432, \u0420\u043e\u0441\u0441\u0438\u044f"
11974,51.585217,45.933519,"410033, Российская Федерация, Саратовская область, г. Саратов, 5-я Дачная","\u0421\u0430\u0440\u0430\u0442\u043e\u0432, \u0420\u043e\u0441\u0441\u0438\u044f"
12118,51.545802,46.011835,"410005, Российская Федерация, Саратовская область, г. Саратов, ул.Железнодорожная, д. 61/69","\u0421\u0430\u0440\u0430\u0442\u043e\u0432, \u0420\u043e\u0441\u0441\u0438\u044f"
13342,51.529506,45.965643,"410053, Российская Федерация, Саратовская область, г. Саратов, ул. Клочкова, д. 74","\u0421\u0430\u0440\u0430\u0442\u043e\u0432, \u0420\u043e\u0441\u0441\u0438\u044f"
15226,51.545802,46.011835,"410005, Россия, Саратовская область, г. Саратов, ул. Железнодорожная, д. 61/69","\u0421\u0430\u0440\u0430\u0442\u043e\u0432, \u0420\u043e\u0441\u0441\u0438\u044f"
19762,51.488618,45.920826,"410039, Россия, Саратовская область, г. Саратов, ул. Крымская, д. 15","\u0421\u0430\u0440\u0430\u0442\u043e\u0432, \u0420\u043e\u0441\u0441\u0438\u044f"
21250,51.596687,45.956229,"410044, Саратовская область, г. Саратов, ул. 2-ая Прокатная, б/н","\u0421\u0430\u0440\u0430\u0442\u043e\u0432, \u0420\u043e\u0441\u0441\u0438\u044f"
21310,51.514649,45.996330,"410004, Россия, Саратовская область, г. Саратов, ул. Чернышевского, 63","\u0421\u0430\u0440\u0430\u0442\u043e\u0432, \u0420\u043e\u0441\u0441\u0438\u044f"
21814,51.603994,45.909597,"410086, Россия, Саратовская область, г. Саратов, ул. 2-я Степная, б/н","\u0421\u0430\u0440\u0430\u0442\u043e\u0432, \u0420\u043e\u0441\u0441\u0438\u044f"
21838,51.508669,45.972821,"410076, Российская Федерация, Саратовская область, г. Саратов, ул. Орджоникидзе, дом 26","\u0421\u0430\u0440\u0430\u0442\u043e\u0432, \u0420\u043e\u0441\u0441\u0438\u044f"
23350,51.537237,45.995925,"410078, Российская Федерация, Саратовская область, г. Саратов, улица Рабочая, дом 144","\u0421\u0430\u0440\u0430\u0442\u043e\u0432, \u0420\u043e\u0441\u0441\u0438\u044f"
23674,51.526379,46.023989,"410600, Российская Федерация, Саратовская область, г. Саратов, ул. Мичурина, дом 82/84, помещение 10","\u0421\u0430\u0440\u0430\u0442\u043e\u0432, \u0420\u043e\u0441\u0441\u0438\u044f"
26650,51.609347,45.903624,"410062, г. Саратов, Московское шоссе, д. 79","\u0421\u0430\u0440\u0430\u0442\u043e\u0432, \u0420\u043e\u0441\u0441\u0438\u044f"
28270,51.526076,46.012886,"410056, Россия, Саратовская область, г. Саратов, ул. Бахметьевская, д. 49, пом. 18","\u0421\u0430\u0440\u0430\u0442\u043e\u0432, \u0420\u043e\u0441\u0441\u0438\u044f"
29314,51.531528,46.035820,"410065, Российская Федерация, Саратовская область, г. Саратов, ул. им. Дубовикова Б.А., дом 5","\u0420\u043e\u0441\u0441\u0438\u044f"
32086,51.528850,45.961709,"410053, Российская Федерация, Саратовская область, г. Саратов, ул. Клочкова, д. 81","\u0421\u0430\u0440\u0430\u0442\u043e\u0432, \u0420\u043e\u0441\u0441\u0438\u044f"
36742,51.497714,45.940392,"410049, Саратовская область, г. Саратов, Пензенский переулок, 1 "А"","\u0421\u0430\u0440\u0430\u0442\u043e\u0432, \u0420\u043e\u0441\u0441\u0438\u044f"
36766,51.530139,46.050076,"410002, Российская Федерация, Саратовская область, г. Саратов, улица Мичурина, дом 155","\u0421\u0430\u0440\u0430\u0442\u043e\u0432, \u0420\u043e\u0441\u0441\u0438\u044f"
38722,51.590678,46.111808,"410050, Саратовская область, г. Саратов, ул. Абрикосовая, дом 27","\u043f\u043e\u0441\u0435\u043b\u043e\u043a \u0417\u043e\u043d\u0430\u043b\u044c\u043d\u0430\u044f, \u0421\u0430\u0440\u0430\u0442\u043e\u0432, \u0420\u043e\u0441\u0441\u0438\u044f"
39550,51.531528,46.035820,"410080, Россия, Саратовская область, г. Саратов, ул. им. Блинова Ф.А., дом 1, Литер АА1","\u0420\u043e\u0441\u0441\u0438\u044f"
40306,51.585217,45.933519,"410033, Саратовская область, г. Саратов, ул. 5-я Дачная","\u0421\u0430\u0440\u0430\u0442\u043e\u0432, \u0420\u043e\u0441\u0441\u0438\u044f"
43990,51.586302,45.934076,"410033, Российская Федерация, Саратовская область, г. Саратов, ул. Гвардейская, д. 15 "Б"","\u0421\u0430\u0440\u0430\u0442\u043e\u0432, \u0420\u043e\u0441\u0441\u0438\u044f"
53998,51.561914,45.994425,"410009, Россия, Саратовская область, г. Саратов, 50 лет Октября, д. 70","\u0421\u0430\u0440\u0430\u0442\u043e\u0432, \u0420\u043e\u0441\u0441\u0438\u044f"
54586,51.531528,46.035820,"410012, Россия, Саратовская область, г. Саратов, ул. им. Слонова И.А., 37/41","\u0420\u043e\u0441\u0441\u0438\u044f"
56686,51.590309,45.939197,"410033, Россия, Саратовская область, г. Саратов, ул. Спартака, д. 8","\u0421\u0430\u0440\u0430\u0442\u043e\u0432, \u0420\u043e\u0441\u0441\u0438\u044f"
57946,51.564982,45.995458,"410009, Российская Федерация, Саратовская область, г. Саратов, ул. Мельничная, дом 69","\u0421\u0430\u0440\u0430\u0442\u043e\u0432, \u0420\u043e\u0441\u0441\u0438\u044f"
64810,51.581904,45.957684,"410033, Российская Федерация, Саратовская область, г. Саратов, ул. Международная, 26 Б","\u0421\u0430\u0440\u0430\u0442\u043e\u0432, \u0420\u043e\u0441\u0441\u0438\u044f"
64906,51.613631,45.978750,"410064, Саратовская область, г. Саратов, ул. Тархова, 7 "А"","\u0421\u0430\u0440\u0430\u0442\u043e\u0432, \u0420\u043e\u0441\u0441\u0438\u044f"
65218,51.531069,45.978579,"410054, Российская Федерация, Саратовская область, г. Саратов, ул. 2-ая Садовая, д. 103а","\u0421\u0430\u0440\u0430\u0442\u043e\u0432, \u0420\u043e\u0441\u0441\u0438\u044f"
65842,51.570793,46.025642,"410010, Россия, Саратовская область, г. Саратов, ул. Танкистов, д. 84 "а"","\u0421\u0430\u0440\u0430\u0442\u043e\u0432, \u0420\u043e\u0441\u0441\u0438\u044f"
66058,51.530962,45.984490,"410054, Российская Федерация, Саратовская область, г. Саратов, ул. 2-я Садовая, д. 106, корп. 9","\u0421\u0430\u0440\u0430\u0442\u043e\u0432, \u0420\u043e\u0441\u0441\u0438\u044f"
68758,51.514890,45.982810,"410008, Россия, Саратовская область, г. Саратов, Ново-Астраханское шоссе, д.1","\u0421\u0430\u0440\u0430\u0442\u043e\u0432, \u0420\u043e\u0441\u0441\u0438\u044f"
76066,51.526396,46.008798,"410056, Российская Федерация, Саратовская область, г. Саратов, ул. Белоглинская, д. 75/81, кв. 48","\u0421\u0430\u0440\u0430\u0442\u043e\u0432, \u0420\u043e\u0441\u0441\u0438\u044f"
76174,51.519228,45.991173,"410004, Саратовская область, г. Саратов, 1 Станционный проезд, д. 6","\u0421\u0430\u0440\u0430\u0442\u043e\u0432, \u0420\u043e\u0441\u0441\u0438\u044f"
79954,51.468823,45.916092,"410022, Саратовская область, г. Саратов, ул. Хомяковой, 13","\u0421\u0430\u0440\u0430\u0442\u043e\u0432, \u0420\u043e\u0441\u0441\u0438\u044f"
79966,51.537680,46.011296,"410012, Российская Федерация, Саратовская область, г. Саратов, ул. Б. Казачья, 110","\u0421\u0430\u0440\u0430\u0442\u043e\u0432, \u0420\u043e\u0441\u0441\u0438\u044f"
80590,51.537988,45.983502,"410071, Российская Федерация, Саратовская область, г. Саратов, ул. Шелковичная, д. 122/126","\u0421\u0430\u0440\u0430\u0442\u043e\u0432, \u0420\u043e\u0441\u0441\u0438\u044f"
85858,51.527348,46.029864,"410028, Саратовская область, г. Саратов, ул. Советская, д. 6/8","\u0421\u0430\u0440\u0430\u0442\u043e\u0432, \u0420\u043e\u0441\u0441\u0438\u044f"
89362,51.575876,46.012212,"410010, Россия, Саратовская область, г. Саратов, ул. Техническая, д.5, литера А","\u0421\u0430\u0440\u0430\u0442\u043e\u0432, \u0420\u043e\u0441\u0441\u0438\u044f"
93346,51.477406,45.895386,"410048, Российская Федерация, Саратовская область, г. Саратов, улица Тульская, дом 49","\u0421\u0430\u0440\u0430\u0442\u043e\u0432, \u0420\u043e\u0441\u0441\u0438\u044f"
95890,51.531528,46.035820,"410080, Российская Федерация, Саратовская область, г. Саратов, а/я 942","\u0420\u043e\u0441\u0441\u0438\u044f"
95962,51.538033,46.020027,"410012, Российская Федерация, Саратовская область, г. Саратов, ул. им. Челюскинцев, д. № 173","\u0421\u0430\u0440\u0430\u0442\u043e\u0432, \u0420\u043e\u0441\u0441\u0438\u044f"
98878,51.568464,46.007981,"410010, Российская Федерация, Саратовская область, г. Саратов, ул. Артиллерийская, д. 25","\u0421\u0430\u0440\u0430\u0442\u043e\u0432, \u0420\u043e\u0441\u0441\u0438\u044f"
99958,51.531528,46.035820,"410007, Российская Федерация, Саратовская область, г. Саратов, ул. им. Чехова А.П., д.2","\u0420\u043e\u0441\u0441\u0438\u044f"
100966,51.595613,45.959921,"410041, Россия, Саратовская область, г. Саратов, улица Загороднева, 19","\u0421\u0430\u0440\u0430\u0442\u043e\u0432, \u0420\u043e\u0441\u0441\u0438\u044f"
102874,51.550882,46.021887,"410019, Россия, Саратовская область, г. Саратов, ул. 2 Ремонтный проезд, д. 13","\u0421\u0430\u0440\u0430\u0442\u043e\u0432, \u0420\u043e\u0441\u0441\u0438\u044f"
105646,51.532049,45.974411,"410008, Российская Федерация, Саратовская область, г. Саратов, 2-я Садовая, д. 115/121","\u0421\u0430\u0440\u0430\u0442\u043e\u0432, \u0420\u043e\u0441\u0441\u0438\u044f"
106510,51.531528,46.035820,"410035, Российская Федерация, Саратовская область, г. Саратов, ул. им. Уфимцева К.Г., 8а","\u0420\u043e\u0441\u0441\u0438\u044f"
111070,51.528805,46.029990,"410600, Российская Федерация, Саратовская область, г. Саратов, ул. Сакко и Ванцетти, 21","\u0421\u0430\u0440\u0430\u0442\u043e\u0432, \u0420\u043e\u0441\u0441\u0438\u044f"
123142,51.531528,46.035820,"410022, Российская Федерация, Саратовская область, г. Саратов, ул. им. Азина В.М., 53 а","\u0420\u043e\u0441\u0441\u0438\u044f"
129118,51.538078,46.014727,"410012, Российская Федерация, Саратовская область, г. Саратов, ул. Московская, д. 149А","\u0421\u0430\u0440\u0430\u0442\u043e\u0432, \u0420\u043e\u0441\u0441\u0438\u044f"
131482,51.522272,46.017350,"410028, Российская Федерация, Саратовская область, г. Саратов, Вольский переулок,  д. 15, корпус №3","\u0421\u0430\u0440\u0430\u0442\u043e\u0432, \u0420\u043e\u0441\u0441\u0438\u044f"
136378,51.542285,46.025139,"410012, Российская Федерация, Саратовская область, Саратов, ул. Посадского д. 179/191","\u0421\u0430\u0440\u0430\u0442\u043e\u0432, \u0420\u043e\u0441\u0441\u0438\u044f"
142258,51.709343,45.880187,"410012, Российская Федерация, Саратовская область, г. Саратов, Проспект им. Кирова С.М., д. № 31/35","\u0421\u0430\u0440\u0430\u0442\u043e\u0432\u0441\u043a\u0438\u0439 \u0440\u0430\u0439\u043e\u043d, \u0421\u0430\u0440\u0430\u0442\u043e\u0432\u0441\u043a\u0430\u044f \u043e\u0431\u043b\u0430\u0441\u0442\u044c, \u0420\u043e\u0441\u0441\u0438\u044f"
144598,51.543192,46.008322,"410071, Россия, Саратовская область, г. Саратов, ул. Университетская, д. 46","\u0421\u0430\u0440\u0430\u0442\u043e\u0432, \u0420\u043e\u0441\u0441\u0438\u044f"
167134,51.516998,46.010990,"410017, Саратовская область, г. Саратов, ул. им. Н.Г. Чернышевского, д. 90","\u0421\u0430\u0440\u0430\u0442\u043e\u0432, \u0420\u043e\u0441\u0441\u0438\u044f"
179410,51.529388,45.988856,"410054, Россия, Саратовская область, г. Саратов, ул. 2-ая Садовая, д.96А","\u0421\u0430\u0440\u0430\u0442\u043e\u0432, \u0420\u043e\u0441\u0441\u0438\u044f"
191818,51.580157,45.962463,"410052, Российская Федерация, Саратовская область, г. Саратов, ул.  Мира, д.9-а","\u0421\u0430\u0440\u0430\u0442\u043e\u0432, \u0420\u043e\u0441\u0441\u0438\u044f"
195490,51.549768,46.047381,"410003, Российская Федерация, Саратовская область, г. Саратов, ул. Мясницкая, дом 157","\u0421\u0430\u0440\u0430\u0442\u043e\u0432, \u0420\u043e\u0441\u0441\u0438\u044f"
203218,51.536005,46.026459,"410012, Россия, Саратовская область, г. Саратов, ул. Московская, д. 106","\u0421\u0430\u0440\u0430\u0442\u043e\u0432, \u0420\u043e\u0441\u0441\u0438\u044f"
206722,51.531528,46.035820,"410005, Россия, Саратовская область, г. Саратов, улица Ст.Разина, дом 54, помещение 309","\u0420\u043e\u0441\u0441\u0438\u044f"
207610,51.525202,46.023055,"410028, Российская Федерация, Саратовская область, Саратов, ул. Рабочая, дом 18","\u0421\u0430\u0440\u0430\u0442\u043e\u0432, \u0420\u043e\u0441\u0441\u0438\u044f"
211282,51.540021,46.048010,"410003, Россия, Саратовская область, г. Саратов, ул. Соколовая, 145/153","\u0421\u0430\u0440\u0430\u0442\u043e\u0432, \u0420\u043e\u0441\u0441\u0438\u044f"
211774,51.606947,45.974231,"410069, Россия, Саратовская область, г. Саратов, ул. Чемодурова, дом №10, кв. №35","\u0421\u0430\u0440\u0430\u0442\u043e\u0432, \u0420\u043e\u0441\u0441\u0438\u044f"
211834,51.517581,45.989502,"410008, Россия, Саратовская область, г. Саратов, ул. Б. Садовая, дом №56/64, кв. №46","\u0421\u0430\u0440\u0430\u0442\u043e\u0432, \u0420\u043e\u0441\u0441\u0438\u044f"
219922,51.588899,45.968302,"410044, Российская Федерация, Саратовская область, г. Саратов, Проспект Строителей, дом 12","\u0421\u0430\u0440\u0430\u0442\u043e\u0432, \u0420\u043e\u0441\u0441\u0438\u044f"
231226,51.528441,46.021393,"410012, Россия, Саратовская область, г. Саратов, ул. Тараса Шевченко, дом 18","\u0421\u0430\u0440\u0430\u0442\u043e\u0432, \u0420\u043e\u0441\u0441\u0438\u044f"
233686,51.609274,45.985649,"410064, Российская Федерация, Саратовская область, г. Саратов, улица Перспективная, д. 23 «А»","\u0421\u0430\u0440\u0430\u0442\u043e\u0432, \u0420\u043e\u0441\u0441\u0438\u044f"
234166,51.610572,45.992170,"410035, г. Саратов, ул. Уфимцева, д.1","\u0421\u0430\u0440\u0430\u0442\u043e\u0432, \u0420\u043e\u0441\u0441\u0438\u044f"
235426,51.580208,45.963945,"410052, Российская Федерация, Саратовская область, г. Саратов, ул. Мира, д. 5 А","\u0421\u0430\u0440\u0430\u0442\u043e\u0432, \u0420\u043e\u0441\u0441\u0438\u044f"
241678,51.531528,46.035820,"410056, Россия, Саратовская область, г. Саратов, улица им. Рахова В.Г., д. №42, помещение №501","\u0420\u043e\u0441\u0441\u0438\u044f"
241726,51.564075,45.987454,"410040, Россия, Саратовская область, г. Саратов, ул. Техническая, д. 10 "А"","\u0421\u0430\u0440\u0430\u0442\u043e\u0432, \u0420\u043e\u0441\u0441\u0438\u044f"
251062,51.531024,46.038739,"410031, Саратовская область, г. Саратов, ул. Соборная, д. 23/25","\u0421\u0430\u0440\u0430\u0442\u043e\u0432, \u0420\u043e\u0441\u0441\u0438\u044f"
257722,51.532010,46.042054,"410031, Саратовская область, г. Саратов, ул. Московская, д. 47","\u0421\u0430\u0440\u0430\u0442\u043e\u0432, \u0420\u043e\u0441\u0441\u0438\u044f"
262270,51.582122,45.949249,"410033, Саратовская область, г. Саратов, ул. Мира, д. 29 А","\u0421\u0430\u0440\u0430\u0442\u043e\u0432, \u0420\u043e\u0441\u0441\u0438\u044f"
262546,51.526289,46.029433,"410028, Саратовская область, г. Саратов, ул. Провиантская, дом 23","\u0421\u0430\u0440\u0430\u0442\u043e\u0432, \u0420\u043e\u0441\u0441\u0438\u044f"
264478,51.546435,46.024168,"410005, г. Саратов, ул. Соколовая, дом № 290","\u0421\u0430\u0440\u0430\u0442\u043e\u0432, \u0420\u043e\u0441\u0441\u0438\u044f"
268042,51.527337,46.022057,"410056, Саратовская область, г. Саратов, ул. Вольская, д. 22","\u0421\u0430\u0440\u0430\u0442\u043e\u0432, \u0420\u043e\u0441\u0441\u0438\u044f"
272146,51.543579,46.004226,"410005,  г.  Саратов, ул. Степана Разина, дом 77","\u0421\u0430\u0440\u0430\u0442\u043e\u0432, \u0420\u043e\u0441\u0441\u0438\u044f"
282514,51.590404,45.928004,"410066, Саратовская область, г. Саратов, ул. им. З. Космодемьянской, д. 28","\u0421\u0430\u0440\u0430\u0442\u043e\u0432, \u0420\u043e\u0441\u0441\u0438\u044f"
289690,51.598763,45.924491,"410062, Саратовская область, г. Саратов, улица Московское шоссе,  29а","\u0421\u0430\u0440\u0430\u0442\u043e\u0432, \u0420\u043e\u0441\u0441\u0438\u044f"
291526,51.488214,45.923988,"410039, , г. Саратов, Крымский тупик, 6","\u0421\u0430\u0440\u0430\u0442\u043e\u0432, \u0420\u043e\u0441\u0441\u0438\u044f"
296158,51.467712,45.921374,"410022, Саратовская область, г. Саратов, ул. Брянская, 9","\u0421\u0430\u0440\u0430\u0442\u043e\u0432, \u0420\u043e\u0441\u0441\u0438\u044f"
313954,51.530503,46.023082,"410029, Саратовская область, г. Саратов, ул. Сакко и Ванцетти, 55","\u0421\u0430\u0440\u0430\u0442\u043e\u0432, \u0420\u043e\u0441\u0441\u0438\u044f"
318550,51.531584,46.020719,"410600, Саратовская область, Саратов, ул.Чапаева, д. 60","\u0421\u0430\u0440\u0430\u0442\u043e\u0432, \u0420\u043e\u0441\u0441\u0438\u044f"
318850,51.526407,46.032505,"410028, Саратовская область, г. Саратов, ул. Советская, 1","\u0421\u0430\u0440\u0430\u0442\u043e\u0432, \u0420\u043e\u0441\u0441\u0438\u044f"
319366,51.537764,46.015976,"410600, г. Саратов, ул. Московская, д. 137/149","\u0421\u0430\u0440\u0430\u0442\u043e\u0432, \u0420\u043e\u0441\u0441\u0438\u044f"
329206,51.599110,45.969758,"410080, , г. Саратов, проспект Строителей, д.36-а","\u0421\u0430\u0440\u0430\u0442\u043e\u0432, \u0420\u043e\u0441\u0441\u0438\u044f"
330622,51.564842,46.017512,"410010, г. Саратов, ул. Навашина, дом № 5, кв. 121","\u0421\u0430\u0440\u0430\u0442\u043e\u0432, \u0420\u043e\u0441\u0441\u0438\u044f"
342346,51.542156,46.004082,"410026, г. Саратов, ул. Степана Разина, д. 75А","\u0421\u0430\u0440\u0430\u0442\u043e\u0432, \u0420\u043e\u0441\u0441\u0438\u044f"
351922,51.593560,45.948135,"410041, Саратовская область, Саратов, Московское шоссе, 2","\u0421\u0430\u0440\u0430\u0442\u043e\u0432, \u0420\u043e\u0441\u0441\u0438\u044f"
352150,51.563649,46.015985,"410010, Саратовская область, г. Саратов, ул. Зенитная, д. 14","\u0421\u0430\u0440\u0430\u0442\u043e\u0432, \u0420\u043e\u0441\u0441\u0438\u044f"
355702,51.532257,46.027690,"410600, г. Саратов, ул. Яблочкова, д. 15","\u0421\u0430\u0440\u0430\u0442\u043e\u0432, \u0420\u043e\u0441\u0441\u0438\u044f"
369358,51.541103,46.030421,"410005  г. Саратов, ул. Посадского, д. 235/243, кв. 149","\u0421\u0430\u0440\u0430\u0442\u043e\u0432, \u0420\u043e\u0441\u0441\u0438\u044f"
375070,51.569085,45.980816,"410040  г. Саратов,  ул. Деловая, д. 6, кв. 97","\u0421\u0430\u0440\u0430\u0442\u043e\u0432, \u0420\u043e\u0441\u0441\u0438\u044f"
413842,51.559618,46.028786,"410019, г. Саратов, ул. Высокая, д. 17","\u0421\u0430\u0440\u0430\u0442\u043e\u0432, \u0420\u043e\u0441\u0441\u0438\u044f"
416698,51.498263,45.932433,"410049, г. Саратов, пр. Энтузиастов, д. 50 «б»","\u0421\u0430\u0440\u0430\u0442\u043e\u0432, \u0420\u043e\u0441\u0441\u0438\u044f"
419590,51.528934,46.025561,"410056, г. Саратов, 
ул. Пушкина, д. 11/15, оф.6","\u0421\u0430\u0440\u0430\u0442\u043e\u0432, \u0420\u043e\u0441\u0441\u0438\u044f"
