237,51.530352,46.025211,"410600, Россия, Саратовская область, г. Саратов, ул. Сакко и Ванцетти, д. 42, офис 20","\u0421\u0430\u0440\u0430\u0442\u043e\u0432, \u0420\u043e\u0441\u0441\u0438\u044f"
1197,51.574650,45.975597,"410065, Саратовская область, Саратов, проспект 50 лет Октября, д.89 А","\u0421\u0430\u0440\u0430\u0442\u043e\u0432, \u0420\u043e\u0441\u0441\u0438\u044f"
2853,51.529506,46.024627,"410056, Саратовская область, г. Саратов, ул. Пушкина, д. 22","\u0421\u0430\u0440\u0430\u0442\u043e\u0432, \u0420\u043e\u0441\u0441\u0438\u044f"
3201,51.709343,45.880187,"410012, Россия, Саратовская область, Саратовский район, г. Саратов, просп. им. Кирова С.М., д.1","\u0421\u0430\u0440\u0430\u0442\u043e\u0432\u0441\u043a\u0438\u0439 \u0440\u0430\u0439\u043e\u043d, \u0421\u0430\u0440\u0430\u0442\u043e\u0432\u0441\u043a\u0430\u044f \u043e\u0431\u043b\u0430\u0441\u0442\u044c, \u0420\u043e\u0441\u0441\u0438\u044f"
3861,51.531528,46.035820,"410031, Российская Федерация, Саратовская область, г. Саратов, улица им. Радищева А.Н., дом 24","\u0420\u043e\u0441\u0441\u0438\u044f"
7545,51.533220,46.057658,"410030, Российская Федерация, Саратовская область, г. Саратов, ул. Большая Горная, д. 43","\u0421\u0430\u0440\u0430\u0442\u043e\u0432, \u0420\u043e\u0441\u0441\u0438\u044f"
8589,51.599462,45.959463,"410041, Россия, Саратовская область, г. Саратов, ул. Ломоносова, 4 "А"","\u0421\u0430\u0440\u0430\u0442\u043e\u0432, \u0420\u043e\u0441\u0441\u0438\u044f"
12765,51.531528,46.035820,"410002, Российская Федерация, Саратовская область, г. Саратов, ул. им. Лермонтова М.Ю., д. 31","\u0420\u043e\u0441\u0441\u0438\u044f"
13521,51.486538,45.931876,"410039, Российская Федерация, Саратовская область, г. Саратов, проспект Энтузиастов, дом 55","\u0421\u0430\u0440\u0430\u0442\u043e\u0432, \u0420\u043e\u0441\u0441\u0438\u044f"
14457,51.542845,46.016874,"410005, Российская Федерация, Саратовская область, г. Саратов, ул. им. Е.И. Пугачева, 159, офис 602","\u0421\u0430\u0440\u0430\u0442\u043e\u0432, \u0420\u043e\u0441\u0441\u0438\u044f"
16917,51.529904,46.029522,"410600, Россия, Саратовская область, Саратов, ул. Максима Горького, д.28, кв. 1","\u0421\u0430\u0440\u0430\u0442\u043e\u0432, \u0420\u043e\u0441\u0441\u0438\u044f"
16965,51.531528,46.035820,"410035, Саратовская область, г. Саратов, ул. им. Бардина И.П., дом 8","\u0420\u043e\u0441\u0441\u0438\u044f"
18165,51.473019,45.904612,"410048, Российская Федерация, Саратовская область, г. Саратов, ул. Тульская, б/н","\u0421\u0430\u0440\u0430\u0442\u043e\u0432, \u0420\u043e\u0441\u0441\u0438\u044f"
18333,51.492695,45.950812,"410049, Российская Федерация, Саратовская область, г. Саратов, ул. Пензенская, дом 7/2","\u0421\u0430\u0440\u0430\u0442\u043e\u0432, \u0420\u043e\u0441\u0441\u0438\u044f"
19257,51.499385,45.914978,"410060, Российская Федерация, Саратовская область, г. Саратов, ул. Миллеровская, д. 71-А","\u0421\u0430\u0440\u0430\u0442\u043e\u0432, \u0420\u043e\u0441\u0441\u0438\u044f"
19857,51.589576,45.915356,"410033, Российская Федерация, Саратовская область, г. Саратов, ул. Крылова Н.И., 1 "б"","\u0421\u0430\u0440\u0430\u0442\u043e\u0432, \u0420\u043e\u0441\u0441\u0438\u044f"
19965,51.588871,45.925875,"410033, Россия, Саратовская область, г. Саратов, ул. Гвардейская, д. 28, помещение 5.","\u0421\u0430\u0440\u0430\u0442\u043e\u0432, \u0420\u043e\u0441\u0441\u0438\u044f"
20133,51.496368,45.933358,"410049, Российская Федерация, Саратовская область, г. Саратов, пр. Энтузиастов, д. 31","\u0421\u0430\u0440\u0430\u0442\u043e\u0432, \u0420\u043e\u0441\u0441\u0438\u044f"
22281,51.510687,45.946662,"410001, Россия, Саратовская область, г. Саратов, ул. Огородная, дом 101 "А"","\u0421\u0430\u0440\u0430\u0442\u043e\u0432, \u0420\u043e\u0441\u0441\u0438\u044f"
22617,51.522748,46.009337,"410017, Россия, Саратовская область, г. Саратов, ул. Шелковичная, д. № 29/35, комната № 5","\u0421\u0430\u0440\u0430\u0442\u043e\u0432, \u0420\u043e\u0441\u0441\u0438\u044f"
23625,51.471707,45.919667,"410022, Россия, Саратовская область, г. Саратов, улица Новокрекингская, дом 6","\u0421\u0430\u0440\u0430\u0442\u043e\u0432, \u0420\u043e\u0441\u0441\u0438\u044f"
25689,51.530475,46.029334,"410600, Россия, Саратовская область, г. Саратов, ул. М. Горького, д. 27","\u0421\u0430\u0440\u0430\u0442\u043e\u0432, \u0420\u043e\u0441\u0441\u0438\u044f"
28317,51.570367,46.066856,"410018, Саратовская область, г. Саратов, ул.Усть-Курдюмская, д. 3","\u043f\u043e\u0441\u0435\u043b\u043e\u043a \u042e\u0431\u0438\u043b\u0435\u0439\u043d\u044b\u0439, \u0421\u0430\u0440\u0430\u0442\u043e\u0432, \u0420\u043e\u0441\u0441\u0438\u044f"
28557,51.561947,45.994192,"400065, Россия, Волгоградская область, г. Волгоград, 410009, РФ, Саратов, пр.50 лет Октября, д. 70, кв. 173","\u0421\u0430\u0440\u0430\u0442\u043e\u0432, \u0420\u043e\u0441\u0441\u0438\u044f"
31065,51.563201,46.021222,"410019, Россия, Саратовская область, г. Саратов, ул. Танкистов, д. 68","\u0421\u0430\u0440\u0430\u0442\u043e\u0432, \u0420\u043e\u0441\u0441\u0438\u044f"
31077,51.530341,46.051280,"410031, Саратовская область, г. Саратов, ул. Тулупная, д. 11","\u0421\u0430\u0440\u0430\u0442\u043e\u0432, \u0420\u043e\u0441\u0441\u0438\u044f"
33009,51.532066,46.039943,"410031, Россия, Саратовская область, г. Саратов, улица Соборная, дом № 42","\u0421\u0430\u0440\u0430\u0442\u043e\u0432, \u0420\u043e\u0441\u0441\u0438\u044f"
33417,51.527242,45.983834,"410054, Российская Федерация, Саратовская область, г. Саратов, улица 1-я Беговая, дом 8 "а"","\u0421\u0430\u0440\u0430\u0442\u043e\u0432, \u0420\u043e\u0441\u0441\u0438\u044f"
33477,51.540324,46.003579,"410012, Россия, Саратовская область, г. Саратов, ул. Степана Разина, д. 52","\u0421\u0430\u0440\u0430\u0442\u043e\u0432, \u0420\u043e\u0441\u0441\u0438\u044f"
34821,51.549891,46.024824,"410005, Саратовская область, г. Саратов, ул. им. Рахова д. 280","\u0421\u0430\u0440\u0430\u0442\u043e\u0432, \u0420\u043e\u0441\u0441\u0438\u044f"
36873,51.531528,46.035820,"410012, Саратовская область, г. Саратов, ул. им. Д.В. Емлютина, д. 44А","\u0420\u043e\u0441\u0441\u0438\u044f"
37137,51.564002,46.028939,"410010, Саратовская область, г. Саратов, ул. Жуковского, 16 А","\u0421\u0430\u0440\u0430\u0442\u043e\u0432, \u0420\u043e\u0441\u0441\u0438\u044f"
41061,51.602383,45.998486,"410007, Российская Федерация, Саратовская область, г. Саратов, улица Им. Академика Антонова О.К., дом № 33","\u0421\u0430\u0440\u0430\u0442\u043e\u0432, \u0420\u043e\u0441\u0441\u0438\u044f"
41097,51.537859,46.031256,"410012, Россия, Саратовская область, г. Саратов, улица Гоголя, 42","\u0421\u0430\u0440\u0430\u0442\u043e\u0432, \u0420\u043e\u0441\u0441\u0438\u044f"
42417,51.548793,46.016677,"410005, Россия, Саратовская область, г. Саратов, улица Танкистов, дом 15","\u0421\u0430\u0440\u0430\u0442\u043e\u0432, \u0420\u043e\u0441\u0441\u0438\u044f"
44061,51.496519,45.939368,"410049, Россия, Саратовская область, г. Саратов, улица Кавказская, дом 2","\u0421\u0430\u0440\u0430\u0442\u043e\u0432, \u0420\u043e\u0441\u0441\u0438\u044f"
56901,51.534425,45.999114,"410078, Российская Федерация, Саратовская область, г. Саратов, ул. Рабочая, 145/155","\u0421\u0430\u0440\u0430\u0442\u043e\u0432, \u0420\u043e\u0441\u0441\u0438\u044f"
60321,51.494422,45.934804,"410049, Российская Федерация, Саратовская область, г. Саратов, ул. Пономарева, д. 16","\u0421\u0430\u0440\u0430\u0442\u043e\u0432, \u0420\u043e\u0441\u0441\u0438\u044f"
62673,51.562765,45.990652,"410009, Россия, Саратовская область, г. Саратов, ул. Аптечная, д. 30, кв. 101","\u0421\u0430\u0440\u0430\u0442\u043e\u0432, \u0420\u043e\u0441\u0441\u0438\u044f"
63189,51.585625,45.968617,"410069, Россия, Самарская область, Саратов, проспект Строителей, 2, комната 6","\u0421\u0430\u0440\u0430\u0442\u043e\u0432, \u0420\u043e\u0441\u0441\u0438\u044f"
64869,51.536352,46.022785,"410012, Российская Федерация, Саратовская область, г. Саратов, ул. Московская, д. 113-17","\u0421\u0430\u0440\u0430\u0442\u043e\u0432, \u0420\u043e\u0441\u0441\u0438\u044f"
66081,51.539019,46.013667,"410012, Российская Федерация, Саратовская область, г. Саратов, ул. Московская, д. 156-А","\u0421\u0430\u0440\u0430\u0442\u043e\u0432, \u0420\u043e\u0441\u0441\u0438\u044f"
66573,51.516208,45.962885,"410001, Российская Федерация, Саратовская область, г. Саратов, ул. Огородная, д. 33а","\u0421\u0430\u0440\u0430\u0442\u043e\u0432, \u0420\u043e\u0441\u0441\u0438\u044f"
68373,51.477743,45.929396,"410039, Российская Федерация, Саратовская область, г. Саратов, ул. Васильковская, 1","\u0421\u0430\u0440\u0430\u0442\u043e\u0432, \u0420\u043e\u0441\u0441\u0438\u044f"
70893,51.570507,45.977312,"410065, Саратовская область, Саратов, Вишневый проезд, дом №19","\u0421\u0430\u0440\u0430\u0442\u043e\u0432, \u0420\u043e\u0441\u0441\u0438\u044f"
75357,51.563549,46.023612,"410019, Россия, Саратовская область, г. Саратов, ул. Высокая, дом 4","\u0421\u0430\u0440\u0430\u0442\u043e\u0432, \u0420\u043e\u0441\u0441\u0438\u044f"
79929,51.536145,46.032523,"410012, Российская Федерация, Саратовская область, г. Саратов, ул.им.И.С.Кутякова, д.13","\u0421\u0430\u0440\u0430\u0442\u043e\u0432, \u0420\u043e\u0441\u0441\u0438\u044f"
80601,51.527029,45.994677,"410004, Россия, Саратовская область, г. Саратов, ул. Железнодорожная, д. 12","\u0421\u0430\u0440\u0430\u0442\u043e\u0432, \u0420\u043e\u0441\u0441\u0438\u044f"
86373,51.580499,45.970458,"410040, Саратовская область, г. Саратов, Проспект 50 лет Октября, площадь Ленина","\u0421\u0430\u0440\u0430\u0442\u043e\u0432, \u0420\u043e\u0441\u0441\u0438\u044f"
97269,51.533142,46.037455,"410031, Россия, Саратовская область, г. Саратов, ул. Московская, д. 59/30","\u0421\u0430\u0440\u0430\u0442\u043e\u0432, \u0420\u043e\u0441\u0441\u0438\u044f"
100593,51.496368,45.933358,"410049, Российская Федерация, Саратовская область, г. Саратов, проспект Энтузиастов, дом 31","\u0421\u0430\u0440\u0430\u0442\u043e\u0432, \u0420\u043e\u0441\u0441\u0438\u044f"
103641,51.521016,46.020144,"410028, Российская Федерация, Саратовская область, г. Саратов, улица Вольская, дом 6","\u0421\u0430\u0440\u0430\u0442\u043e\u0432, \u0420\u043e\u0441\u0441\u0438\u044f"
105585,51.558957,45.997965,"410009, Российская Федерация, Саратовская область, г. Саратов, Проспект 50 Лет Октября, 34/56","\u0421\u0430\u0440\u0430\u0442\u043e\u0432, \u0420\u043e\u0441\u0441\u0438\u044f"
106521,51.537685,46.037104,"410003, Российская Федерация, Саратовская область, г. Саратов, ул. Зарубина, д. 18, ком. 12","\u0421\u0430\u0440\u0430\u0442\u043e\u0432, \u0420\u043e\u0441\u0441\u0438\u044f"
118641,51.521689,46.025812,"410028, Российская Федерация, Саратовская область, г. Саратов, ул. Чернышевского, 141","\u0421\u0430\u0440\u0430\u0442\u043e\u0432, \u0420\u043e\u0441\u0441\u0438\u044f"
123189,51.585217,45.933519,"410033, Российская Федерация, Саратовская область, г. Саратов, ул. 5-я Дачная","\u0421\u0430\u0440\u0430\u0442\u043e\u0432, \u0420\u043e\u0441\u0441\u0438\u044f"
123453,51.566062,45.986852,"410040, Российская Федерация, Саратовская область, г. Саратов, пр-кт 50 лет Октября, д. 63","\u0421\u0430\u0440\u0430\u0442\u043e\u0432, \u0420\u043e\u0441\u0441\u0438\u044f"
128505,51.592032,46.024124,"410047, Российская Федерация, Саратовская область, г. Саратов, ул. Городская, д. 74","\u0421\u0430\u0440\u0430\u0442\u043e\u0432, \u0420\u043e\u0441\u0441\u0438\u044f"
135369,51.615499,45.975336,"410064, Российская Федерация, Саратовская область, г. Саратов, улица Тархова, дом 1 "А"","\u0421\u0430\u0440\u0430\u0442\u043e\u0432, \u0420\u043e\u0441\u0441\u0438\u044f"
146121,51.531528,46.035820,"410007, Российская Федерация, Саратовская область, г. Саратов, ул. им. Чехова А.П., д. 6А, оф. 305","\u0420\u043e\u0441\u0441\u0438\u044f"
162693,51.527533,45.981588,"410054, Российская Федерация, Саратовская область, г. Саратов, ул. Большая Садовая, 113","\u0421\u0430\u0440\u0430\u0442\u043e\u0432, \u0420\u043e\u0441\u0441\u0438\u044f"
164049,51.602584,45.905923,"410086, Российская Федерация, Саратовская область, г. Саратов, ул. Буровая, д. 9","\u0421\u0430\u0440\u0430\u0442\u043e\u0432, \u0420\u043e\u0441\u0441\u0438\u044f"
172017,51.598914,45.954414,"410041, Россия, Саратовская область, г. Саратов, ул. Ломоносова, 1","\u0421\u0430\u0440\u0430\u0442\u043e\u0432, \u0420\u043e\u0441\u0441\u0438\u044f"
173481,51.529136,46.045845,"410002, Российская Федерация, Саратовская область, г. Саратов, улица им. Григорьева Е.Ф., дом 26","\u0421\u0430\u0440\u0430\u0442\u043e\u0432, \u0420\u043e\u0441\u0441\u0438\u044f"
174477,51.471656,45.921868,"410022, Российская Федерация, Саратовская область, г. Саратов, ул. Южно-Зеленая, д. 2/12","\u0421\u0430\u0440\u0430\u0442\u043e\u0432, \u0420\u043e\u0441\u0441\u0438\u044f"
176637,51.471656,45.921868,"410022, Россия, Саратовская область, г. Саратов, ул. Южно-Зеленая, д.2/12","\u0421\u0430\u0440\u0430\u0442\u043e\u0432, \u0420\u043e\u0441\u0441\u0438\u044f"
177465,51.502205,46.115976,"413205, Россия, Саратовская область, г. Саратов, р.п. Советское, улица Ленина, д. 22","\u042d\u043d\u0433\u0435\u043b\u044c\u0441, \u0421\u0430\u0440\u0430\u0442\u043e\u0432\u0441\u043a\u0430\u044f \u043e\u0431\u043b\u0430\u0441\u0442\u044c, \u0420\u043e\u0441\u0441\u0438\u044f"
188757,51.534425,45.999114,"410078, Российская Федерация, Саратовская область, г. Саратов, ул. Рабочая, д. 145/155","\u0421\u0430\u0440\u0430\u0442\u043e\u0432, \u0420\u043e\u0441\u0441\u0438\u044f"
197553,51.588899,45.968302,"410069,   г.Саратов, пр. Строителей, д. 12","\u0421\u0430\u0440\u0430\u0442\u043e\u0432, \u0420\u043e\u0441\u0441\u0438\u044f"
197589,51.553245,46.050157,"410038, Россия, Саратовская область, г. Саратов, 2-й Соколовогорский пр-д, д. 1, пом 5","\u0421\u0430\u0440\u0430\u0442\u043e\u0432, \u0420\u043e\u0441\u0441\u0438\u044f"
198897,51.534268,46.018716,"410012, Российская Федерация, Саратовская область, г. Саратов, пл. Кирова, 8","\u0421\u0430\u0440\u0430\u0442\u043e\u0432, \u0420\u043e\u0441\u0441\u0438\u044f"
199269,51.529455,45.987113,"ул. 2-я Садовая, д. 65/71, г. Саратов, 410054","\u0421\u0430\u0440\u0430\u0442\u043e\u0432, \u0420\u043e\u0441\u0441\u0438\u044f"
211257,51.581473,45.970916,"410052, Саратовская область, г. Саратов, пр. 50-лет Октября, д. 118-А","\u0421\u0430\u0440\u0430\u0442\u043e\u0432, \u0420\u043e\u0441\u0441\u0438\u044f"
220905,51.583308,45.946815,"410033, Саратовская область, г. Саратов, ул. Гвардейская, д.3","\u0421\u0430\u0440\u0430\u0442\u043e\u0432, \u0420\u043e\u0441\u0441\u0438\u044f"
221385,51.583577,45.978399,"410069, Российская Федерация, Саратовская область, г. Саратов, ул. Ипподромная, б/н","\u0421\u0430\u0440\u0430\u0442\u043e\u0432, \u0420\u043e\u0441\u0441\u0438\u044f"
222405,51.529164,46.002672,"410056, Саратовская область, г. Саратов, улица Астраханская, дом 88","\u0421\u0430\u0440\u0430\u0442\u043e\u0432, \u0420\u043e\u0441\u0441\u0438\u044f"
225321,51.531528,46.035820,"410033, Россия, Саратовская область, г. Саратов, ул. им. Космоднмьянской З.А., д. 6","\u0420\u043e\u0441\u0441\u0438\u044f"
229053,51.594030,45.951728,"410044, Российская Федерация, Саратовская область, г. Саратов, ул. 2-я Прокатная, д.27-А","\u0421\u0430\u0440\u0430\u0442\u043e\u0432, \u0420\u043e\u0441\u0441\u0438\u044f"
229605,51.531528,46.035820,"410028, Россия, , город Саратов, ул. им. Шевченко Т.Г., д. 6, кв. 19","\u0420\u043e\u0441\u0441\u0438\u044f"
231225,51.522748,46.009337,"410017, г. Саратов, ул. Шелковичная, д.29/35","\u0421\u0430\u0440\u0430\u0442\u043e\u0432, \u0420\u043e\u0441\u0441\u0438\u044f"
231345,51.566314,45.984140,"410040, Российская Федерация, Саратовская область, г. Саратов, Деловой проезд, д. 5","\u0421\u0430\u0440\u0430\u0442\u043e\u0432, \u0420\u043e\u0441\u0441\u0438\u044f"
233685,51.610303,45.913397,"410086, Российская Федерация, Саратовская область, г. Саратов, ул. Учительская, дом 12","\u0421\u0430\u0440\u0430\u0442\u043e\u0432, \u0420\u043e\u0441\u0441\u0438\u044f"
241545,51.466607,45.930366,"410022, Саратовская область, г. Саратов, Санаторный проезд, д. 2","\u0421\u0430\u0440\u0430\u0442\u043e\u0432, \u0420\u043e\u0441\u0441\u0438\u044f"
241953,51.479768,45.887274,"410048, Российская Федерация, Саратовская область, г. Саратов, улица Химическая, 7/2","\u043f\u043e\u0441\u0435\u043b\u043e\u043a \u041a\u043e\u043c\u0441\u043e\u043c\u043e\u043b\u044c\u0441\u043a\u0438\u0439, \u0421\u0430\u0440\u0430\u0442\u043e\u0432, \u0420\u043e\u0441\u0441\u0438\u044f"
248601,51.516762,45.989691,"410000, Россия, Саратовская область, г. Саратов, ул. Б. Садовая, д. 168/174, кв. 44","\u0421\u0430\u0440\u0430\u0442\u043e\u0432, \u0420\u043e\u0441\u0441\u0438\u044f"
258057,51.586840,45.932379,"410033, Саратовская область, г. Саратов, ул. Гвардейская, д. 15","\u0421\u0430\u0440\u0430\u0442\u043e\u0432, \u0420\u043e\u0441\u0441\u0438\u044f"
267345,51.536582,46.032298,"410012, Саратовская область, г. Саратов, ул. Кутякова, д. 26, к. 3","\u0421\u0430\u0440\u0430\u0442\u043e\u0432, \u0420\u043e\u0441\u0441\u0438\u044f"
269733,51.559052,45.993527,"410009, Саратовская область, г. Саратов, улица Рябиновская, дом 21","\u0421\u0430\u0440\u0430\u0442\u043e\u0432, \u0420\u043e\u0441\u0441\u0438\u044f"
272325,51.531657,46.067629,"410030, Саратовская область, г. Саратов, ул. Хвесина,  42","\u0421\u0430\u0440\u0430\u0442\u043e\u0432, \u0420\u043e\u0441\u0441\u0438\u044f"
276633,51.613251,45.968006,"410080, Саратовская область, г. Саратов, Сокурский тракт, склад №6","\u0421\u0430\u0440\u0430\u0442\u043e\u0432, \u0420\u043e\u0441\u0441\u0438\u044f"
277701,51.582122,45.949249,"410033, Саратовская область, г. Саратов, ул. Мира, д. 29а","\u0421\u0430\u0440\u0430\u0442\u043e\u0432, \u0420\u043e\u0441\u0441\u0438\u044f"
278913,51.481002,45.929055,"410039, Саратовская область, г. Саратов, проспект Энтузиастов, д. 64 «а», Учебный центр","\u0421\u0430\u0440\u0430\u0442\u043e\u0432, \u0420\u043e\u0441\u0441\u0438\u044f"
279873,51.570367,46.066856,"410018, Саратовская область, Саратов, ул. Усть-Курдюмская, д.3","\u043f\u043e\u0441\u0435\u043b\u043e\u043a \u042e\u0431\u0438\u043b\u0435\u0439\u043d\u044b\u0439, \u0421\u0430\u0440\u0430\u0442\u043e\u0432, \u0420\u043e\u0441\u0441\u0438\u044f"
282501,51.526715,46.052546,"410002, Саратовская область, г. Саратов, ул. Лермонтова, д. 24/26, оф. 13","\u0421\u0430\u0440\u0430\u0442\u043e\u0432, \u0420\u043e\u0441\u0441\u0438\u044f"
291633,51.581473,45.970916,"410052, Саратовская область, г. Саратов, пр. 50 лет Октября, 118а","\u0421\u0430\u0440\u0430\u0442\u043e\u0432, \u0420\u043e\u0441\u0441\u0438\u044f"
308481,51.548530,46.005861,"410005, Саратовская область, г. Саратов, ул. Большая Садовая, 239","\u0421\u0430\u0440\u0430\u0442\u043e\u0432, \u0420\u043e\u0441\u0441\u0438\u044f"
318645,51.516208,45.962885,"410057, Саратовская область, г. Саратов, ул. Огородная, 33-а","\u0421\u0430\u0440\u0430\u0442\u043e\u0432, \u0420\u043e\u0441\u0441\u0438\u044f"
324585,51.526967,46.051630,"410002, Саратовская область, г. Саратов, ул. Лермонтова, 25/1","\u0421\u0430\u0440\u0430\u0442\u043e\u0432, \u0420\u043e\u0441\u0441\u0438\u044f"
325665,51.526026,46.005115,"410017, Саратовская область, г. Саратов, ул. Шелковичная,  58","\u0421\u0430\u0440\u0430\u0442\u043e\u0432, \u0420\u043e\u0441\u0441\u0438\u044f"
334461,51.521689,46.025812,"410028, Саратовская область, Саратов, ул. Чернышевского, д. 141","\u0421\u0430\u0440\u0430\u0442\u043e\u0432, \u0420\u043e\u0441\u0441\u0438\u044f"
335133,51.611651,45.911690,"410086, Саратов, п. Елшанка","\u0421\u0430\u0440\u0430\u0442\u043e\u0432, \u0420\u043e\u0441\u0441\u0438\u044f"
338973,51.531528,46.035820,"410086, Саратовская область, г. Саратов, ул. Песчано-Уметская, д. 50","\u0420\u043e\u0441\u0441\u0438\u044f"
351117,51.548530,46.005861,"410005, г.Саратов, ул. Б.Садовая, д. 239","\u0421\u0430\u0440\u0430\u0442\u043e\u0432, \u0420\u043e\u0441\u0441\u0438\u044f"
363009,51.525925,46.009948,"410017  г. Саратов, ул. Рахова, д. 10/16, кв. 57","\u0421\u0430\u0440\u0430\u0442\u043e\u0432, \u0420\u043e\u0441\u0441\u0438\u044f"
369357,51.579788,45.967763,"410052  г. Саратов, пл. Ленина, д. 3","\u0421\u0430\u0440\u0430\u0442\u043e\u0432, \u0420\u043e\u0441\u0441\u0438\u044f"
374253,51.523135,46.033843,"410028  г. Саратов, ул. Чернышевского, д. 124","\u0421\u0430\u0440\u0430\u0442\u043e\u0432, \u0420\u043e\u0441\u0441\u0438\u044f"
374349,51.540778,46.038344,"410003  г. Саратов, ул. Мясницкая, д. 39","\u0421\u0430\u0440\u0430\u0442\u043e\u0432, \u0420\u043e\u0441\u0441\u0438\u044f"
378501,51.554388,46.048719,"410038  г. Саратов, ул. Загорная, д. 3 ","\u0421\u0430\u0440\u0430\u0442\u043e\u0432, \u0420\u043e\u0441\u0441\u0438\u044f"
409653,51.603859,45.998656,"410007, г. Саратов, ул. Днепропетровская, д. 4а","\u0421\u0430\u0440\u0430\u0442\u043e\u0432, \u0420\u043e\u0441\u0441\u0438\u044f"
412521,51.487160,45.958133,"410015, г. Саратов, ул. Новая 9 линия, д. 2","\u0421\u0430\u0440\u0430\u0442\u043e\u0432, \u0420\u043e\u0441\u0441\u0438\u044f"
412977,51.531528,46.035820,"410062, г. Саратов, пос. Строителей","\u0420\u043e\u0441\u0441\u0438\u044f"
413841,51.509605,45.986349,"410076, г. Саратов, ул. Чернышевского, д. 12 а","\u0421\u0430\u0440\u0430\u0442\u043e\u0432, \u0420\u043e\u0441\u0441\u0438\u044f"
416349,51.520254,46.006418,"410017,  г. Саратов,  Дома 8 Марта, корпус 4","\u0421\u0430\u0440\u0430\u0442\u043e\u0432, \u0420\u043e\u0441\u0441\u0438\u044f"
416697,51.473019,45.904612,"410048, г. Саратов, ул. Тульская, б/н","\u0421\u0430\u0440\u0430\u0442\u043e\u0432, \u0420\u043e\u0441\u0441\u0438\u044f"
417501,51.509907,45.987580,"410076, г. Саратов, ул. Чернышевского, д. 16 «а»","\u0421\u0430\u0440\u0430\u0442\u043e\u0432, \u0420\u043e\u0441\u0441\u0438\u044f"
417825,51.531584,46.004648,"РФ, 410078, г. Саратов, ул. Астраханская, д. 57/73, кв. 178","\u0421\u0430\u0440\u0430\u0442\u043e\u0432, \u0420\u043e\u0441\u0441\u0438\u044f"
