364,51.531528,46.035820,"410005, Российская Федерация, Саратовская область, г. Саратов, ул. им. Разина С.Т., д. 77","\u0420\u043e\u0441\u0441\u0438\u044f"
508,51.531528,46.035820,"410007, Российская Федерация, Саратовская область, г. Саратов, 2-й проезд им. Блинова Ф.А., д. 4, литер А","\u0420\u043e\u0441\u0441\u0438\u044f"
880,51.517121,46.008017,"410033, Российская Федерация, Саратовская область, г. Саратов, ул. 2-й проезд им. Панфилова И.В., № 2","\u0421\u0430\u0440\u0430\u0442\u043e\u0432, \u0420\u043e\u0441\u0441\u0438\u044f"
2188,51.591495,45.963272,"410044, Российская Федерация, Саратовская область, г. Саратов, ул. Ламповая, д. 4","\u0421\u0430\u0440\u0430\u0442\u043e\u0432, \u0420\u043e\u0441\u0441\u0438\u044f"
2644,51.596564,45.954863,"410041, Россия, Саратовская область, г. Саратов, ул. 2 Прокатная, д. 13а","\u0421\u0430\u0440\u0430\u0442\u043e\u0432, \u0420\u043e\u0441\u0441\u0438\u044f"
4372,51.581473,45.970916,"410052, Российская Федерация, Саратовская область, г. Саратов, пр. 50 лет Октября, 118-А","\u0421\u0430\u0440\u0430\u0442\u043e\u0432, \u0420\u043e\u0441\u0441\u0438\u044f"
5848,51.531528,46.035820,"410003, Саратовская область, г. Саратов, ул. им. Горького А.М., д. 91","\u0420\u043e\u0441\u0441\u0438\u044f"
7876,51.531528,46.035820,"410019, Россия, Саратовская область, г. Саратов, ул. 2 Ремонтный переулок, д. 13","\u0420\u043e\u0441\u0441\u0438\u044f"
8596,51.604061,45.973090,"410080, Россия, Саратовская область, г. Саратов, ул. Академика Антонова О.К., 5 А","\u0421\u0430\u0440\u0430\u0442\u043e\u0432, \u0420\u043e\u0441\u0441\u0438\u044f"
8692,51.543192,46.008322,"410005, Россия, Саратовская область, г. Саратов, ул. Университетская, д. 46","\u0421\u0430\u0440\u0430\u0442\u043e\u0432, \u0420\u043e\u0441\u0441\u0438\u044f"
8728,51.583929,45.959975,"41052, Россия, Саратовская область, г. Саратов, ул. Международная, д. 20, помещение 2","\u0421\u0430\u0440\u0430\u0442\u043e\u0432, \u0420\u043e\u0441\u0441\u0438\u044f"
9244,51.511813,46.000830,"410004, Россия, г. Саратов, ул. Набережная, д. 22","\u0421\u0430\u0440\u0430\u0442\u043e\u0432, \u0420\u043e\u0441\u0441\u0438\u044f"
11932,51.526026,46.005115,"410017, Российская Федерация, Саратовская область, г. Саратов, улица Шелковичная, дом № 58","\u0421\u0430\u0440\u0430\u0442\u043e\u0432, \u0420\u043e\u0441\u0441\u0438\u044f"
12088,51.531528,46.035820,"410017, Российская Федерация, Саратовская область, г. Саратов, ул. им. Хользунова А.И., д. 36","\u0420\u043e\u0441\u0441\u0438\u044f"
12628,51.531528,46.035820,"410012, Российская Федерация, Саратовская область, г. Саратов, ул. им. Дзержинского Ф.Э., дом 26","\u0420\u043e\u0441\u0441\u0438\u044f"
12772,51.547152,46.008735,"410005, Саратовская область, г. Саратов, ул. Большая Горная, д. 357","\u0421\u0430\u0440\u0430\u0442\u043e\u0432, \u0420\u043e\u0441\u0441\u0438\u044f"
13384,51.532733,46.045288,"410031, Россия, Саратовская область, г. Саратов, улица Комсомольская, д. 52","\u0421\u0430\u0440\u0430\u0442\u043e\u0432, \u0420\u043e\u0441\u0441\u0438\u044f"
15208,51.531528,46.035820,"410056, Россия, Саратовская область, г. Саратов, ул. им. Чапаева В.И., дом 32/36","\u0420\u043e\u0441\u0441\u0438\u044f"
15280,51.512491,45.959526,"410001, Россия, Саратовская область, г. Саратов, ул. Пролетарская, д. 8","\u0421\u0430\u0440\u0430\u0442\u043e\u0432, \u0420\u043e\u0441\u0441\u0438\u044f"
16264,51.527348,46.029864,"410028, Россия, Саратовская область, г. Саратов, ул. Советская, д. 6/8","\u0421\u0430\u0440\u0430\u0442\u043e\u0432, \u0420\u043e\u0441\u0441\u0438\u044f"
17440,51.528458,46.044461,"410002, Российская Федерация, Саратовская область, г. Саратов, улица Волжская, д. 2/10","\u0421\u0430\u0440\u0430\u0442\u043e\u0432, \u0420\u043e\u0441\u0441\u0438\u044f"
21244,51.531047,45.981714,"410054, Россия, Саратовская область, г. Саратов, ул. 2-я Садовая, д. 99","\u0421\u0430\u0440\u0430\u0442\u043e\u0432, \u0420\u043e\u0441\u0441\u0438\u044f"
21784,51.509907,45.987580,"410076, Россия, Саратовская область, г. Саратов, улица Чернышевского, д. 16 "А"","\u0421\u0430\u0440\u0430\u0442\u043e\u0432, \u0420\u043e\u0441\u0441\u0438\u044f"
22960,51.540923,45.944470,"410053, Россия, Саратовская область, г. Саратов, Смирновское ущелье, 1","\u0421\u0430\u0440\u0430\u0442\u043e\u0432, \u0420\u043e\u0441\u0441\u0438\u044f"
25036,51.531528,46.035820,"410031, Россия, Саратовская область, г. Саратов, ул. им. Радищева А.Н., д. 24 литер Б","\u0420\u043e\u0441\u0441\u0438\u044f"
30184,51.540397,45.982990,"410054, Россия, Саратовская область, г. Саратов, 13-й Шелковичный проезд, д. 16/18","\u0421\u0430\u0440\u0430\u0442\u043e\u0432, \u0420\u043e\u0441\u0441\u0438\u044f"
31864,51.570121,45.984607,"410040, Российская Федерация, Саратовская область, г. Саратов, им. 50 лет Октября пр-кт, д. 110 А","\u0421\u0430\u0440\u0430\u0442\u043e\u0432, \u0420\u043e\u0441\u0441\u0438\u044f"
31876,51.561354,46.017503,"410010, Саратовская область, Саратов, ул. Безымянная, д. 6","\u041a\u0438\u0440\u043e\u0432\u0441\u043a\u0438\u0439 \u0440\u0430\u0439\u043e\u043d, \u0421\u0430\u0440\u0430\u0442\u043e\u0432, \u0420\u043e\u0441\u0441\u0438\u044f"
32740,51.559052,45.993527,"410009, Россия, Саратовская область, г. Саратов, улица Рябиновская, дом 21","\u0421\u0430\u0440\u0430\u0442\u043e\u0432, \u0420\u043e\u0441\u0441\u0438\u044f"
33412,51.587707,45.857181,"410507, Российская Федерация, Саратовская область, г. Саратов, п. Жасминный, ул. Моисеева, 1","\u0421\u0430\u0440\u0430\u0442\u043e\u0432, \u0420\u043e\u0441\u0441\u0438\u044f"
35152,51.531528,46.035820,"410012, Россия, Саратовская область, г. Саратов, ул. им. Горького А.М., д. 55А/99","\u0420\u043e\u0441\u0441\u0438\u044f"
36076,51.536711,46.013946,"410012, Российская Федерация, Саратовская область, г. Саратов, ул. Б. Казачья, д. 100, кв. 24","\u0421\u0430\u0440\u0430\u0442\u043e\u0432, \u0420\u043e\u0441\u0441\u0438\u044f"
38356,51.565413,45.993015,"410040, Россия, Саратовская область, г. Саратов, проспект 50 лет Октября, д. 108 литер "У"","\u0421\u0430\u0440\u0430\u0442\u043e\u0432, \u0420\u043e\u0441\u0441\u0438\u044f"
44044,51.538223,46.039988,"410005, Россия, Саратовская область, г. Саратов, ул. Посадского, д. 180/198, кв. 107","\u0421\u0430\u0440\u0430\u0442\u043e\u0432, \u0420\u043e\u0441\u0441\u0438\u044f"
44392,51.527617,46.014682,"410012, Россия, Саратовская область, г. Саратов, ул. Ульяновская, дом 27/35","\u0421\u0430\u0440\u0430\u0442\u043e\u0432, \u0420\u043e\u0441\u0441\u0438\u044f"
49600,51.542654,45.997686,"410012, Российская Федерация, Саратовская область, г. Саратов, ул. Московская, 170","\u0421\u0430\u0440\u0430\u0442\u043e\u0432, \u0420\u043e\u0441\u0441\u0438\u044f"
50212,51.530643,46.038362,"410031, Саратовская область, Саратов, ул. Соборная, д. 23","\u0421\u0430\u0440\u0430\u0442\u043e\u0432, \u0420\u043e\u0441\u0441\u0438\u044f"
52228,51.598763,45.924491,"410062, Российская Федерация, Саратовская область, г. Саратов, Московское шоссе, 29-а","\u0421\u0430\u0440\u0430\u0442\u043e\u0432, \u0420\u043e\u0441\u0441\u0438\u044f"
56260,51.494277,45.940787,"410049, Россия, Саратовская область, г. Саратов, Кавказский проезд, д. 6 "А", кв. 203","\u0421\u0430\u0440\u0430\u0442\u043e\u0432, \u0420\u043e\u0441\u0441\u0438\u044f"
57544,51.506342,45.915221,"410060, Российская Федерация, Саратовская область, г. Саратов, ул. Южная, д. 38 "Д"","\u0421\u0430\u0440\u0430\u0442\u043e\u0432, \u0420\u043e\u0441\u0441\u0438\u044f"
58756,51.529881,46.000525,"410012, Российская Федерация, Саратовская область, г. Саратов, ул. Астраханская, д. 43","\u0421\u0430\u0440\u0430\u0442\u043e\u0432, \u0420\u043e\u0441\u0441\u0438\u044f"
68356,51.528833,45.960038,"410053, Российская Федерация, Саратовская область, г. Саратов, улица Клочкова, д. 85","\u0421\u0430\u0440\u0430\u0442\u043e\u0432, \u0420\u043e\u0441\u0441\u0438\u044f"
69328,51.519228,45.991173,"410004, Россия, Саратовская область, г. Саратов, 1 Станционный проезд, д. 6","\u0421\u0430\u0440\u0430\u0442\u043e\u0432, \u0420\u043e\u0441\u0441\u0438\u044f"
72988,51.502429,45.965284,"410015, Саратовская область, г. Саратов, ул. Фабричная, дом 2","\u0421\u0430\u0440\u0430\u0442\u043e\u0432, \u0420\u043e\u0441\u0441\u0438\u044f"
73000,51.531528,46.035820,"410007, Российская Федерация, Саратовская область, г. Саратов, ул. им. Батавина П.Ф., д. 9а","\u0420\u043e\u0441\u0441\u0438\u044f"
77824,51.528632,46.038748,"410002, Российская Федерация, Саратовская область, г. Саратов, улица Соборная, д. № 22","\u0421\u0430\u0440\u0430\u0442\u043e\u0432, \u0420\u043e\u0441\u0441\u0438\u044f"
80608,51.501448,45.941416,"410015, Российская Федерация, Саратовская область, г. Саратов, проспект Энтузиастов, д. 30","\u0421\u0430\u0440\u0430\u0442\u043e\u0432, \u0420\u043e\u0441\u0441\u0438\u044f"
84184,51.527881,45.946311,"410780, Российская Федерация, Саратовская область, г. Саратов, Лопатина гора, 7","\u0421\u0430\u0440\u0430\u0442\u043e\u0432, \u0420\u043e\u0441\u0441\u0438\u044f"
84508,51.565032,45.990814,"410040, Российская Федерация, Саратовская область, г. Саратов, проспект 50-лет Октября, д. 108","\u0421\u0430\u0440\u0430\u0442\u043e\u0432, \u0420\u043e\u0441\u0441\u0438\u044f"
84724,51.537764,46.015976,"410012, Российская Федерация, Саратовская область, г. Саратов, ул. Московская, д. 137/149","\u0421\u0430\u0440\u0430\u0442\u043e\u0432, \u0420\u043e\u0441\u0441\u0438\u044f"
85228,51.558739,45.992045,"410009, Российская Федерация, Саратовская область, г. Саратов, ул. Рябиновская, д. 21А","\u0421\u0430\u0440\u0430\u0442\u043e\u0432, \u0420\u043e\u0441\u0441\u0438\u044f"
86320,51.603143,45.972515,"410080, Российская Федерация, Саратовская область, г. Саратов, ул. им. академика Антонова О.К., д. 5","\u0421\u0430\u0440\u0430\u0442\u043e\u0432, \u0420\u043e\u0441\u0441\u0438\u044f"
88540,51.571683,45.904657,"410051, Россия, Саратовская область, г. Саратов, 9 Дачная остановка тер.","\u041b\u0435\u043d\u0438\u043d\u0441\u043a\u0438\u0439 \u0440\u0430\u0439\u043e\u043d, \u0421\u0430\u0440\u0430\u0442\u043e\u0432, \u0420\u043e\u0441\u0441\u0438\u044f"
95812,51.535080,46.005510,"410078, Россия, Саратовская область, г. Саратов, ул. Железнодорожная, дом 15/21, помещение 1","\u0421\u0430\u0440\u0430\u0442\u043e\u0432, \u0420\u043e\u0441\u0441\u0438\u044f"
95836,51.527567,46.028876,"410028, Российская Федерация, Саратовская область, г. Саратов, ул. Советская, дом 10","\u0421\u0430\u0440\u0430\u0442\u043e\u0432, \u0420\u043e\u0441\u0441\u0438\u044f"
95968,51.596900,45.928561,"410062, Российская Федерация, Саратовская область, г. Саратов, Московское шоссе, д. 23а","\u0421\u0430\u0440\u0430\u0442\u043e\u0432, \u0420\u043e\u0441\u0441\u0438\u044f"
99592,51.604883,45.978139,"410064, Саратовская область, г. Саратов, ул. Лебедева-Кумача, 66","\u0421\u0430\u0440\u0430\u0442\u043e\u0432, \u0420\u043e\u0441\u0441\u0438\u044f"
99988,51.550960,46.017359,"410019, Россия, Саратовская область, г. Саратов, улица Танкистов, дом 37","\u0421\u0430\u0440\u0430\u0442\u043e\u0432, \u0420\u043e\u0441\u0441\u0438\u044f"
106516,51.537831,46.024501,"410012, Россия, Саратовская область, г. Саратов, ул. им. Чапаева, д. 90","\u0421\u0430\u0440\u0430\u0442\u043e\u0432, \u0420\u043e\u0441\u0441\u0438\u044f"
107188,51.531528,46.035820,"410017, Саратовская область, Саратов, ул.им.Чернышевского Н.Г., д.92Б","\u0420\u043e\u0441\u0441\u0438\u044f"
110692,51.531528,46.035820,"410022, Российская Федерация, Саратовская область, г. Саратов, ","\u0420\u043e\u0441\u0441\u0438\u044f"
121648,51.551924,46.021824,"410005, Российская Федерация, Саратовская область, г. Саратов, ул. Б. Садовая, д. 248, оф. 17","\u0421\u0430\u0440\u0430\u0442\u043e\u0432, \u0420\u043e\u0441\u0441\u0438\u044f"
126184,51.531528,46.035820,"410056, Российская Федерация, Саратовская область, г. Саратов, ул. им. Пугачева Е.И., д. 81/85, пом. № 87","\u0420\u043e\u0441\u0441\u0438\u044f"
130312,51.529881,46.000525,"410004, Российская Федерация, Саратовская область, г. Саратов, ул.  Астраханская,  43","\u0421\u0430\u0440\u0430\u0442\u043e\u0432, \u0420\u043e\u0441\u0441\u0438\u044f"
136372,51.576715,46.071267,"410018, Российская Федерация, Саратовская область, г. Саратов, ул. Фёдоровская д. 5, кв. 229","\u043f\u043e\u0441\u0435\u043b\u043e\u043a \u042e\u0431\u0438\u043b\u0435\u0439\u043d\u044b\u0439, \u0421\u0430\u0440\u0430\u0442\u043e\u0432, \u0420\u043e\u0441\u0441\u0438\u044f"
138556,51.587707,45.857181,"410507, Российская Федерация, Саратовская область, г. Саратов, ул. Моисееваю, 1","\u0421\u0430\u0440\u0430\u0442\u043e\u0432, \u0420\u043e\u0441\u0441\u0438\u044f"
141352,51.536223,46.003175,"410078, Российская Федерация, Саратовская область, г. Саратов, ул. Университетская, д. 37","\u0421\u0430\u0440\u0430\u0442\u043e\u0432, \u0420\u043e\u0441\u0441\u0438\u044f"
156184,51.540318,46.013595,"410012, Российская Федерация, Саратовская область, г. Саратов, ул. Кутякова, д. 105","\u0421\u0430\u0440\u0430\u0442\u043e\u0432, \u0420\u043e\u0441\u0441\u0438\u044f"
156412,51.601672,45.969237,", Россия, Саратовская область, г. Саратов, проспект Строителей дом 42/2","\u0421\u0430\u0440\u0430\u0442\u043e\u0432, \u0420\u043e\u0441\u0441\u0438\u044f"
158500,51.525320,46.030457,"410028, Российская Федерация, Саратовская область, г. Саратов, ул.Мичурина, 89","\u0421\u0430\u0440\u0430\u0442\u043e\u0432, \u0420\u043e\u0441\u0441\u0438\u044f"
162700,51.601241,46.015940,"410047, Российская Федерация, Саратовская область, г. Саратов, здание перинатального центра по улице Зерновая б/н","\u0421\u0430\u0440\u0430\u0442\u043e\u0432, \u0420\u043e\u0441\u0441\u0438\u044f"
162880,51.588955,45.915877,"410033, Россия, Саратовская область, г. город Саратов, ул. Гвардейская, д. 42 А","\u0421\u0430\u0440\u0430\u0442\u043e\u0432, \u0420\u043e\u0441\u0441\u0438\u044f"
174976,51.523303,46.008152,"410017, Россия, Саратовская область, г. Саратов, ул.Шелковичная, 37/45, оф.903","\u0421\u0430\u0440\u0430\u0442\u043e\u0432, \u0420\u043e\u0441\u0441\u0438\u044f"
178144,51.513411,45.952959,"410001, Россия, Саратовская область, г. Саратов, улица 4-я Нагорная, 21","\u0421\u0430\u0440\u0430\u0442\u043e\u0432, \u0420\u043e\u0441\u0441\u0438\u044f"
190912,51.613368,45.999204,"410035, Россия, Саратовская область, г. Саратов, ул. им. К.Г. Уфимцева, 8","\u0421\u0430\u0440\u0430\u0442\u043e\u0432, \u0420\u043e\u0441\u0441\u0438\u044f"
210112,51.609335,45.970665,"410064, Российская Федерация, Саратовская область, г. Саратов, проспект Строителей, дом № 66","\u0421\u0430\u0440\u0430\u0442\u043e\u0432, \u0420\u043e\u0441\u0441\u0438\u044f"
218152,51.569231,45.975210,"410065, Россия, Саратовская область, город Саратов, улица Саперная, дом 17","\u0421\u0430\u0440\u0430\u0442\u043e\u0432, \u0420\u043e\u0441\u0441\u0438\u044f"
221380,51.540778,46.038344,"410003, Российская Федерация, Саратовская область, г. город Саратов, ул. Мясницкая, дом 39","\u0421\u0430\u0440\u0430\u0442\u043e\u0432, \u0420\u043e\u0441\u0441\u0438\u044f"
222856,51.574655,45.981516,"410065, Россия, Саратовская область, г. Саратов, 2-й Красноармейский тупик, д. 3","\u0421\u0430\u0440\u0430\u0442\u043e\u0432, \u0420\u043e\u0441\u0441\u0438\u044f"
224776,51.602802,46.002807,"410007, Россия, Саратовская область, г. город Саратов, улица Чехова, дом 2","\u0421\u0430\u0440\u0430\u0442\u043e\u0432, \u0420\u043e\u0441\u0441\u0438\u044f"
228616,51.537237,45.995925,"410078, Россия, Саратовская область, г. Саратов, ул. Рабочая, дом 144","\u0421\u0430\u0440\u0430\u0442\u043e\u0432, \u0420\u043e\u0441\u0441\u0438\u044f"
232972,51.527612,46.020602,"410056, Россия, Саратовская область, г. Саратов, ул. Мичурина, дом 38/44, кв. 55","\u0421\u0430\u0440\u0430\u0442\u043e\u0432, \u0420\u043e\u0441\u0441\u0438\u044f"
251056,51.571537,46.064835,"410018, Саратовская область, г. Саратов, ул. Шевыревская, дом 6","\u043f\u043e\u0441\u0435\u043b\u043e\u043a \u042e\u0431\u0438\u043b\u0435\u0439\u043d\u044b\u0439, \u0421\u0430\u0440\u0430\u0442\u043e\u0432, \u0420\u043e\u0441\u0441\u0438\u044f"
259936,51.540380,46.010550,"410023, Саратовская область, г. Саратов, ул. Московская, 158","\u0421\u0430\u0440\u0430\u0442\u043e\u0432, \u0420\u043e\u0441\u0441\u0438\u044f"
260068,51.546021,46.009185,"410005, , 410005, г. Саратов, ул. Университетская, дом 87","\u0421\u0430\u0440\u0430\u0442\u043e\u0432, \u0420\u043e\u0441\u0441\u0438\u044f"
263560,51.529130,45.970279,"410008, Саратовская область, г. Саратов, 3-й Детский проезд, д. 10/12","\u0421\u0430\u0440\u0430\u0442\u043e\u0432, \u0420\u043e\u0441\u0441\u0438\u044f"
264076,51.573603,46.063892,"410018, г. Саратов, ул. Бр. Никитиных, д. 4, кв. 68","\u0421\u0430\u0440\u0430\u0442\u043e\u0432, \u0420\u043e\u0441\u0441\u0438\u044f"
266836,51.546665,46.008691,"410005, Саратовская область, г. Саратов, ул. Посадского, 308а","\u0421\u0430\u0440\u0430\u0442\u043e\u0432, \u0420\u043e\u0441\u0441\u0438\u044f"
272404,51.555665,46.017728,"410019, г. Саратов, ул. Танкистов, д.55а","\u0421\u0430\u0440\u0430\u0442\u043e\u0432, \u0420\u043e\u0441\u0441\u0438\u044f"
