49,51.592838,45.965311,"410044, Российская Федерация, Саратовская область, г. Саратов, ул. Студеная, д. 6а","\u0421\u0430\u0440\u0430\u0442\u043e\u0432, \u0420\u043e\u0441\u0441\u0438\u044f"
241,51.545332,46.025705,"410005, Россия, Саратовская область, г. Саратов, ул. Хвалынская, д. 32","\u0421\u0430\u0440\u0430\u0442\u043e\u0432, \u0420\u043e\u0441\u0441\u0438\u044f"
1189,51.608950,45.997021,"410035, Россия, Саратовская область, г. Саратов, ул. Тархова, д. 26","\u0421\u0430\u0440\u0430\u0442\u043e\u0432, \u0420\u043e\u0441\u0441\u0438\u044f"
2185,51.528458,46.044461,"410002, Россия, Саратовская область, г. Саратов, улица Волжская, д. 2/10","\u0421\u0430\u0440\u0430\u0442\u043e\u0432, \u0420\u043e\u0441\u0441\u0438\u044f"
2605,51.610935,46.013110,"410035, Россия, Саратовская область, г. Саратов, 1-й Топольчанский проезд, дом 5 А","\u0421\u0430\u0440\u0430\u0442\u043e\u0432, \u0420\u043e\u0441\u0441\u0438\u044f"
3013,51.527057,46.039386,"410002, Российская Федерация, Саратовская область, г. Саратов, ул. Некрасова, д. 17","\u0421\u0430\u0440\u0430\u0442\u043e\u0432, \u0420\u043e\u0441\u0441\u0438\u044f"
3397,51.531528,46.035820,"410056, Российская Федерация, Саратовская область, г. Саратов, улица им. Мичурина И.В., дом № 55/61, литер А","\u0420\u043e\u0441\u0441\u0438\u044f"
4153,51.488192,45.925668,"410039, Россия, Саратовская область, г. Саратов, Крымский туп., д. 1, кв. 23","\u0421\u0430\u0440\u0430\u0442\u043e\u0432, \u0420\u043e\u0441\u0441\u0438\u044f"
4897,51.486280,45.930950,"410039, Россия, Саратовская область, г. Саратов, проспект Энтузиастов, д.57","\u0421\u0430\u0440\u0430\u0442\u043e\u0432, \u0420\u043e\u0441\u0441\u0438\u044f"
8917,51.502698,45.952878,"410015, Россия, Саратовская область, г. Саратов, ул. Орджоникидзе. д. 13/4, помещение 1000","\u0421\u0430\u0440\u0430\u0442\u043e\u0432, \u0420\u043e\u0441\u0441\u0438\u044f"
9433,51.531607,45.983232,"410054, Россия, Саратовская область, г. Саратов, улица Большая Садовая, дом 137","\u0421\u0430\u0440\u0430\u0442\u043e\u0432, \u0420\u043e\u0441\u0441\u0438\u044f"
9781,51.531528,46.035820,"410028, Россия, Саратовская область, г. Саратов, ул. им. Чернышевского Н.Г., д. 139","\u0420\u043e\u0441\u0441\u0438\u044f"
10657,51.611589,46.011017,"410035, Россия, Саратовская область, г. Саратов, ул. Батавина, д. 12, кв. 143","\u0421\u0430\u0440\u0430\u0442\u043e\u0432, \u0420\u043e\u0441\u0441\u0438\u044f"
11221,51.559618,46.028786,"410019, Россия, Саратовская область, г. Саратов, ул. Высокая, 17","\u0421\u0430\u0440\u0430\u0442\u043e\u0432, \u0420\u043e\u0441\u0441\u0438\u044f"
12217,51.529164,46.002672,"410056, Российская Федерация, Саратовская область, г. Саратов, улица Астраханская, дом 88","\u0421\u0430\u0440\u0430\u0442\u043e\u0432, \u0420\u043e\u0441\u0441\u0438\u044f"
12241,51.565497,45.985559,"410040, Российская Федерация, Саратовская область, г. Саратов, ул. Вишневая, д. 4","\u0421\u0430\u0440\u0430\u0442\u043e\u0432, \u0420\u043e\u0441\u0441\u0438\u044f"
12769,51.547040,46.009652,"410005, Россия, Саратовская область, г. Саратов, улица Большая Горная, д. № 353, кв. 14","\u0421\u0430\u0440\u0430\u0442\u043e\u0432, \u0420\u043e\u0441\u0441\u0438\u044f"
13237,51.530643,46.038362,"410031, Российская Федерация, Саратовская область, г. Саратов, ул. Соборная, д. 23","\u0421\u0430\u0440\u0430\u0442\u043e\u0432, \u0420\u043e\u0441\u0441\u0438\u044f"
13909,51.561354,46.017503,"410010, Российская Федерация, Саратовская область, г. Саратов, улица Безымянная, д. 6","\u041a\u0438\u0440\u043e\u0432\u0441\u043a\u0438\u0439 \u0440\u0430\u0439\u043e\u043d, \u0421\u0430\u0440\u0430\u0442\u043e\u0432, \u0420\u043e\u0441\u0441\u0438\u044f"
14269,51.526872,46.010676,"410056, Россия, г. Саратов, ул. Рахова, д. 61/71","\u0421\u0430\u0440\u0430\u0442\u043e\u0432, \u0420\u043e\u0441\u0441\u0438\u044f"
15301,51.466607,45.930366,", Российская Федерация, Саратовская область, г. Саратов, Санаторный проезд, д. 2","\u0421\u0430\u0440\u0430\u0442\u043e\u0432, \u0420\u043e\u0441\u0441\u0438\u044f"
17701,51.561225,45.989736,"410009, Российская Федерация, Саратовская область, г. Саратов, ул. Наумовская, д. 21/29","\u0421\u0430\u0440\u0430\u0442\u043e\u0432, \u0420\u043e\u0441\u0441\u0438\u044f"
18877,51.529730,45.977869,"410054, Россия, Саратовская область, г. Саратов, ул. Политехническая, 77","\u0421\u0430\u0440\u0430\u0442\u043e\u0432, \u0420\u043e\u0441\u0441\u0438\u044f"
19753,51.523796,46.019273,"410056, Россия, Саратовская область, г. Саратов, ул. Вольская, 29","\u0421\u0430\u0440\u0430\u0442\u043e\u0432, \u0420\u043e\u0441\u0441\u0438\u044f"
22189,51.520372,46.015437,"410056, Россия, Саратовская область, г. Саратов, Ильинская пл., 7","\u0421\u0430\u0440\u0430\u0442\u043e\u0432, \u0420\u043e\u0441\u0441\u0438\u044f"
23269,51.499469,45.940814,"410049, Российская Федерация, Саратовская область, г. Саратов, ул. Пензенская, д. 39","\u0421\u0430\u0440\u0430\u0442\u043e\u0432, \u0420\u043e\u0441\u0441\u0438\u044f"
26677,51.528833,45.960038,"410053, Российская Федерация, Саратовская область, г. Саратов, ул. Клочкова, д. 85","\u0421\u0430\u0440\u0430\u0442\u043e\u0432, \u0420\u043e\u0441\u0441\u0438\u044f"
26689,51.529881,46.000525,"410071, Россия, Саратовская область, г. Саратов, ул. Астраханская, 43","\u0421\u0430\u0440\u0430\u0442\u043e\u0432, \u0420\u043e\u0441\u0441\u0438\u044f"
33205,51.537551,45.984122,"410071, Саратовская область, г. Саратов, ул. Свинцовая, д. 10-а","\u0421\u0430\u0440\u0430\u0442\u043e\u0432, \u0420\u043e\u0441\u0441\u0438\u044f"
36049,51.515765,46.006642,"410004, Российская Федерация, Саратовская область, г. Саратов, ул. Чернышевского, д. 88","\u0421\u0430\u0440\u0430\u0442\u043e\u0432, \u0420\u043e\u0441\u0441\u0438\u044f"
36145,51.531528,46.035820,"410012, Россия, Саратовская область, г. Саратов, а/я 3752","\u0420\u043e\u0441\u0441\u0438\u044f"
41845,51.535910,46.035353,"410003, Российская Федерация, Саратовская область, г. Саратов, ул. Мясницкая, д.1/14","\u0421\u0430\u0440\u0430\u0442\u043e\u0432, \u0420\u043e\u0441\u0441\u0438\u044f"
44857,51.523880,46.034266,"410028, Российская Федерация, Саратовская область, г. Саратов, ул. Чернышевского, 157","\u0421\u0430\u0440\u0430\u0442\u043e\u0432, \u0420\u043e\u0441\u0441\u0438\u044f"
47629,51.498325,45.928785,"410015, Россия, Саратовская область, г. Саратов, ул. Барнаульская д. 8А, пом. 1, литер Г","\u0421\u0430\u0440\u0430\u0442\u043e\u0432, \u0420\u043e\u0441\u0441\u0438\u044f"
48649,51.531528,46.035820,"410035, Россия, Саратовская область, г. Саратов, ул. им.Тархова С.Ф., д.39","\u0420\u043e\u0441\u0441\u0438\u044f"
52213,51.557244,45.999851,"410009, Россия, Саратовская область, г. Саратов, проспект 50 лет Октября, дом 12/16, литер А","\u0421\u0430\u0440\u0430\u0442\u043e\u0432, \u0420\u043e\u0441\u0441\u0438\u044f"
56737,51.571683,45.904657,"410051, Российская Федерация, Саратовская область, г. Саратов, 9-я Дачная, б/н","\u041b\u0435\u043d\u0438\u043d\u0441\u043a\u0438\u0439 \u0440\u0430\u0439\u043e\u043d, \u0421\u0430\u0440\u0430\u0442\u043e\u0432, \u0420\u043e\u0441\u0441\u0438\u044f"
62341,51.524939,46.008430,"410012, Россия, Саратовская область, г. Саратов, улица Рахова, дом 53","\u0421\u0430\u0440\u0430\u0442\u043e\u0432, \u0420\u043e\u0441\u0441\u0438\u044f"
68365,51.535652,46.058089,"410031, Российская Федерация, Саратовская область, г. Саратов, ул. Рогожина, д. 22","\u0421\u0430\u0440\u0430\u0442\u043e\u0432, \u0420\u043e\u0441\u0441\u0438\u044f"
72361,51.507234,45.937517,"410036, Россия, Саратовская область, г. Саратов, ул. Огородная, дом 144/146","\u0421\u0430\u0440\u0430\u0442\u043e\u0432, \u0420\u043e\u0441\u0441\u0438\u044f"
75697,51.614084,45.996976,"410007, Российская Федерация, Саратовская область, г. Саратов, ул. Уфимцева, д. 6/4, кв. 254","\u0421\u0430\u0440\u0430\u0442\u043e\u0432, \u0420\u043e\u0441\u0441\u0438\u044f"
75973,51.472066,45.916469,"410022, Россия, Саратовская область, г. Саратов, ул. Азина, д. 37","\u0421\u0430\u0440\u0430\u0442\u043e\u0432, \u0420\u043e\u0441\u0441\u0438\u044f"
80941,51.556398,46.043931,"410038, Россия, Саратовская область, г. Саратов, ул. Симбирская, д. 154А","\u0421\u0430\u0440\u0430\u0442\u043e\u0432, \u0420\u043e\u0441\u0441\u0438\u044f"
81385,51.478500,45.903776,"410048, Россия, Саратовская область, г. Саратов, ул. Тульская, д. 21А","\u0421\u0430\u0440\u0430\u0442\u043e\u0432, \u0420\u043e\u0441\u0441\u0438\u044f"
82393,51.531786,46.030798,"410600, Саратовская область, Саратов, ул. М.Горького, 34","\u0421\u0430\u0440\u0430\u0442\u043e\u0432, \u0420\u043e\u0441\u0441\u0438\u044f"
92533,51.536296,46.034625,"410600, Российская Федерация, Саратовская область, г. Саратов, ул. Кутякова, д. 18, 20","\u0421\u0430\u0440\u0430\u0442\u043e\u0432, \u0420\u043e\u0441\u0441\u0438\u044f"
92893,51.526043,46.020360,"410056, Российская Федерация, г. Саратов, ул. Вольская, д. 45","\u0421\u0430\u0440\u0430\u0442\u043e\u0432, \u0420\u043e\u0441\u0441\u0438\u044f"
95833,51.605219,45.978750,"410064, Российская Федерация, Саратовская область, г. Саратов, ул. Электронная, д. 15/9б. лит. А","\u0421\u0430\u0440\u0430\u0442\u043e\u0432, \u0420\u043e\u0441\u0441\u0438\u044f"
95905,51.604284,45.982253,"410064, Россия, Саратовская область, г. Саратов, ул. Электронная, д. 10 "Б"","\u0421\u0430\u0440\u0430\u0442\u043e\u0432, \u0420\u043e\u0441\u0441\u0438\u044f"
98545,51.528077,46.014386,"410056, Российская Федерация, Саратовская область, г. Саратов, ул. Ульяновская, д. 42","\u0421\u0430\u0440\u0430\u0442\u043e\u0432, \u0420\u043e\u0441\u0441\u0438\u044f"
99949,51.511163,45.987436,"410076, Российская Федерация, Саратовская область, г. Саратов, ул. Чернышевского, д. 55А","\u0421\u0430\u0440\u0430\u0442\u043e\u0432, \u0420\u043e\u0441\u0441\u0438\u044f"
104425,51.538851,46.025255,"410012, Российская Федерация, Саратовская область, г. Саратов, ул. Гоголя, дом 67","\u0421\u0430\u0440\u0430\u0442\u043e\u0432, \u0420\u043e\u0441\u0441\u0438\u044f"
106513,51.531528,46.035820,"410028, Россия, Саратовская область, г. Саратов, улица им. Мичурина И.В. д. 96","\u0420\u043e\u0441\u0441\u0438\u044f"
111301,51.532873,45.973450,"410054, Саратовская область, г. Саратов, Детский 2-й проезд, д.43","\u0421\u0430\u0440\u0430\u0442\u043e\u0432, \u0420\u043e\u0441\u0441\u0438\u044f"
149209,51.572970,45.973297,"410065, Российская Федерация, Саратовская область, г. Саратов, ул. Тверская, 40","\u041b\u0435\u043d\u0438\u043d\u0441\u043a\u0438\u0439 \u0440\u0430\u0439\u043e\u043d, \u0421\u0430\u0440\u0430\u0442\u043e\u0432, \u0420\u043e\u0441\u0441\u0438\u044f"
155017,51.531528,46.035820,"410015, Российская Федерация, Саратовская область, г. Саратов, ул. им. Орджоникидзе Г.К., д. 2А, п. № III","\u0420\u043e\u0441\u0441\u0438\u044f"
155077,51.531528,46.035820,"410086, Российская Федерация, Саратовская область, г. Саратов, ул. им. Благодарова К.В., 1 "б"","\u0420\u043e\u0441\u0441\u0438\u044f"
160969,51.488192,45.925668,"410039, Российская Федерация, Саратовская область, г. Саратов, ул.Крымский тупик , дом 1","\u0421\u0430\u0440\u0430\u0442\u043e\u0432, \u0420\u043e\u0441\u0441\u0438\u044f"
174565,51.521515,46.028247,"410028, Российская Федерация, Саратовская область, г. Саратов, ул. Чернышевского, 116","\u0421\u0430\u0440\u0430\u0442\u043e\u0432, \u0420\u043e\u0441\u0441\u0438\u044f"
180001,51.639344,45.932855,"410080, Российская Федерация, Саратовская область, г. Саратов, Сокурский тракт, д. 57","\u0421\u0430\u0440\u0430\u0442\u043e\u0432, \u0420\u043e\u0441\u0441\u0438\u044f"
191821,51.521689,46.025812,"410028, Саратовская область, г. Саратов, ул. Чернышевского, 141","\u0421\u0430\u0440\u0430\u0442\u043e\u0432, \u0420\u043e\u0441\u0441\u0438\u044f"
195373,51.524210,46.020153,"410019, Россия, Саратовская область, г. Саратов, ул. Вольская, д. 12","\u0421\u0430\u0440\u0430\u0442\u043e\u0432, \u0420\u043e\u0441\u0441\u0438\u044f"
211837,51.575691,45.886385,"410051, Россия, Саратовская область, г. Саратов, ул. Курская, дом №19","\u0421\u0430\u0440\u0430\u0442\u043e\u0432, \u0420\u043e\u0441\u0441\u0438\u044f"
230149,51.535092,45.984921,"410054, Россия, Саратовская область, г. Саратов, ул. Б. Садовая, д. 141","\u0421\u0430\u0440\u0430\u0442\u043e\u0432, \u0420\u043e\u0441\u0441\u0438\u044f"
235597,51.597476,45.922794,"410062, Российская Федерация, Саратовская область, г. Саратов, 2-й Московский проезд дом 7","\u0421\u0430\u0440\u0430\u0442\u043e\u0432, \u0420\u043e\u0441\u0441\u0438\u044f"
239377,51.533915,46.036808,"410012, Россия, г. Саратов, ул. Московская, д. 66","\u0421\u0430\u0440\u0430\u0442\u043e\u0432, \u0420\u043e\u0441\u0441\u0438\u044f"
243217,51.960463,47.246776,"410039, Австралия, Саратовская область, Саратов, ул. Барнаульская, д. 7","\u0411\u0430\u043b\u0430\u043a\u043e\u0432\u0441\u043a\u0438\u0439 \u0440\u0430\u0439\u043e\u043d, \u0421\u0430\u0440\u0430\u0442\u043e\u0432\u0441\u043a\u0430\u044f \u043e\u0431\u043b\u0430\u0441\u0442\u044c, \u0420\u043e\u0441\u0441\u0438\u044f"
243445,51.531528,46.035820,"410007, г. Саратов, ул. им. Чехова А.П.,  д.2","\u0420\u043e\u0441\u0441\u0438\u044f"
245893,51.588753,45.964835,"413090, Российская Федерация, Саратовская область, Саратов, ул. Проспект Строителей, д. 1","\u0421\u0430\u0440\u0430\u0442\u043e\u0432, \u0420\u043e\u0441\u0441\u0438\u044f"
246769,51.527057,46.039386,"410002, Россия, Саратовская область, г. Саратов, ул. Некрасова, д.17","\u0421\u0430\u0440\u0430\u0442\u043e\u0432, \u0420\u043e\u0441\u0441\u0438\u044f"
249097,51.541047,45.972363,"410071, Россия, Саратовская область, Саратов, ул. Шелковичная, дом 182А","\u0421\u0430\u0440\u0430\u0442\u043e\u0432, \u0420\u043e\u0441\u0441\u0438\u044f"
250345,51.596324,45.957864,"410041, Россия, Саратовская область, г. Саратов, ул. 2-я Прокатная, дом № 17 «А»","\u0421\u0430\u0440\u0430\u0442\u043e\u0432, \u0420\u043e\u0441\u0441\u0438\u044f"
250681,51.533697,46.056876,"410005, Саратовская область, г. Саратов, ул. Посадского, д. 39, кв. 2","\u0421\u0430\u0440\u0430\u0442\u043e\u0432, \u0420\u043e\u0441\u0441\u0438\u044f"
252085,51.536957,45.994425,"410078, Саратовская область, г. Саратов, ул. Рабочая д. 177","\u0421\u0430\u0440\u0430\u0442\u043e\u0432, \u0420\u043e\u0441\u0441\u0438\u044f"
262477,51.605862,45.973881,"410064, Саратовская область, г. Саратов, ул. Чемодурова, д. 10 «А»","\u0421\u0430\u0440\u0430\u0442\u043e\u0432, \u0420\u043e\u0441\u0441\u0438\u044f"
263281,51.527735,46.056616,"410031, Саратовская область, г. Саратов, улица Лермонтова дом № 36","\u0421\u0430\u0440\u0430\u0442\u043e\u0432, \u0420\u043e\u0441\u0441\u0438\u044f"
266437,51.532352,46.050660,"41031, Саратовская область, г. Саратов, ул. Северная, д. 3","\u0421\u0430\u0440\u0430\u0442\u043e\u0432, \u0420\u043e\u0441\u0441\u0438\u044f"
270733,51.523880,46.034266,"410028, Саратовская область, г. Саратов, улица Чернышевского, 157","\u0421\u0430\u0440\u0430\u0442\u043e\u0432, \u0420\u043e\u0441\u0441\u0438\u044f"
271285,51.531528,46.035820,"410017, Саратовская область, г. Саратов, ул. им. Хользунова А.И., д. 19","\u0420\u043e\u0441\u0441\u0438\u044f"
276637,51.540397,45.982990,"410071, Саратовская область, г. Саратов, 13-й Шелковичный проезд, д. 16/18","\u0421\u0430\u0440\u0430\u0442\u043e\u0432, \u0420\u043e\u0441\u0441\u0438\u044f"
290989,51.538856,46.010200,"410026, Саратовская область, г. Саратов, ул. Астраханская, 83","\u0421\u0430\u0440\u0430\u0442\u043e\u0432, \u0420\u043e\u0441\u0441\u0438\u044f"
296149,51.497377,45.938613,"410049, Саратовская область, г. Саратов, ул. Кавказская, д. 2 "А"","\u0421\u0430\u0440\u0430\u0442\u043e\u0432, \u0420\u043e\u0441\u0441\u0438\u044f"
301897,51.587287,45.852770,"410507, Саратовская область, г. Саратов, ул. Строителей, 12 "А"","\u0421\u0430\u0440\u0430\u0442\u043e\u0432, \u0420\u043e\u0441\u0441\u0438\u044f"
302041,51.539019,46.013667,"410600, Саратовская область, г. Саратов, ул. Московская, д. 156 А","\u0421\u0430\u0440\u0430\u0442\u043e\u0432, \u0420\u043e\u0441\u0441\u0438\u044f"
313357,51.571683,45.904657,"410051  г. Саратов, ул. 9-ая Дачная","\u041b\u0435\u043d\u0438\u043d\u0441\u043a\u0438\u0439 \u0440\u0430\u0439\u043e\u043d, \u0421\u0430\u0440\u0430\u0442\u043e\u0432, \u0420\u043e\u0441\u0441\u0438\u044f"
324541,51.577420,45.956283,"ул. Одесская, д. 46А, г. Саратов, 410052","\u0421\u0430\u0440\u0430\u0442\u043e\u0432, \u0420\u043e\u0441\u0441\u0438\u044f"
332977,51.528676,46.050606,"410002, , Саратов, ул. Чернышевского, 211","\u0421\u0430\u0440\u0430\u0442\u043e\u0432, \u0420\u043e\u0441\u0441\u0438\u044f"
349633,51.534453,45.970485,"413210, Саратовская область, Саратов, ул. Карла Маркса, 4","\u0421\u0430\u0440\u0430\u0442\u043e\u0432, \u0420\u043e\u0441\u0441\u0438\u044f"
350713,51.609347,45.903624,"410062, Саратовская область, Саратов, Московское шоссе, 79","\u0421\u0430\u0440\u0430\u0442\u043e\u0432, \u0420\u043e\u0441\u0441\u0438\u044f"
352225,51.521274,46.003184,"410017, Саратовская область, Саратов, ул. 2-ая Садовая,  д.28/34","\u0421\u0430\u0440\u0430\u0442\u043e\u0432, \u0420\u043e\u0441\u0441\u0438\u044f"
355705,51.540324,46.003579,"410026, г. Саратов, ул. Степана Разина, д. 52","\u0421\u0430\u0440\u0430\u0442\u043e\u0432, \u0420\u043e\u0441\u0441\u0438\u044f"
368149,51.536296,46.034625,"410600  г. Саратов, ул. Кутякова, д. 18, 20","\u0421\u0430\u0440\u0430\u0442\u043e\u0432, \u0420\u043e\u0441\u0441\u0438\u044f"
375841,51.529623,46.056670,"410002  г. Саратов, ул. Валовая, д. 15, кв. 34","\u0421\u0430\u0440\u0430\u0442\u043e\u0432, \u0420\u043e\u0441\u0441\u0438\u044f"
378481,51.566169,46.026226,"410010  г. Саратов, ул. Осипова, д. 10а","\u0421\u0430\u0440\u0430\u0442\u043e\u0432, \u0420\u043e\u0441\u0441\u0438\u044f"
380425,51.576066,45.965392,"ул. Лунная, д. 44, г. Саратов, 410065","\u0421\u0430\u0440\u0430\u0442\u043e\u0432, \u0420\u043e\u0441\u0441\u0438\u044f"
386425,51.531528,46.035820,"410065, г. Саратов, ул. Полковая, д.230","\u0420\u043e\u0441\u0441\u0438\u044f"
390181,51.525001,46.037473,"410002  г. Саратов, Бабушкин взвоз, д. 15, кв. 6","\u0421\u0430\u0440\u0430\u0442\u043e\u0432, \u0420\u043e\u0441\u0441\u0438\u044f"
396721,51.601146,46.022776,"410062, г. Саратов, пос. Строитель, б/н, литер "Е"","\u0421\u0430\u0440\u0430\u0442\u043e\u0432, \u0420\u043e\u0441\u0441\u0438\u044f"
407689,51.504105,45.964538,"410015, г. Саратов, ул. Орджоникидзе, д. 11 «А»","\u0421\u0430\u0440\u0430\u0442\u043e\u0432, \u0420\u043e\u0441\u0441\u0438\u044f"
408193,51.515765,46.006642,"410004, г. Саратов, ул. Чернышевского, д. 88","\u0421\u0430\u0440\u0430\u0442\u043e\u0432, \u0420\u043e\u0441\u0441\u0438\u044f"
409609,51.587589,45.934130,"410033, г. Саратов, ул. Гвардейская, д. 18Б","\u0421\u0430\u0440\u0430\u0442\u043e\u0432, \u0420\u043e\u0441\u0441\u0438\u044f"
409657,51.469148,45.912490,"410022, г. Саратов, ул. Азина, д. 53 «А»","\u0421\u0430\u0440\u0430\u0442\u043e\u0432, \u0420\u043e\u0441\u0441\u0438\u044f"
410149,51.614084,45.996976,"410007, г. Саратов, ул. Уфимцева, д. 6/4, кв. 254","\u0421\u0430\u0440\u0430\u0442\u043e\u0432, \u0420\u043e\u0441\u0441\u0438\u044f"
410221,51.576139,46.026262,"410010, г. Саратов, ул. Танкистов, д. 93","\u0421\u0430\u0440\u0430\u0442\u043e\u0432, \u0420\u043e\u0441\u0441\u0438\u044f"
414433,51.535041,46.030547,"410012, г. Саратов, ул. Московская, д. 88","\u0421\u0430\u0440\u0430\u0442\u043e\u0432, \u0420\u043e\u0441\u0441\u0438\u044f"
422797,51.534380,46.011359,"410600, г. Саратов,  ул. Вавилова, д. 27/29","\u0421\u0430\u0440\u0430\u0442\u043e\u0432, \u0420\u043e\u0441\u0441\u0438\u044f"
423277,51.527909,46.048531,"410002, г. Саратов, ул. Чернышевского, д. 203, оф. 404","\u0421\u0430\u0440\u0430\u0442\u043e\u0432, \u0420\u043e\u0441\u0441\u0438\u044f"
