955,51.531528,46.035820,"410005, Российская Федерация, Саратовская область, г. Саратов, ул. Им. Зарубина В.С., 186 "А"","\u0420\u043e\u0441\u0441\u0438\u044f"
1171,51.528934,46.043240,"410002, Россия, Саратовская область, г. Саратов, ул. Комсомольская, д. 28/30, пом. 4","\u0421\u0430\u0440\u0430\u0442\u043e\u0432, \u0420\u043e\u0441\u0441\u0438\u044f"
1375,51.545993,46.031849,"410005, Россия, Саратовская область, г. Саратов, 1-й Соколовский тупик, д. 21","\u0421\u0430\u0440\u0430\u0442\u043e\u0432, \u0420\u043e\u0441\u0441\u0438\u044f"
1591,51.574655,45.981516,"410065, Российская Федерация, Саратовская область, г. Саратов, 2-ой Красноармейский тупик, д. 3","\u0421\u0430\u0440\u0430\u0442\u043e\u0432, \u0420\u043e\u0441\u0441\u0438\u044f"
2419,51.522748,46.009337,"410017, Российская Федерация, Саратовская область, г. Саратов, ул. Шелковичная, д.29/35","\u0421\u0430\u0440\u0430\u0442\u043e\u0432, \u0420\u043e\u0441\u0441\u0438\u044f"
3055,51.570121,45.984607,"410040, Российская Федерация, Саратовская область, г. Саратов, проспект им. 50 лет Октября, д. 110 А","\u0421\u0430\u0440\u0430\u0442\u043e\u0432, \u0420\u043e\u0441\u0441\u0438\u044f"
3547,51.531528,46.035820,"410035, Российская Федерация, Саратовская область, г. Саратов, улица им. Тархова С.Ф., д. № 32","\u0420\u043e\u0441\u0441\u0438\u044f"
4459,51.531528,46.035820,"410039, Россия, Саратовская область, г. Саратов, улица им.Расковой М.М., дом 10А, кв.35","\u0420\u043e\u0441\u0441\u0438\u044f"
5515,51.540021,45.999123,"410012, Россия, Саратовская область, г. Саратов, ул. Аткарская, 29","\u0421\u0430\u0440\u0430\u0442\u043e\u0432, \u0420\u043e\u0441\u0441\u0438\u044f"
6367,51.531528,46.035820,"410017, Российская Федерация, Саратовская область, г. Саратов, ул. Чернышевского Н.Г., дом 90, офис 20","\u0420\u043e\u0441\u0441\u0438\u044f"
6415,51.531528,46.035820,"410012, Россия, Саратовская область, г. Саратов, ул. им. Рахова В.Г., д. 148","\u0420\u043e\u0441\u0441\u0438\u044f"
6679,51.511813,46.000830,"410004, Россия, г. Саратов, ул. Набережная, д. № 22","\u0421\u0430\u0440\u0430\u0442\u043e\u0432, \u0420\u043e\u0441\u0441\u0438\u044f"
7915,51.591932,45.963254,"410044, Россия, Саратовская область, г. Саратов, ул. Ламповая, д. 4 "а"","\u0421\u0430\u0440\u0430\u0442\u043e\u0432, \u0420\u043e\u0441\u0441\u0438\u044f"
9427,51.516762,45.989691,"410012, Российская Федерация, Саратовская область, г. Саратов, ул. Б. Садовая, д. 168/174, кв. 44","\u0421\u0430\u0440\u0430\u0442\u043e\u0432, \u0420\u043e\u0441\u0441\u0438\u044f"
11167,51.565032,45.990814,"410040, Российская Федерация, Саратовская область, г. Саратов, проспект им. 50 лет Октября, д. 108","\u0421\u0430\u0440\u0430\u0442\u043e\u0432, \u0420\u043e\u0441\u0441\u0438\u044f"
11731,51.531528,46.035820,"410064, Россия, Саратовская область, г. Саратов, ул. Им. Лебедева-Кумача В.И., д.70","\u0420\u043e\u0441\u0441\u0438\u044f"
11983,51.576021,45.958358,"410052, Россия, Саратовская область, г. Саратов, улица Одесская, д.15","\u0421\u0430\u0440\u0430\u0442\u043e\u0432, \u0420\u043e\u0441\u0441\u0438\u044f"
12247,51.531528,46.035820,"410022, Российская Федерация, Саратовская область, г. Саратов, ул. им. Хомяковой В.Д., д.13","\u0420\u043e\u0441\u0441\u0438\u044f"
12763,51.537898,46.055538,"410031, Российская Федерация, Саратовская область, г. Саратов, улица Соколовая, 97/100","\u0421\u0430\u0440\u0430\u0442\u043e\u0432, \u0420\u043e\u0441\u0441\u0438\u044f"
12955,51.601359,45.969901,"410080, Российская Федерация, Саратовская область, г. Саратов, Проспект Строителей, д. 42а","\u0421\u0430\u0440\u0430\u0442\u043e\u0432, \u0420\u043e\u0441\u0441\u0438\u044f"
13483,51.540262,45.984454,"410071, Российская Федерация, Саратовская область, г. Саратов, 4-й Рабочий проезд, д. № 3","\u0421\u0430\u0440\u0430\u0442\u043e\u0432, \u0420\u043e\u0441\u0441\u0438\u044f"
13543,51.603143,45.972515,"410080, Российская Федерация, Саратовская область, г. Саратов, ул. им. Академика О.К. Антонова, д. 5","\u0421\u0430\u0440\u0430\u0442\u043e\u0432, \u0420\u043e\u0441\u0441\u0438\u044f"
14395,51.505400,45.979792,"410076, Российская Федерация, Саратовская область, г. Саратов, ул. Заводская, д. 2","\u0421\u0430\u0440\u0430\u0442\u043e\u0432, \u0420\u043e\u0441\u0441\u0438\u044f"
17335,51.497377,45.938613,"410049, Российская Федерация, Саратовская область, г. Саратов, ул. Кавказская, дом 2 А","\u0421\u0430\u0440\u0430\u0442\u043e\u0432, \u0420\u043e\u0441\u0441\u0438\u044f"
17443,51.527348,46.029864,"410028, Российская Федерация, Саратовская область, г. Саратов, ул. Советская, д. 6/8","\u0421\u0430\u0440\u0430\u0442\u043e\u0432, \u0420\u043e\u0441\u0441\u0438\u044f"
18883,51.512043,45.989817,"410076, Российская Федерация, Саратовская область, г. Саратов, улица им. Н.Г. Чернышевского, дом 55","\u0421\u0430\u0440\u0430\u0442\u043e\u0432, \u0420\u043e\u0441\u0441\u0438\u044f"
20767,51.534425,45.999114,"410012, Россия, Саратовская область, г. Саратов, ул. Рабочая, д. 145/155","\u0421\u0430\u0440\u0430\u0442\u043e\u0432, \u0420\u043e\u0441\u0441\u0438\u044f"
22507,51.600749,45.908780,"410086, Российская Федерация, Саратовская область, г. Саратов, ул. 3-я Степная, дом 8","\u0421\u0430\u0440\u0430\u0442\u043e\u0432, \u0420\u043e\u0441\u0441\u0438\u044f"
23995,51.531528,46.035820,"410012, Российская Федерация, Саратовская область, г. Саратов, ул. им. Разина Ст.Т., д. 54, кв. 274","\u0420\u043e\u0441\u0441\u0438\u044f"
27691,51.540380,46.010550,"410023, Россия, Саратовская область, г. Саратов, ул. Московская, д. 158","\u0421\u0430\u0440\u0430\u0442\u043e\u0432, \u0420\u043e\u0441\u0441\u0438\u044f"
30487,51.542845,46.022911,"410005, Российская Федерация, Саратовская область, г. Саратов, ул. Посадского, д. 193/199","\u0421\u0430\u0440\u0430\u0442\u043e\u0432, \u0420\u043e\u0441\u0441\u0438\u044f"
33199,51.489117,45.931534,"410039, Россия, Саратовская область, г. Саратов, проспект Энтузиастов, д. 43, офис 302","\u0421\u0430\u0440\u0430\u0442\u043e\u0432, \u0420\u043e\u0441\u0441\u0438\u044f"
33415,51.530453,46.024833,"410012, Саратовская область, г. Саратов, ул. Сакко и Ванцетти, 44","\u0421\u0430\u0440\u0430\u0442\u043e\u0432, \u0420\u043e\u0441\u0441\u0438\u044f"
34963,51.525202,46.023055,"410028, Российская Федерация, Саратовская область, г. Саратов, ул. Рабочая, д. 18","\u0421\u0430\u0440\u0430\u0442\u043e\u0432, \u0420\u043e\u0441\u0441\u0438\u044f"
36955,51.507637,45.984023,"410076, Саратовская область, г. Саратов, 4-й проезд Чернышевского, д. 3","\u0421\u0430\u0440\u0430\u0442\u043e\u0432, \u0420\u043e\u0441\u0441\u0438\u044f"
37123,51.531528,46.035820,"410012, Россия, Саратовская область, г. Саратов, ул. Им. Разина С.Т., д. 75 Б, пом. 38, Литера А","\u0420\u043e\u0441\u0441\u0438\u044f"
38719,51.609682,46.007954,"410035, Саратовская область, г. Саратов, ул. Тархова 35 -А","\u0421\u0430\u0440\u0430\u0442\u043e\u0432, \u0420\u043e\u0441\u0441\u0438\u044f"
39571,51.558257,46.031364,"410010, Российская Федерация, Саратовская область, г. Саратов, ул. Жуковского, 25","\u0421\u0430\u0440\u0430\u0442\u043e\u0432, \u0420\u043e\u0441\u0441\u0438\u044f"
49195,51.570563,46.000785,"410010, Россия, Саратовская область, г. Саратов, Селекционный проезд, дом 3","\u0421\u0430\u0440\u0430\u0442\u043e\u0432, \u0420\u043e\u0441\u0441\u0438\u044f"
54415,51.561914,45.994425,"410009, Россия, Саратовская область, г. Саратов, пр.50 лет Октября, д. 70, кв. 173","\u0421\u0430\u0440\u0430\u0442\u043e\u0432, \u0420\u043e\u0441\u0441\u0438\u044f"
55651,51.536503,46.023764,"410012, Российская Федерация, Саратовская область, г. Саратов, ул. Московская, д. 120","\u0421\u0430\u0440\u0430\u0442\u043e\u0432, \u0420\u043e\u0441\u0441\u0438\u044f"
57547,51.592469,45.966155,"410044, Россия, Саратовская область, г. Саратов, ул. Студеная, д. 6","\u0421\u0430\u0440\u0430\u0442\u043e\u0432, \u0420\u043e\u0441\u0441\u0438\u044f"
58591,51.584478,45.973369,"410069, Россия, Саратовская область, г. Саратов, ул. Куприянова, д. 7","\u0421\u0430\u0440\u0430\u0442\u043e\u0432, \u0420\u043e\u0441\u0441\u0438\u044f"
66751,51.518859,46.003723,"410004, Россия, Саратовская область, г. Саратов, 2 Садовая, дом 19","\u0421\u0430\u0440\u0430\u0442\u043e\u0432, \u0420\u043e\u0441\u0441\u0438\u044f"
68359,51.527270,46.034023,"410028, Саратовская область, г. Саратов, Соборная площадь, д.11","\u0421\u0430\u0440\u0430\u0442\u043e\u0432, \u0420\u043e\u0441\u0441\u0438\u044f"
70363,51.588334,45.929702,"410033, Российская Федерация, Саратовская область, г. Саратов, ул. Гвардейская, д. 22","\u0421\u0430\u0440\u0430\u0442\u043e\u0432, \u0420\u043e\u0441\u0441\u0438\u044f"
73759,51.533685,46.023647,"410012, Российская Федерация, Саратовская область, г. Саратов, ул. Б.Казачья, д. 43/45","\u0421\u0430\u0440\u0430\u0442\u043e\u0432, \u0420\u043e\u0441\u0441\u0438\u044f"
80575,51.533220,46.057658,"410030, Саратовская область, г. Саратов, ул. Большая Горная, д. 43","\u0421\u0430\u0440\u0430\u0442\u043e\u0432, \u0420\u043e\u0441\u0441\u0438\u044f"
82831,51.588910,45.948458,"410003, Россия, Саратовская область, , г. Саратов, пр-т 50 лет Октября д.101","\u0421\u0430\u0440\u0430\u0442\u043e\u0432, \u0420\u043e\u0441\u0441\u0438\u044f"
84403,51.588188,45.991335,"410069, Российская Федерация, Саратовская область, г. Саратов, улица Ипподромная, дом 13","\u0421\u0430\u0440\u0430\u0442\u043e\u0432, \u0420\u043e\u0441\u0441\u0438\u044f"
85615,51.526026,46.005115,"410017, Саратовская область, г. Саратов, ул. Шелковичная,  д. 58","\u0421\u0430\u0440\u0430\u0442\u043e\u0432, \u0420\u043e\u0441\u0441\u0438\u044f"
105559,51.523056,46.003983,"410017, Российская Федерация, Саратовская область, г. Саратов, ул. Новоузенская, д. 51/63","\u0421\u0430\u0440\u0430\u0442\u043e\u0432, \u0420\u043e\u0441\u0441\u0438\u044f"
116227,51.518522,46.017467,"410056, Саратовская область, г. Саратов, ул. Чернышевского, д. 100","\u0421\u0430\u0440\u0430\u0442\u043e\u0432, \u0420\u043e\u0441\u0441\u0438\u044f"
119623,51.535859,46.005484,"410012, Российская Федерация, Саратовская область, г. Саратов, ул.Вавилова, д.51/57","\u0421\u0430\u0440\u0430\u0442\u043e\u0432, \u0420\u043e\u0441\u0441\u0438\u044f"
120043,51.498594,45.934975,"410049, Россия, Саратовская область, г. город Саратов, ул. Кавказская, д.11","\u0421\u0430\u0440\u0430\u0442\u043e\u0432, \u0420\u043e\u0441\u0441\u0438\u044f"
123895,51.531528,46.035820,"410035, Российская Федерация, Саратовская область, г. Саратов, улица имени  Бардина И.П., 6 "а"","\u0420\u043e\u0441\u0441\u0438\u044f"
127627,51.523465,46.018141,"410056, Россия, Саратовская область, г. Саратов, улица Белоглинская, дом 22","\u0421\u0430\u0440\u0430\u0442\u043e\u0432, \u0420\u043e\u0441\u0441\u0438\u044f"
130075,51.527814,46.028283,"410028, Российская Федерация, Саратовская область, г. Саратов, ул. Советская, 12/14","\u0421\u0430\u0440\u0430\u0442\u043e\u0432, \u0420\u043e\u0441\u0441\u0438\u044f"
146095,51.576273,46.072974,"410018, Россия, Саратовская область, г. город Саратов, ул. Федоровская, дом  4, V","\u043f\u043e\u0441\u0435\u043b\u043e\u043a \u042e\u0431\u0438\u043b\u0435\u0439\u043d\u044b\u0439, \u0421\u0430\u0440\u0430\u0442\u043e\u0432, \u0420\u043e\u0441\u0441\u0438\u044f"
148531,51.541405,46.039485,"410003, Российская Федерация, Саратовская область, г. Саратов, ул. Мясницкая, 44","\u0421\u0430\u0440\u0430\u0442\u043e\u0432, \u0420\u043e\u0441\u0441\u0438\u044f"
151267,51.531528,46.035820,"410064, Российская Федерация, Саратовская область, г. Саратов, ул. им. Лебедева-Кумача В.И., 67б","\u0420\u043e\u0441\u0441\u0438\u044f"
154639,51.563649,46.015985,"410010, Российская Федерация, Саратовская область, г. Саратов, ул. Зенитная, д. 14","\u0421\u0430\u0440\u0430\u0442\u043e\u0432, \u0420\u043e\u0441\u0441\u0438\u044f"
160039,51.587433,46.038218,"410047, Россия, Саратовская область, г. Саратов, здание перинатального центра по ул. Зерновая б/н","\u043f\u043e\u0441\u0435\u043b\u043e\u043a \u041c\u0438\u0440\u043d\u044b\u0439, \u0421\u0430\u0440\u0430\u0442\u043e\u0432, \u0420\u043e\u0441\u0441\u0438\u044f"
162139,51.535652,46.058089,"410030, Российская Федерация, Саратовская область, г. Саратов, ул. Рогожина, д. 22","\u0421\u0430\u0440\u0430\u0442\u043e\u0432, \u0420\u043e\u0441\u0441\u0438\u044f"
169375,51.485937,45.922722,"410039, Россия, Саратовская область, г. Саратов, Крымский проезд, дом 3","\u0421\u0430\u0440\u0430\u0442\u043e\u0432, \u0420\u043e\u0441\u0441\u0438\u044f"
186979,51.539019,46.013667,"410600, Российская Федерация, Саратовская область, г. Саратов, ул. Московская, д. 156 А","\u0421\u0430\u0440\u0430\u0442\u043e\u0432, \u0420\u043e\u0441\u0441\u0438\u044f"
195799,51.590454,45.931310,"410033, Российская Федерация, Саратовская область, г. Саратов, 1-ый проезд Панфилова, д.1","\u0421\u0430\u0440\u0430\u0442\u043e\u0432, \u0420\u043e\u0441\u0441\u0438\u044f"
197587,51.538055,45.970350,"410054, г. Саратов, ул. Новоузенская, д. 214","\u0421\u0430\u0440\u0430\u0442\u043e\u0432, \u0420\u043e\u0441\u0441\u0438\u044f"
197731,51.526715,46.052546,"410002, Россия, Саратовская область, Саратов, ул. Лермонтова, д.24/26","\u0421\u0430\u0440\u0430\u0442\u043e\u0432, \u0420\u043e\u0441\u0441\u0438\u044f"
203299,51.533915,46.036808,"410002, Россия, Саратовская область, г. Саратов, ул. Московская, д. 66","\u0421\u0430\u0440\u0430\u0442\u043e\u0432, \u0420\u043e\u0441\u0441\u0438\u044f"
207151,51.536128,46.030439,"410600, Россия, Саратовская область, г. Саратов, ул. Челюскинцев, д.120, кв.2","\u0421\u0430\u0440\u0430\u0442\u043e\u0432, \u0420\u043e\u0441\u0441\u0438\u044f"
211411,51.528783,46.032137,"410012, Россия, Саратовская область, г. Саратов, улица ИМ. Сакко и Ванцетти, д. 6/8","\u0421\u0430\u0440\u0430\u0442\u043e\u0432, \u0420\u043e\u0441\u0441\u0438\u044f"
220147,51.528374,46.023881,"410600, Россия, Саратовская область, г. город Саратов, ул. Советская, д. 27","\u0421\u0430\u0440\u0430\u0442\u043e\u0432, \u0420\u043e\u0441\u0441\u0438\u044f"
220423,51.540923,45.944470,"410053, Саратовская область, г. Саратов, Смирновское ущелье 1","\u0421\u0430\u0440\u0430\u0442\u043e\u0432, \u0420\u043e\u0441\u0441\u0438\u044f"
225823,51.536744,46.009041,"410078, Российская Федерация, Саратовская область, г. Саратов, ул. Астраханская 79","\u0421\u0430\u0440\u0430\u0442\u043e\u0432, \u0420\u043e\u0441\u0441\u0438\u044f"
227155,51.582430,45.960433,"410052, г. Саратов, ул. Международная, д. 17А","\u0421\u0430\u0440\u0430\u0442\u043e\u0432, \u0420\u043e\u0441\u0441\u0438\u044f"
248479,51.591932,45.963254,"410044, Саратовская область, г. Саратов, ул. Ламповая, д. 4 А","\u0421\u0430\u0440\u0430\u0442\u043e\u0432, \u0420\u043e\u0441\u0441\u0438\u044f"
248563,51.530503,46.023082,"410029, Россия, Саратовская область, г. Саратов, ул. Сакко и Ванцетти, д.55","\u0421\u0430\u0440\u0430\u0442\u043e\u0432, \u0420\u043e\u0441\u0441\u0438\u044f"
254623,51.511561,45.950210,"410001, Саратовская область, г. Саратов, улица Огородная, дом № 91","\u0421\u0430\u0440\u0430\u0442\u043e\u0432, \u0420\u043e\u0441\u0441\u0438\u044f"
256423,51.555452,46.005519,"410009, Саратовская область, г. Саратов, ул. Мурманский проезд, д. 1","\u0421\u0430\u0440\u0430\u0442\u043e\u0432, \u0420\u043e\u0441\u0441\u0438\u044f"
264079,51.499469,45.940814,"410049, Саратовская область, г. Саратов, ул. Пензенская, 39","\u0421\u0430\u0440\u0430\u0442\u043e\u0432, \u0420\u043e\u0441\u0441\u0438\u044f"
264463,51.548530,46.005861,"410005, Саратовская область, г. Саратов, улица Большая Садовая, дом 239, офис 330","\u0421\u0430\u0440\u0430\u0442\u043e\u0432, \u0420\u043e\u0441\u0441\u0438\u044f"
274363,51.525073,46.003471,"410017, г. Саратов, ул. Хользунова, д. 19","\u0421\u0430\u0440\u0430\u0442\u043e\u0432, \u0420\u043e\u0441\u0441\u0438\u044f"
285355,51.499003,45.935496,"410049, Саратовская область, г. Саратов, ул. Кавказская, д. 26, кв. 25","\u0421\u0430\u0440\u0430\u0442\u043e\u0432, \u0420\u043e\u0441\u0441\u0438\u044f"
301147,51.536503,46.023764,"410600, Саратовская область, г. Саратов, ул. Московская, 120","\u0421\u0430\u0440\u0430\u0442\u043e\u0432, \u0420\u043e\u0441\u0441\u0438\u044f"
324115,51.570121,45.984607,"410040, Саратовская область, г. Саратов, пр. 50 Лет Октября, 110 А","\u0421\u0430\u0440\u0430\u0442\u043e\u0432, \u0420\u043e\u0441\u0441\u0438\u044f"
330631,51.603143,45.972515,"410080, г. Саратов, ул. Ак. Антонова, д. 5","\u0421\u0430\u0440\u0430\u0442\u043e\u0432, \u0420\u043e\u0441\u0441\u0438\u044f"
354811,51.529702,46.053031,"410031, г. Саратов, ул. Тулупная, д. 2","\u0421\u0430\u0440\u0430\u0442\u043e\u0432, \u0420\u043e\u0441\u0441\u0438\u044f"
355711,51.494422,45.934804,"410049, г. Саратов, ул. Пономарева, д. 16","\u0421\u0430\u0440\u0430\u0442\u043e\u0432, \u0420\u043e\u0441\u0441\u0438\u044f"
363823,51.609582,45.974150,"410064  г. Саратов, ул. Лебедева-Кумача, д. 67 "б"","\u0421\u0430\u0440\u0430\u0442\u043e\u0432, \u0420\u043e\u0441\u0441\u0438\u044f"
