56,51.603859,45.998656,"410007, Российская Федерация, Саратовская область, г. Саратов, ул. Днепропетровская, д. 4 "а"","\u0421\u0430\u0440\u0430\u0442\u043e\u0432, \u0420\u043e\u0441\u0441\u0438\u044f"
512,51.558957,45.997965,"410009, Российская Федерация, Саратовская область, г. Саратов, Проспект имени 50 Лет Октября, д. 34/56","\u0421\u0430\u0440\u0430\u0442\u043e\u0432, \u0420\u043e\u0441\u0441\u0438\u044f"
944,51.527051,46.032083,"410056, Россия, Саратовская область, г. Саратов, ул. Советская, д. 83/89, корп. 1, литер Д, пом. 1","\u0421\u0430\u0440\u0430\u0442\u043e\u0432, \u0420\u043e\u0441\u0441\u0438\u044f"
3008,51.531058,46.009652,"410056, Россия, Саратовская область, Саратов, ул. Пугачева, д. 54/62, нежилое помещение №50","\u0421\u0430\u0440\u0430\u0442\u043e\u0432, \u0420\u043e\u0441\u0441\u0438\u044f"
3572,51.563201,46.021222,"410010, Россия, Саратовская область, г. Саратов, ул. Танкистов, д. 68, пом. 49","\u0421\u0430\u0440\u0430\u0442\u043e\u0432, \u0420\u043e\u0441\u0441\u0438\u044f"
4196,51.570099,46.053301,"410074, Россия, Саратовская область, г. Саратов, ул. Кедровая, д. 49","\u043f\u043e\u0441\u0435\u043b\u043e\u043a \u042e\u0431\u0438\u043b\u0435\u0439\u043d\u044b\u0439, \u0421\u0430\u0440\u0430\u0442\u043e\u0432, \u0420\u043e\u0441\u0441\u0438\u044f"
7304,51.526665,46.043078,"410002, Россия, Саратовская область, г. Саратов, улица  Мичурина, дом 150/154","\u0421\u0430\u0440\u0430\u0442\u043e\u0432, \u0420\u043e\u0441\u0441\u0438\u044f"
10652,51.464401,45.926782,"410022, Россия, Саратовская область, г. Саратов, улица Брянская, дом 7 А","\u0421\u0430\u0440\u0430\u0442\u043e\u0432, \u0420\u043e\u0441\u0441\u0438\u044f"
11588,51.531528,46.035820,"410028, Российская Федерация, Саратовская область, г. Саратов, ул. им. Чернышевского Н.Г., д. 143","\u0420\u043e\u0441\u0441\u0438\u044f"
12116,51.527337,46.022057,"410056, Россия, Саратовская область, г. Саратов, ул. Вольская, д. 22","\u0421\u0430\u0440\u0430\u0442\u043e\u0432, \u0420\u043e\u0441\u0441\u0438\u044f"
12260,51.531528,46.035820,"410012, Россия, Саратовская область, г. Саратов, ул. им. Емлютина Д.В., 44 Д","\u0420\u043e\u0441\u0441\u0438\u044f"
13616,51.531528,46.035820,"410033, Российская Федерация, Саратовская область, г. Саратов, ул. им. Космодемьянской З.А., д. 28","\u0420\u043e\u0441\u0441\u0438\u044f"
15080,51.516275,46.003337,"410004, Россия, Саратовская область, г. Саратов, ул. 1-й Вакуровский пр-д, д. 6/9","\u0421\u0430\u0440\u0430\u0442\u043e\u0432, \u0420\u043e\u0441\u0441\u0438\u044f"
17576,51.522832,46.009203,"443087, Россия, Самарская область, Саратов, ул. Шелковичная, д. № 29/35, комната № 5","\u0421\u0430\u0440\u0430\u0442\u043e\u0432, \u0420\u043e\u0441\u0441\u0438\u044f"
19964,51.531528,46.035820,"410003, Россия, Саратовская область, г. Саратов, ул. им. Горького А.М., д. 91, офис. 2","\u0420\u043e\u0441\u0441\u0438\u044f"
20756,51.561354,46.017503,"410010, Российская Федерация, Саратовская область, г. Саратов, ул. Безымянная, дом 6 В","\u041a\u0438\u0440\u043e\u0432\u0441\u043a\u0438\u0439 \u0440\u0430\u0439\u043e\u043d, \u0421\u0430\u0440\u0430\u0442\u043e\u0432, \u0420\u043e\u0441\u0441\u0438\u044f"
22508,51.575674,46.074708,"410002, Российская Федерация, Саратовская область, г. Саратов, улица Менякина Ю.И., д. 1","\u0421\u0430\u0440\u0430\u0442\u043e\u0432, \u0420\u043e\u0441\u0441\u0438\u044f"
25736,51.541719,45.994380,"410012, Российская Федерация, Саратовская область, г. Саратов, ул. Слонова, 72а","\u0421\u0430\u0440\u0430\u0442\u043e\u0432, \u0420\u043e\u0441\u0441\u0438\u044f"
28808,51.532049,45.974411,"410008, Российская Федерация, Саратовская область, г. Саратов, ул. 2-я Садовая, д. 115/121","\u0421\u0430\u0440\u0430\u0442\u043e\u0432, \u0420\u043e\u0441\u0441\u0438\u044f"
34832,51.549891,46.024824,"410005, Российская Федерация, Саратовская область, г. Саратов, ул. им. Рахова, д. 280","\u0421\u0430\u0440\u0430\u0442\u043e\u0432, \u0420\u043e\u0441\u0441\u0438\u044f"
37952,51.511561,45.950210,"410001, Россия, Саратовская область, г. Саратов, ул. Огородная, дом 91","\u0421\u0430\u0440\u0430\u0442\u043e\u0432, \u0420\u043e\u0441\u0441\u0438\u044f"
40808,51.526407,46.013461,"410004, Российская Федерация, Саратовская область, г. Саратов, ул. Бахметьевская, д. 44/64","\u0421\u0430\u0440\u0430\u0442\u043e\u0432, \u0420\u043e\u0441\u0441\u0438\u044f"
41312,51.530856,45.985038,"410054, Российская Федерация, Саратовская область, г. Саратов, ул. 2-я Садовая, д. 104 Д","\u0421\u0430\u0440\u0430\u0442\u043e\u0432, \u0420\u043e\u0441\u0441\u0438\u044f"
41372,51.549639,46.033134,"410019, Российская Федерация, Саратовская область, г. Саратов, улица Зеленая, д. 38","\u0421\u0430\u0440\u0430\u0442\u043e\u0432, \u0420\u043e\u0441\u0441\u0438\u044f"
41636,51.548530,46.005861,"410005, Российская Федерация, г. Саратов, ул. Большая Садовая, д .239","\u0421\u0430\u0440\u0430\u0442\u043e\u0432, \u0420\u043e\u0441\u0441\u0438\u044f"
41864,51.531528,46.035820,"410041, Россия, Саратовская область, г. Саратов, ул. им Ломоносова М.В., д. 18","\u0420\u043e\u0441\u0441\u0438\u044f"
46784,51.530128,46.037113,"410031, Россия, Саратовская область, г. Саратов, улица Волжская, дом 34, кв. 37","\u0421\u0430\u0440\u0430\u0442\u043e\u0432, \u0420\u043e\u0441\u0441\u0438\u044f"
52700,51.521044,46.000534,"410017, Россия, Саратовская область, г. Саратов, ул. 2-я Садовая, дом 23","\u0421\u0430\u0440\u0430\u0442\u043e\u0432, \u0420\u043e\u0441\u0441\u0438\u044f"
55064,51.535411,46.023890,"410012, Российская Федерация, Саратовская область, г. Саратов, ул. Киселева, д. 38","\u0421\u0430\u0440\u0430\u0442\u043e\u0432, \u0420\u043e\u0441\u0441\u0438\u044f"
59528,51.533344,46.013398,"410056, Россия, Саратовская область, г. Саратов, ул. Вавилова, д. 13","\u0421\u0430\u0440\u0430\u0442\u043e\u0432, \u0420\u043e\u0441\u0441\u0438\u044f"
59588,51.507138,45.928705,"410036, Российская Федерация, Саратовская область, г. Саратов, ул. Огородная, д. 173 «а»","\u0421\u0430\u0440\u0430\u0442\u043e\u0432, \u0420\u043e\u0441\u0441\u0438\u044f"
61832,51.541472,45.969677,"410071, Российская Федерация, Саратовская область, г. Саратов, ул. Шелковичная, д. 186","\u0421\u0430\u0440\u0430\u0442\u043e\u0432, \u0420\u043e\u0441\u0441\u0438\u044f"
66644,51.502575,45.947120,"410015, Российская Федерация, Саратовская область, г. Саратов, улица Авиастроителей, дом 3","\u0421\u0430\u0440\u0430\u0442\u043e\u0432, \u0420\u043e\u0441\u0441\u0438\u044f"
73772,51.503163,45.950498,"410015, Россия, Саратовская область, г. Саратов, площадь Орджоникидзе, дом 9,  квартира 73","\u0421\u0430\u0440\u0430\u0442\u043e\u0432, \u0420\u043e\u0441\u0441\u0438\u044f"
75980,51.531708,46.042350,"410041, Российская Федерация, Саратовская область, г. Саратов, ул. Некрасова, дом 56, кв. 5","\u0421\u0430\u0440\u0430\u0442\u043e\u0432, \u0420\u043e\u0441\u0441\u0438\u044f"
76184,51.531528,46.035820,"410064, Российская Федерация, Саратовская область, г. Саратов, ул. им. Тархова С.Ф., дом 19В. этаж первый, Литер А, номер на поэтажном плане 121","\u0420\u043e\u0441\u0441\u0438\u044f"
79232,51.570121,45.984607,"410040, Россия, Саратовская область, г. Саратов, пр-кт 50 лет Октября, д.110 "А"","\u0421\u0430\u0440\u0430\u0442\u043e\u0432, \u0420\u043e\u0441\u0441\u0438\u044f"
79976,51.558257,46.031364,"410010, Россия, Саратовская область, г. Саратов, ул. Жуковского, 25","\u0421\u0430\u0440\u0430\u0442\u043e\u0432, \u0420\u043e\u0441\u0441\u0438\u044f"
81680,51.550664,46.018868,"410019, Саратовская область, г. Саратов, ул. Танкистов, дом 26 А","\u0421\u0430\u0440\u0430\u0442\u043e\u0432, \u0420\u043e\u0441\u0441\u0438\u044f"
83552,51.551924,46.005466,"410009, Россия, Саратовская область, г. Саратов, ул. Б. Садовая, д.239 "А"","\u0421\u0430\u0440\u0430\u0442\u043e\u0432, \u0420\u043e\u0441\u0441\u0438\u044f"
84452,51.585379,45.949887,"410033, Российская Федерация, Саратовская область, г. Саратов, улица Гвардейская, дом №2А, литер Р","\u0421\u0430\u0440\u0430\u0442\u043e\u0432, \u0420\u043e\u0441\u0441\u0438\u044f"
92912,51.517715,46.014197,"410056, Российская Федерация, Саратовская область, г. Саратов, ул. Чернышевского, д. 94","\u0421\u0430\u0440\u0430\u0442\u043e\u0432, \u0420\u043e\u0441\u0441\u0438\u044f"
98876,51.531528,46.035820,"410007, Российская Федерация, Саратовская область, г. Саратов, ул. им. Блинова Ф.А., дом 19А","\u0420\u043e\u0441\u0441\u0438\u044f"
99452,51.615376,45.914520,"410086, Российская Федерация, Саратовская область, г. Саратов, улица Елшанская, дом 5","\u0421\u0430\u0440\u0430\u0442\u043e\u0432, \u0420\u043e\u0441\u0441\u0438\u044f"
113636,51.531528,46.035820,"410012, Саратовская область, г. Саратов, улица им. Зарубина В.С., д. 87","\u0420\u043e\u0441\u0441\u0438\u044f"
117368,51.526217,46.018410,"410056, Россия, Саратовская область, г. Саратов, ул. Рабочая, д. 32","\u0421\u0430\u0440\u0430\u0442\u043e\u0432, \u0420\u043e\u0441\u0441\u0438\u044f"
117800,51.526665,46.022875,"410056, Российская Федерация, Саратовская область, г. Саратов, ул. Мичурина дом 80, кв. 11","\u0421\u0430\u0440\u0430\u0442\u043e\u0432, \u0420\u043e\u0441\u0441\u0438\u044f"
118604,51.521274,46.003184,"410017, Российская Федерация, Саратовская область, г. Саратов, улица 2-я Садовая, д. 28/34","\u0421\u0430\u0440\u0430\u0442\u043e\u0432, \u0420\u043e\u0441\u0441\u0438\u044f"
123140,51.477406,45.895386,"410048, Российская Федерация, Саратовская область, г. Саратов, ул. Тульская 49","\u0421\u0430\u0440\u0430\u0442\u043e\u0432, \u0420\u043e\u0441\u0441\u0438\u044f"
126368,51.527774,46.015608,"410056, Российская Федерация, Саратовская область, г. Саратов, ул. Ульяновская, дом № 32","\u0421\u0430\u0440\u0430\u0442\u043e\u0432, \u0420\u043e\u0441\u0441\u0438\u044f"
128480,51.566062,45.986852,"410040, Российская Федерация, Саратовская область, г. Саратов, проспект 50 Лет Октября, дом 63","\u0421\u0430\u0440\u0430\u0442\u043e\u0432, \u0420\u043e\u0441\u0441\u0438\u044f"
129140,51.572349,45.976989,"410065, Российская Федерация, Саратовская область, г. Саратов, Саперная, 6 а","\u0421\u0430\u0440\u0430\u0442\u043e\u0432, \u0420\u043e\u0441\u0441\u0438\u044f"
141680,51.503163,45.950498,"410015, Российская Федерация, Саратовская область, г. Саратов, пл. Орджоникидзе, дом 9, кв. 73","\u0421\u0430\u0440\u0430\u0442\u043e\u0432, \u0420\u043e\u0441\u0441\u0438\u044f"
148916,51.563549,46.023612,"410019, Российская Федерация, Саратовская область, г. Саратов, ул. Высокая , дом 4","\u0421\u0430\u0440\u0430\u0442\u043e\u0432, \u0420\u043e\u0441\u0441\u0438\u044f"
149588,51.535092,45.984921,"410054, Российская Федерация, Саратовская область, г. Саратов, ул. Большая Садовая,141, офис № 1, 2","\u0421\u0430\u0440\u0430\u0442\u043e\u0432, \u0420\u043e\u0441\u0441\u0438\u044f"
150272,51.574655,45.981516,"410065, Россия, Саратовская область, 410065, г. Саратов, 2-й Красноармейский тупик,  д. 3","\u0421\u0430\u0440\u0430\u0442\u043e\u0432, \u0420\u043e\u0441\u0441\u0438\u044f"
161756,51.531528,46.035820,"410076, Россия, Саратовская область, г. Саратов, ул. Им. Чернышевского Н.Г. дом 57 "В"","\u0420\u043e\u0441\u0441\u0438\u044f"
163832,51.540324,46.003579,"410012, Российская Федерация, Саратовская область, г. Саратов, ул. Степана Разина, д. 52","\u0421\u0430\u0440\u0430\u0442\u043e\u0432, \u0420\u043e\u0441\u0441\u0438\u044f"
177020,51.535702,46.035936,"410003, Россия, Саратовская область, г. Саратов, ул. Кутякова, д. 12","\u0421\u0430\u0440\u0430\u0442\u043e\u0432, \u0420\u043e\u0441\u0441\u0438\u044f"
181508,51.522535,46.019156,"410028, Россия, Саратовская область, г. Саратов, ул. Вольская, д. 8 А","\u0421\u0430\u0440\u0430\u0442\u043e\u0432, \u0420\u043e\u0441\u0441\u0438\u044f"
183092,51.566521,45.985550,"410040, Российская Федерация, Саратовская область, г. Саратов, Проспект 50 лет Октября, 65 «а»","\u0421\u0430\u0440\u0430\u0442\u043e\u0432, \u0420\u043e\u0441\u0441\u0438\u044f"
194960,51.522658,46.019937,"410028, Россия, Саратовская область, г. Саратов, улица Белоглинская, д. №17","\u0421\u0430\u0440\u0430\u0442\u043e\u0432, \u0420\u043e\u0441\u0441\u0438\u044f"
195092,51.533915,46.036808,"410012, Россия, Саратовская область, г. Саратов, ул. Московская, д.66","\u0421\u0430\u0440\u0430\u0442\u043e\u0432, \u0420\u043e\u0441\u0441\u0438\u044f"
200600,51.570121,45.984607,"410040, Российская Федерация, Саратовская область, г. Саратов, пр-кт 50 лет Октября, д. 110А","\u0421\u0430\u0440\u0430\u0442\u043e\u0432, \u0420\u043e\u0441\u0441\u0438\u044f"
210104,51.512284,45.965958,"410001, Россия, Саратовская область, г. Саратов, Ново-Астраханское шоссе, 39 «А»","\u0421\u0430\u0440\u0430\u0442\u043e\u0432, \u0420\u043e\u0441\u0441\u0438\u044f"
215864,51.535237,46.011044,"410012, Россия, Саратовская область, г. Саратов, ул. Вавилова, д. 36","\u0421\u0430\u0440\u0430\u0442\u043e\u0432, \u0420\u043e\u0441\u0441\u0438\u044f"
217532,51.561880,46.025821,"410019, Россия, Саратовская область, г. Саратов, ул. Высокая, 22","\u0421\u0430\u0440\u0430\u0442\u043e\u0432, \u0420\u043e\u0441\u0441\u0438\u044f"
218096,51.507643,45.932567,"410036, Саратовская область, Саратов, улица Огородная, д. 153","\u0421\u0430\u0440\u0430\u0442\u043e\u0432, \u0420\u043e\u0441\u0441\u0438\u044f"
228884,51.536554,46.006112,"410012, Россия, Саратовская область, город Саратов, улица Железнодорожная, д. 27","\u0421\u0430\u0440\u0430\u0442\u043e\u0432, \u0420\u043e\u0441\u0441\u0438\u044f"
233360,51.531528,46.035820,"410059, Российская Федерация, Саратовская область, г. Саратов, Учреждение УШ-382/1","\u0420\u043e\u0441\u0441\u0438\u044f"
238268,51.531528,46.035820,"410035, Россия, Саратовская область, г. Саратов, ул. им. Тархова С.Ф., д. 26","\u0420\u043e\u0441\u0441\u0438\u044f"
248060,51.585704,45.931858,"410033, Саратовская область, Саратов, ул. Гвардейская, д.15а","\u0421\u0430\u0440\u0430\u0442\u043e\u0432, \u0420\u043e\u0441\u0441\u0438\u044f"
251456,51.585838,45.963667,"410052, Саратовская область, г. Саратов, ул. проспект 50 лет Октября, 132а","\u0421\u0430\u0440\u0430\u0442\u043e\u0432, \u0420\u043e\u0441\u0441\u0438\u044f"
258080,51.596122,45.928318,"410062, Саратовская область, г. Саратов, улица Моторная, д. 18А","\u0421\u0430\u0440\u0430\u0442\u043e\u0432, \u0420\u043e\u0441\u0441\u0438\u044f"
258932,51.583308,45.946815,"410033, Российская Федерация, г. Саратов, ул. Гвардейская, д.3","\u0421\u0430\u0440\u0430\u0442\u043e\u0432, \u0420\u043e\u0441\u0441\u0438\u044f"
274424,51.536744,46.009041,"410078, Саратовская область, г. Саратов, ул. Астраханская, д. 79","\u0421\u0430\u0440\u0430\u0442\u043e\u0432, \u0420\u043e\u0441\u0441\u0438\u044f"
278072,51.526536,45.973135,"410008, Саратовская область, г. Саратов, ул. Клочкова, д. 42, кв.3","\u0421\u0430\u0440\u0430\u0442\u043e\u0432, \u0420\u043e\u0441\u0441\u0438\u044f"
309620,51.525477,46.021680,"410028, Саратовская область, г. Саратов, ул. Рабочая, 22","\u0421\u0430\u0440\u0430\u0442\u043e\u0432, \u0420\u043e\u0441\u0441\u0438\u044f"
320888,51.538229,46.017036,"410012, Саратовская область, Саратов, ул. Московская, д. 152, ком. 201","\u0421\u0430\u0440\u0430\u0442\u043e\u0432, \u0420\u043e\u0441\u0441\u0438\u044f"
323120,51.567065,46.025318,"ул. Осипова, д. 1, г. Саратов, 410019","\u0421\u0430\u0440\u0430\u0442\u043e\u0432, \u0420\u043e\u0441\u0441\u0438\u044f"
324128,51.538195,46.053193,"410030  г. Саратов, ул. Большая Горная, д. 100","\u0421\u0430\u0440\u0430\u0442\u043e\u0432, \u0420\u043e\u0441\u0441\u0438\u044f"
324224,51.498263,45.932433,"410049, Саратовская область, г. Саратов, проспект Энтузиастов, 50-б","\u0421\u0430\u0440\u0430\u0442\u043e\u0432, \u0420\u043e\u0441\u0441\u0438\u044f"
334592,51.594399,45.913828,"410033, Саратовская область, Саратов, ул. им. Спицына Б.В., д.1","\u0421\u0430\u0440\u0430\u0442\u043e\u0432, \u0420\u043e\u0441\u0441\u0438\u044f"
339944,51.544755,45.998917,"410600, Саратовская область, г. Саратов, ул. Кутякова, д. 164","\u0421\u0430\u0440\u0430\u0442\u043e\u0432, \u0420\u043e\u0441\u0441\u0438\u044f"
365480,51.528374,46.049833,"410002  г. Саратов, ул. Чернышевского, д. 209, кв. 7а","\u0421\u0430\u0440\u0430\u0442\u043e\u0432, \u0420\u043e\u0441\u0441\u0438\u044f"
368276,51.526032,46.054999,"410002  г. Саратов, ул. Набережная Космонавтов, д. 7а","\u0421\u0430\u0440\u0430\u0442\u043e\u0432, \u0420\u043e\u0441\u0441\u0438\u044f"
370976,51.527079,46.053651,"410002  г. Саратов, ул. Лермонтова, д. 30 А","\u0421\u0430\u0440\u0430\u0442\u043e\u0432, \u0420\u043e\u0441\u0441\u0438\u044f"
386420,51.514263,45.973405,"410057  г. Саратов, ул. Огородная, д. 17","\u0421\u0430\u0440\u0430\u0442\u043e\u0432, \u0420\u043e\u0441\u0441\u0438\u044f"
389504,51.526289,46.029433,"410028  г. Саратов, ул. Провиантская, д. 23","\u0421\u0430\u0440\u0430\u0442\u043e\u0432, \u0420\u043e\u0441\u0441\u0438\u044f"
403016,51.556398,46.043931,"410038, Саратовская область, г. Саратов, ул. Симбирская, д. 154 "А"","\u0421\u0430\u0440\u0430\u0442\u043e\u0432, \u0420\u043e\u0441\u0441\u0438\u044f"
416852,51.555530,45.998602,"410009, г.Саратов, ул. Украинская, д.6, кв.5","\u0421\u0430\u0440\u0430\u0442\u043e\u0432, \u0420\u043e\u0441\u0441\u0438\u044f"
418592,51.570793,46.025642,"410010, г. Саратов, ул. Танкистов, д. 84 «а»","\u0421\u0430\u0440\u0430\u0442\u043e\u0432, \u0420\u043e\u0441\u0441\u0438\u044f"
420680,51.584618,45.942745,"410033, г.Саратов, ул. Гвардейская, 7а","\u0421\u0430\u0440\u0430\u0442\u043e\u0432, \u0420\u043e\u0441\u0441\u0438\u044f"
420812,51.535344,46.027384,"410012, г. Саратов, ул. Московская, д.93","\u0421\u0430\u0440\u0430\u0442\u043e\u0432, \u0420\u043e\u0441\u0441\u0438\u044f"
420824,51.601359,45.969901,"410080, г. Саратов, проспект Строителей, д. 42а","\u0421\u0430\u0440\u0430\u0442\u043e\u0432, \u0420\u043e\u0441\u0441\u0438\u044f"
