1614,51.581904,45.957684,"410033, Российская Федерация, Саратовская область, г. Саратов, улица Международная, 26 Б","\u0421\u0430\u0440\u0430\u0442\u043e\u0432, \u0420\u043e\u0441\u0441\u0438\u044f"
3414,51.533915,46.036808,"410012, Россия, Саратовская область, г. Саратов, ул. Московская, 66","\u0421\u0430\u0440\u0430\u0442\u043e\u0432, \u0420\u043e\u0441\u0441\u0438\u044f"
4722,51.577420,45.956283,"410052, Российская Федерация, Саратовская область, г. Саратов, ул. Одесская, д.46 А","\u0421\u0430\u0440\u0430\u0442\u043e\u0432, \u0420\u043e\u0441\u0441\u0438\u044f"
8082,51.533131,46.044443,"410031, Российская Федерация, Саратовская область, г. Саратов, ул. им. Горького А.М., угол Челюскинцев, 55/99","\u0421\u0430\u0440\u0430\u0442\u043e\u0432, \u0420\u043e\u0441\u0441\u0438\u044f"
8958,51.553688,46.008196,"410034, Россия, Саратовская область, г. Саратов, ул. Соколовая, д.339","\u0421\u0430\u0440\u0430\u0442\u043e\u0432, \u0420\u043e\u0441\u0441\u0438\u044f"
9678,51.571683,45.904657,"410051, Российская Федерация, Саратовская область, г. Саратов, 9 Дачная остановка тер.","\u041b\u0435\u043d\u0438\u043d\u0441\u043a\u0438\u0439 \u0440\u0430\u0439\u043e\u043d, \u0421\u0430\u0440\u0430\u0442\u043e\u0432, \u0420\u043e\u0441\u0441\u0438\u044f"
9690,51.540923,45.944470,"410053, Россия, Саратовская область, г. Саратов, Смирновское ущелье 1","\u0421\u0430\u0440\u0430\u0442\u043e\u0432, \u0420\u043e\u0441\u0441\u0438\u044f"
11958,51.570367,46.066856,"410018, Российская Федерация, Саратовская область, г. Саратов, ул.Усть-Курдюмская, д. 3","\u043f\u043e\u0441\u0435\u043b\u043e\u043a \u042e\u0431\u0438\u043b\u0435\u0439\u043d\u044b\u0439, \u0421\u0430\u0440\u0430\u0442\u043e\u0432, \u0420\u043e\u0441\u0441\u0438\u044f"
13086,51.528632,46.038748,"410002, Российская Федерация, Саратовская область, г. Саратов, ул. Соборная, 22","\u0421\u0430\u0440\u0430\u0442\u043e\u0432, \u0420\u043e\u0441\u0441\u0438\u044f"
14514,51.554388,46.048719,"410038, Российская Федерация, Саратовская область, г. Саратов, ул. Загорная, 3","\u0421\u0430\u0440\u0430\u0442\u043e\u0432, \u0420\u043e\u0441\u0441\u0438\u044f"
14550,51.532010,46.042054,"410031, Российская Федерация, Саратовская область, г. Саратов, ул. Московская, д. 47","\u0421\u0430\u0440\u0430\u0442\u043e\u0432, \u0420\u043e\u0441\u0441\u0438\u044f"
15210,51.472655,45.914260,"410022, Саратовская область, г. Саратов, улица Азина, дом 28 "б"","\u0421\u0430\u0440\u0430\u0442\u043e\u0432, \u0420\u043e\u0441\u0441\u0438\u044f"
15858,51.539243,46.051253,"410600, Россия, Саратовская область, г. Саратов, ул. Октябрьская, д. 94","\u0421\u0430\u0440\u0430\u0442\u043e\u0432, \u0420\u043e\u0441\u0441\u0438\u044f"
16962,51.594030,45.964035,"410041, Саратовская область, г. Саратов, ул. 4 Прокатная, д.13","\u0421\u0430\u0440\u0430\u0442\u043e\u0432, \u0420\u043e\u0441\u0441\u0438\u044f"
17754,51.543859,46.022893,"410005, Российская Федерация, Саратовская область, г. Саратов, улица Большая Горная, д. № 277/279","\u0421\u0430\u0440\u0430\u0442\u043e\u0432, \u0420\u043e\u0441\u0441\u0438\u044f"
18150,51.528850,45.961709,"410053, Россия, Саратовская область, г. Саратов, ул. Клочкова, 81","\u0421\u0430\u0440\u0430\u0442\u043e\u0432, \u0420\u043e\u0441\u0441\u0438\u044f"
18174,51.531528,46.035820,"410012, Россия, Саратовская область, г. Саратов, ул. им. Некрасова Н.А., д. 49 "А"","\u0420\u043e\u0441\u0441\u0438\u044f"
23190,51.531528,46.035820,"410031, Российская Федерация, Саратовская область, г. Саратов, улица им. Лермонтова М.Ю., дом 36","\u0420\u043e\u0441\u0441\u0438\u044f"
23214,51.529130,45.970279,"410008, Российская Федерация, Саратовская область, г. Саратов, 3-й Детский проезд, д. 10/12","\u0421\u0430\u0440\u0430\u0442\u043e\u0432, \u0420\u043e\u0441\u0441\u0438\u044f"
25530,51.522625,46.002456,"410017, Саратовская область, г. Саратов, Весенний проезд, 4","\u0421\u0430\u0440\u0430\u0442\u043e\u0432, \u0420\u043e\u0441\u0441\u0438\u044f"
27918,48.701639,44.491723,"400131, Российская Федерация, Волгоградская область, г. Волгоград, 410038, г. Саратов, ул. Симбирская, д. 154 А","\u0412\u043e\u043b\u0433\u043e\u0433\u0440\u0430\u0434, \u0420\u043e\u0441\u0441\u0438\u044f"
29778,51.526715,46.052546,"410002, Россия, Саратовская область, г. Саратов, ул. Лермонтова, д. 24/26","\u0421\u0430\u0440\u0430\u0442\u043e\u0432, \u0420\u043e\u0441\u0441\u0438\u044f"
30042,51.535512,46.016811,"410017, Россия, Саратовская область, г. Саратов, ул. Рахова, дом 10/16 кв. 128","\u0421\u0430\u0440\u0430\u0442\u043e\u0432, \u0420\u043e\u0441\u0441\u0438\u044f"
31890,51.579726,45.961547,"410052, Россия, Саратовская область, г. Саратов, ул. Мира, д. 9-в","\u0421\u0430\u0440\u0430\u0442\u043e\u0432, \u0420\u043e\u0441\u0441\u0438\u044f"
34026,51.533585,46.004154,"410078, Российская Федерация, Саратовская область, г. Саратов, ул. Железнодорожная, д. 50","\u0421\u0430\u0440\u0430\u0442\u043e\u0432, \u0420\u043e\u0441\u0441\u0438\u044f"
34134,51.511813,46.000830,"410001, Саратовская область, г. Саратов, ул. Набережная, д. 22","\u0421\u0430\u0440\u0430\u0442\u043e\u0432, \u0420\u043e\u0441\u0441\u0438\u044f"
38706,51.503915,45.945135,"410015, Россия, Саратовская область, г. Саратов, ул. Барнаульская, д. 2 А, кв. 6","\u0421\u0430\u0440\u0430\u0442\u043e\u0432, \u0420\u043e\u0441\u0441\u0438\u044f"
39138,51.534952,45.979908,"410054, Саратовская область, г. Саратов, ул. Новоузенская, д. 162","\u0421\u0430\u0440\u0430\u0442\u043e\u0432, \u0420\u043e\u0441\u0441\u0438\u044f"
43986,51.532772,46.015608,"410012, Россия, Саратовская область, г. Саратов, ул. им. Рахова д. 131, помещения № 116, литер А","\u0421\u0430\u0440\u0430\u0442\u043e\u0432, \u0420\u043e\u0441\u0441\u0438\u044f"
44406,51.550960,46.017359,"410019, г. Саратов, ул. Танкистов, д. 37","\u0421\u0430\u0440\u0430\u0442\u043e\u0432, \u0420\u043e\u0441\u0441\u0438\u044f"
47490,51.517289,46.006903,"410004, Российская Федерация, Саратовская область, г. Саратов, ул. 2-я Садовая, дом 3","\u0421\u0430\u0440\u0430\u0442\u043e\u0432, \u0420\u043e\u0441\u0441\u0438\u044f"
50226,51.514649,45.996330,"410004, , г. Саратов, ул. Чернышевского, 63","\u0421\u0430\u0440\u0430\u0442\u043e\u0432, \u0420\u043e\u0441\u0441\u0438\u044f"
52662,51.531299,46.044533,"410031, Саратовская область, г. Саратов, ул. Комсомольская, д. 46","\u0421\u0430\u0440\u0430\u0442\u043e\u0432, \u0420\u043e\u0441\u0441\u0438\u044f"
53166,51.598181,45.902716,"410086, Российская Федерация, Саратовская область, г. Саратов, улица Буровая, дом 26","\u0421\u0430\u0440\u0430\u0442\u043e\u0432, \u0420\u043e\u0441\u0441\u0438\u044f"
57222,51.489947,45.926872,"410039, Россия, Саратовская область, г. Саратов, ул. Крымская, дом 4","\u0421\u0430\u0440\u0430\u0442\u043e\u0432, \u0420\u043e\u0441\u0441\u0438\u044f"
66090,51.489117,45.931534,"410039, Саратовская область, г. Саратов, Пр-т Энтузиастов, д. 43","\u0421\u0430\u0440\u0430\u0442\u043e\u0432, \u0420\u043e\u0441\u0441\u0438\u044f"
76674,51.521689,46.025812,"410028, Саратовская область, г. Саратов, ул. Чернышевского, дом 141 "К1"","\u0421\u0430\u0440\u0430\u0442\u043e\u0432, \u0420\u043e\u0441\u0441\u0438\u044f"
79626,51.529909,46.016712,"410600, Россия, Саратовская область, г. Саратов, улица Советская, д. № 61","\u0421\u0430\u0440\u0430\u0442\u043e\u0432, \u0420\u043e\u0441\u0441\u0438\u044f"
83310,51.467712,45.921374,"410022, Саратовская область, г. Саратов, ул. Брянская, д. 9","\u0421\u0430\u0440\u0430\u0442\u043e\u0432, \u0420\u043e\u0441\u0441\u0438\u044f"
84162,51.564842,46.017512,"410010, Российская Федерация, г. Саратов, ул. Навашина, дом № 5, кв. 121","\u0421\u0430\u0440\u0430\u0442\u043e\u0432, \u0420\u043e\u0441\u0441\u0438\u044f"
87030,51.539260,45.975633,"410071, Российская Федерация, Саратовская область, г. Саратов, ул. Шелковичная, 177","\u0421\u0430\u0440\u0430\u0442\u043e\u0432, \u0420\u043e\u0441\u0441\u0438\u044f"
89814,51.531786,46.030798,"410600, Россия, Саратовская область, г. Саратов, ул. М. Горького, д. 34","\u0421\u0430\u0440\u0430\u0442\u043e\u0432, \u0420\u043e\u0441\u0441\u0438\u044f"
93726,51.533551,46.008843,"410056, Саратовская область, г. Саратов, ул. Астраханская, д. 102","\u0421\u0430\u0440\u0430\u0442\u043e\u0432, \u0420\u043e\u0441\u0441\u0438\u044f"
94758,51.536246,46.038964,"410003, Российская Федерация, Саратовская область, г. Саратов, улица Гоголя, дом 2","\u0421\u0430\u0440\u0430\u0442\u043e\u0432, \u0420\u043e\u0441\u0441\u0438\u044f"
95850,51.497562,45.931274,"410049, Россия, Саратовская область, г. Саратов, улица Барнаульская, дом 32","\u0421\u0430\u0440\u0430\u0442\u043e\u0432, \u0420\u043e\u0441\u0441\u0438\u044f"
107502,51.531528,46.035820,"410007, Россия, Саратовская область, г. Саратов, ул. им. Блинова Ф.А., д.23А","\u0420\u043e\u0441\u0441\u0438\u044f"
113898,51.611192,45.974096,"410064, Российская Федерация, Саратовская область, г. Саратов, проспект Строителей д. 76А","\u0421\u0430\u0440\u0430\u0442\u043e\u0432, \u0420\u043e\u0441\u0441\u0438\u044f"
115746,51.529203,46.030106,"410012, Российская Федерация, Саратовская область, г. Саратов, ул. Сакко и Ванцетти, дом 14","\u0421\u0430\u0440\u0430\u0442\u043e\u0432, \u0420\u043e\u0441\u0441\u0438\u044f"
123186,51.504733,45.953273,"410015, Российская Федерация, Саратовская область, г. Саратов, проспект Энтузиастов, 3 "А"","\u0421\u0430\u0440\u0430\u0442\u043e\u0432, \u0420\u043e\u0441\u0441\u0438\u044f"
130014,51.531528,46.035820,"410059, Российская Федерация, Саратовская область, г. Саратов, УШ-382/1","\u0420\u043e\u0441\u0441\u0438\u044f"
130266,51.574683,46.011421,"410010, Россия, Саратовская область, г. Саратов, ул. Техническая, д. 3, помещение 6","\u0421\u0430\u0440\u0430\u0442\u043e\u0432, \u0420\u043e\u0441\u0441\u0438\u044f"
130722,51.531528,46.035820,"410018, Российская Федерация, Саратовская область, г. Саратов, улица Менякина Ю.И., дом 1 "Б", литер А","\u0420\u043e\u0441\u0441\u0438\u044f"
132822,51.523880,46.034266,"410028, Российская Федерация, Саратовская область, г. Саратов, улица Чернышевского, 157","\u0421\u0430\u0440\u0430\u0442\u043e\u0432, \u0420\u043e\u0441\u0441\u0438\u044f"
133074,51.529371,46.023064,"410028, Российская Федерация, Саратовская область, г. Саратов, ул. Вольская, 30","\u0421\u0430\u0440\u0430\u0442\u043e\u0432, \u0420\u043e\u0441\u0441\u0438\u044f"
134022,51.570743,46.008178,"410010, Российская Федерация, Саратовская область, г. Саратов, улица Техническая, 16","\u0421\u0430\u0440\u0430\u0442\u043e\u0432, \u0420\u043e\u0441\u0441\u0438\u044f"
148518,51.535495,46.028435,"410600, Российская Федерация, Саратовская область, г. Саратов, ул. Московская д.96","\u0421\u0430\u0440\u0430\u0442\u043e\u0432, \u0420\u043e\u0441\u0441\u0438\u044f"
150342,51.531528,46.035820,"410026, Российская Федерация, Саратовская область, г. Саратов, ул. Им. Кутякова И.С., 156а","\u0420\u043e\u0441\u0441\u0438\u044f"
162474,51.522602,46.032181,"410028, Российская Федерация, Саратовская область, г. Саратов, ул.Чернышевского, д. 120","\u0421\u0430\u0440\u0430\u0442\u043e\u0432, \u0420\u043e\u0441\u0441\u0438\u044f"
163530,51.528934,46.043240,"410002, Российская Федерация, Саратовская область, г. Саратов, ул. Комсомольская, д. 28/30","\u0421\u0430\u0440\u0430\u0442\u043e\u0432, \u0420\u043e\u0441\u0441\u0438\u044f"
171030,51.572159,45.971563,"410056, Россия, Саратовская область, г. Саратов, ул. Тверская, д. 51А","\u041b\u0435\u043d\u0438\u043d\u0441\u043a\u0438\u0439 \u0440\u0430\u0439\u043e\u043d, \u0421\u0430\u0440\u0430\u0442\u043e\u0432, \u0420\u043e\u0441\u0441\u0438\u044f"
172986,51.597012,45.968895,"410080, Российская Федерация, Саратовская область, г. Саратов, Проспект Строителей д. 30","\u0421\u0430\u0440\u0430\u0442\u043e\u0432, \u0420\u043e\u0441\u0441\u0438\u044f"
178146,51.531881,46.047884,"410031, Российская Федерация, Саратовская область, г. Саратов, улица Октябрьская, дом 46-а","\u0421\u0430\u0440\u0430\u0442\u043e\u0432, \u0420\u043e\u0441\u0441\u0438\u044f"
181218,51.570395,45.981391,"410010, Россия, , г. Саратов, Проспект им. 50 лет Октября, д. 77","\u0421\u0430\u0440\u0430\u0442\u043e\u0432, \u0420\u043e\u0441\u0441\u0438\u044f"
186114,51.540318,46.013595,"410600, Российская Федерация, Саратовская область, г. Саратов, ул. Кутякова, д. 105","\u0421\u0430\u0440\u0430\u0442\u043e\u0432, \u0420\u043e\u0441\u0441\u0438\u044f"
187242,51.585077,45.974007,"410069, Россия, Саратовская область, г. Саратов, ул. Куприянова, д. 12","\u0421\u0430\u0440\u0430\u0442\u043e\u0432, \u0420\u043e\u0441\u0441\u0438\u044f"
189474,51.525320,46.030457,"410028, Российская Федерация, Саратовская область, г. Саратов, ул.  Мичурина, д. 89","\u0421\u0430\u0440\u0430\u0442\u043e\u0432, \u0420\u043e\u0441\u0441\u0438\u044f"
189786,51.561902,45.988910,"410009, Российская Федерация, Саратовская область, г. Саратов, улица Аптечная,  д.33/47","\u0421\u0430\u0440\u0430\u0442\u043e\u0432, \u0420\u043e\u0441\u0441\u0438\u044f"
193818,51.605862,45.973881,"410064, Российская Федерация, Саратовская область, г. Саратов, ул. Чемодурова, д.10 «А»","\u0421\u0430\u0440\u0430\u0442\u043e\u0432, \u0420\u043e\u0441\u0441\u0438\u044f"
203130,51.564075,45.987454,"410010, Россия, Саратовская область, , г. Саратов, ул. Техническая, д. 10 "а"","\u0421\u0430\u0440\u0430\u0442\u043e\u0432, \u0420\u043e\u0441\u0441\u0438\u044f"
211830,51.570121,45.984607,"410040, г. Саратов, проспект 50 лет Октября, д. 110-а","\u0421\u0430\u0440\u0430\u0442\u043e\u0432, \u0420\u043e\u0441\u0441\u0438\u044f"
218958,51.524418,45.998773,"410012, Российская Федерация, Саратовская область, г. Саратов, ул. имени Пугачева Е.И., д. 119","\u0421\u0430\u0440\u0430\u0442\u043e\u0432, \u0420\u043e\u0441\u0441\u0438\u044f"
220422,51.532638,46.039063,"410038, Россия, Саратовская область, г. Саратов, ул. Московская,д. 55, оф. 71","\u0421\u0430\u0440\u0430\u0442\u043e\u0432, \u0420\u043e\u0441\u0441\u0438\u044f"
221982,51.531528,46.035820,"410086, Российская Федерация, Саратовская область, г. Саратов, ул. Песчано-Уметская, д. 50","\u0420\u043e\u0441\u0441\u0438\u044f"
225870,51.475970,45.928758,"410039, Российская Федерация, Саратовская область, г. Саратов, ул. Ленинградская, дом 9","\u0421\u0430\u0440\u0430\u0442\u043e\u0432, \u0420\u043e\u0441\u0441\u0438\u044f"
227838,51.573519,46.071384,"410018, г. Саратов, ул. Усть-Курдюмская, д. 11, кв. 104","\u043f\u043e\u0441\u0435\u043b\u043e\u043a \u042e\u0431\u0438\u043b\u0435\u0439\u043d\u044b\u0439, \u0421\u0430\u0440\u0430\u0442\u043e\u0432, \u0420\u043e\u0441\u0441\u0438\u044f"
235566,51.577756,45.965769,"410052, Российская Федерация, Саратовская область, г. Саратов, ул. Одесская, дом 3б","\u0421\u0430\u0440\u0430\u0442\u043e\u0432, \u0420\u043e\u0441\u0441\u0438\u044f"
236622,51.533915,46.036808,"410002, Россия, г. Саратов, ул. Московская, д. 66","\u0421\u0430\u0440\u0430\u0442\u043e\u0432, \u0420\u043e\u0441\u0441\u0438\u044f"
238674,51.536307,46.024797,"410600, Россия, Саратовская область, г. Саратов, ул. Московская, д. 114","\u0421\u0430\u0440\u0430\u0442\u043e\u0432, \u0420\u043e\u0441\u0441\u0438\u044f"
246018,51.605331,46.006409,"410007, Саратовская область, г. Саратов, ул. Топольчанская, 3б","\u0421\u0430\u0440\u0430\u0442\u043e\u0432, \u0420\u043e\u0441\u0441\u0438\u044f"
246654,51.587517,46.030663,"410047, Россия, Саратовская область, г. Саратов, ул. Краснокутская, д.3","\u043f\u043e\u0441\u0435\u043b\u043e\u043a \u041c\u0438\u0440\u043d\u044b\u0439, \u0421\u0430\u0440\u0430\u0442\u043e\u0432, \u0420\u043e\u0441\u0441\u0438\u044f"
247686,51.545152,46.017988,"410005, Россия, Саратовская область, г. Саратов, ул. Большая Горная, д.313","\u0421\u0430\u0440\u0430\u0442\u043e\u0432, \u0420\u043e\u0441\u0441\u0438\u044f"
248490,51.525040,46.018249,"410028, Россия, Саратовская область, г. Саратов, ул. Бахметьевская, д.18, нежилое помещение, общей площадью 74,6 кв.м","\u0421\u0430\u0440\u0430\u0442\u043e\u0432, \u0420\u043e\u0441\u0441\u0438\u044f"
252534,51.539243,46.051253,"410600, Саратовская область, г. Саратов, ул. Октябрьская, д. 94","\u0421\u0430\u0440\u0430\u0442\u043e\u0432, \u0420\u043e\u0441\u0441\u0438\u044f"
252978,51.608558,45.995620,"410035, Саратовская область, г. Саратов, улица Бардина, 6 "а"","\u0421\u0430\u0440\u0430\u0442\u043e\u0432, \u0420\u043e\u0441\u0441\u0438\u044f"
258078,51.577465,45.890050,"410051, Саратовская область, г. Саратов, 1-й Малый Поливановский пр-д, дом № 5","\u0421\u0430\u0440\u0430\u0442\u043e\u0432, \u0420\u043e\u0441\u0441\u0438\u044f"
258234,51.542156,46.004082,"410026, Саратовская область, г. Саратов, ул. Степана Разина, дом 75А","\u0421\u0430\u0440\u0430\u0442\u043e\u0432, \u0420\u043e\u0441\u0441\u0438\u044f"
262482,51.527998,45.962625,"410053, Саратовская область, г. Саратов, ул. Клочкова, 79","\u0421\u0430\u0440\u0430\u0442\u043e\u0432, \u0420\u043e\u0441\u0441\u0438\u044f"
267042,51.531528,46.035820,"413800, , г. Саратов, пр. Героев, дом № 17, кв. 100","\u0420\u043e\u0441\u0441\u0438\u044f"
284634,51.601124,45.917547,"410062, Саратовская область, г. Саратов, 3-й Московский проезд, д. 25","\u0421\u0430\u0440\u0430\u0442\u043e\u0432, \u0420\u043e\u0441\u0441\u0438\u044f"
296298,51.530285,46.046060,"410031, Саратовская область, г. Саратов, улица Октябрьская, дом 40/40","\u0421\u0430\u0440\u0430\u0442\u043e\u0432, \u0420\u043e\u0441\u0441\u0438\u044f"
300630,51.530313,46.056553,"410047, Саратовская область, г. Саратов, ул. Валовая, д. 30/32, помещение 6","\u0421\u0430\u0440\u0430\u0442\u043e\u0432, \u0420\u043e\u0441\u0441\u0438\u044f"
317082,51.497714,45.940392,"410049, Саратовская область, г. Саратов, Пензенский переулок, 1 "а"","\u0421\u0430\u0440\u0430\u0442\u043e\u0432, \u0420\u043e\u0441\u0441\u0438\u044f"
321090,51.585217,45.933519,"410033, Саратовская область, г. Саратов, ул. 5-ая Дачная","\u0421\u0430\u0440\u0430\u0442\u043e\u0432, \u0420\u043e\u0441\u0441\u0438\u044f"
325254,51.525073,46.003471,"410017, Саратовская область, г. Саратов, ул. Хользунова, 19","\u0421\u0430\u0440\u0430\u0442\u043e\u0432, \u0420\u043e\u0441\u0441\u0438\u044f"
325698,51.487968,45.922560,"410039, Саратовская область, г. Саратов, Крымский тупик, 8","\u0421\u0430\u0440\u0430\u0442\u043e\u0432, \u0420\u043e\u0441\u0441\u0438\u044f"
326154,51.541360,45.995710,"410012, г. Саратов, ул. Емлютина, д. 44 «Д»","\u0421\u0430\u0440\u0430\u0442\u043e\u0432, \u0420\u043e\u0441\u0441\u0438\u044f"
326214,51.526133,46.006319,"410017, г. Саратов, ул. Хользунова, д. 36","\u0421\u0430\u0440\u0430\u0442\u043e\u0432, \u0420\u043e\u0441\u0441\u0438\u044f"
352374,51.590454,45.931310,"410033, Саратовская область, Саратов, 1-ый проезд Панфилова, д. 1","\u0421\u0430\u0440\u0430\u0442\u043e\u0432, \u0420\u043e\u0441\u0441\u0438\u044f"
352398,51.531069,45.978579,"410054  г. Саратов, ул. 2 Садовая, д. 103а","\u0421\u0430\u0440\u0430\u0442\u043e\u0432, \u0420\u043e\u0441\u0441\u0438\u044f"
360618,51.587377,45.860765,"410507  г. Саратов, п. Жасминный, ул. Моисеева, д. 1 «А»","\u0421\u0430\u0440\u0430\u0442\u043e\u0432, \u0420\u043e\u0441\u0441\u0438\u044f"
360642,51.529371,46.023064,"410600  г. Саратов, ул. Вольская, д. 30","\u0421\u0430\u0440\u0430\u0442\u043e\u0432, \u0420\u043e\u0441\u0441\u0438\u044f"
363822,51.494596,46.132200,"410002  г. Саратов, ул. Революционная, д. 26","\u042d\u043d\u0433\u0435\u043b\u044c\u0441, \u0421\u0430\u0440\u0430\u0442\u043e\u0432\u0441\u043a\u0430\u044f \u043e\u0431\u043b\u0430\u0441\u0442\u044c, \u0420\u043e\u0441\u0441\u0438\u044f"
366390,51.639344,45.932855,"410080  г. Саратов, Сокурский тракт","\u0421\u0430\u0440\u0430\u0442\u043e\u0432, \u0420\u043e\u0441\u0441\u0438\u044f"
368250,51.571274,46.002717,"410010, г. Саратов, ул. Тулайкова, д. 10, кв.22","\u0421\u0430\u0440\u0430\u0442\u043e\u0432, \u0420\u043e\u0441\u0441\u0438\u044f"
372678,51.526715,46.052546,"410002  г. Саратов, ул. Лермонтова, д. 24/26","\u0421\u0430\u0440\u0430\u0442\u043e\u0432, \u0420\u043e\u0441\u0441\u0438\u044f"
372990,51.534789,46.031867,"410012  г. Саратов, ул. Московская, д. 84","\u0421\u0430\u0440\u0430\u0442\u043e\u0432, \u0420\u043e\u0441\u0441\u0438\u044f"
387810,51.517715,46.014197,"410056  г. Саратов, ул. Чернышевского, д. 94","\u0421\u0430\u0440\u0430\u0442\u043e\u0432, \u0420\u043e\u0441\u0441\u0438\u044f"
388602,51.518769,46.013694,"410017  г. Саратов, ул. Чернышевского, д. 109","\u0421\u0430\u0440\u0430\u0442\u043e\u0432, \u0420\u043e\u0441\u0441\u0438\u044f"
412518,51.527729,46.045593,"410002, г. Саратов, ул. Мичурина, д. 166/168","\u0421\u0430\u0440\u0430\u0442\u043e\u0432, \u0420\u043e\u0441\u0441\u0438\u044f"
414090,51.608463,45.895485,"410086, Саратовская область, г. Саратов, Песчано-Уметский тракт, д. 15","\u0421\u0430\u0440\u0430\u0442\u043e\u0432, \u0420\u043e\u0441\u0441\u0438\u044f"
414486,51.502709,45.960963,"410015, г. Саратов, ул. Орджоникидзе, д. 18","\u0421\u0430\u0440\u0430\u0442\u043e\u0432, \u0420\u043e\u0441\u0441\u0438\u044f"
416694,51.605862,45.973881,"410064, г. Саратов, ул. Чемодурова, д. 10а","\u0421\u0430\u0440\u0430\u0442\u043e\u0432, \u0420\u043e\u0441\u0441\u0438\u044f"
417498,51.506892,45.946114,"410001, г. Саратов, ул. Новоастраханское шоссе, д. 67","\u0421\u0430\u0440\u0430\u0442\u043e\u0432, \u0420\u043e\u0441\u0441\u0438\u044f"
417510,51.587707,45.857181,"410507, г. Саратов, п. Жасминный, ул. Моисеева, д. 1","\u0421\u0430\u0440\u0430\u0442\u043e\u0432, \u0420\u043e\u0441\u0441\u0438\u044f"
421074,51.535372,45.997821,"410012, г. Саратов, ул. Рабочая, д. 159","\u0421\u0430\u0440\u0430\u0442\u043e\u0432, \u0420\u043e\u0441\u0441\u0438\u044f"
