2117,51.563201,46.021222,"410019, Россия, Саратовская область, г. Саратов, ул. Танкистов, д. 68, пом. 49","\u0421\u0430\u0440\u0430\u0442\u043e\u0432, \u0420\u043e\u0441\u0441\u0438\u044f"
6053,51.533809,46.021033,"410600, Саратовская область, г. Саратов, ул. Чапаева. 61","\u0421\u0430\u0440\u0430\u0442\u043e\u0432, \u0420\u043e\u0441\u0441\u0438\u044f"
6293,51.532733,46.045288,"410031, Россия, Саратовская область, г. Саратов, ул. Комсомольская, д.52","\u0421\u0430\u0440\u0430\u0442\u043e\u0432, \u0420\u043e\u0441\u0441\u0438\u044f"
6749,51.564075,45.987454,"410040, Российская Федерация, Саратовская область, г. Саратов, ул. Техническая, д. 10 «а»","\u0421\u0430\u0440\u0430\u0442\u043e\u0432, \u0420\u043e\u0441\u0441\u0438\u044f"
8093,51.545993,46.031849,"410005, Россия, Саратовская область, г. Саратов, 1 Соколовский тупик, д. 21","\u0421\u0430\u0440\u0430\u0442\u043e\u0432, \u0420\u043e\u0441\u0441\u0438\u044f"
8453,51.588294,45.920494,"410033, Саратовская область, г. Саратов, ул. Гвардейская, д. 27","\u0421\u0430\u0440\u0430\u0442\u043e\u0432, \u0420\u043e\u0441\u0441\u0438\u044f"
9413,51.585955,45.961870,"410052, Россия, Саратовская область, г. Саратов, Проспект им. 50 лет Октября, д. № 134","\u0421\u0430\u0440\u0430\u0442\u043e\u0432, \u0420\u043e\u0441\u0441\u0438\u044f"
9785,51.531024,46.040329,"410031, Россия, Саратовская область, г. Саратов, ул. Первомайская, д. 69","\u0421\u0430\u0440\u0430\u0442\u043e\u0432, \u0420\u043e\u0441\u0441\u0438\u044f"
12053,51.542800,46.014655,"410005, Российская Федерация, Саратовская область, г. Саратов, ул. Астраханская, д. 138","\u0421\u0430\u0440\u0430\u0442\u043e\u0432, \u0420\u043e\u0441\u0441\u0438\u044f"
12065,51.553061,46.008457,"410005, Российская Федерация, Саратовская область, г. Саратов, ул. Соколовая, 306","\u0421\u0430\u0440\u0430\u0442\u043e\u0432, \u0420\u043e\u0441\u0441\u0438\u044f"
12773,51.494305,45.920144,"410039, Россия, Саратовская область, г. Саратов, Ново-Астраханское шоссе, 80","\u0421\u0430\u0440\u0430\u0442\u043e\u0432, \u0420\u043e\u0441\u0441\u0438\u044f"
13373,51.532733,46.045288,"410031, Российская Федерация, Саратовская область, г. Саратов, ул. Комсомольская, д. 52","\u0421\u0430\u0440\u0430\u0442\u043e\u0432, \u0420\u043e\u0441\u0441\u0438\u044f"
14345,51.502575,45.947120,"410015, Российская Федерация, Саратовская область, г. Саратов, ул. Авиастроителей, д. 3","\u0421\u0430\u0440\u0430\u0442\u043e\u0432, \u0420\u043e\u0441\u0441\u0438\u044f"
14465,51.531528,46.035820,"410035, Россия, Саратовская область, г. Саратов, ул. им. Батавина П.Ф., д. 13А., пом. 3","\u0420\u043e\u0441\u0441\u0438\u044f"
17345,51.599893,45.966793,"410080, Россия, Саратовская область, г. Саратов, Проспект Строителей, д. 25","\u0421\u0430\u0440\u0430\u0442\u043e\u0432, \u0420\u043e\u0441\u0441\u0438\u044f"
17369,51.528587,46.022929,"410600, Российская Федерация, Саратовская область, г. Саратов, ул. Советская, д. 31","\u0421\u0430\u0440\u0430\u0442\u043e\u0432, \u0420\u043e\u0441\u0441\u0438\u044f"
17825,51.486280,45.930950,"410039, Российская Федерация, Саратовская область, г. Саратов, проспект Энтузиастов, дом 57","\u0421\u0430\u0440\u0430\u0442\u043e\u0432, \u0420\u043e\u0441\u0441\u0438\u044f"
19481,51.537988,45.983502,"410071, Россия, Саратовская область, г. Саратов, ул. Шелковичная, д. 122/126","\u0421\u0430\u0440\u0430\u0442\u043e\u0432, \u0420\u043e\u0441\u0441\u0438\u044f"
21845,51.531528,46.035820,"410064, Россия, Саратовская область, г. Саратов, ул. им. Тархова С.Ф., 19 "Б"","\u0420\u043e\u0441\u0441\u0438\u044f"
21869,51.568296,45.984220,"410040, Российская Федерация, Саратовская область, г. Саратов, пр. 50 лет Октября, д. 71","\u0421\u0430\u0440\u0430\u0442\u043e\u0432, \u0420\u043e\u0441\u0441\u0438\u044f"
24593,51.584618,45.942745,"410033, Российская Федерация, Саратовская область, г. Саратов, ул. Гвардейская, 7 а","\u0421\u0430\u0440\u0430\u0442\u043e\u0432, \u0420\u043e\u0441\u0441\u0438\u044f"
25109,51.570423,46.061601,"410074, Российская Федерация, Саратовская область, г. Саратов, ул. Камчатская, дом № 1","\u043a\u0432\u0430\u0440\u0442\u0430\u043b \u041d\u043e\u0432\u043e\u0441\u043e\u043a\u043e\u043b\u043e\u0432\u043e\u0433\u043e\u0440\u0441\u043a\u0438\u0439, \u0421\u0430\u0440\u0430\u0442\u043e\u0432, \u0420\u043e\u0441\u0441\u0438\u044f"
25697,51.449215,45.904953,"410059, Российская Федерация, Саратовская область, г. Саратов, пл. Советско-Чехословацкой дружбы, корпус 42","\u0421\u0430\u0440\u0430\u0442\u043e\u0432, \u0420\u043e\u0441\u0441\u0438\u044f"
26657,51.545152,46.017988,"410005, Российская Федерация, Саратовская область, г. Саратов, улица Большая Горная, дом 313","\u0421\u0430\u0440\u0430\u0442\u043e\u0432, \u0420\u043e\u0441\u0441\u0438\u044f"
29657,51.561947,45.994192,"410010, Россия, Волгоградская область, г. Волгоград, г. Саратов, пр. 50 лет Октября, 70, кв. 173","\u0421\u0430\u0440\u0430\u0442\u043e\u0432, \u0420\u043e\u0441\u0441\u0438\u044f"
31433,51.525830,46.015706,"410056, Россия, Саратовская область, г. Саратов, ул. Бахметьевская, д. 34/42","\u0421\u0430\u0440\u0430\u0442\u043e\u0432, \u0420\u043e\u0441\u0441\u0438\u044f"
32069,51.534425,45.999114,"410078, Россия, Саратовская область, г. Саратов, ул. Рабочая, д. 145/155","\u0421\u0430\u0440\u0430\u0442\u043e\u0432, \u0420\u043e\u0441\u0441\u0438\u044f"
32681,51.536744,46.009041,"410012, Россия, Саратовская область, г. Саратов, ул. Астраханская, д. 79","\u0421\u0430\u0440\u0430\u0442\u043e\u0432, \u0420\u043e\u0441\u0441\u0438\u044f"
33005,51.481602,45.912894,"410048, Россия, Саратовская область, г. Саратов, ул. Прудная, д. 6","\u0440\u0430\u0439\u043e\u043d \u0417\u0430\u0432\u043e\u0434\u0441\u043a\u043e\u0439, \u0421\u0430\u0440\u0430\u0442\u043e\u0432, \u0420\u043e\u0441\u0441\u0438\u044f"
33965,51.498286,45.936717,"410039, Россия, Саратовская область, г. Саратов, проспект Энтузиастов, д. 25/24","\u0421\u0430\u0440\u0430\u0442\u043e\u0432, \u0420\u043e\u0441\u0441\u0438\u044f"
36005,51.531528,46.035820,"410060, Российская Федерация, Саратовская область, г. Саратов, ул. им. Штейнберга С.И., д.50","\u0420\u043e\u0441\u0441\u0438\u044f"
36737,51.530363,45.970063,"410008, Саратовская область, г. Саратов, ул. Вяземская, д. 29","\u0421\u0430\u0440\u0430\u0442\u043e\u0432, \u0420\u043e\u0441\u0441\u0438\u044f"
38645,51.570121,45.984607,"410040, Россия, Саратовская область, Саратов, проспект 50 лет Октября, дом 110 "а"","\u0421\u0430\u0440\u0430\u0442\u043e\u0432, \u0420\u043e\u0441\u0441\u0438\u044f"
45725,51.580499,45.970458,"410040, Российская Федерация, Саратовская область, г. Саратов, проспект 50 лет Октября, пл. Ленина","\u0421\u0430\u0440\u0430\u0442\u043e\u0432, \u0420\u043e\u0441\u0441\u0438\u044f"
52565,51.531528,46.035820,"410017, Российская Федерация, Саратовская область, г. Саратов, улица им. Серова А.К., д. № 8","\u0420\u043e\u0441\u0441\u0438\u044f"
53153,51.508444,45.950534,"410001, Российская Федерация, Саратовская область, г. Саратов, Ново-Астраханское шоссе, д. 65","\u0421\u0430\u0440\u0430\u0442\u043e\u0432, \u0420\u043e\u0441\u0441\u0438\u044f"
55637,51.531528,46.035820,"410007, Российская Федерация, Саратовская область, г. Саратов, ул. им. Блинова Ф.А., д. № 19А","\u0420\u043e\u0441\u0441\u0438\u044f"
58841,51.497377,45.938613,"410049, Российская Федерация, Саратовская область, г. Саратов, ул. Кавказская, д. 2 А","\u0421\u0430\u0440\u0430\u0442\u043e\u0432, \u0420\u043e\u0441\u0441\u0438\u044f"
58949,51.502709,45.960963,"410015, Российская Федерация, Саратовская область, г. Саратов, ул. Орджоникидзе, дом 18","\u0421\u0430\u0440\u0430\u0442\u043e\u0432, \u0420\u043e\u0441\u0441\u0438\u044f"
59621,51.530285,46.046060,"410031, Российская Федерация, Саратовская область, г. Саратов, ул. Октябрьская, д. 40/40","\u0421\u0430\u0440\u0430\u0442\u043e\u0432, \u0420\u043e\u0441\u0441\u0438\u044f"
74897,51.544800,46.014000,"410005, Российская Федерация, Саратовская область, г. Саратов, ул. Астраханская 107","\u0421\u0430\u0440\u0430\u0442\u043e\u0432, \u0420\u043e\u0441\u0441\u0438\u044f"
80549,51.529506,45.965643,"410053, Саратовская область, г. Саратов, ул. Клочкова, д.74","\u0421\u0430\u0440\u0430\u0442\u043e\u0432, \u0420\u043e\u0441\u0441\u0438\u044f"
80957,51.496777,45.913550,"410060, , г. Саратов, ул. 2-Лучевой пр-д, дом № 15","\u0421\u0430\u0440\u0430\u0442\u043e\u0432, \u0420\u043e\u0441\u0441\u0438\u044f"
83009,51.531528,46.035820,"410056, Российская Федерация, Саратовская область, г. Саратов, ул. им. Мичурина И.В., д. 80","\u0420\u043e\u0441\u0441\u0438\u044f"
87029,51.536890,46.022623,"410012, Россия, Саратовская область, г. Саратов, ул. Московская, д. 122/126","\u0421\u0430\u0440\u0430\u0442\u043e\u0432, \u0420\u043e\u0441\u0441\u0438\u044f"
95813,51.531047,46.016578,"410056, Российская Федерация, Саратовская область, г. Саратов, Мирный переулок, 4","\u0421\u0430\u0440\u0430\u0442\u043e\u0432, \u0420\u043e\u0441\u0441\u0438\u044f"
122021,51.583689,45.958268,"410052, Россия, Саратовская область, г. Саратов, ул.Международная, дом №22 "А", кв. №25","\u0421\u0430\u0440\u0430\u0442\u043e\u0432, \u0420\u043e\u0441\u0441\u0438\u044f"
134285,51.532352,46.050660,"41031, Российская Федерация, Саратовская область, г. Саратов, ул. Северная, д. 3","\u0421\u0430\u0440\u0430\u0442\u043e\u0432, \u0420\u043e\u0441\u0441\u0438\u044f"
150677,51.586302,45.934076,"410033, Российская Федерация, Саратовская область, г. Саратов, улица Гвардейская, дом 15б","\u0421\u0430\u0440\u0430\u0442\u043e\u0432, \u0420\u043e\u0441\u0441\u0438\u044f"
151253,51.531528,46.035820,"410002, Российская Федерация, Саратовская область, г. Саратов, ул. им. Мичурина И.В., д. 150/154","\u0420\u043e\u0441\u0441\u0438\u044f"
154637,51.614967,45.956471,"410080, Россия, Саратовская область, г. Саратов, 1-ый Сокурский проезд, д. 9Д","\u0421\u0430\u0440\u0430\u0442\u043e\u0432, \u0420\u043e\u0441\u0441\u0438\u044f"
157793,51.561102,46.021536,"410019, Российская Федерация, Саратовская область, г. Саратов, ул.Танкистов, дом 62","\u0421\u0430\u0440\u0430\u0442\u043e\u0432, \u0420\u043e\u0441\u0441\u0438\u044f"
161729,51.533540,46.041299,"410031, Россия, Саратовская область, г. Саратов, ул. Челюскинцев, д.69","\u0421\u0430\u0440\u0430\u0442\u043e\u0432, \u0420\u043e\u0441\u0441\u0438\u044f"
163865,51.596872,45.930133,"410062, Саратовская область, г. Саратов, Московское шоссе, дом № 23, к.№ 14","\u0421\u0430\u0440\u0430\u0442\u043e\u0432, \u0420\u043e\u0441\u0441\u0438\u044f"
174245,51.535310,46.055457,"410031, Российская Федерация, Саратовская область, г. Саратов, улица Большая Горная, дом 69","\u0421\u0430\u0440\u0430\u0442\u043e\u0432, \u0420\u043e\u0441\u0441\u0438\u044f"
181217,51.594080,45.938595,"410062, Россия, Саратовская область, г. Саратов, Московское шоссе, д. №5","\u0421\u0430\u0440\u0430\u0442\u043e\u0432, \u0420\u043e\u0441\u0441\u0438\u044f"
182597,51.589425,45.926180,"410033, Российская Федерация, Саратовская область, г. Саратов, ул. Гвардейская 28-б","\u0421\u0430\u0440\u0430\u0442\u043e\u0432, \u0420\u043e\u0441\u0441\u0438\u044f"
183761,51.472195,45.914915,"410022, Российская Федерация, Саратовская область, г. Саратов, ул. Азина, дом 28 «А»","\u0421\u0430\u0440\u0430\u0442\u043e\u0432, \u0420\u043e\u0441\u0441\u0438\u044f"
190421,51.575260,45.954657,"413111, Россия, Саратовская область, г. Саратов, ул. Одесская, 83","\u0421\u0430\u0440\u0430\u0442\u043e\u0432, \u0420\u043e\u0441\u0441\u0438\u044f"
193841,51.598517,45.976576,"410041, Россия, Саратовская область, г. Саратов, улица Рижская, д. 20 В","\u0421\u0430\u0440\u0430\u0442\u043e\u0432, \u0420\u043e\u0441\u0441\u0438\u044f"
200573,51.519245,45.978822,"410008, Саратовская область, г. Саратов, 3 Парковый пр., 49","\u0421\u0430\u0440\u0430\u0442\u043e\u0432, \u0420\u043e\u0441\u0441\u0438\u044f"
200585,51.530929,46.062814,"410031, Россия, Саратовская область, г. Саратов, ул. Соколовая,дом №18/40","\u0421\u0430\u0440\u0430\u0442\u043e\u0432, \u0420\u043e\u0441\u0441\u0438\u044f"
206573,51.531528,46.035820,"410005, Россия, Саратовская область, г. Саратов, ул. Им. Разина С.Т., д.85","\u0420\u043e\u0441\u0441\u0438\u044f"
206717,51.531528,46.035820,"410002, Россия, Саратовская область, г. Саратов, ул. им. Григорьева Е.Ф., д. 45","\u0420\u043e\u0441\u0441\u0438\u044f"
207665,51.526166,46.001118,"410056, Россия, Саратовская область, г. Саратов, ул. Пугачева д. 83/89, кв. №23","\u0421\u0430\u0440\u0430\u0442\u043e\u0432, \u0420\u043e\u0441\u0441\u0438\u044f"
212477,51.583426,45.956615,"410033, Российская Федерация, Саратовская область, г. Саратов, улица Международная, дом 24А","\u0421\u0430\u0440\u0430\u0442\u043e\u0432, \u0420\u043e\u0441\u0441\u0438\u044f"
215945,51.603003,45.984984,"410064, Россия, Саратовская область, г. Саратов, ул. Перспективная д. 1 кв. 4","\u0421\u0430\u0440\u0430\u0442\u043e\u0432, \u0420\u043e\u0441\u0441\u0438\u044f"
225509,51.639344,45.932855,"410080, Россия, Саратовская область, г. Саратов, Сокурский тракт, д. 57","\u0421\u0430\u0440\u0430\u0442\u043e\u0432, \u0420\u043e\u0441\u0441\u0438\u044f"
227837,51.570743,46.008178,"410010, Россия, Саратовская область, г. Саратов, ул. Техническая, 16","\u0421\u0430\u0440\u0430\u0442\u043e\u0432, \u0420\u043e\u0441\u0441\u0438\u044f"
227945,51.543382,46.016838,"410005, г. Саратов, ул. Пугачевская, д. 161","\u0421\u0430\u0440\u0430\u0442\u043e\u0432, \u0420\u043e\u0441\u0441\u0438\u044f"
233681,51.574006,45.973773,"410065, Российская Федерация, Саратовская область, г. Саратов, ул. Дубовикова Б.А., дом 5","\u0421\u0430\u0440\u0430\u0442\u043e\u0432, \u0420\u043e\u0441\u0441\u0438\u044f"
234677,51.536873,46.013380,"410012, г. Саратов,  ул. Большая Казачья, д. 108","\u0421\u0430\u0440\u0430\u0442\u043e\u0432, \u0420\u043e\u0441\u0441\u0438\u044f"
236633,51.594343,45.966811,"410041, Poccия, Саратовская область, г. Саратов, проспект Строителей, д. 13","\u0421\u0430\u0440\u0430\u0442\u043e\u0432, \u0420\u043e\u0441\u0441\u0438\u044f"
238973,51.531528,46.035820,"410033, Российская Федерация, Саратовская область, г. Саратов, 3-й Панфиловский проезд, 1","\u0420\u043e\u0441\u0441\u0438\u044f"
257261,51.569024,45.987580,"410040, Саратовская область, г. Саратов, Деловой тупик, д.5","\u0421\u0430\u0440\u0430\u0442\u043e\u0432, \u0420\u043e\u0441\u0441\u0438\u044f"
273989,51.541237,46.002546,"410012, Саратовская область, г. Саратов, Московская, 164","\u0421\u0430\u0440\u0430\u0442\u043e\u0432, \u0420\u043e\u0441\u0441\u0438\u044f"
278069,51.536711,46.013946,"410600, Саратовская область, г. Саратов, ул. Б. Казачья, д. 100, кв. 24","\u0421\u0430\u0440\u0430\u0442\u043e\u0432, \u0420\u043e\u0441\u0441\u0438\u044f"
280073,51.571683,45.904657,"410051, Саратовская область, г. Саратов, п. Поливановка, ул. 9-я Дачная, ГУЗ Областная офтальмологическая больница","\u041b\u0435\u043d\u0438\u043d\u0441\u043a\u0438\u0439 \u0440\u0430\u0439\u043e\u043d, \u0421\u0430\u0440\u0430\u0442\u043e\u0432, \u0420\u043e\u0441\u0441\u0438\u044f"
281741,51.516275,46.003337,"410004, Саратовская область, г. Саратов, 1-й Вакуровский проезд, дом 6/9","\u0421\u0430\u0440\u0430\u0442\u043e\u0432, \u0420\u043e\u0441\u0441\u0438\u044f"
282293,51.511561,45.950210,"410001, Саратовская область, г. Саратов, ул. Огородная, дом 91","\u0421\u0430\u0440\u0430\u0442\u043e\u0432, \u0420\u043e\u0441\u0441\u0438\u044f"
291377,51.565497,45.985559,"410065  г. Саратов, ул. Вишневая, д. 4","\u0421\u0430\u0440\u0430\u0442\u043e\u0432, \u0420\u043e\u0441\u0441\u0438\u044f"
295181,51.530128,46.044623,"410031, Саратовская область, г. Саратов, ул. Первомайская, д. 47/53","\u0421\u0430\u0440\u0430\u0442\u043e\u0432, \u0420\u043e\u0441\u0441\u0438\u044f"
319385,51.538195,46.053193,"410030, Саратовская область, г. Саратов, ул. Большая Горная, 100","\u0421\u0430\u0440\u0430\u0442\u043e\u0432, \u0420\u043e\u0441\u0441\u0438\u044f"
319457,51.529506,45.965643,"410053, Саратовская область, г. Саратов, ул. Клочкова, 74","\u0421\u0430\u0440\u0430\u0442\u043e\u0432, \u0420\u043e\u0441\u0441\u0438\u044f"
321149,51.532352,46.050660,"41031, Саратовская область, г. Саратов, ул. Северная, 3","\u0421\u0430\u0440\u0430\u0442\u043e\u0432, \u0420\u043e\u0441\u0441\u0438\u044f"
325625,51.550423,46.047291,"410003, Саратовская область, г. Саратов, ул. Мясницкая. 143","\u0421\u0430\u0440\u0430\u0442\u043e\u0432, \u0420\u043e\u0441\u0441\u0438\u044f"
327125,51.529881,46.000525,"410005, г. Саратов,  ул.Астраханская,  д. 113/331, кв. 43","\u0421\u0430\u0440\u0430\u0442\u043e\u0432, \u0420\u043e\u0441\u0441\u0438\u044f"
328433,51.532806,46.050660,"410031, Саратов, ул. Валовая, д. 61/67","\u0421\u0430\u0440\u0430\u0442\u043e\u0432, \u0420\u043e\u0441\u0441\u0438\u044f"
333905,51.532105,45.977016,"410054, Саратовская область, Саратов, ул. 2 Садовая д. 106 Б, корпус 6","\u0421\u0430\u0440\u0430\u0442\u043e\u0432, \u0420\u043e\u0441\u0441\u0438\u044f"
354557,51.543579,46.004226,"410005, г. Саратов, ул. Степана Разина, дом 77","\u0421\u0430\u0440\u0430\u0442\u043e\u0432, \u0420\u043e\u0441\u0441\u0438\u044f"
360617,51.579749,46.027420,"410047  г. Саратов, ул. Отрадная, д.5, кв. 2","\u0421\u0430\u0440\u0430\u0442\u043e\u0432, \u0420\u043e\u0441\u0441\u0438\u044f"
361757,51.603798,46.003660,"410035  г. Саратов, ул. Чехова, д. 4А","\u0421\u0430\u0440\u0430\u0442\u043e\u0432, \u0420\u043e\u0441\u0441\u0438\u044f"
362477,51.570121,45.984607,"410040  г. Саратов, пр. 50 лет Октября, д. 110 А","\u0421\u0430\u0440\u0430\u0442\u043e\u0432, \u0420\u043e\u0441\u0441\u0438\u044f"
377789,51.525449,46.031274,"410028  г. Саратов, ул. Радищева, д. 15/17","\u0421\u0430\u0440\u0430\u0442\u043e\u0432, \u0420\u043e\u0441\u0441\u0438\u044f"
378485,51.550664,46.018868,"410019  г. Саратов, ул. Танкистов, д. 26а","\u0421\u0430\u0440\u0430\u0442\u043e\u0432, \u0420\u043e\u0441\u0441\u0438\u044f"
410729,51.529719,46.048908,"410002, г. Саратов,  ул. Мичурина, д. 149","\u0421\u0430\u0440\u0430\u0442\u043e\u0432, \u0420\u043e\u0441\u0441\u0438\u044f"
413837,51.477743,45.929396,"410039, г. Саратов, ул. Васильковская, д. 1","\u0421\u0430\u0440\u0430\u0442\u043e\u0432, \u0420\u043e\u0441\u0441\u0438\u044f"
418601,51.592838,45.965311,"410044, г. Саратов, ул. Студеная, д.6а","\u0421\u0430\u0440\u0430\u0442\u043e\u0432, \u0420\u043e\u0441\u0441\u0438\u044f"
419585,51.533131,46.044443,"410600, Российская Федерация, Саратовская область, г. Саратов, ул. им. Горького А.М., угол Челюскинцев, д. № 55/99","\u0421\u0430\u0440\u0430\u0442\u043e\u0432, \u0420\u043e\u0441\u0441\u0438\u044f"
422921,51.561354,46.017503,"410010, Саратов, ул. Безымянная, д. 6","\u041a\u0438\u0440\u043e\u0432\u0441\u043a\u0438\u0439 \u0440\u0430\u0439\u043e\u043d, \u0421\u0430\u0440\u0430\u0442\u043e\u0432, \u0420\u043e\u0441\u0441\u0438\u044f"
