351,51.581450,45.964745,"410052, Российская Федерация, Саратовская область, г. Саратов, ул. Мира, 8","\u0421\u0430\u0440\u0430\u0442\u043e\u0432, \u0420\u043e\u0441\u0441\u0438\u044f"
519,51.526138,46.036080,"410028, Россия, Саратовская область, г. Саратов, ул. Соборная, д. 14, литер А","\u0421\u0430\u0440\u0430\u0442\u043e\u0432, \u0420\u043e\u0441\u0441\u0438\u044f"
1587,51.609156,45.980861,"410064, Российская Федерация, Саратовская область, г. Саратов, ул. Лебедева - Кумача, 72 "В"","\u0421\u0430\u0440\u0430\u0442\u043e\u0432, \u0420\u043e\u0441\u0441\u0438\u044f"
1827,51.584948,46.043087,"410047, Российская Федерация, Саратовская область, г. Саратов, ул. Зерновая, д.33","\u043f\u043e\u0441\u0435\u043b\u043e\u043a \u041c\u0438\u0440\u043d\u044b\u0439, \u0421\u0430\u0440\u0430\u0442\u043e\u0432, \u0420\u043e\u0441\u0441\u0438\u044f"
2835,51.473676,45.914664,"410022, Российская Федерация, Саратовская область, г. Саратов, улица Заречная, дом 1А","\u0421\u0430\u0440\u0430\u0442\u043e\u0432, \u0420\u043e\u0441\u0441\u0438\u044f"
4179,51.613631,45.978750,"410064, Российская Федерация, Саратовская область, г. Саратов, ул. Тархова С.Ф., д. 7 "а"","\u0421\u0430\u0440\u0430\u0442\u043e\u0432, \u0420\u043e\u0441\u0441\u0438\u044f"
7299,51.478500,45.903776,"410048, Российская Федерация, Саратовская область, г. Саратов, ул. Тульская, 21 "А"","\u0421\u0430\u0440\u0430\u0442\u043e\u0432, \u0420\u043e\u0441\u0441\u0438\u044f"
7311,51.531528,46.035820,"410600, Российская Федерация, Саратовская область, г. Саратов, улица им. Мичурина И.В,. д. 58","\u0420\u043e\u0441\u0441\u0438\u044f"
7899,51.529545,46.051369,"410002, Саратовская область, г. Саратов, улица Московская, дом 23","\u0421\u0430\u0440\u0430\u0442\u043e\u0432, \u0420\u043e\u0441\u0441\u0438\u044f"
8907,51.598640,45.964880,"410041, Российская Федерация, Саратовская область, г. Саратов, ул. им. Загороднева В.И., 7","\u0421\u0430\u0440\u0430\u0442\u043e\u0432, \u0420\u043e\u0441\u0441\u0438\u044f"
10587,51.556398,46.043931,"410038, Российская Федерация, Саратовская область, г. Саратов, ул. Симбирская, д. 154 А","\u0421\u0430\u0440\u0430\u0442\u043e\u0432, \u0420\u043e\u0441\u0441\u0438\u044f"
10683,51.531528,46.035820,"410600, Россия, Саратовская область, г. Саратов, ул. им. Мичурина И.В., д. 58","\u0420\u043e\u0441\u0441\u0438\u044f"
11535,51.531528,46.035820,"410005, Российская Федерация, Саратовская область, г. Саратов, ул. Им. Разина С.Т., д. 77","\u0420\u043e\u0441\u0441\u0438\u044f"
11919,51.529847,46.025687,"410056, Российская Федерация, Саратовская область, г. Саратов, ул. им. Сакко и Ванцетти, д. 41","\u0421\u0430\u0440\u0430\u0442\u043e\u0432, \u0420\u043e\u0441\u0441\u0438\u044f"
12195,51.585838,45.963667,"410052, Российская Федерация, Саратовская область, г. Саратов, ул. проспект 50 лет Октября, 132а","\u0421\u0430\u0440\u0430\u0442\u043e\u0432, \u0420\u043e\u0441\u0441\u0438\u044f"
12819,51.584853,45.964134,"410052, Российская Федерация, Саратовская область, г. Саратов, проспект 50 лет Октября, 130","\u0421\u0430\u0440\u0430\u0442\u043e\u0432, \u0420\u043e\u0441\u0441\u0438\u044f"
13935,51.519245,45.978822,"410008, Российская Федерация, Саратовская область, г. Саратов, 3 Парковый проезд, д. 49","\u0421\u0430\u0440\u0430\u0442\u043e\u0432, \u0420\u043e\u0441\u0441\u0438\u044f"
15123,51.529881,46.000525,"410012, Российская Федерация, Саратовская область, г. Саратов, ул.  Астраханская,  43","\u0421\u0430\u0440\u0430\u0442\u043e\u0432, \u0420\u043e\u0441\u0441\u0438\u044f"
19383,51.495729,45.932253,"410049, Российская Федерация, Саратовская область, г. Саратов, пр-кт. Энтузиастов, д. 33","\u0421\u0430\u0440\u0430\u0442\u043e\u0432, \u0420\u043e\u0441\u0441\u0438\u044f"
22179,51.531528,46.035820,"410015, Российская Федерация, Саратовская область, г. Саратов, площадь им. Орджоникидзе Г.К., дом 11","\u0420\u043e\u0441\u0441\u0438\u044f"
23619,51.496368,45.931292,"410049, Россия, Саратовская область, г. Саратов, ул. Барнаульская, дом 34","\u0421\u0430\u0440\u0430\u0442\u043e\u0432, \u0420\u043e\u0441\u0441\u0438\u044f"
24555,51.531047,45.981714,"410054, Российская Федерация, Саратовская область, г. Саратов, ул. 2-я Садовая, д. 99","\u0421\u0430\u0440\u0430\u0442\u043e\u0432, \u0420\u043e\u0441\u0441\u0438\u044f"
25047,51.529545,46.051369,"410002, Россия, Саратовская область, г. Саратов, улица Московская, дом 23","\u0421\u0430\u0440\u0430\u0442\u043e\u0432, \u0420\u043e\u0441\u0441\u0438\u044f"
25491,51.507738,45.937310,"410036, Российская Федерация, Саратовская область, г. Саратов, ул. Огородная, д. 142","\u0421\u0430\u0440\u0430\u0442\u043e\u0432, \u0420\u043e\u0441\u0441\u0438\u044f"
28875,51.607020,45.993940,"410035, Российская Федерация, Саратовская область, г. Саратов, улица Бардина, 4","\u0421\u0430\u0440\u0430\u0442\u043e\u0432, \u0420\u043e\u0441\u0441\u0438\u044f"
33507,51.541220,45.966542,"410071, Российская Федерация, Саратовская область, г. Саратов, Октябрьское ущелье, б/н","\u0421\u0430\u0440\u0430\u0442\u043e\u0432, \u0420\u043e\u0441\u0441\u0438\u044f"
41067,51.531528,46.035820,"410017, Россия, г. Саратов, ул. им. Хользунова А.И., д. № 19","\u0420\u043e\u0441\u0441\u0438\u044f"
41367,51.527416,45.982981,"410054, Россия, Саратовская область, г. Саратов, ул. Б. Садовая, д. 82/90","\u0421\u0430\u0440\u0430\u0442\u043e\u0432, \u0420\u043e\u0441\u0441\u0438\u044f"
44487,51.552344,46.019264,"410019, Россия, Саратовская область, г. Саратов, ул. Танкистов, 28","\u0421\u0430\u0440\u0430\u0442\u043e\u0432, \u0420\u043e\u0441\u0441\u0438\u044f"
44823,51.516998,46.010990,"410017, Саратовская область, г. Саратов, ул. Чернышевского, д. 90","\u0421\u0430\u0440\u0430\u0442\u043e\u0432, \u0420\u043e\u0441\u0441\u0438\u044f"
45519,51.531657,46.067629,"410031, Российская Федерация, Саратовская область, г. Саратов, ул. им. Т.Е. Хвесина,  42","\u0421\u0430\u0440\u0430\u0442\u043e\u0432, \u0420\u043e\u0441\u0441\u0438\u044f"
45987,51.583577,45.978399,"410069, Россия, Саратовская область, г. Саратов, ул. Ипподромная, б/н","\u0421\u0430\u0440\u0430\u0442\u043e\u0432, \u0420\u043e\u0441\u0441\u0438\u044f"
54543,51.524513,46.016686,"410056, Саратовская область, г. Саратов, ул. Чапаева, 14/26","\u0421\u0430\u0440\u0430\u0442\u043e\u0432, \u0420\u043e\u0441\u0441\u0438\u044f"
55059,51.473019,45.904612,"410048, Российская Федерация, Саратовская область, г. Саратов, ул. Тульская","\u0421\u0430\u0440\u0430\u0442\u043e\u0432, \u0420\u043e\u0441\u0441\u0438\u044f"
56643,51.520349,45.992530,"410004, Российская Федерация, Саратовская область, г. Саратов, 1-ый Станционный проезд, дом 7","\u0421\u0430\u0440\u0430\u0442\u043e\u0432, \u0420\u043e\u0441\u0441\u0438\u044f"
56907,51.516981,46.008807,"410017, Саратовская область, г. Саратов, ул. Чернышевского, д. 97","\u0421\u0430\u0440\u0430\u0442\u043e\u0432, \u0420\u043e\u0441\u0441\u0438\u044f"
58659,51.564075,45.987454,"410010, Российская Федерация, Саратовская область, г. Саратов, ул. Техническая, д. 10 "а"","\u0421\u0430\u0440\u0430\u0442\u043e\u0432, \u0420\u043e\u0441\u0441\u0438\u044f"
60039,51.531528,46.035820,"410002, Россия, Саратовская область, г. Саратов, ул.им. Мичурина И.В., д. 140/142","\u0420\u043e\u0441\u0441\u0438\u044f"
65235,51.498263,45.932433,"410049, Российская Федерация, Саратовская область, г. Саратов, пр. Энтузиастов, дом 50 - б","\u0421\u0430\u0440\u0430\u0442\u043e\u0432, \u0420\u043e\u0441\u0441\u0438\u044f"
65991,51.524636,46.023324,"410028, Саратовская область, Саратов, ул. Рабочая, д. 29","\u0421\u0430\u0440\u0430\u0442\u043e\u0432, \u0420\u043e\u0441\u0441\u0438\u044f"
66027,51.534094,46.014404,"410012, Российская Федерация, Саратовская область, г. Саратов, улица Вавилова, дом № 6","\u0421\u0430\u0440\u0430\u0442\u043e\u0432, \u0420\u043e\u0441\u0441\u0438\u044f"
70959,51.535344,46.027384,"410012, Российская Федерация, Саратовская область, г. Саратов, улица Московская, дом № 93","\u0421\u0430\u0440\u0430\u0442\u043e\u0432, \u0420\u043e\u0441\u0441\u0438\u044f"
74475,51.525656,46.043653,"410002, Российская Федерация, Саратовская область, г. Саратов, ул. Чернышевского, д.148","\u0421\u0430\u0440\u0430\u0442\u043e\u0432, \u0420\u043e\u0441\u0441\u0438\u044f"
77079,51.603798,46.003660,"410007, Российская Федерация, Саратовская область, г. Саратов, улица Чехова, 4а","\u0421\u0430\u0440\u0430\u0442\u043e\u0432, \u0420\u043e\u0441\u0441\u0438\u044f"
79971,51.530060,46.063173,"410010, Российская Федерация, Саратовская область, г. Саратов, улица Соколовая, д. 10/16","\u0421\u0430\u0440\u0430\u0442\u043e\u0432, \u0420\u043e\u0441\u0441\u0438\u044f"
82767,51.531528,46.035820,"410002, Российская Федерация, Саратовская область, г. Саратов, улица им. Чернышевского Н.Г., дом  211","\u0420\u043e\u0441\u0441\u0438\u044f"
83499,51.527337,46.022057,"410056, Российская Федерация, Саратовская область, г. Саратов, ул. Вольская, 22","\u0421\u0430\u0440\u0430\u0442\u043e\u0432, \u0420\u043e\u0441\u0441\u0438\u044f"
86331,51.531528,46.035820,"410028, Российская Федерация, Саратовская область, г. Саратов, ул. им. Мичурина И.В., д. 82/84","\u0420\u043e\u0441\u0441\u0438\u044f"
87663,51.537898,46.055538,"410031, Россия, Саратовская область, г. Саратов, улица Соколовая, д. № 97/100","\u0421\u0430\u0440\u0430\u0442\u043e\u0432, \u0420\u043e\u0441\u0441\u0438\u044f"
90159,51.533590,45.974968,"410054, Российская Федерация, Саратовская область, г. Саратов, ул. 2-я Садовая, д. 112А","\u0421\u0430\u0440\u0430\u0442\u043e\u0432, \u0420\u043e\u0441\u0441\u0438\u044f"
93351,51.610695,45.997039,"410035, Российская Федерация, Саратовская область, г. Саратов, ул. Тархова, д. 29","\u0421\u0430\u0440\u0430\u0442\u043e\u0432, \u0420\u043e\u0441\u0441\u0438\u044f"
94947,51.583051,45.950309,"410033, Россия, Саратовская область, г. Саратов, ул. Международная, д. 40","\u0421\u0430\u0440\u0430\u0442\u043e\u0432, \u0420\u043e\u0441\u0441\u0438\u044f"
95475,51.531528,46.035820,"410086, Россия, Саратовская область, г. Саратов, ул. им. Благодарова К.В., д. 5","\u0420\u043e\u0441\u0441\u0438\u044f"
95811,51.533075,46.029882,"410012, Российская Федерация, Саратовская область, г. Саратов, ул. Б. Казачья, д. 6","\u0421\u0430\u0440\u0430\u0442\u043e\u0432, \u0420\u043e\u0441\u0441\u0438\u044f"
96879,51.537898,46.055538,"410030, Россия, Саратовская область, г. Саратов, улица Соколовая, д. № 97/100","\u0421\u0430\u0440\u0430\u0442\u043e\u0432, \u0420\u043e\u0441\u0441\u0438\u044f"
106803,51.514890,45.982810,"410008, Poccия, , г. Саратов, Ново-Астраханское шоссе, 1","\u0421\u0430\u0440\u0430\u0442\u043e\u0432, \u0420\u043e\u0441\u0441\u0438\u044f"
113631,51.534554,46.059302,"410031, Россия, Саратовская область, г. Саратов, улица Соколовая, дом № 44/62","\u0421\u0430\u0440\u0430\u0442\u043e\u0432, \u0420\u043e\u0441\u0441\u0438\u044f"
116223,51.553301,46.051549,"410038, Российская Федерация, Саратовская область, г. Саратов, улица Соколовогорская, дом 7","\u0421\u0430\u0440\u0430\u0442\u043e\u0432, \u0420\u043e\u0441\u0441\u0438\u044f"
117075,51.561225,45.989736,"410009, Саратовская область, г. Саратов, ул. Наумовская, д. 21/29","\u0421\u0430\u0440\u0430\u0442\u043e\u0432, \u0420\u043e\u0441\u0441\u0438\u044f"
117531,51.583308,45.946815,"410033, Российская Федерация, Саратовская область, г. Саратов, ул. Гвардейская, д. 3","\u0421\u0430\u0440\u0430\u0442\u043e\u0432, \u0420\u043e\u0441\u0441\u0438\u044f"
132879,51.542229,46.030088,"410005, Российская Федерация, Саратовская область, г. Саратов, улица Большая Горная, дом 219/145","\u0421\u0430\u0440\u0430\u0442\u043e\u0432, \u0420\u043e\u0441\u0441\u0438\u044f"
133071,51.582424,45.962104,"410052, Российская Федерация, Саратовская область, г. Саратов, Международный проезд, 4 А","\u0421\u0430\u0440\u0430\u0442\u043e\u0432, \u0420\u043e\u0441\u0441\u0438\u044f"
150063,51.573323,46.063739,"410018, Российская Федерация, Саратовская область, г. Саратов, ул. Братьев Никитиных, д. 4А, кв. 5","\u0421\u0430\u0440\u0430\u0442\u043e\u0432, \u0420\u043e\u0441\u0441\u0438\u044f"
152235,51.568811,45.980232,"410040, Российская Федерация, Саратовская область, г. Саратов, ул. Вишневый проезд, д. 14, квартира 47","\u0421\u0430\u0440\u0430\u0442\u043e\u0432, \u0420\u043e\u0441\u0441\u0438\u044f"
157623,51.596766,45.963074,"410041, Российская Федерация, Саратовская область, г. Саратов, ул. Ломоносова, 16А","\u0421\u0430\u0440\u0430\u0442\u043e\u0432, \u0420\u043e\u0441\u0441\u0438\u044f"
162975,51.489117,45.931534,"410039, Россия, Саратовская область, город Саратов, проспект Энтузиастов, дом 43","\u0421\u0430\u0440\u0430\u0442\u043e\u0432, \u0420\u043e\u0441\u0441\u0438\u044f"
163695,51.541181,46.004253,"410005, Российская Федерация, Саратовская область, г. Саратов, ул. Степана Разина, д. 54, Литер А, помещение № 329","\u0421\u0430\u0440\u0430\u0442\u043e\u0432, \u0420\u043e\u0441\u0441\u0438\u044f"
171819,51.518018,46.021141,"410056, Россия, Саратовская область, г. Саратов, ул. Вольская, д. 1","\u0421\u0430\u0440\u0430\u0442\u043e\u0432, \u0420\u043e\u0441\u0441\u0438\u044f"
181839,51.530105,46.009149,"410056, Россия, Саратовская область, г. Саратов, ул. Мичурина 2/12","\u0421\u0430\u0440\u0430\u0442\u043e\u0432, \u0420\u043e\u0441\u0441\u0438\u044f"
200571,51.525163,46.026630,"410028, Российская Федерация, Саратовская область, г. Саратов, ул. Максима Горького д. 6, кв. 14","\u0421\u0430\u0440\u0430\u0442\u043e\u0432, \u0420\u043e\u0441\u0441\u0438\u044f"
206727,51.613569,45.980106,"410090, Россия, Саратовская область, г. Саратов, ул. Лебедева-Кумача, дом 81, кв. 119","\u0421\u0430\u0440\u0430\u0442\u043e\u0432, \u0420\u043e\u0441\u0441\u0438\u044f"
211395,51.573687,45.971581,"410065, Россия, Саратовская область, г. Саратов, ул. Тверская, 53","\u041b\u0435\u043d\u0438\u043d\u0441\u043a\u0438\u0439 \u0440\u0430\u0439\u043e\u043d, \u0421\u0430\u0440\u0430\u0442\u043e\u0432, \u0420\u043e\u0441\u0441\u0438\u044f"
224247,51.554987,46.049249,"410038, Российская Федерация, Саратовская область, г. Саратов, ул. Загорная, дом 3б","\u0421\u0430\u0440\u0430\u0442\u043e\u0432, \u0420\u043e\u0441\u0441\u0438\u044f"
230223,51.518758,45.984436,"410008, Саратовская область, г. Саратов, ул. Новоастраханская, д. 1","\u0421\u0430\u0440\u0430\u0442\u043e\u0432, \u0420\u043e\u0441\u0441\u0438\u044f"
239979,51.587287,45.852770,"410507, Российская Федерация, Саратовская область, г. Саратов, п. Жасминный, ул. Строителей, 12а","\u0421\u0430\u0440\u0430\u0442\u043e\u0432, \u0420\u043e\u0441\u0441\u0438\u044f"
241035,51.609156,45.980861,"410064, Российская Федерация, Саратовская область, г. Саратов, ул. им. Лебедева - Кумача В.И., д. 72 "В"","\u0421\u0430\u0440\u0430\u0442\u043e\u0432, \u0420\u043e\u0441\u0441\u0438\u044f"
248391,51.595222,45.965455,"410041, Россия, Саратовская область, г. Саратов, ул. Ломоносова, д.20","\u0421\u0430\u0440\u0430\u0442\u043e\u0432, \u0420\u043e\u0441\u0441\u0438\u044f"
250395,51.488775,45.927707,"410039, Саратовская область, г. Саратов, улица Крымская, 3 А","\u0421\u0430\u0440\u0430\u0442\u043e\u0432, \u0420\u043e\u0441\u0441\u0438\u044f"
252639,51.530189,46.024447,"410056, Саратовская область, г. Саратов, ул. Сакко и Ванцетти, д. 49","\u0421\u0430\u0440\u0430\u0442\u043e\u0432, \u0420\u043e\u0441\u0441\u0438\u044f"
252975,51.525202,46.023055,"410028, Саратовская область, Саратов, ул. Рабочая, дом 18","\u0421\u0430\u0440\u0430\u0442\u043e\u0432, \u0420\u043e\u0441\u0441\u0438\u044f"
256239,51.518758,45.984436,"410008, Саратовская область, г. Саратов, ул. Ново-астраханская д. 1","\u0421\u0430\u0440\u0430\u0442\u043e\u0432, \u0420\u043e\u0441\u0441\u0438\u044f"
256287,51.531528,46.035820,"410056, Саратовская область, г. Саратов, ","\u0420\u043e\u0441\u0441\u0438\u044f"
256695,51.525824,46.044354,"410002, Саратовская область, г. Саратов, ул. Чернышевского, д. 150","\u0421\u0430\u0440\u0430\u0442\u043e\u0432, \u0420\u043e\u0441\u0441\u0438\u044f"
267375,51.530083,46.041380,"410002, Саратовская область, г. Саратов, ул. Некрасова, д.42","\u0421\u0430\u0440\u0430\u0442\u043e\u0432, \u0420\u043e\u0441\u0441\u0438\u044f"
274539,51.525247,46.018500,"410056, Саратовская область, г. Саратов, ул. Бахметьевская, д. 26/28","\u0421\u0430\u0440\u0430\u0442\u043e\u0432, \u0420\u043e\u0441\u0441\u0438\u044f"
282279,51.544867,46.007109,"410005, Саратовская область, г. Саратов, улица Зарубина, 186 "А"","\u0421\u0430\u0440\u0430\u0442\u043e\u0432, \u0420\u043e\u0441\u0441\u0438\u044f"
296259,51.570563,46.000785,"410010, Саратовская область, г. Саратов, Селекционный проезд, д. 3","\u0421\u0430\u0440\u0430\u0442\u043e\u0432, \u0420\u043e\u0441\u0441\u0438\u044f"
323775,51.545528,46.016362,"410005, Саратовская область, г. Саратов, ул. Астраханская, д. 150","\u0421\u0430\u0440\u0430\u0442\u043e\u0432, \u0420\u043e\u0441\u0441\u0438\u044f"
329751,51.550266,46.018285,"410019, Саратовская область, г. Саратов, ул. Танкистов, д. 26","\u0421\u0430\u0440\u0430\u0442\u043e\u0432, \u0420\u043e\u0441\u0441\u0438\u044f"
331863,51.558996,46.024339,"410019, Саратовская область, г. Саратов, 2 Магнитный проезд, д. 44-А","\u0421\u0430\u0440\u0430\u0442\u043e\u0432, \u0420\u043e\u0441\u0441\u0438\u044f"
339651,51.507643,45.932567,"410036, Саратовская область, Саратов, ул. Огородная, д. 153","\u0421\u0430\u0440\u0430\u0442\u043e\u0432, \u0420\u043e\u0441\u0441\u0438\u044f"
354543,51.598970,45.920817,"410062, г. Саратов, 3-й Московский проезд,            д. 5","\u0421\u0430\u0440\u0430\u0442\u043e\u0432, \u0420\u043e\u0441\u0441\u0438\u044f"
362475,51.528492,46.013308,"410056  г. Саратов, ул. Мичурина, д. 24/30","\u0421\u0430\u0440\u0430\u0442\u043e\u0432, \u0420\u043e\u0441\u0441\u0438\u044f"
372699,51.582424,45.962104,"410052  г. Саратов, Международный проезд, д. 4А","\u0421\u0430\u0440\u0430\u0442\u043e\u0432, \u0420\u043e\u0441\u0441\u0438\u044f"
375063,51.597784,45.964772,"410041  г. Саратов, ул. Ломоносова, д. 15","\u0421\u0430\u0440\u0430\u0442\u043e\u0432, \u0420\u043e\u0441\u0441\u0438\u044f"
377775,51.476110,45.924608,"410039  г. Саратов, ул. Азина, д. 17, кв. 23","\u0421\u0430\u0440\u0430\u0442\u043e\u0432, \u0420\u043e\u0441\u0441\u0438\u044f"
407355,51.531528,46.035820,"410086, г. Саратов, ул. Песчано-Уметская, д. 50","\u0420\u043e\u0441\u0441\u0438\u044f"
408231,51.528480,46.051217,"410002, г. Саратов, ул. Чернышевского, д. 180","\u0421\u0430\u0440\u0430\u0442\u043e\u0432, \u0420\u043e\u0441\u0441\u0438\u044f"
409587,51.531528,46.035820,"410017, г. Саратов, ул. Ильинская, д. 5","\u0420\u043e\u0441\u0441\u0438\u044f"
410739,51.526766,46.022453,"410056, г. Саратов, ул. Мичурина, д. 78","\u0421\u0430\u0440\u0430\u0442\u043e\u0432, \u0420\u043e\u0441\u0441\u0438\u044f"
420807,51.541220,45.966542,"413046, г. Саратов, Октябрьское ущелье","\u0421\u0430\u0440\u0430\u0442\u043e\u0432, \u0420\u043e\u0441\u0441\u0438\u044f"
422667,51.506869,45.946132,"410001, г. Саратов, Ново-Астраханское шоссе, д. 67","\u0421\u0430\u0440\u0430\u0442\u043e\u0432, \u0420\u043e\u0441\u0441\u0438\u044f"
